[I 2024-11-05 23:26:06,703] Trial 914 finished with value: 0.24697169179097778 and parameters: {'nodeNum': 600, 'leaking_rate': 0.04609536026381828, 'tikhonov_beta': 1.0007411361140679e-07}. Best is trial 675 with value: 0.2464088749198054.
[I 2024-11-05 23:29:05,460] Trial 924 finished with value: 0.24985297082883334 and parameters: {'nodeNum': 600, 'leaking_rate': 0.04601740756811804, 'tikhonov_beta': 1.7218987647140164e-07}. Best is trial 675 with value: 0.2464088749198054.
[I 2024-11-05 23:32:05,215] Trial 935 finished with value: 0.24753129313810854 and parameters: {'nodeNum': 600, 'leaking_rate': 0.051314892468557, 'tikhonov_beta': 1.0054936966059753e-07}. Best is trial 675 with value: 0.2464088749198054.
[I 2024-11-05 23:35:04,213] Trial 945 finished with value: 0.24862890444633526 and parameters: {'nodeNum': 600, 'leaking_rate': 0.043419846124608294, 'tikhonov_beta': 1.3740939829975892e-07}. Best is trial 675 with value: 0.2464088749198054.
[I 2024-11-05 23:38:03,745] Trial 955 finished with value: 0.25153838735142275 and parameters: {'nodeNum': 600, 'leaking_rate': 0.04428116387777506, 'tikhonov_beta': 2.3190344148747068e-07}. Best is trial 675 with value: 0.2464088749198054.
[I 2024-11-05 23:41:02,770] Trial 967 finished with value: 0.24727236999129454 and parameters: {'nodeNum': 600, 'leaking_rate': 0.04044992214168359, 'tikhonov_beta': 1.0145525384628522e-07}. Best is trial 675 with value: 0.2464088749198054.
[I 2024-11-05 23:44:01,598] Trial 977 finished with value: 0.24854820102405922 and parameters: {'nodeNum': 600, 'leaking_rate': 0.05468865032196361, 'tikhonov_beta': 1.0010322940160293e-07}. Best is trial 675 with value: 0.2464088749198054.
[I 2024-11-05 23:46:56,868] Trial 987 finished with value: 0.2672255653790961 and parameters: {'nodeNum': 600, 'leaking_rate': 0.024628793421037416, 'tikhonov_beta': 1.5904932422874106e-07}. Best is trial 675 with value: 0.2464088749198054.
[I 2024-11-05 23:49:40,513] Trial 993 finished with value: 0.25338568665912137 and parameters: {'nodeNum': 550, 'leaking_rate': 0.04829969755124858, 'tikhonov_beta': 1.3277957518812506e-07}. Best is trial 675 with value: 0.2464088749198054.
[I 2024-11-05 23:52:24,547] Trial 998 finished with value: 0.24835409616373372 and parameters: {'nodeNum': 600, 'leaking_rate': 0.048358627302940806, 'tikhonov_beta': 1.283099387006566e-07}. Best is trial 675 with value: 0.2464088749198054.
