[I 2024-11-05 03:26:37,631] Trial 942 finished with value: 0.6641790597324341 and parameters: {'nodeNum': 150, 'leaking_rate': 0.0031196019489608384, 'tikhonov_beta': 0.0026385067924352334}. Best is trial 832 with value: 0.5663122722798509.
[I 2024-11-05 03:28:47,469] Trial 952 finished with value: 0.5680427053668641 and parameters: {'nodeNum': 150, 'leaking_rate': 0.0033582737199915795, 'tikhonov_beta': 0.0009486946801307861}. Best is trial 832 with value: 0.5663122722798509.
[I 2024-11-05 03:30:45,985] Trial 963 finished with value: 0.5762142613230482 and parameters: {'nodeNum': 150, 'leaking_rate': 0.003917028412449345, 'tikhonov_beta': 0.0007891301196186178}. Best is trial 832 with value: 0.5663122722798509.
[I 2024-11-05 03:32:45,017] Trial 972 finished with value: 0.5866430953468228 and parameters: {'nodeNum': 150, 'leaking_rate': 0.003089150847789844, 'tikhonov_beta': 0.0015529951676384996}. Best is trial 832 with value: 0.5663122722798509.
[I 2024-11-05 03:34:49,923] Trial 982 finished with value: 16.714546538428863 and parameters: {'nodeNum': 150, 'leaking_rate': 0.003513721880773246, 'tikhonov_beta': 3.1146253035723363e-07}. Best is trial 832 with value: 0.5663122722798509.
[I 2024-11-05 03:36:44,611] Trial 991 finished with value: 0.5712669186485976 and parameters: {'nodeNum': 150, 'leaking_rate': 0.002824941366003532, 'tikhonov_beta': 0.001144322437781335}. Best is trial 832 with value: 0.5663122722798509.
[I 2024-11-05 03:38:32,871] Trial 996 finished with value: 0.7084248853847693 and parameters: {'nodeNum': 150, 'leaking_rate': 0.002806925182266029, 'tikhonov_beta': 0.000566870502016149}. Best is trial 832 with value: 0.5663122722798509.
[I 2024-11-05 03:40:19,309] Trial 998 finished with value: 0.6340258594565896 and parameters: {'nodeNum': 150, 'leaking_rate': 0.0029729286163174442, 'tikhonov_beta': 0.002313985094471483}. Best is trial 832 with value: 0.5663122722798509.
[I 2024-11-05 03:42:06,523] Trial 999 finished with value: 0.6267577927871826 and parameters: {'nodeNum': 200, 'leaking_rate': 0.00331365397479087, 'tikhonov_beta': 0.0006930263869101607}. Best is trial 832 with value: 0.5663122722798509.
9.
2798509.
