[I 2024-11-05 19:04:18,253] Using an existing study with name 'reproduct_sample07' instead of creating a new one.
[I 2024-11-05 19:07:02,999] Trial 6 finished with value: 0.36294582349263826 and parameters: {'nodeNum': 450, 'leaking_rate': 0.01777587493978004, 'tikhonov_beta': 0.0003223094959859911}. Best is trial 2 with value: 0.31956792545654295.
[I 2024-11-05 19:09:59,338] Trial 16 finished with value: 0.36093468245366206 and parameters: {'nodeNum': 600, 'leaking_rate': 0.06331834565330619, 'tikhonov_beta': 0.00011794837999917803}. Best is trial 7 with value: 0.2525162647415277.
[I 2024-11-05 19:12:55,349] Trial 28 finished with value: 0.3672600000460623 and parameters: {'nodeNum': 600, 'leaking_rate': 0.0064829852409181675, 'tikhonov_beta': 1.4643961357596062e-07}. Best is trial 24 with value: 0.24988796960057452.
[I 2024-11-05 19:15:48,505] Trial 38 finished with value: 0.27659383751810646 and parameters: {'nodeNum': 550, 'leaking_rate': 0.0257855863502896, 'tikhonov_beta': 7.083372844610085e-07}. Best is trial 24 with value: 0.24988796960057452.
[I 2024-11-05 19:18:34,537] Trial 48 finished with value: 0.261459994231577 and parameters: {'nodeNum': 450, 'leaking_rate': 0.05086358982329348, 'tikhonov_beta': 3.781577357310744e-06}. Best is trial 24 with value: 0.24988796960057452.
[I 2024-11-05 19:21:24,877] Trial 58 finished with value: 0.2809544459572623 and parameters: {'nodeNum': 500, 'leaking_rate': 0.015608414973118245, 'tikhonov_beta': 3.784662512329286e-07}. Best is trial 24 with value: 0.24988796960057452.
[I 2024-11-05 19:24:10,502] Trial 69 finished with value: 0.342569258163078 and parameters: {'nodeNum': 450, 'leaking_rate': 0.07087752654065148, 'tikhonov_beta': 4.295953237352236e-05}. Best is trial 24 with value: 0.24988796960057452.
[I 2024-11-05 19:26:59,851] Trial 79 finished with value: 0.4207013596966517 and parameters: {'nodeNum': 500, 'leaking_rate': 0.04068637879914226, 'tikhonov_beta': 0.00393160579699961}. Best is trial 24 with value: 0.24988796960057452.
[I 2024-11-05 19:29:42,028] Trial 89 finished with value: 0.27797469197832775 and parameters: {'nodeNum': 350, 'leaking_rate': 0.02257952651498679, 'tikhonov_beta': 1.6012641519807642e-07}. Best is trial 24 with value: 0.24988796960057452.
[I 2024-11-05 19:32:26,528] Trial 99 finished with value: 0.2567441059204169 and parameters: {'nodeNum': 400, 'leaking_rate': 0.06054610280489837, 'tikhonov_beta': 1.1700967805756061e-07}. Best is trial 24 with value: 0.24988796960057452.
[I 2024-11-05 19:35:02,755] Trial 109 finished with value: 0.2545062416991186 and parameters: {'nodeNum': 250, 'leaking_rate': 0.04916897750430149, 'tikhonov_beta': 2.3186617405987455e-07}. Best is trial 103 with value: 0.24869007928034603.
[I 2024-11-05 19:37:39,342] Trial 119 finished with value: 0.2837697832821498 and parameters: {'nodeNum': 250, 'leaking_rate': 0.08478250394041238, 'tikhonov_beta': 1.454470907944613e-07}. Best is trial 103 with value: 0.24869007928034603.
[I 2024-11-05 19:40:14,043] Trial 129 finished with value: 0.254181138673319 and parameters: {'nodeNum': 200, 'leaking_rate': 0.05588049068233058, 'tikhonov_beta': 1.3502839170072886e-07}. Best is trial 103 with value: 0.24869007928034603.
[I 2024-11-05 19:43:10,562] Trial 139 finished with value: 0.404958585453937 and parameters: {'nodeNum': 600, 'leaking_rate': 0.003946401952102817, 'tikhonov_beta': 4.2936915424540216e-07}. Best is trial 103 with value: 0.24869007928034603.
[I 2024-11-05 19:45:49,243] Trial 149 finished with value: 0.2723106252379407 and parameters: {'nodeNum': 300, 'leaking_rate': 0.07762186581662282, 'tikhonov_beta': 2.7781304320499034e-07}. Best is trial 103 with value: 0.24869007928034603.
[I 2024-11-05 19:48:27,826] Trial 159 finished with value: 0.2513204931575641 and parameters: {'nodeNum': 300, 'leaking_rate': 0.06124441175503295, 'tikhonov_beta': 2.642866098613312e-07}. Best is trial 103 with value: 0.24869007928034603.
[I 2024-11-05 19:51:02,043] Trial 169 finished with value: 0.2562143273566821 and parameters: {'nodeNum': 150, 'leaking_rate': 0.061657254875822666, 'tikhonov_beta': 1.7297266036022861e-07}. Best is trial 103 with value: 0.24869007928034603.
[I 2024-11-05 19:53:44,503] Trial 179 finished with value: 0.2571912397362428 and parameters: {'nodeNum': 350, 'leaking_rate': 0.06823763399860316, 'tikhonov_beta': 3.549036579013139e-07}. Best is trial 103 with value: 0.24869007928034603.
[I 2024-11-05 19:56:23,869] Trial 189 finished with value: 0.2513014350297737 and parameters: {'nodeNum': 300, 'leaking_rate': 0.057130724467971884, 'tikhonov_beta': 1.3541139601441618e-07}. Best is trial 103 with value: 0.24869007928034603.
[I 2024-11-05 19:59:04,658] Trial 199 finished with value: 0.25163872406514504 and parameters: {'nodeNum': 350, 'leaking_rate': 0.05709237290810972, 'tikhonov_beta': 1.095890858269044e-07}. Best is trial 103 with value: 0.24869007928034603.
[I 2024-11-05 20:01:43,480] Trial 208 finished with value: 0.25220378029915647 and parameters: {'nodeNum': 300, 'leaking_rate': 0.051185663699116785, 'tikhonov_beta': 1.0319916870548138e-07}. Best is trial 103 with value: 0.24869007928034603.
[I 2024-11-05 20:04:21,995] Trial 218 finished with value: 0.2514264888712858 and parameters: {'nodeNum': 300, 'leaking_rate': 0.056274050575155214, 'tikhonov_beta': 1.4416473232035752e-07}. Best is trial 103 with value: 0.24869007928034603.
[I 2024-11-05 20:07:00,633] Trial 228 finished with value: 0.251025265147534 and parameters: {'nodeNum': 300, 'leaking_rate': 0.05761853656668317, 'tikhonov_beta': 1.458951609226491e-07}. Best is trial 103 with value: 0.24869007928034603.
[I 2024-11-05 20:09:40,249] Trial 238 finished with value: 0.25669784557610537 and parameters: {'nodeNum': 300, 'leaking_rate': 0.0708448855979189, 'tikhonov_beta': 1.9875742922972521e-07}. Best is trial 103 with value: 0.24869007928034603.
[I 2024-11-05 20:12:19,903] Trial 248 finished with value: 0.4342296853872136 and parameters: {'nodeNum': 300, 'leaking_rate': 0.06460416105554817, 'tikhonov_beta': 0.0010342895947275112}. Best is trial 103 with value: 0.24869007928034603.
[I 2024-11-05 20:14:59,457] Trial 258 finished with value: 0.25060194896826543 and parameters: {'nodeNum': 300, 'leaking_rate': 0.062377194180100494, 'tikhonov_beta': 1.2944420247250901e-07}. Best is trial 103 with value: 0.24869007928034603.
[I 2024-11-05 20:17:38,099] Trial 269 finished with value: 0.3252240364442889 and parameters: {'nodeNum': 300, 'leaking_rate': 0.052916452805726974, 'tikhonov_beta': 6.503936068980651e-05}. Best is trial 103 with value: 0.24869007928034603.
[I 2024-11-05 20:20:19,338] Trial 279 finished with value: 0.25207757580836276 and parameters: {'nodeNum': 350, 'leaking_rate': 0.06371291325277892, 'tikhonov_beta': 1.5627086437580506e-07}. Best is trial 103 with value: 0.24869007928034603.
[I 2024-11-05 20:23:16,575] Trial 289 finished with value: 0.24924106088950668 and parameters: {'nodeNum': 600, 'leaking_rate': 0.052756609630352856, 'tikhonov_beta': 1.2791366017370512e-07}. Best is trial 288 with value: 0.24807300276098015.
[I 2024-11-05 20:26:12,941] Trial 299 finished with value: 0.25242643399477344 and parameters: {'nodeNum': 600, 'leaking_rate': 0.04643761442976838, 'tikhonov_beta': 2.7992578893796264e-07}. Best is trial 296 with value: 0.24688148897678122.
[I 2024-11-05 20:29:10,253] Trial 309 finished with value: 0.25018927078185255 and parameters: {'nodeNum': 600, 'leaking_rate': 0.040584665738874995, 'tikhonov_beta': 1.7362760114032256e-07}. Best is trial 296 with value: 0.24688148897678122.
[I 2024-11-05 20:32:03,728] Trial 319 finished with value: 0.2521790926719507 and parameters: {'nodeNum': 550, 'leaking_rate': 0.04021217199087818, 'tikhonov_beta': 1.3763910389440706e-07}. Best is trial 296 with value: 0.24688148897678122.
[I 2024-11-05 20:35:00,685] Trial 329 finished with value: 0.25146444439670906 and parameters: {'nodeNum': 600, 'leaking_rate': 0.041161002209392714, 'tikhonov_beta': 2.225927654901483e-07}. Best is trial 296 with value: 0.24688148897678122.
[I 2024-11-05 20:37:57,467] Trial 339 finished with value: 0.47492381559025476 and parameters: {'nodeNum': 600, 'leaking_rate': 0.03172964636534003, 'tikhonov_beta': 0.03550933901380482}. Best is trial 296 with value: 0.24688148897678122.
[I 2024-11-05 20:40:54,507] Trial 349 finished with value: 0.2508577261366682 and parameters: {'nodeNum': 600, 'leaking_rate': 0.03640486151043329, 'tikhonov_beta': 1.6495676113428293e-07}. Best is trial 296 with value: 0.24688148897678122.
[I 2024-11-05 20:43:51,520] Trial 359 finished with value: 0.2796664611621583 and parameters: {'nodeNum': 600, 'leaking_rate': 0.04444153880766389, 'tikhonov_beta': 2.6079386689890817e-05}. Best is trial 296 with value: 0.24688148897678122.
[I 2024-11-05 20:46:44,768] Trial 369 finished with value: 0.25515156775095016 and parameters: {'nodeNum': 550, 'leaking_rate': 0.046873691432601304, 'tikhonov_beta': 2.515993293510517e-07}. Best is trial 296 with value: 0.24688148897678122.
[I 2024-11-05 20:49:41,629] Trial 379 finished with value: 0.24943366496628008 and parameters: {'nodeNum': 600, 'leaking_rate': 0.04961694479549169, 'tikhonov_beta': 1.509770401278237e-07}. Best is trial 296 with value: 0.24688148897678122.
[I 2024-11-05 20:52:38,850] Trial 389 finished with value: 0.24912566968625785 and parameters: {'nodeNum': 600, 'leaking_rate': 0.037914271875728135, 'tikhonov_beta': 1.3235967744848038e-07}. Best is trial 296 with value: 0.24688148897678122.
[I 2024-11-05 20:55:35,016] Trial 399 finished with value: 0.24983531250878507 and parameters: {'nodeNum': 600, 'leaking_rate': 0.0362808867162023, 'tikhonov_beta': 1.348255459019154e-07}. Best is trial 296 with value: 0.24688148897678122.
[I 2024-11-05 20:58:31,848] Trial 411 finished with value: 0.2500596128412715 and parameters: {'nodeNum': 600, 'leaking_rate': 0.033904512368494344, 'tikhonov_beta': 1.2045302309622835e-07}. Best is trial 296 with value: 0.24688148897678122.
[I 2024-11-05 21:01:29,068] Trial 421 finished with value: 0.2866469049934213 and parameters: {'nodeNum': 600, 'leaking_rate': 0.02732661284563008, 'tikhonov_beta': 4.6867342572833245e-06}. Best is trial 296 with value: 0.24688148897678122.
[I 2024-11-05 21:04:26,329] Trial 431 finished with value: 0.25141088210088836 and parameters: {'nodeNum': 600, 'leaking_rate': 0.03995116768184215, 'tikhonov_beta': 2.157486114777834e-07}. Best is trial 427 with value: 0.24686256396199985.
[I 2024-11-05 21:07:22,954] Trial 441 finished with value: 0.25098730121368545 and parameters: {'nodeNum': 600, 'leaking_rate': 0.051574393176919454, 'tikhonov_beta': 1.9414558993716036e-07}. Best is trial 427 with value: 0.24686256396199985.
[I 2024-11-05 21:10:20,359] Trial 451 finished with value: 0.2487948710282396 and parameters: {'nodeNum': 600, 'leaking_rate': 0.048205309875181006, 'tikhonov_beta': 1.355953931039756e-07}. Best is trial 427 with value: 0.24686256396199985.
[I 2024-11-05 21:13:14,562] Trial 461 finished with value: 0.2528154599131207 and parameters: {'nodeNum': 550, 'leaking_rate': 0.05144732784641264, 'tikhonov_beta': 1.0014287407280938e-07}. Best is trial 427 with value: 0.24686256396199985.
[I 2024-11-05 21:16:11,935] Trial 470 finished with value: 0.24744579286948487 and parameters: {'nodeNum': 600, 'leaking_rate': 0.050874278019357635, 'tikhonov_beta': 1.0239114645506957e-07}. Best is trial 427 with value: 0.24686256396199985.
[I 2024-11-05 21:19:09,619] Trial 481 finished with value: 0.2475527834812206 and parameters: {'nodeNum': 600, 'leaking_rate': 0.049250926676337375, 'tikhonov_beta': 1.075775376634765e-07}. Best is trial 427 with value: 0.24686256396199985.
[I 2024-11-05 21:22:06,896] Trial 491 finished with value: 0.24871903444778637 and parameters: {'nodeNum': 600, 'leaking_rate': 0.054705354072737626, 'tikhonov_beta': 1.0032011326833748e-07}. Best is trial 427 with value: 0.24686256396199985.
[I 2024-11-05 21:25:02,694] Trial 501 finished with value: 0.2471101492257915 and parameters: {'nodeNum': 600, 'leaking_rate': 0.048600370042796215, 'tikhonov_beta': 1.0059744110807641e-07}. Best is trial 427 with value: 0.24686256396199985.
[I 2024-11-05 21:27:58,843] Trial 511 finished with value: 0.24945710579822813 and parameters: {'nodeNum': 600, 'leaking_rate': 0.048338314398066067, 'tikhonov_beta': 1.566263429267067e-07}. Best is trial 427 with value: 0.24686256396199985.
[I 2024-11-05 21:30:55,105] Trial 521 finished with value: 0.45295654484546966 and parameters: {'nodeNum': 600, 'leaking_rate': 0.04697614410257042, 'tikhonov_beta': 0.01303919713887675}. Best is trial 427 with value: 0.24686256396199985.
[I 2024-11-05 21:33:50,918] Trial 530 finished with value: 0.4141739918843974 and parameters: {'nodeNum': 600, 'leaking_rate': 0.01647347374490398, 'tikhonov_beta': 0.002363725468554382}. Best is trial 427 with value: 0.24686256396199985.
[I 2024-11-05 21:36:46,165] Trial 540 finished with value: 0.24682618515815993 and parameters: {'nodeNum': 600, 'leaking_rate': 0.04465374564122013, 'tikhonov_beta': 1.0141025199740793e-07}. Best is trial 540 with value: 0.24682618515815993.
[I 2024-11-05 21:39:37,056] Trial 550 finished with value: 0.3569142641162488 and parameters: {'nodeNum': 550, 'leaking_rate': 0.043267599941392516, 'tikhonov_beta': 0.000471244372560302}. Best is trial 540 with value: 0.24682618515815993.
[I 2024-11-05 21:42:32,224] Trial 560 finished with value: 0.2502755320047653 and parameters: {'nodeNum': 600, 'leaking_rate': 0.04332728468902549, 'tikhonov_beta': 1.8422515551330938e-07}. Best is trial 540 with value: 0.24682618515815993.
[I 2024-11-05 21:45:28,179] Trial 571 finished with value: 0.2485513225551118 and parameters: {'nodeNum': 600, 'leaking_rate': 0.04837985110080954, 'tikhonov_beta': 1.315915349483774e-07}. Best is trial 540 with value: 0.24682618515815993.
[I 2024-11-05 21:48:23,922] Trial 581 finished with value: 0.2478126140037504 and parameters: {'nodeNum': 600, 'leaking_rate': 0.051795239204137325, 'tikhonov_beta': 1.0228494901705679e-07}. Best is trial 540 with value: 0.24682618515815993.
[I 2024-11-05 21:51:19,697] Trial 590 finished with value: 0.2469112646675298 and parameters: {'nodeNum': 600, 'leaking_rate': 0.040944604449981874, 'tikhonov_beta': 1.0036959486243446e-07}. Best is trial 540 with value: 0.24682618515815993.
[I 2024-11-05 21:54:12,444] Trial 600 finished with value: 0.2549890033216556 and parameters: {'nodeNum': 550, 'leaking_rate': 0.03676395403319683, 'tikhonov_beta': 1.6796257073845606e-07}. Best is trial 540 with value: 0.24682618515815993.
[I 2024-11-05 21:56:58,281] Trial 610 finished with value: 0.25304667762867505 and parameters: {'nodeNum': 450, 'leaking_rate': 0.04035811938716616, 'tikhonov_beta': 2.476465604783122e-07}. Best is trial 540 with value: 0.24682618515815993.
[I 2024-11-05 21:59:54,486] Trial 620 finished with value: 0.25048734964928154 and parameters: {'nodeNum': 600, 'leaking_rate': 0.03468285446662763, 'tikhonov_beta': 1.340790866193834e-07}. Best is trial 540 with value: 0.24682618515815993.
[I 2024-11-05 22:02:51,638] Trial 629 finished with value: 0.2468940826612795 and parameters: {'nodeNum': 600, 'leaking_rate': 0.04292673553252828, 'tikhonov_beta': 1.0020737768744411e-07}. Best is trial 630 with value: 0.24682042026869336.
[I 2024-11-05 22:05:47,870] Trial 640 finished with value: 0.24699044373243526 and parameters: {'nodeNum': 600, 'leaking_rate': 0.04326697323375482, 'tikhonov_beta': 1.0099523240144464e-07}. Best is trial 633 with value: 0.24673042796425432.
[I 2024-11-05 22:08:44,644] Trial 649 finished with value: 0.4010134870042565 and parameters: {'nodeNum': 600, 'leaking_rate': 0.0375225157958358, 'tikhonov_beta': 0.004395477149075028}. Best is trial 633 with value: 0.24673042796425432.
[I 2024-11-05 22:11:41,646] Trial 659 finished with value: 0.27928744984661213 and parameters: {'nodeNum': 600, 'leaking_rate': 0.037938688922130974, 'tikhonov_beta': 1.0739521071015808e-05}. Best is trial 633 with value: 0.24673042796425432.
[I 2024-11-05 22:14:39,346] Trial 669 finished with value: 0.24839332276353007 and parameters: {'nodeNum': 600, 'leaking_rate': 0.04435157776137042, 'tikhonov_beta': 1.3469836116836028e-07}. Best is trial 633 with value: 0.24673042796425432.
[I 2024-11-05 22:17:35,924] Trial 680 finished with value: 0.24824428600458345 and parameters: {'nodeNum': 600, 'leaking_rate': 0.04585672856555823, 'tikhonov_beta': 1.2835036062629268e-07}. Best is trial 675 with value: 0.2464088749198054.
[I 2024-11-05 22:20:33,348] Trial 690 finished with value: 0.24705028110827784 and parameters: {'nodeNum': 600, 'leaking_rate': 0.04068233317526855, 'tikhonov_beta': 1.0044509380482652e-07}. Best is trial 675 with value: 0.2464088749198054.
[I 2024-11-05 22:23:30,111] Trial 701 finished with value: 0.2515608735474838 and parameters: {'nodeNum': 600, 'leaking_rate': 0.046607177435073185, 'tikhonov_beta': 2.3329054251839213e-07}. Best is trial 675 with value: 0.2464088749198054.
[I 2024-11-05 22:26:23,215] Trial 711 finished with value: 0.25922364863579395 and parameters: {'nodeNum': 550, 'leaking_rate': 0.03151420648255062, 'tikhonov_beta': 1.542506569297199e-07}. Best is trial 675 with value: 0.2464088749198054.
[I 2024-11-05 22:29:19,571] Trial 721 finished with value: 0.2582772854627872 and parameters: {'nodeNum': 600, 'leaking_rate': 0.03326589416936731, 'tikhonov_beta': 3.402055040627615e-07}. Best is trial 675 with value: 0.2464088749198054.
[I 2024-11-05 22:32:16,176] Trial 730 finished with value: 0.2489247216755915 and parameters: {'nodeNum': 600, 'leaking_rate': 0.03669315672093794, 'tikhonov_beta': 1.1896867782658395e-07}. Best is trial 675 with value: 0.2464088749198054.
[I 2024-11-05 22:35:12,938] Trial 740 finished with value: 0.24921684742658223 and parameters: {'nodeNum': 600, 'leaking_rate': 0.037053362330283134, 'tikhonov_beta': 1.3024313884384628e-07}. Best is trial 675 with value: 0.2464088749198054.
[I 2024-11-05 22:38:09,344] Trial 750 finished with value: 0.25067922247412067 and parameters: {'nodeNum': 600, 'leaking_rate': 0.04717613163418877, 'tikhonov_beta': 1.8952208396117866e-07}. Best is trial 675 with value: 0.2464088749198054.
[I 2024-11-05 22:41:06,254] Trial 760 finished with value: 0.2492938429485762 and parameters: {'nodeNum': 600, 'leaking_rate': 0.05392817450446579, 'tikhonov_beta': 1.273851526634731e-07}. Best is trial 675 with value: 0.2464088749198054.
[I 2024-11-05 22:43:51,007] Trial 769 finished with value: 0.24800101490538945 and parameters: {'nodeNum': 400, 'leaking_rate': 0.042139594173462656, 'tikhonov_beta': 1.0010045707998943e-07}. Best is trial 675 with value: 0.2464088749198054.
[I 2024-11-05 22:46:48,167] Trial 779 finished with value: 0.25715533711654204 and parameters: {'nodeNum': 600, 'leaking_rate': 0.0287639227036451, 'tikhonov_beta': 1.331669041679394e-07}. Best is trial 675 with value: 0.2464088749198054.
[I 2024-11-05 22:49:45,133] Trial 789 finished with value: 0.2500278623051645 and parameters: {'nodeNum': 600, 'leaking_rate': 0.038099490374284735, 'tikhonov_beta': 1.531147307957894e-07}. Best is trial 675 with value: 0.2464088749198054.
[I 2024-11-05 22:52:42,174] Trial 799 finished with value: 0.24734219162280524 and parameters: {'nodeNum': 600, 'leaking_rate': 0.05006058495601237, 'tikhonov_beta': 1.0046822193729362e-07}. Best is trial 675 with value: 0.2464088749198054.
[I 2024-11-05 22:55:35,839] Trial 809 finished with value: 0.25226706392679443 and parameters: {'nodeNum': 550, 'leaking_rate': 0.04545040035015667, 'tikhonov_beta': 1.282687140395579e-07}. Best is trial 675 with value: 0.2464088749198054.
[I 2024-11-05 22:58:32,488] Trial 819 finished with value: 0.24901732053132744 and parameters: {'nodeNum': 600, 'leaking_rate': 0.04059934707484425, 'tikhonov_beta': 1.3486679516327683e-07}. Best is trial 675 with value: 0.2464088749198054.
[I 2024-11-05 23:01:31,073] Trial 829 finished with value: 0.25025252722302477 and parameters: {'nodeNum': 600, 'leaking_rate': 0.04043889910505354, 'tikhonov_beta': 1.725453197915995e-07}. Best is trial 675 with value: 0.2464088749198054.
[I 2024-11-05 23:04:28,628] Trial 839 finished with value: 0.25001673554354836 and parameters: {'nodeNum': 600, 'leaking_rate': 0.0570836352069634, 'tikhonov_beta': 1.240060545649884e-07}. Best is trial 675 with value: 0.2464088749198054.
[I 2024-11-05 23:07:27,572] Trial 850 finished with value: 0.24796045484836682 and parameters: {'nodeNum': 600, 'leaking_rate': 0.04522141924244603, 'tikhonov_beta': 1.2808573809826538e-07}. Best is trial 675 with value: 0.2464088749198054.
[I 2024-11-05 23:10:24,337] Trial 860 finished with value: 0.25188331123775715 and parameters: {'nodeNum': 600, 'leaking_rate': 0.03682864511173138, 'tikhonov_beta': 1.9707606245795707e-07}. Best is trial 675 with value: 0.2464088749198054.
[I 2024-11-05 23:13:20,852] Trial 870 finished with value: 0.2540778009769616 and parameters: {'nodeNum': 600, 'leaking_rate': 0.049114187708803936, 'tikhonov_beta': 3.9598088807303147e-07}. Best is trial 675 with value: 0.2464088749198054.
[I 2024-11-05 23:16:14,526] Trial 880 finished with value: 0.2525790423531633 and parameters: {'nodeNum': 550, 'leaking_rate': 0.042285542675167556, 'tikhonov_beta': 1.5400110324246403e-07}. Best is trial 675 with value: 0.2464088749198054.
[I 2024-11-05 23:19:10,460] Trial 891 finished with value: 0.248128888077929 and parameters: {'nodeNum': 600, 'leaking_rate': 0.03627125707353992, 'tikhonov_beta': 1.0064655108813216e-07}. Best is trial 675 with value: 0.2464088749198054.
[I 2024-11-05 23:21:45,821] Trial 901 finished with value: 0.25308936841670443 and parameters: {'nodeNum': 200, 'leaking_rate': 0.05563440508995068, 'tikhonov_beta': 1.0056987236688051e-07}. Best is trial 675 with value: 0.2464088749198054.
