[I 2024-11-06 09:45:55,524] Trial 1882 finished with value: 0.22596293375579515 and parameters: {'nodeNum_01': 200, 'leaking_rate_01': 0.01174532644649667, 'nodeNum_02': 150, 'leaking_rate_02': 0.035423717402113294, 'nodeNum_03': 600, 'leaking_rate_03': 0.05095341647285788, 'nodeNum_04': 300, 'leaking_rate_04': 0.08623779594190656, 'tikhonov_beta': 1.3269644694782483e-07, 'intensity': 1.5678614846716081}. Best is trial 1222 with value: 0.21825744342878123.
[I 2024-11-06 09:51:48,594] Trial 1903 finished with value: 0.221751919444032 and parameters: {'nodeNum_01': 200, 'leaking_rate_01': 0.009643503492413977, 'nodeNum_02': 200, 'leaking_rate_02': 0.08178646976905213, 'nodeNum_03': 600, 'leaking_rate_03': 0.04698052554895054, 'nodeNum_04': 500, 'leaking_rate_04': 0.09998495242971246, 'tikhonov_beta': 1.273062979498842e-07, 'intensity': 1.891837597467716}. Best is trial 1222 with value: 0.21825744342878123.
[I 2024-11-06 09:57:27,885] Trial 1924 finished with value: 0.22784259265579024 and parameters: {'nodeNum_01': 200, 'leaking_rate_01': 0.013256020302126883, 'nodeNum_02': 200, 'leaking_rate_02': 0.043095617812352285, 'nodeNum_03': 600, 'leaking_rate_03': 0.040568193717788276, 'nodeNum_04': 500, 'leaking_rate_04': 0.0847264521808794, 'tikhonov_beta': 2.271712319157252e-07, 'intensity': 1.9656787440712429}. Best is trial 1222 with value: 0.21825744342878123.
[I 2024-11-06 10:03:20,894] Trial 1945 finished with value: 0.222532424794357 and parameters: {'nodeNum_01': 200, 'leaking_rate_01': 0.011068708310507748, 'nodeNum_02': 200, 'leaking_rate_02': 0.055337000641522305, 'nodeNum_03': 600, 'leaking_rate_03': 0.06299762658742962, 'nodeNum_04': 500, 'leaking_rate_04': 0.08592081748495442, 'tikhonov_beta': 3.2269562119802407e-07, 'intensity': 1.9653382358987286}. Best is trial 1222 with value: 0.21825744342878123.
[I 2024-11-06 10:08:41,946] Trial 1968 finished with value: 0.2241389278293334 and parameters: {'nodeNum_01': 200, 'leaking_rate_01': 0.01635330270464553, 'nodeNum_02': 200, 'leaking_rate_02': 0.03823920789523454, 'nodeNum_03': 600, 'leaking_rate_03': 0.05326353961346806, 'nodeNum_04': 550, 'leaking_rate_04': 0.0998251717121872, 'tikhonov_beta': 1.5115460090136663e-07, 'intensity': 1.8342849308539482}. Best is trial 1222 with value: 0.21825744342878123.
[I 2024-11-06 10:11:48,095] Trial 1981 finished with value: 0.22456141920282566 and parameters: {'nodeNum_01': 200, 'leaking_rate_01': 0.012487795793196853, 'nodeNum_02': 200, 'leaking_rate_02': 0.03330700062781478, 'nodeNum_03': 550, 'leaking_rate_03': 0.05560048686322993, 'nodeNum_04': 500, 'leaking_rate_04': 0.07812175236376483, 'tikhonov_beta': 1.6927546587824784e-07, 'intensity': 1.9204862910972778}. Best is trial 1222 with value: 0.21825744342878123.
