[I 2024-11-06 09:40:43,287] Trial 1866 finished with value: 0.22052262520553664 and parameters: {'nodeNum_01': 200, 'leaking_rate_01': 0.012115514471470664, 'nodeNum_02': 350, 'leaking_rate_02': 0.05265255232020867, 'nodeNum_03': 600, 'leaking_rate_03': 0.051829036945705224, 'nodeNum_04': 500, 'leaking_rate_04': 0.09994475737171718, 'tikhonov_beta': 1.6751253181806047e-07, 'intensity': 1.9318533018430502}. Best is trial 1222 with value: 0.21825744342878123.
[I 2024-11-06 09:46:15,212] Trial 1887 finished with value: 0.22394339771508406 and parameters: {'nodeNum_01': 200, 'leaking_rate_01': 0.011901227379111513, 'nodeNum_02': 150, 'leaking_rate_02': 0.08130480891527268, 'nodeNum_03': 600, 'leaking_rate_03': 0.04535410606342348, 'nodeNum_04': 500, 'leaking_rate_04': 0.09971854770361566, 'tikhonov_beta': 1.334307925587877e-07, 'intensity': 1.9589390602850691}. Best is trial 1222 with value: 0.21825744342878123.
[I 2024-11-06 09:51:54,148] Trial 1905 finished with value: 0.228424874974912 and parameters: {'nodeNum_01': 200, 'leaking_rate_01': 0.00935171612953844, 'nodeNum_02': 200, 'leaking_rate_02': 0.08187479811810167, 'nodeNum_03': 600, 'leaking_rate_03': 0.04339540035175926, 'nodeNum_04': 500, 'leaking_rate_04': 0.09993107172873768, 'tikhonov_beta': 9.743386597325498e-07, 'intensity': 1.8929257055649282}. Best is trial 1222 with value: 0.21825744342878123.
[I 2024-11-06 09:57:27,965] Trial 1926 finished with value: 0.23091395068194898 and parameters: {'nodeNum_01': 200, 'leaking_rate_01': 0.013182022861881386, 'nodeNum_02': 200, 'leaking_rate_02': 0.056982764844398966, 'nodeNum_03': 600, 'leaking_rate_03': 0.05556301397013458, 'nodeNum_04': 500, 'leaking_rate_04': 0.08509690989192009, 'tikhonov_beta': 2.337953039282076e-07, 'intensity': 1.1641688561893422}. Best is trial 1222 with value: 0.21825744342878123.
[I 2024-11-06 10:03:01,526] Trial 1946 finished with value: 0.2365622746981109 and parameters: {'nodeNum_01': 200, 'leaking_rate_01': 0.01106532675184355, 'nodeNum_02': 200, 'leaking_rate_02': 0.05736214527045525, 'nodeNum_03': 600, 'leaking_rate_03': 0.0637644838580822, 'nodeNum_04': 500, 'leaking_rate_04': 0.08689052618286222, 'tikhonov_beta': 5.944401378639619e-06, 'intensity': 1.9668562263794616}. Best is trial 1222 with value: 0.21825744342878123.
[I 2024-11-06 10:08:17,535] Trial 1965 finished with value: 0.220412448116415 and parameters: {'nodeNum_01': 200, 'leaking_rate_01': 0.0074642597071744735, 'nodeNum_02': 200, 'leaking_rate_02': 0.03829849529546549, 'nodeNum_03': 600, 'leaking_rate_03': 0.05071889308052602, 'nodeNum_04': 500, 'leaking_rate_04': 0.09996602387830487, 'tikhonov_beta': 1.5075724660651267e-07, 'intensity': 1.850567070702176}. Best is trial 1222 with value: 0.21825744342878123.
