[I 2024-11-05 19:03:48,210] Using an existing study with name 'reproduct_sample07' instead of creating a new one.
[I 2024-11-05 19:06:21,458] Trial 3 finished with value: 0.36992050463355686 and parameters: {'nodeNum': 150, 'leaking_rate': 0.07381616032192434, 'tikhonov_beta': 2.2492334127823365e-05}. Best is trial 0 with value: 0.3684086017201233.
[I 2024-11-05 19:09:05,526] Trial 12 finished with value: 0.5260228644361163 and parameters: {'nodeNum': 350, 'leaking_rate': 0.0010173276130792136, 'tikhonov_beta': 1.318531587008681e-05}. Best is trial 7 with value: 0.2525162647415277.
[I 2024-11-05 19:12:04,001] Trial 22 finished with value: 0.3705935462695199 and parameters: {'nodeNum': 600, 'leaking_rate': 0.006146015093144896, 'tikhonov_beta': 1.1671374243483637e-07}. Best is trial 7 with value: 0.2525162647415277.
[I 2024-11-05 19:14:40,623] Trial 32 finished with value: 0.26728117691255837 and parameters: {'nodeNum': 200, 'leaking_rate': 0.03161000289076849, 'tikhonov_beta': 8.984805284513263e-07}. Best is trial 24 with value: 0.24988796960057452.
[I 2024-11-05 19:17:35,877] Trial 42 finished with value: 0.26397568278154254 and parameters: {'nodeNum': 550, 'leaking_rate': 0.049824092181294355, 'tikhonov_beta': 3.5005511741471937e-06}. Best is trial 24 with value: 0.24988796960057452.
[I 2024-11-05 19:20:24,572] Trial 52 finished with value: 0.2531997523784073 and parameters: {'nodeNum': 450, 'leaking_rate': 0.05686897328048641, 'tikhonov_beta': 2.939354333219013e-07}. Best is trial 24 with value: 0.24988796960057452.
[I 2024-11-05 19:23:12,052] Trial 62 finished with value: 0.2803168573797428 and parameters: {'nodeNum': 450, 'leaking_rate': 0.01534663388771287, 'tikhonov_beta': 3.229851597345091e-07}. Best is trial 24 with value: 0.24988796960057452.
[I 2024-11-05 19:25:59,560] Trial 72 finished with value: 0.272454920542153 and parameters: {'nodeNum': 450, 'leaking_rate': 0.07167642471808014, 'tikhonov_beta': 1.3177994524418819e-06}. Best is trial 24 with value: 0.24988796960057452.
[I 2024-11-05 19:28:42,338] Trial 82 finished with value: 0.2615617724960206 and parameters: {'nodeNum': 350, 'leaking_rate': 0.040258371202587434, 'tikhonov_beta': 5.411823619012985e-07}. Best is trial 24 with value: 0.24988796960057452.
[I 2024-11-05 19:31:27,800] Trial 93 finished with value: 0.2587632901806102 and parameters: {'nodeNum': 400, 'leaking_rate': 0.062335153746882074, 'tikhonov_beta': 1.7880681450429984e-07}. Best is trial 24 with value: 0.24988796960057452.
[I 2024-11-05 19:34:26,669] Trial 103 finished with value: 0.24869007928034603 and parameters: {'nodeNum': 600, 'leaking_rate': 0.04711110115571823, 'tikhonov_beta': 1.3745707053123405e-07}. Best is trial 103 with value: 0.24869007928034603.
[I 2024-11-05 19:37:04,294] Trial 115 finished with value: 0.27933798506185986 and parameters: {'nodeNum': 250, 'leaking_rate': 0.08115371126930428, 'tikhonov_beta': 1.9333900043642643e-07}. Best is trial 103 with value: 0.24869007928034603.
[I 2024-11-05 19:39:40,619] Trial 125 finished with value: 0.25434350370454484 and parameters: {'nodeNum': 200, 'leaking_rate': 0.04673104022937808, 'tikhonov_beta': 1.6348840224053638e-07}. Best is trial 103 with value: 0.24869007928034603.
[I 2024-11-05 19:42:39,165] Trial 135 finished with value: 0.2486908179508944 and parameters: {'nodeNum': 600, 'leaking_rate': 0.05554354313719905, 'tikhonov_beta': 1.0073881855816362e-07}. Best is trial 103 with value: 0.24869007928034603.
[I 2024-11-05 19:45:20,291] Trial 146 finished with value: 0.39879405286072517 and parameters: {'nodeNum': 300, 'leaking_rate': 0.0032793086101865466, 'tikhonov_beta': 4.290143129518234e-07}. Best is trial 103 with value: 0.24869007928034603.
[I 2024-11-05 19:48:01,763] Trial 156 finished with value: 0.2533441461960663 and parameters: {'nodeNum': 300, 'leaking_rate': 0.053964140501758934, 'tikhonov_beta': 2.66703386804483e-07}. Best is trial 103 with value: 0.24869007928034603.
[I 2024-11-05 19:50:41,989] Trial 166 finished with value: 0.2511757078514235 and parameters: {'nodeNum': 300, 'leaking_rate': 0.06418758571129947, 'tikhonov_beta': 1.736972145098721e-07}. Best is trial 103 with value: 0.24869007928034603.
[I 2024-11-05 19:53:41,001] Trial 176 finished with value: 0.25363190147856723 and parameters: {'nodeNum': 600, 'leaking_rate': 0.06279512589372939, 'tikhonov_beta': 1.9257327459591545e-07}. Best is trial 103 with value: 0.24869007928034603.
[I 2024-11-05 19:56:22,065] Trial 188 finished with value: 0.2506596346626693 and parameters: {'nodeNum': 300, 'leaking_rate': 0.05846106088610271, 'tikhonov_beta': 1.2336616003095113e-07}. Best is trial 103 with value: 0.24869007928034603.
[I 2024-11-05 19:59:06,526] Trial 198 finished with value: 0.25129498344888357 and parameters: {'nodeNum': 350, 'leaking_rate': 0.05750431103028463, 'tikhonov_beta': 1.0053414344872393e-07}. Best is trial 103 with value: 0.24869007928034603.
[I 2024-11-05 20:01:47,285] Trial 209 finished with value: 0.2527655380958704 and parameters: {'nodeNum': 300, 'leaking_rate': 0.04985847105119034, 'tikhonov_beta': 1.0627292507463041e-07}. Best is trial 103 with value: 0.24869007928034603.
[I 2024-11-05 20:04:28,748] Trial 219 finished with value: 0.2547109836462401 and parameters: {'nodeNum': 300, 'leaking_rate': 0.04398774694904156, 'tikhonov_beta': 1.4322335248097442e-07}. Best is trial 103 with value: 0.24869007928034603.
[I 2024-11-05 20:07:09,828] Trial 229 finished with value: 0.2514677994078409 and parameters: {'nodeNum': 300, 'leaking_rate': 0.05657953467693125, 'tikhonov_beta': 1.5589167731216361e-07}. Best is trial 103 with value: 0.24869007928034603.
[I 2024-11-05 20:09:50,131] Trial 240 finished with value: 0.2571348922198945 and parameters: {'nodeNum': 300, 'leaking_rate': 0.07107824832506457, 'tikhonov_beta': 2.0338560476159627e-07}. Best is trial 103 with value: 0.24869007928034603.
[I 2024-11-05 20:12:30,442] Trial 250 finished with value: 0.25104075155095895 and parameters: {'nodeNum': 300, 'leaking_rate': 0.06422608887142471, 'tikhonov_beta': 1.216651019627148e-07}. Best is trial 103 with value: 0.24869007928034603.
[I 2024-11-05 20:15:11,202] Trial 260 finished with value: 0.2516967775687741 and parameters: {'nodeNum': 300, 'leaking_rate': 0.05290392929547685, 'tikhonov_beta': 1.012864212356656e-07}. Best is trial 103 with value: 0.24869007928034603.
[I 2024-11-05 20:17:52,236] Trial 270 finished with value: 0.2709395881473648 and parameters: {'nodeNum': 300, 'leaking_rate': 0.08070433178692306, 'tikhonov_beta': 1.2357057279764912e-07}. Best is trial 103 with value: 0.24869007928034603.
[I 2024-11-05 20:20:48,399] Trial 280 finished with value: 0.2521656095715526 and parameters: {'nodeNum': 350, 'leaking_rate': 0.06410522375561371, 'tikhonov_beta': 1.6106428808150175e-07}. Best is trial 103 with value: 0.24869007928034603.
[I 2024-11-05 20:23:48,113] Trial 291 finished with value: 0.24742568557248684 and parameters: {'nodeNum': 600, 'leaking_rate': 0.05130915162037451, 'tikhonov_beta': 1.0067822489135435e-07}. Best is trial 291 with value: 0.24742568557248684.
[I 2024-11-05 20:26:47,090] Trial 301 finished with value: 0.2573738663696015 and parameters: {'nodeNum': 600, 'leaking_rate': 0.03395367589054403, 'tikhonov_beta': 3.331004379501066e-07}. Best is trial 296 with value: 0.24688148897678122.
[I 2024-11-05 20:29:47,225] Trial 311 finished with value: 0.25049154719395 and parameters: {'nodeNum': 600, 'leaking_rate': 0.040109875612477884, 'tikhonov_beta': 1.816567827061174e-07}. Best is trial 296 with value: 0.24688148897678122.
[I 2024-11-05 20:32:47,463] Trial 322 finished with value: 0.25133735743381164 and parameters: {'nodeNum': 600, 'leaking_rate': 0.039673174033395875, 'tikhonov_beta': 2.0878933025636393e-07}. Best is trial 296 with value: 0.24688148897678122.
[I 2024-11-05 20:35:46,945] Trial 332 finished with value: 0.25559040485180273 and parameters: {'nodeNum': 600, 'leaking_rate': 0.0326047605677126, 'tikhonov_beta': 2.1960941120082429e-07}. Best is trial 296 with value: 0.24688148897678122.
[I 2024-11-05 20:38:45,727] Trial 342 finished with value: 0.252076954121638 and parameters: {'nodeNum': 600, 'leaking_rate': 0.035252104998887396, 'tikhonov_beta': 1.8202846620475303e-07}. Best is trial 296 with value: 0.24688148897678122.
[I 2024-11-05 20:41:44,646] Trial 353 finished with value: 0.2495258913531221 and parameters: {'nodeNum': 600, 'leaking_rate': 0.04420919913782716, 'tikhonov_beta': 1.584480680923144e-07}. Best is trial 296 with value: 0.24688148897678122.
[I 2024-11-05 20:44:43,666] Trial 363 finished with value: 0.25610829555430886 and parameters: {'nodeNum': 600, 'leaking_rate': 0.04419528388229933, 'tikhonov_beta': 6.320184944547692e-07}. Best is trial 296 with value: 0.24688148897678122.
[I 2024-11-05 20:47:38,253] Trial 373 finished with value: 0.255483862835176 and parameters: {'nodeNum': 550, 'leaking_rate': 0.04765061796396621, 'tikhonov_beta': 2.658040289805684e-07}. Best is trial 296 with value: 0.24688148897678122.
[I 2024-11-05 20:50:38,014] Trial 383 finished with value: 0.24990258197800166 and parameters: {'nodeNum': 600, 'leaking_rate': 0.03693426702363252, 'tikhonov_beta': 1.440691791285147e-07}. Best is trial 296 with value: 0.24688148897678122.
[I 2024-11-05 20:53:37,578] Trial 393 finished with value: 0.2497020257510731 and parameters: {'nodeNum': 600, 'leaking_rate': 0.036360724062470304, 'tikhonov_beta': 1.3398728624118456e-07}. Best is trial 296 with value: 0.24688148897678122.
[I 2024-11-05 20:56:36,767] Trial 403 finished with value: 0.24950307619932932 and parameters: {'nodeNum': 600, 'leaking_rate': 0.035976017127362196, 'tikhonov_beta': 1.2613838278232746e-07}. Best is trial 296 with value: 0.24688148897678122.
[I 2024-11-05 20:59:35,957] Trial 413 finished with value: 0.24991847879165324 and parameters: {'nodeNum': 600, 'leaking_rate': 0.0343241198272068, 'tikhonov_beta': 1.2340381250189695e-07}. Best is trial 296 with value: 0.24688148897678122.
[I 2024-11-05 21:02:35,343] Trial 423 finished with value: 0.2643352844023958 and parameters: {'nodeNum': 600, 'leaking_rate': 0.024313861943564514, 'tikhonov_beta': 1.0146224546896715e-07}. Best is trial 296 with value: 0.24688148897678122.
[I 2024-11-05 21:05:34,821] Trial 433 finished with value: 0.25123292541423486 and parameters: {'nodeNum': 600, 'leaking_rate': 0.04079999254961894, 'tikhonov_beta': 2.149228777475997e-07}. Best is trial 427 with value: 0.24686256396199985.
[I 2024-11-05 21:08:34,405] Trial 443 finished with value: 0.24897755452518527 and parameters: {'nodeNum': 600, 'leaking_rate': 0.05020730621971469, 'tikhonov_beta': 1.3375741470430474e-07}. Best is trial 427 with value: 0.24686256396199985.
[I 2024-11-05 21:11:33,756] Trial 453 finished with value: 0.24806598782687722 and parameters: {'nodeNum': 600, 'leaking_rate': 0.05147061219286475, 'tikhonov_beta': 1.0173828883902987e-07}. Best is trial 427 with value: 0.24686256396199985.
[I 2024-11-05 21:14:30,676] Trial 463 finished with value: 0.25320547052967873 and parameters: {'nodeNum': 550, 'leaking_rate': 0.05182087643095712, 'tikhonov_beta': 1.1070853989287627e-07}. Best is trial 427 with value: 0.24686256396199985.
[I 2024-11-05 21:17:31,447] Trial 473 finished with value: 0.2478143764555471 and parameters: {'nodeNum': 600, 'leaking_rate': 0.05202605334728899, 'tikhonov_beta': 1.02787636521728e-07}. Best is trial 427 with value: 0.24686256396199985.
[I 2024-11-05 21:20:31,359] Trial 483 finished with value: 0.24850678457117054 and parameters: {'nodeNum': 600, 'leaking_rate': 0.05354621284433731, 'tikhonov_beta': 1.0612150148288827e-07}. Best is trial 427 with value: 0.24686256396199985.
[I 2024-11-05 21:23:31,638] Trial 493 finished with value: 0.24939744980795878 and parameters: {'nodeNum': 600, 'leaking_rate': 0.056485561490599495, 'tikhonov_beta': 1.1051875108274122e-07}. Best is trial 427 with value: 0.24686256396199985.
[I 2024-11-05 21:26:31,073] Trial 504 finished with value: 0.24939525129309592 and parameters: {'nodeNum': 600, 'leaking_rate': 0.04866990371475365, 'tikhonov_beta': 1.534580801567051e-07}. Best is trial 427 with value: 0.24686256396199985.
[I 2024-11-05 21:29:29,954] Trial 514 finished with value: 0.24960909266991707 and parameters: {'nodeNum': 600, 'leaking_rate': 0.04856077164206307, 'tikhonov_beta': 1.5846462983853783e-07}. Best is trial 427 with value: 0.24686256396199985.
[I 2024-11-05 21:32:28,791] Trial 524 finished with value: 0.24841793259169362 and parameters: {'nodeNum': 600, 'leaking_rate': 0.04595625370780098, 'tikhonov_beta': 1.3297383153491894e-07}. Best is trial 427 with value: 0.24686256396199985.
[I 2024-11-05 21:35:28,557] Trial 534 finished with value: 0.2505597604183657 and parameters: {'nodeNum': 600, 'leaking_rate': 0.058234900297020206, 'tikhonov_beta': 1.2916079479649168e-07}. Best is trial 427 with value: 0.24686256396199985.
[I 2024-11-05 21:38:27,912] Trial 544 finished with value: 0.2471665881124952 and parameters: {'nodeNum': 600, 'leaking_rate': 0.04309202836727173, 'tikhonov_beta': 1.0173406797238831e-07}. Best is trial 540 with value: 0.24682618515815993.
[I 2024-11-05 21:41:03,457] Trial 554 finished with value: 0.2578604360225865 and parameters: {'nodeNum': 150, 'leaking_rate': 0.042833190607503825, 'tikhonov_beta': 1.8449301845872032e-07}. Best is trial 540 with value: 0.24682618515815993.
[I 2024-11-05 21:44:02,742] Trial 564 finished with value: 0.24840002165631292 and parameters: {'nodeNum': 600, 'leaking_rate': 0.04656405343798935, 'tikhonov_beta': 1.361320608464079e-07}. Best is trial 540 with value: 0.24682618515815993.
[I 2024-11-05 21:47:03,389] Trial 574 finished with value: 0.2993114051009661 and parameters: {'nodeNum': 600, 'leaking_rate': 0.048669582365956275, 'tikhonov_beta': 6.993178925348056e-05}. Best is trial 540 with value: 0.24682618515815993.
[I 2024-11-05 21:50:02,852] Trial 584 finished with value: 0.2471839072157954 and parameters: {'nodeNum': 600, 'leaking_rate': 0.04056980144815918, 'tikhonov_beta': 1.0112292733237264e-07}. Best is trial 540 with value: 0.24682618515815993.
[I 2024-11-05 21:53:01,764] Trial 595 finished with value: 0.25035128745465335 and parameters: {'nodeNum': 600, 'leaking_rate': 0.039515035589569654, 'tikhonov_beta': 1.737412364059118e-07}. Best is trial 540 with value: 0.24682618515815993.
[I 2024-11-05 21:55:56,078] Trial 606 finished with value: 0.25351103006827563 and parameters: {'nodeNum': 550, 'leaking_rate': 0.039214424535709905, 'tikhonov_beta': 1.646307659455604e-07}. Best is trial 540 with value: 0.24682618515815993.
[I 2024-11-05 21:58:56,208] Trial 616 finished with value: 0.2500944588662442 and parameters: {'nodeNum': 600, 'leaking_rate': 0.034882535262123, 'tikhonov_beta': 1.3099195127240126e-07}. Best is trial 540 with value: 0.24682618515815993.
[I 2024-11-05 22:02:08,748] Trial 626 finished with value: 0.2500308208695553 and parameters: {'nodeNum': 600, 'leaking_rate': 0.035672574167980836, 'tikhonov_beta': 1.3295642874738842e-07}. Best is trial 540 with value: 0.24682618515815993.
[I 2024-11-05 22:05:07,624] Trial 636 finished with value: 0.24820594359685458 and parameters: {'nodeNum': 600, 'leaking_rate': 0.04370117651229772, 'tikhonov_beta': 1.2981491310675096e-07}. Best is trial 633 with value: 0.24673042796425432.
[I 2024-11-05 22:08:06,864] Trial 646 finished with value: 0.4055470137354296 and parameters: {'nodeNum': 600, 'leaking_rate': 0.004225837281998413, 'tikhonov_beta': 1.9424851018292376e-07}. Best is trial 633 with value: 0.24673042796425432.
[I 2024-11-05 22:11:06,848] Trial 656 finished with value: 0.3936041184742372 and parameters: {'nodeNum': 600, 'leaking_rate': 0.002831869850254002, 'tikhonov_beta': 1.636062719543346e-07}. Best is trial 633 with value: 0.24673042796425432.
[I 2024-11-05 22:14:05,767] Trial 667 finished with value: 0.24843860403372592 and parameters: {'nodeNum': 600, 'leaking_rate': 0.04338656938689647, 'tikhonov_beta': 1.343549303318753e-07}. Best is trial 633 with value: 0.24673042796425432.
[I 2024-11-05 22:17:04,758] Trial 677 finished with value: 0.24833470065614338 and parameters: {'nodeNum': 600, 'leaking_rate': 0.04486410036808435, 'tikhonov_beta': 1.291790574556628e-07}. Best is trial 675 with value: 0.2464088749198054.
[I 2024-11-05 22:20:04,938] Trial 687 finished with value: 0.24757189805324134 and parameters: {'nodeNum': 600, 'leaking_rate': 0.03959527093158645, 'tikhonov_beta': 1.0201995344976147e-07}. Best is trial 675 with value: 0.2464088749198054.
[I 2024-11-05 22:23:04,137] Trial 698 finished with value: 0.25127481996709 and parameters: {'nodeNum': 600, 'leaking_rate': 0.04631060380883824, 'tikhonov_beta': 2.2111777801597128e-07}. Best is trial 675 with value: 0.2464088749198054.
[I 2024-11-05 22:25:59,436] Trial 708 finished with value: 0.25390043102510645 and parameters: {'nodeNum': 550, 'leaking_rate': 0.04693351085502165, 'tikhonov_beta': 1.652760783410432e-07}. Best is trial 675 with value: 0.2464088749198054.
[I 2024-11-05 22:28:59,324] Trial 718 finished with value: 0.25373988934178243 and parameters: {'nodeNum': 600, 'leaking_rate': 0.04214227956416553, 'tikhonov_beta': 3.515931030768518e-07}. Best is trial 675 with value: 0.2464088749198054.
[I 2024-11-05 22:31:58,147] Trial 728 finished with value: 0.24717626874714843 and parameters: {'nodeNum': 600, 'leaking_rate': 0.041678011396561035, 'tikhonov_beta': 1.0054429712424315e-07}. Best is trial 675 with value: 0.2464088749198054.
[I 2024-11-05 22:35:02,416] Trial 739 finished with value: 0.24874788502902892 and parameters: {'nodeNum': 600, 'leaking_rate': 0.03470008826541526, 'tikhonov_beta': 1.011983471522741e-07}. Best is trial 675 with value: 0.2464088749198054.
[I 2024-11-05 22:38:01,236] Trial 749 finished with value: 0.25070199370282975 and parameters: {'nodeNum': 600, 'leaking_rate': 0.04758765126841868, 'tikhonov_beta': 1.9367307410288512e-07}. Best is trial 675 with value: 0.2464088749198054.
[I 2024-11-05 22:41:15,861] Trial 759 finished with value: 0.24956951888398846 and parameters: {'nodeNum': 600, 'leaking_rate': 0.05321613198289056, 'tikhonov_beta': 1.3390513842401922e-07}. Best is trial 675 with value: 0.2464088749198054.
[I 2024-11-05 22:44:15,125] Trial 771 finished with value: 0.25269843441851864 and parameters: {'nodeNum': 600, 'leaking_rate': 0.0422051782983584, 'tikhonov_beta': 2.8798865541478665e-07}. Best is trial 675 with value: 0.2464088749198054.
[I 2024-11-05 22:47:14,348] Trial 781 finished with value: 0.24832073392554632 and parameters: {'nodeNum': 600, 'leaking_rate': 0.04517633881978158, 'tikhonov_beta': 1.3137610196428226e-07}. Best is trial 675 with value: 0.2464088749198054.
[I 2024-11-05 22:50:13,186] Trial 791 finished with value: 0.2503182237951563 and parameters: {'nodeNum': 600, 'leaking_rate': 0.03784303034283285, 'tikhonov_beta': 1.647417476395302e-07}. Best is trial 675 with value: 0.2464088749198054.
[I 2024-11-05 22:53:17,431] Trial 801 finished with value: 0.24850479136323653 and parameters: {'nodeNum': 600, 'leaking_rate': 0.04934435195275826, 'tikhonov_beta': 1.269550044244245e-07}. Best is trial 675 with value: 0.2464088749198054.
[I 2024-11-05 22:56:12,324] Trial 812 finished with value: 0.25432626202572284 and parameters: {'nodeNum': 550, 'leaking_rate': 0.04540715912413446, 'tikhonov_beta': 2.1460224943181243e-07}. Best is trial 675 with value: 0.2464088749198054.
[I 2024-11-05 22:59:00,923] Trial 822 finished with value: 0.250285377962353 and parameters: {'nodeNum': 450, 'leaking_rate': 0.041448828955049075, 'tikhonov_beta': 1.3638348355063387e-07}. Best is trial 675 with value: 0.2464088749198054.
[I 2024-11-05 23:02:01,741] Trial 832 finished with value: 0.4077574373336827 and parameters: {'nodeNum': 600, 'leaking_rate': 0.03797405194204135, 'tikhonov_beta': 0.005160544111753164}. Best is trial 675 with value: 0.2464088749198054.
[I 2024-11-05 23:05:01,070] Trial 842 finished with value: 0.24918919139941154 and parameters: {'nodeNum': 600, 'leaking_rate': 0.05284420388901989, 'tikhonov_beta': 1.2520775549494647e-07}. Best is trial 675 with value: 0.2464088749198054.
[I 2024-11-05 23:08:01,843] Trial 852 finished with value: 0.24683789875969156 and parameters: {'nodeNum': 600, 'leaking_rate': 0.045228721841930296, 'tikhonov_beta': 1.0284567282335342e-07}. Best is trial 675 with value: 0.2464088749198054.
[I 2024-11-05 23:11:01,151] Trial 862 finished with value: 0.25123295099591236 and parameters: {'nodeNum': 600, 'leaking_rate': 0.04938329124432385, 'tikhonov_beta': 2.116162736032445e-07}. Best is trial 675 with value: 0.2464088749198054.
[I 2024-11-05 23:14:00,433] Trial 873 finished with value: 0.25246572182634086 and parameters: {'nodeNum': 600, 'leaking_rate': 0.048543946960984234, 'tikhonov_beta': 2.7388613435646506e-07}. Best is trial 675 with value: 0.2464088749198054.
[I 2024-11-05 23:16:55,923] Trial 883 finished with value: 0.2529646255496664 and parameters: {'nodeNum': 550, 'leaking_rate': 0.04342223830407765, 'tikhonov_beta': 1.5859335462313732e-07}. Best is trial 675 with value: 0.2464088749198054.
[I 2024-11-05 23:19:55,191] Trial 893 finished with value: 0.24850018482906577 and parameters: {'nodeNum': 600, 'leaking_rate': 0.03902745566500973, 'tikhonov_beta': 1.2405230963419807e-07}. Best is trial 675 with value: 0.2464088749198054.
[I 2024-11-05 23:22:54,932] Trial 903 finished with value: 0.24984346316019712 and parameters: {'nodeNum': 600, 'leaking_rate': 0.05598427532698614, 'tikhonov_beta': 1.268362780797791e-07}. Best is trial 675 with value: 0.2464088749198054.
[I 2024-11-05 23:25:54,206] Trial 913 finished with value: 0.24675385156609367 and parameters: {'nodeNum': 600, 'leaking_rate': 0.04623882510874471, 'tikhonov_beta': 1.0000093508468083e-07}. Best is trial 675 with value: 0.2464088749198054.
