[I 2024-11-06 09:56:38,352] Trial 1920 finished with value: 0.2259507038269919 and parameters: {'nodeNum_01': 200, 'leaking_rate_01': 0.013266652449696168, 'nodeNum_02': 200, 'leaking_rate_02': 0.06908664566826933, 'nodeNum_03': 600, 'leaking_rate_03': 0.04214669108708225, 'nodeNum_04': 500, 'leaking_rate_04': 0.08690076306143954, 'tikhonov_beta': 2.3087173281809088e-07, 'intensity': 1.8874367376922276}. Best is trial 1222 with value: 0.21825744342878123.
[I 2024-11-06 10:02:36,759] Trial 1940 finished with value: 0.22391237596275532 and parameters: {'nodeNum_01': 200, 'leaking_rate_01': 0.01096673179957316, 'nodeNum_02': 450, 'leaking_rate_02': 0.058518608190698054, 'nodeNum_03': 600, 'leaking_rate_03': 0.0620356650770291, 'nodeNum_04': 500, 'leaking_rate_04': 0.08757355564650955, 'tikhonov_beta': 2.0799129377246594e-07, 'intensity': 1.968897044070849}. Best is trial 1222 with value: 0.21825744342878123.
[I 2024-11-06 10:08:00,246] Trial 1962 finished with value: 0.22594727487965777 and parameters: {'nodeNum_01': 250, 'leaking_rate_01': 0.010585919860634034, 'nodeNum_02': 200, 'leaking_rate_02': 0.03270873270290545, 'nodeNum_03': 600, 'leaking_rate_03': 0.06294154050479296, 'nodeNum_04': 550, 'leaking_rate_04': 0.09237529950836998, 'tikhonov_beta': 1.3135859252665262e-07, 'intensity': 1.8231092816409127}. Best is trial 1222 with value: 0.21825744342878123.
[I 2024-11-06 10:11:34,239] Trial 1979 finished with value: 0.2630848693694114 and parameters: {'nodeNum_01': 200, 'leaking_rate_01': 0.007119066143629806, 'nodeNum_02': 350, 'leaking_rate_02': 0.032370494432383226, 'nodeNum_03': 550, 'leaking_rate_03': 0.05067009829439704, 'nodeNum_04': 500, 'leaking_rate_04': 0.07732626868437988, 'tikhonov_beta': 0.00013524472731214854, 'intensity': 1.9123478701136083}. Best is trial 1222 with value: 0.21825744342878123.
[I 2024-11-06 10:14:08,120] Trial 1988 finished with value: 0.23547737083210582 and parameters: {'nodeNum_01': 200, 'leaking_rate_01': 0.01482526534845356, 'nodeNum_02': 200, 'leaking_rate_02': 0.05141666376233846, 'nodeNum_03': 600, 'leaking_rate_03': 0.001258687538246683, 'nodeNum_04': 500, 'leaking_rate_04': 0.07927614584814079, 'tikhonov_beta': 1.8575081983519634e-07, 'intensity': 1.921847460337543}. Best is trial 1222 with value: 0.21825744342878123.
[I 2024-11-06 10:16:39,729] Trial 1993 finished with value: 0.21971481812703364 and parameters: {'nodeNum_01': 200, 'leaking_rate_01': 0.012771511929313983, 'nodeNum_02': 200, 'leaking_rate_02': 0.06355414199084264, 'nodeNum_03': 600, 'leaking_rate_03': 0.0714949355056426, 'nodeNum_04': 500, 'leaking_rate_04': 0.09995116117564064, 'tikhonov_beta': 1.2445063326815477e-07, 'intensity': 1.8664970418008298}. Best is trial 1222 with value: 0.21825744342878123.
