[I 2024-11-05 23:24:12,690] Trial 908 finished with value: 0.2488518264454666 and parameters: {'nodeNum': 600, 'leaking_rate': 0.05521360360436958, 'tikhonov_beta': 1.021642318021947e-07}. Best is trial 675 with value: 0.2464088749198054.
[I 2024-11-05 23:26:45,445] Trial 918 finished with value: 0.45190869423331087 and parameters: {'nodeNum': 150, 'leaking_rate': 0.0015581657156046353, 'tikhonov_beta': 2.1339820694928705e-07}. Best is trial 675 with value: 0.2464088749198054.
[I 2024-11-05 23:29:40,987] Trial 928 finished with value: 0.25007129326191996 and parameters: {'nodeNum': 600, 'leaking_rate': 0.051457848033109994, 'tikhonov_beta': 1.6339354382254414e-07}. Best is trial 675 with value: 0.2464088749198054.
[I 2024-11-05 23:32:37,589] Trial 938 finished with value: 0.36136233611249297 and parameters: {'nodeNum': 600, 'leaking_rate': 0.06188306580911344, 'tikhonov_beta': 0.00014179621145904458}. Best is trial 675 with value: 0.2464088749198054.
[I 2024-11-05 23:35:33,179] Trial 948 finished with value: 0.3302060390625832 and parameters: {'nodeNum': 600, 'leaking_rate': 0.04412252414184385, 'tikhonov_beta': 0.00038147559792165846}. Best is trial 675 with value: 0.2464088749198054.
[I 2024-11-05 23:38:28,591] Trial 958 finished with value: 0.25159664742769194 and parameters: {'nodeNum': 600, 'leaking_rate': 0.045469045167293165, 'tikhonov_beta': 2.287437724298009e-07}. Best is trial 675 with value: 0.2464088749198054.
[I 2024-11-05 23:41:24,077] Trial 968 finished with value: 0.3415578873190386 and parameters: {'nodeNum': 600, 'leaking_rate': 0.04032199602138862, 'tikhonov_beta': 0.0008001887458462405}. Best is trial 675 with value: 0.2464088749198054.
[I 2024-11-05 23:44:19,788] Trial 978 finished with value: 0.24993278609906172 and parameters: {'nodeNum': 600, 'leaking_rate': 0.05479000239196207, 'tikhonov_beta': 1.390257756348621e-07}. Best is trial 675 with value: 0.2464088749198054.
[I 2024-11-05 23:47:10,084] Trial 988 finished with value: 0.25131434042651474 and parameters: {'nodeNum': 600, 'leaking_rate': 0.03498388769222452, 'tikhonov_beta': 1.621361625120763e-07}. Best is trial 675 with value: 0.2464088749198054.
[I 2024-11-05 23:49:51,409] Trial 994 finished with value: 0.253343828756382 and parameters: {'nodeNum': 550, 'leaking_rate': 0.04929438008726945, 'tikhonov_beta': 1.3099230776646276e-07}. Best is trial 675 with value: 0.2464088749198054.
