[I 2024-11-05 19:03:18,228] A new study created in RDB with name: reproduct_sample07
[I 2024-11-05 19:05:58,521] Trial 0 finished with value: 0.3684086017201233 and parameters: {'nodeNum': 500, 'leaking_rate': 0.09901417676616635, 'tikhonov_beta': 1.2386385634128008e-06}. Best is trial 0 with value: 0.3684086017201233.
[I 2024-11-05 19:08:29,776] Trial 10 finished with value: 0.33495066289747644 and parameters: {'nodeNum': 200, 'leaking_rate': 0.013890987337656169, 'tikhonov_beta': 1.7421164599609257e-05}. Best is trial 7 with value: 0.2525162647415277.
[I 2024-11-05 19:11:22,703] Trial 20 finished with value: 0.4871365962753742 and parameters: {'nodeNum': 600, 'leaking_rate': 0.0010198565560470918, 'tikhonov_beta': 1.0707207291101065e-07}. Best is trial 7 with value: 0.2525162647415277.
[I 2024-11-05 19:13:55,391] Trial 30 finished with value: 0.2628214926469022 and parameters: {'nodeNum': 200, 'leaking_rate': 0.03611890164099609, 'tikhonov_beta': 7.806109447621494e-07}. Best is trial 24 with value: 0.24988796960057452.
[I 2024-11-05 19:16:44,811] Trial 40 finished with value: 0.28329110427375764 and parameters: {'nodeNum': 550, 'leaking_rate': 0.02652591565820056, 'tikhonov_beta': 2.955659927908416e-06}. Best is trial 24 with value: 0.24988796960057452.
[I 2024-11-05 19:19:31,986] Trial 50 finished with value: 0.25473462722594975 and parameters: {'nodeNum': 500, 'leaking_rate': 0.047419420008395316, 'tikhonov_beta': 2.873785190997556e-07}. Best is trial 24 with value: 0.24988796960057452.
[I 2024-11-05 19:22:17,983] Trial 60 finished with value: 0.2793217234881945 and parameters: {'nodeNum': 500, 'leaking_rate': 0.01644963058414539, 'tikhonov_beta': 3.4922263258567507e-07}. Best is trial 24 with value: 0.24988796960057452.
[I 2024-11-05 19:25:01,775] Trial 70 finished with value: 0.27726602197240846 and parameters: {'nodeNum': 450, 'leaking_rate': 0.07367557843218536, 'tikhonov_beta': 1.5333419709732582e-06}. Best is trial 24 with value: 0.24988796960057452.
[I 2024-11-05 19:27:40,295] Trial 80 finished with value: 0.4324343193690865 and parameters: {'nodeNum': 350, 'leaking_rate': 0.043510290009729134, 'tikhonov_beta': 0.007525329366140234}. Best is trial 24 with value: 0.24988796960057452.
[I 2024-11-05 19:30:15,941] Trial 90 finished with value: 0.27024089229838094 and parameters: {'nodeNum': 300, 'leaking_rate': 0.029653534097757218, 'tikhonov_beta': 4.829825945159611e-07}. Best is trial 24 with value: 0.24988796960057452.
[I 2024-11-05 19:32:57,216] Trial 100 finished with value: 0.2569662663703632 and parameters: {'nodeNum': 400, 'leaking_rate': 0.06270316819250576, 'tikhonov_beta': 1.0011908277608104e-07}. Best is trial 24 with value: 0.24988796960057452.
[I 2024-11-05 19:35:30,014] Trial 110 finished with value: 0.2765465536211856 and parameters: {'nodeNum': 250, 'leaking_rate': 0.08200709555683418, 'tikhonov_beta': 1.4505203336994162e-07}. Best is trial 103 with value: 0.24869007928034603.
[I 2024-11-05 19:38:02,246] Trial 120 finished with value: 0.25343345613854684 and parameters: {'nodeNum': 250, 'leaking_rate': 0.04638810670768571, 'tikhonov_beta': 2.004348041945853e-07}. Best is trial 103 with value: 0.24869007928034603.
[I 2024-11-05 19:40:56,000] Trial 130 finished with value: 0.25430098952917185 and parameters: {'nodeNum': 600, 'leaking_rate': 0.0669196057687062, 'tikhonov_beta': 1.3824438276761036e-07}. Best is trial 103 with value: 0.24869007928034603.
[I 2024-11-05 19:43:49,993] Trial 140 finished with value: 0.40132634144510554 and parameters: {'nodeNum': 600, 'leaking_rate': 0.003218821344513519, 'tikhonov_beta': 1.0405399658363945e-07}. Best is trial 103 with value: 0.24869007928034603.
[I 2024-11-05 19:46:26,189] Trial 150 finished with value: 0.26197316630509143 and parameters: {'nodeNum': 300, 'leaking_rate': 0.07353195124550826, 'tikhonov_beta': 2.466954674111594e-07}. Best is trial 103 with value: 0.24869007928034603.
[I 2024-11-05 19:49:01,171] Trial 160 finished with value: 0.2524741508362526 and parameters: {'nodeNum': 300, 'leaking_rate': 0.05396107270393722, 'tikhonov_beta': 1.662024652888967e-07}. Best is trial 103 with value: 0.24869007928034603.
[I 2024-11-05 19:51:33,166] Trial 170 finished with value: 0.39340243096873534 and parameters: {'nodeNum': 250, 'leaking_rate': 0.06094612732411842, 'tikhonov_beta': 0.00019216042361106333}. Best is trial 103 with value: 0.24869007928034603.
[I 2024-11-05 19:54:09,519] Trial 180 finished with value: 0.2528878928011997 and parameters: {'nodeNum': 300, 'leaking_rate': 0.06840636031542607, 'tikhonov_beta': 1.2922957005437383e-07}. Best is trial 103 with value: 0.24869007928034603.
[I 2024-11-05 19:56:46,086] Trial 190 finished with value: 0.25095442314468047 and parameters: {'nodeNum': 300, 'leaking_rate': 0.057671469105090904, 'tikhonov_beta': 1.2079964432107004e-07}. Best is trial 103 with value: 0.24869007928034603.
[I 2024-11-05 19:59:22,324] Trial 200 finished with value: 0.2527217651600357 and parameters: {'nodeNum': 300, 'leaking_rate': 0.049701111679697985, 'tikhonov_beta': 1.031786187591472e-07}. Best is trial 103 with value: 0.24869007928034603.
[I 2024-11-05 20:01:58,435] Trial 210 finished with value: 0.2524806209276846 and parameters: {'nodeNum': 300, 'leaking_rate': 0.05086935456643386, 'tikhonov_beta': 1.0936887232697926e-07}. Best is trial 103 with value: 0.24869007928034603.
[I 2024-11-05 20:04:33,753] Trial 220 finished with value: 0.2510395864570969 and parameters: {'nodeNum': 300, 'leaking_rate': 0.05801391456451853, 'tikhonov_beta': 1.4584603457704579e-07}. Best is trial 103 with value: 0.24869007928034603.
[I 2024-11-05 20:07:09,256] Trial 230 finished with value: 0.3960274314880139 and parameters: {'nodeNum': 300, 'leaking_rate': 0.05866301258947878, 'tikhonov_beta': 0.00042406200558319575}. Best is trial 103 with value: 0.24869007928034603.
[I 2024-11-05 20:09:44,967] Trial 239 finished with value: 0.2579285367935123 and parameters: {'nodeNum': 300, 'leaking_rate': 0.07147812740219994, 'tikhonov_beta': 2.1697719359152295e-07}. Best is trial 103 with value: 0.24869007928034603.
[I 2024-11-05 20:12:22,538] Trial 249 finished with value: 0.2510607440761 and parameters: {'nodeNum': 300, 'leaking_rate': 0.06483366212682218, 'tikhonov_beta': 1.3050907115504873e-07}. Best is trial 103 with value: 0.24869007928034603.
[I 2024-11-05 20:14:58,283] Trial 259 finished with value: 0.2504298368522657 and parameters: {'nodeNum': 300, 'leaking_rate': 0.0625594451322989, 'tikhonov_beta': 1.002048762561922e-07}. Best is trial 103 with value: 0.24869007928034603.
[I 2024-11-05 20:17:34,404] Trial 268 finished with value: 0.2779427117623402 and parameters: {'nodeNum': 300, 'leaking_rate': 0.08489095342322774, 'tikhonov_beta': 1.0196782623602784e-07}. Best is trial 103 with value: 0.24869007928034603.
[I 2024-11-05 20:20:13,032] Trial 278 finished with value: 0.25218088096419106 and parameters: {'nodeNum': 350, 'leaking_rate': 0.06411913411698011, 'tikhonov_beta': 1.5717496379788227e-07}. Best is trial 103 with value: 0.24869007928034603.
[I 2024-11-05 20:23:06,284] Trial 287 finished with value: 0.25010873331527245 and parameters: {'nodeNum': 600, 'leaking_rate': 0.052305603379724085, 'tikhonov_beta': 1.567541435850068e-07}. Best is trial 103 with value: 0.24869007928034603.
[I 2024-11-05 20:26:00,235] Trial 297 finished with value: 0.361355498199743 and parameters: {'nodeNum': 600, 'leaking_rate': 0.007447464300619282, 'tikhonov_beta': 3.235814016925821e-07}. Best is trial 296 with value: 0.24688148897678122.
[I 2024-11-05 20:28:54,194] Trial 307 finished with value: 0.25589922060969156 and parameters: {'nodeNum': 600, 'leaking_rate': 0.034211071062954485, 'tikhonov_beta': 2.7819659112450713e-07}. Best is trial 296 with value: 0.24688148897678122.
[I 2024-11-05 20:31:45,620] Trial 317 finished with value: 0.2526771794496856 and parameters: {'nodeNum': 550, 'leaking_rate': 0.04620500165562724, 'tikhonov_beta': 1.3440407678355487e-07}. Best is trial 296 with value: 0.24688148897678122.
[I 2024-11-05 20:34:39,630] Trial 327 finished with value: 0.2516555995165506 and parameters: {'nodeNum': 600, 'leaking_rate': 0.04034832913810915, 'tikhonov_beta': 2.323313608864969e-07}. Best is trial 296 with value: 0.24688148897678122.
[I 2024-11-05 20:37:33,564] Trial 337 finished with value: 0.2578040739939597 and parameters: {'nodeNum': 600, 'leaking_rate': 0.029955829990644285, 'tikhonov_beta': 1.8261041798117848e-07}. Best is trial 296 with value: 0.24688148897678122.
[I 2024-11-05 20:40:27,566] Trial 346 finished with value: 0.25210953980919343 and parameters: {'nodeNum': 600, 'leaking_rate': 0.034681188172454254, 'tikhonov_beta': 1.72547890576445e-07}. Best is trial 296 with value: 0.24688148897678122.
[I 2024-11-05 20:43:22,480] Trial 356 finished with value: 0.24941364529970625 and parameters: {'nodeNum': 600, 'leaking_rate': 0.04520830843631974, 'tikhonov_beta': 1.579110423885793e-07}. Best is trial 296 with value: 0.24688148897678122.
[I 2024-11-05 20:46:17,545] Trial 366 finished with value: 0.25277439049319506 and parameters: {'nodeNum': 600, 'leaking_rate': 0.04432730110817999, 'tikhonov_beta': 2.9203160304267764e-07}. Best is trial 296 with value: 0.24688148897678122.
[I 2024-11-05 20:49:07,981] Trial 376 finished with value: 0.2536065408061251 and parameters: {'nodeNum': 550, 'leaking_rate': 0.04724499898579733, 'tikhonov_beta': 1.5751729238214418e-07}. Best is trial 296 with value: 0.24688148897678122.
[I 2024-11-05 20:52:01,984] Trial 386 finished with value: 0.249313756520458 and parameters: {'nodeNum': 600, 'leaking_rate': 0.03825898397588566, 'tikhonov_beta': 1.4150382275792448e-07}. Best is trial 296 with value: 0.24688148897678122.
[I 2024-11-05 20:54:55,335] Trial 396 finished with value: 0.2494881222451072 and parameters: {'nodeNum': 600, 'leaking_rate': 0.03708246757637929, 'tikhonov_beta': 1.3169931028156615e-07}. Best is trial 296 with value: 0.24688148897678122.
[I 2024-11-05 20:57:49,440] Trial 406 finished with value: 0.24928224903120763 and parameters: {'nodeNum': 600, 'leaking_rate': 0.03659876134112579, 'tikhonov_beta': 1.2794268282282626e-07}. Best is trial 296 with value: 0.24688148897678122.
[I 2024-11-05 21:00:42,135] Trial 415 finished with value: 0.25057373093716434 and parameters: {'nodeNum': 600, 'leaking_rate': 0.033361146426500475, 'tikhonov_beta': 1.227422675700458e-07}. Best is trial 296 with value: 0.24688148897678122.
[I 2024-11-05 21:03:36,744] Trial 425 finished with value: 0.2575924709716549 and parameters: {'nodeNum': 600, 'leaking_rate': 0.027408069346288335, 'tikhonov_beta': 1.0280109139910237e-07}. Best is trial 296 with value: 0.24688148897678122.
[I 2024-11-05 21:06:33,038] Trial 435 finished with value: 0.25135052403996067 and parameters: {'nodeNum': 600, 'leaking_rate': 0.04121876792949653, 'tikhonov_beta': 2.179523909085461e-07}. Best is trial 427 with value: 0.24686256396199985.
[I 2024-11-05 21:09:27,413] Trial 445 finished with value: 0.2834747551728283 and parameters: {'nodeNum': 600, 'leaking_rate': 0.012434235299356859, 'tikhonov_beta': 1.0139321209348852e-07}. Best is trial 427 with value: 0.24686256396199985.
[I 2024-11-05 21:12:22,948] Trial 455 finished with value: 0.2490148329145423 and parameters: {'nodeNum': 600, 'leaking_rate': 0.050687770924637096, 'tikhonov_beta': 1.314630627321564e-07}. Best is trial 427 with value: 0.24686256396199985.
[I 2024-11-05 21:15:14,400] Trial 465 finished with value: 0.2527826509906832 and parameters: {'nodeNum': 550, 'leaking_rate': 0.051264850541145296, 'tikhonov_beta': 1.0431459768907518e-07}. Best is trial 427 with value: 0.24686256396199985.
[I 2024-11-05 21:18:08,316] Trial 475 finished with value: 0.24812575947380705 and parameters: {'nodeNum': 600, 'leaking_rate': 0.05326644896393533, 'tikhonov_beta': 1.0099970703175583e-07}. Best is trial 427 with value: 0.24686256396199985.
[I 2024-11-05 21:21:05,638] Trial 485 finished with value: 0.24852771950063 and parameters: {'nodeNum': 600, 'leaking_rate': 0.05492467129321195, 'tikhonov_beta': 1.0136690668353883e-07}. Best is trial 427 with value: 0.24686256396199985.
[I 2024-11-05 21:24:00,067] Trial 495 finished with value: 0.24861136396797293 and parameters: {'nodeNum': 600, 'leaking_rate': 0.05496751603411499, 'tikhonov_beta': 1.0160242276854855e-07}. Best is trial 427 with value: 0.24686256396199985.
[I 2024-11-05 21:26:54,244] Trial 505 finished with value: 0.33617014540973994 and parameters: {'nodeNum': 600, 'leaking_rate': 0.04804200680098325, 'tikhonov_beta': 0.00031103620253503437}. Best is trial 427 with value: 0.24686256396199985.
[I 2024-11-05 21:29:48,581] Trial 515 finished with value: 0.24973137883310823 and parameters: {'nodeNum': 600, 'leaking_rate': 0.04713415575253576, 'tikhonov_beta': 1.6509162929343539e-07}. Best is trial 427 with value: 0.24686256396199985.
[I 2024-11-05 21:32:43,981] Trial 525 finished with value: 0.46722543287166124 and parameters: {'nodeNum': 600, 'leaking_rate': 0.0595564210118396, 'tikhonov_beta': 0.007118075801212679}. Best is trial 427 with value: 0.24686256396199985.
[I 2024-11-05 21:35:38,024] Trial 535 finished with value: 0.2504691516775888 and parameters: {'nodeNum': 600, 'leaking_rate': 0.05839920275268145, 'tikhonov_beta': 1.2760175749957505e-07}. Best is trial 427 with value: 0.24686256396199985.
[I 2024-11-05 21:38:28,730] Trial 545 finished with value: 0.31985695160281447 and parameters: {'nodeNum': 550, 'leaking_rate': 0.043693553081369275, 'tikhonov_beta': 0.00011905248165230811}. Best is trial 540 with value: 0.24682618515815993.
[I 2024-11-05 21:41:22,756] Trial 555 finished with value: 0.2502330951135356 and parameters: {'nodeNum': 600, 'leaking_rate': 0.044483628623060836, 'tikhonov_beta': 1.797074926927865e-07}. Best is trial 540 with value: 0.24682618515815993.
[I 2024-11-05 21:44:16,525] Trial 565 finished with value: 0.24859912962151093 and parameters: {'nodeNum': 600, 'leaking_rate': 0.04737561404045596, 'tikhonov_beta': 1.3258108734608473e-07}. Best is trial 540 with value: 0.24682618515815993.
[I 2024-11-05 21:47:10,125] Trial 575 finished with value: 0.3264361565974239 and parameters: {'nodeNum': 600, 'leaking_rate': 0.00843764422697096, 'tikhonov_beta': 1.269433383075727e-07}. Best is trial 540 with value: 0.24682618515815993.
[I 2024-11-05 21:50:03,955] Trial 586 finished with value: 0.2469823125193687 and parameters: {'nodeNum': 600, 'leaking_rate': 0.04081680834821437, 'tikhonov_beta': 1.0065243758338413e-07}. Best is trial 540 with value: 0.24682618515815993.
[I 2024-11-05 21:52:57,797] Trial 596 finished with value: 0.25034855994218164 and parameters: {'nodeNum': 600, 'leaking_rate': 0.039170033752177605, 'tikhonov_beta': 1.7003557667351163e-07}. Best is trial 540 with value: 0.24682618515815993.
[I 2024-11-05 21:55:48,343] Trial 605 finished with value: 0.2548879859159666 and parameters: {'nodeNum': 550, 'leaking_rate': 0.04025625914643679, 'tikhonov_beta': 2.3593310078083678e-07}. Best is trial 540 with value: 0.24682618515815993.
[I 2024-11-05 21:58:41,992] Trial 615 finished with value: 0.25075383818449637 and parameters: {'nodeNum': 600, 'leaking_rate': 0.034401809400057895, 'tikhonov_beta': 1.3429337858158967e-07}. Best is trial 540 with value: 0.24682618515815993.
[I 2024-11-05 22:01:35,291] Trial 625 finished with value: 0.24853261205679555 and parameters: {'nodeNum': 600, 'leaking_rate': 0.03522715456381278, 'tikhonov_beta': 1.0004700539892991e-07}. Best is trial 540 with value: 0.24682618515815993.
[I 2024-11-05 22:04:29,221] Trial 635 finished with value: 0.24705861960352588 and parameters: {'nodeNum': 600, 'leaking_rate': 0.04335146485365737, 'tikhonov_beta': 1.005997983201585e-07}. Best is trial 633 with value: 0.24673042796425432.
[I 2024-11-05 22:07:23,041] Trial 645 finished with value: 0.2506857553516209 and parameters: {'nodeNum': 600, 'leaking_rate': 0.04326236773770153, 'tikhonov_beta': 1.9454483140385215e-07}. Best is trial 633 with value: 0.24673042796425432.
[I 2024-11-05 22:10:16,299] Trial 654 finished with value: 0.2510132933297709 and parameters: {'nodeNum': 600, 'leaking_rate': 0.036764633528460655, 'tikhonov_beta': 1.711439816423982e-07}. Best is trial 633 with value: 0.24673042796425432.
[I 2024-11-05 22:13:10,258] Trial 664 finished with value: 0.2490331810838548 and parameters: {'nodeNum': 600, 'leaking_rate': 0.042670683959849756, 'tikhonov_beta': 1.4622295916124147e-07}. Best is trial 633 with value: 0.24673042796425432.
[I 2024-11-05 22:16:03,947] Trial 674 finished with value: 0.24817069391307295 and parameters: {'nodeNum': 600, 'leaking_rate': 0.044789586811730876, 'tikhonov_beta': 1.2676968120932537e-07}. Best is trial 673 with value: 0.24667162163673265.
[I 2024-11-05 22:18:58,142] Trial 684 finished with value: 0.48670690390380067 and parameters: {'nodeNum': 600, 'leaking_rate': 0.04678148755680013, 'tikhonov_beta': 0.05132098896595469}. Best is trial 675 with value: 0.2464088749198054.
[I 2024-11-05 22:21:51,379] Trial 694 finished with value: 0.2474368496266319 and parameters: {'nodeNum': 600, 'leaking_rate': 0.038792094093327956, 'tikhonov_beta': 1.003967376375726e-07}. Best is trial 675 with value: 0.2464088749198054.
[I 2024-11-05 22:24:44,270] Trial 704 finished with value: 0.24926706694940728 and parameters: {'nodeNum': 600, 'leaking_rate': 0.04692495590221057, 'tikhonov_beta': 1.5380586256906884e-07}. Best is trial 675 with value: 0.2464088749198054.
[I 2024-11-05 22:27:34,541] Trial 714 finished with value: 0.2575289827109663 and parameters: {'nodeNum': 550, 'leaking_rate': 0.03347149959064514, 'tikhonov_beta': 1.6184799089358982e-07}. Best is trial 675 with value: 0.2464088749198054.
[I 2024-11-05 22:30:28,433] Trial 724 finished with value: 0.34415063146275915 and parameters: {'nodeNum': 600, 'leaking_rate': 0.04179835689264664, 'tikhonov_beta': 0.0007653188050741791}. Best is trial 675 with value: 0.2464088749198054.
[I 2024-11-05 22:33:22,175] Trial 734 finished with value: 0.24766847453238156 and parameters: {'nodeNum': 600, 'leaking_rate': 0.03704733201639264, 'tikhonov_beta': 1.0043235760314726e-07}. Best is trial 675 with value: 0.2464088749198054.
[I 2024-11-05 22:36:15,520] Trial 744 finished with value: 0.4028852556582322 and parameters: {'nodeNum': 600, 'leaking_rate': 0.0035391292547284027, 'tikhonov_beta': 1.9642357080865287e-07}. Best is trial 675 with value: 0.2464088749198054.
[I 2024-11-05 22:39:08,661] Trial 754 finished with value: 0.2502206327808948 and parameters: {'nodeNum': 600, 'leaking_rate': 0.047807391660573, 'tikhonov_beta': 1.7724942617795134e-07}. Best is trial 675 with value: 0.2464088749198054.
[I 2024-11-05 22:42:02,748] Trial 764 finished with value: 0.2949182489452697 and parameters: {'nodeNum': 600, 'leaking_rate': 0.010730746834340098, 'tikhonov_beta': 1.0051008938490974e-07}. Best is trial 675 with value: 0.2464088749198054.
[I 2024-11-05 22:44:56,763] Trial 774 finished with value: 0.24707806908147975 and parameters: {'nodeNum': 600, 'leaking_rate': 0.042180028894947375, 'tikhonov_beta': 1.0025969441157166e-07}. Best is trial 675 with value: 0.2464088749198054.
[I 2024-11-05 22:47:42,975] Trial 784 finished with value: 0.2508958200998255 and parameters: {'nodeNum': 500, 'leaking_rate': 0.03893996048862616, 'tikhonov_beta': 1.383986232098556e-07}. Best is trial 675 with value: 0.2464088749198054.
[I 2024-11-05 22:50:37,188] Trial 793 finished with value: 0.24712741004888608 and parameters: {'nodeNum': 600, 'leaking_rate': 0.05002346810335807, 'tikhonov_beta': 1.0000302784267098e-07}. Best is trial 675 with value: 0.2464088749198054.
[I 2024-11-05 22:53:31,493] Trial 804 finished with value: 0.2517072540638798 and parameters: {'nodeNum': 600, 'leaking_rate': 0.04997756670742282, 'tikhonov_beta': 2.3138224704252544e-07}. Best is trial 675 with value: 0.2464088749198054.
[I 2024-11-05 22:56:25,188] Trial 814 finished with value: 0.2488039296094716 and parameters: {'nodeNum': 600, 'leaking_rate': 0.04513478492162361, 'tikhonov_beta': 1.4033411484802899e-07}. Best is trial 675 with value: 0.2464088749198054.
[I 2024-11-05 22:59:19,031] Trial 824 finished with value: 0.24979120349509681 and parameters: {'nodeNum': 600, 'leaking_rate': 0.03978685696549292, 'tikhonov_beta': 1.5398339870130598e-07}. Best is trial 675 with value: 0.2464088749198054.
[I 2024-11-05 23:02:13,838] Trial 834 finished with value: 0.2498289729506604 and parameters: {'nodeNum': 600, 'leaking_rate': 0.05761569217111967, 'tikhonov_beta': 1.016542513866854e-07}. Best is trial 675 with value: 0.2464088749198054.
[I 2024-11-05 23:05:08,195] Trial 843 finished with value: 0.24778796378309145 and parameters: {'nodeNum': 600, 'leaking_rate': 0.05196433759194508, 'tikhonov_beta': 1.0025800187827663e-07}. Best is trial 675 with value: 0.2464088749198054.
[I 2024-11-05 23:08:02,048] Trial 853 finished with value: 0.2496898585479741 and parameters: {'nodeNum': 600, 'leaking_rate': 0.0443480124109279, 'tikhonov_beta': 1.651110927930255e-07}. Best is trial 675 with value: 0.2464088749198054.
[I 2024-11-05 23:10:56,375] Trial 863 finished with value: 0.24727949495899135 and parameters: {'nodeNum': 600, 'leaking_rate': 0.049166036244089384, 'tikhonov_beta': 1.0089847573839999e-07}. Best is trial 675 with value: 0.2464088749198054.
[I 2024-11-05 23:13:49,745] Trial 872 finished with value: 0.2537680743833164 and parameters: {'nodeNum': 600, 'leaking_rate': 0.04878322086490056, 'tikhonov_beta': 3.651346681765899e-07}. Best is trial 675 with value: 0.2464088749198054.
[I 2024-11-05 23:16:39,374] Trial 882 finished with value: 0.2530982043410532 and parameters: {'nodeNum': 550, 'leaking_rate': 0.04160465816884826, 'tikhonov_beta': 1.656874024112749e-07}. Best is trial 675 with value: 0.2464088749198054.
[I 2024-11-05 23:19:33,170] Trial 892 finished with value: 0.24767835041117447 and parameters: {'nodeNum': 600, 'leaking_rate': 0.03777409258759012, 'tikhonov_beta': 1.003379634188773e-07}. Best is trial 675 with value: 0.2464088749198054.
