[I 2024-11-06 00:53:23,295] Using an existing study with name 'reproduct_sample08' instead of creating a new one.
[I 2024-11-06 00:58:55,212] Trial 12 finished with value: 0.353358695988239 and parameters: {'nodeNum_01': 200, 'leaking_rate_01': 0.04790369560229182, 'nodeNum_02': 300, 'leaking_rate_02': 0.02766886824980232, 'nodeNum_03': 600, 'leaking_rate_03': 0.003980740128513352, 'nodeNum_04': 300, 'leaking_rate_04': 0.0011717924587296622, 'tikhonov_beta': 0.0004732558015006878, 'intensity': 1.4036847268605364}. Best is trial 4 with value: 0.24990214266131328.
[I 2024-11-06 01:04:35,630] Trial 32 finished with value: 0.2379776091091741 and parameters: {'nodeNum_01': 300, 'leaking_rate_01': 0.001087672913154685, 'nodeNum_02': 600, 'leaking_rate_02': 0.006403590512851525, 'nodeNum_03': 350, 'leaking_rate_03': 0.015914618629320476, 'nodeNum_04': 200, 'leaking_rate_04': 0.06361725528696177, 'tikhonov_beta': 1.562750622696872e-07, 'intensity': 0.6940566440118789}. Best is trial 31 with value: 0.23788377456409482.
[I 2024-11-06 01:10:18,515] Trial 53 finished with value: 0.2336503789286865 and parameters: {'nodeNum_01': 300, 'leaking_rate_01': 0.0017570846075066111, 'nodeNum_02': 550, 'leaking_rate_02': 0.007860208810750191, 'nodeNum_03': 350, 'leaking_rate_03': 0.03655632967359127, 'nodeNum_04': 150, 'leaking_rate_04': 0.09561432807085507, 'tikhonov_beta': 1.0407602845511486e-07, 'intensity': 0.6983760486688153}. Best is trial 51 with value: 0.2319129467406371.
[I 2024-11-06 01:15:55,956] Trial 74 finished with value: 0.2556792433039874 and parameters: {'nodeNum_01': 250, 'leaking_rate_01': 0.003779735802938318, 'nodeNum_02': 450, 'leaking_rate_02': 0.010097513892353282, 'nodeNum_03': 400, 'leaking_rate_03': 0.06435957688264718, 'nodeNum_04': 350, 'leaking_rate_04': 0.05147846977275781, 'tikhonov_beta': 1.1148101734955796e-06, 'intensity': 0.3854504544147419}. Best is trial 51 with value: 0.2319129467406371.
[I 2024-11-06 01:21:21,011] Trial 95 finished with value: 0.2348798312640581 and parameters: {'nodeNum_01': 350, 'leaking_rate_01': 0.023394837982174142, 'nodeNum_02': 350, 'leaking_rate_02': 0.005234731313992795, 'nodeNum_03': 300, 'leaking_rate_03': 0.021160496408707614, 'nodeNum_04': 300, 'leaking_rate_04': 0.0741259471462004, 'tikhonov_beta': 3.015722021830113e-07, 'intensity': 0.4780077736071003}. Best is trial 51 with value: 0.2319129467406371.
[I 2024-11-06 01:26:48,108] Trial 114 finished with value: 0.23625230637605976 and parameters: {'nodeNum_01': 400, 'leaking_rate_01': 0.025040114490619974, 'nodeNum_02': 350, 'leaking_rate_02': 0.0031702798174041927, 'nodeNum_03': 250, 'leaking_rate_03': 0.07528533578736671, 'nodeNum_04': 400, 'leaking_rate_04': 0.07142643868000531, 'tikhonov_beta': 5.419509441719812e-07, 'intensity': 1.9510450627215163}. Best is trial 110 with value: 0.2252776530975354.
[I 2024-11-06 01:32:12,411] Trial 135 finished with value: 0.4422223735262789 and parameters: {'nodeNum_01': 450, 'leaking_rate_01': 0.005815302529323147, 'nodeNum_02': 300, 'leaking_rate_02': 0.08871650035726647, 'nodeNum_03': 200, 'leaking_rate_03': 0.09264186016510795, 'nodeNum_04': 450, 'leaking_rate_04': 0.06293494932086374, 'tikhonov_beta': 0.016946919828746063, 'intensity': 1.5533305354606255}. Best is trial 110 with value: 0.2252776530975354.
[I 2024-11-06 01:37:39,221] Trial 153 finished with value: 0.2325367269095742 and parameters: {'nodeNum_01': 500, 'leaking_rate_01': 0.006314592719025866, 'nodeNum_02': 250, 'leaking_rate_02': 0.07937937487336812, 'nodeNum_03': 150, 'leaking_rate_03': 0.0846313373229928, 'nodeNum_04': 450, 'leaking_rate_04': 0.08542038479435295, 'tikhonov_beta': 1.6143857792889672e-07, 'intensity': 1.900320695725229}. Best is trial 110 with value: 0.2252776530975354.
[I 2024-11-06 01:43:10,385] Trial 172 finished with value: 0.2311504248237696 and parameters: {'nodeNum_01': 450, 'leaking_rate_01': 0.005179785941872156, 'nodeNum_02': 200, 'leaking_rate_02': 0.06844394901254586, 'nodeNum_03': 150, 'leaking_rate_03': 0.09954449904706252, 'nodeNum_04': 500, 'leaking_rate_04': 0.0576214178811303, 'tikhonov_beta': 1.895829373153235e-07, 'intensity': 1.2924285290787387}. Best is trial 110 with value: 0.2252776530975354.
[I 2024-11-06 01:48:37,728] Trial 191 finished with value: 0.23174922745370347 and parameters: {'nodeNum_01': 550, 'leaking_rate_01': 0.004930268475577565, 'nodeNum_02': 200, 'leaking_rate_02': 0.06193096740313716, 'nodeNum_03': 200, 'leaking_rate_03': 0.0033670751975706605, 'nodeNum_04': 550, 'leaking_rate_04': 0.09972160152058115, 'tikhonov_beta': 1.1211211846778138e-07, 'intensity': 1.8536089376478393}. Best is trial 189 with value: 0.22196394849377712.
[I 2024-11-06 01:54:10,157] Trial 210 finished with value: 0.23343113307310326 and parameters: {'nodeNum_01': 600, 'leaking_rate_01': 0.04115675724129195, 'nodeNum_02': 150, 'leaking_rate_02': 0.05747000238714191, 'nodeNum_03': 200, 'leaking_rate_03': 0.002343511590406351, 'nodeNum_04': 550, 'leaking_rate_04': 0.09744442112867681, 'tikhonov_beta': 1.1979343714984893e-07, 'intensity': 1.7640165493871343}. Best is trial 189 with value: 0.22196394849377712.
[I 2024-11-06 01:59:52,395] Trial 230 finished with value: 0.233225689212139 and parameters: {'nodeNum_01': 450, 'leaking_rate_01': 0.004497151027267412, 'nodeNum_02': 150, 'leaking_rate_02': 0.04917225034118746, 'nodeNum_03': 550, 'leaking_rate_03': 0.009103860868134176, 'nodeNum_04': 600, 'leaking_rate_04': 0.08075977619467711, 'tikhonov_beta': 1.2660878754442507e-07, 'intensity': 1.91778087726645}. Best is trial 223 with value: 0.2204076541705011.
[I 2024-11-06 02:05:32,543] Trial 252 finished with value: 0.2485642638934012 and parameters: {'nodeNum_01': 450, 'leaking_rate_01': 0.0806554548985979, 'nodeNum_02': 150, 'leaking_rate_02': 0.04075945966325165, 'nodeNum_03': 200, 'leaking_rate_03': 0.06132795981733268, 'nodeNum_04': 600, 'leaking_rate_04': 0.0809707544857142, 'tikhonov_beta': 2.5061237546623825e-07, 'intensity': 1.8070889729698547}. Best is trial 223 with value: 0.2204076541705011.
[I 2024-11-06 02:11:03,761] Trial 272 finished with value: 0.2275639386749228 and parameters: {'nodeNum_01': 450, 'leaking_rate_01': 0.0037097476765196925, 'nodeNum_02': 150, 'leaking_rate_02': 0.03150331181141172, 'nodeNum_03': 200, 'leaking_rate_03': 0.05227043563352807, 'nodeNum_04': 600, 'leaking_rate_04': 0.08991685325711025, 'tikhonov_beta': 1.7678156864284575e-07, 'intensity': 1.8117383646720757}. Best is trial 223 with value: 0.2204076541705011.
[I 2024-11-06 02:16:47,223] Trial 292 finished with value: 0.2278921418656244 and parameters: {'nodeNum_01': 550, 'leaking_rate_01': 0.00924877060600371, 'nodeNum_02': 200, 'leaking_rate_02': 0.024838767362860007, 'nodeNum_03': 200, 'leaking_rate_03': 0.07140016670918224, 'nodeNum_04': 600, 'leaking_rate_04': 0.07248208833540772, 'tikhonov_beta': 3.3742422205326437e-07, 'intensity': 1.7280492259462503}. Best is trial 223 with value: 0.2204076541705011.
[I 2024-11-06 02:22:37,642] Trial 313 finished with value: 0.3627149035441523 and parameters: {'nodeNum_01': 600, 'leaking_rate_01': 0.0040797207960400666, 'nodeNum_02': 200, 'leaking_rate_02': 0.01852796297020224, 'nodeNum_03': 250, 'leaking_rate_03': 0.06879814348237423, 'nodeNum_04': 600, 'leaking_rate_04': 0.0983647924865792, 'tikhonov_beta': 0.009406088910443726, 'intensity': 1.8779963437022318}. Best is trial 223 with value: 0.2204076541705011.
[I 2024-11-06 02:28:17,458] Trial 334 finished with value: 0.22898353185192252 and parameters: {'nodeNum_01': 600, 'leaking_rate_01': 0.00339451330868189, 'nodeNum_02': 200, 'leaking_rate_02': 0.015537822767282324, 'nodeNum_03': 250, 'leaking_rate_03': 0.07923227535064635, 'nodeNum_04': 550, 'leaking_rate_04': 0.09857607398395844, 'tikhonov_beta': 2.1126575058203594e-07, 'intensity': 1.6729972995651623}. Best is trial 223 with value: 0.2204076541705011.
[I 2024-11-06 02:33:53,031] Trial 354 finished with value: 0.24146805456749848 and parameters: {'nodeNum_01': 400, 'leaking_rate_01': 0.005541029536643602, 'nodeNum_02': 150, 'leaking_rate_02': 0.011802382001972292, 'nodeNum_03': 200, 'leaking_rate_03': 0.08044221854647624, 'nodeNum_04': 550, 'leaking_rate_04': 0.0012030228335747557, 'tikhonov_beta': 1.0272156478994054e-07, 'intensity': 1.943966475097883}. Best is trial 223 with value: 0.2204076541705011.
[I 2024-11-06 02:39:28,478] Trial 374 finished with value: 0.24127869810141248 and parameters: {'nodeNum_01': 450, 'leaking_rate_01': 0.004752573914564667, 'nodeNum_02': 200, 'leaking_rate_02': 0.04878327139644163, 'nodeNum_03': 200, 'leaking_rate_03': 0.05814393301271535, 'nodeNum_04': 600, 'leaking_rate_04': 0.024382319988550224, 'tikhonov_beta': 1.5945295269925606e-07, 'intensity': 1.9827374394919959}. Best is trial 223 with value: 0.2204076541705011.
[I 2024-11-06 02:45:23,191] Trial 394 finished with value: 0.22827826653909253 and parameters: {'nodeNum_01': 550, 'leaking_rate_01': 0.0039020883509407736, 'nodeNum_02': 400, 'leaking_rate_02': 0.06418060523563464, 'nodeNum_03': 250, 'leaking_rate_03': 0.07245741228076794, 'nodeNum_04': 600, 'leaking_rate_04': 0.09152129353076523, 'tikhonov_beta': 2.0885067347705856e-07, 'intensity': 1.8269501708101736}. Best is trial 223 with value: 0.2204076541705011.
[I 2024-11-06 02:51:18,627] Trial 416 finished with value: 0.22412179276741984 and parameters: {'nodeNum_01': 550, 'leaking_rate_01': 0.007070053454809367, 'nodeNum_02': 200, 'leaking_rate_02': 0.07130261741779531, 'nodeNum_03': 600, 'leaking_rate_03': 0.08740772739032177, 'nodeNum_04': 600, 'leaking_rate_04': 0.0914029191267428, 'tikhonov_beta': 3.033463781804821e-07, 'intensity': 1.8852640665379041}. Best is trial 223 with value: 0.2204076541705011.
[I 2024-11-06 02:57:03,699] Trial 436 finished with value: 0.23584146607254325 and parameters: {'nodeNum_01': 550, 'leaking_rate_01': 0.006214556291452938, 'nodeNum_02': 400, 'leaking_rate_02': 0.08351738168700452, 'nodeNum_03': 150, 'leaking_rate_03': 0.09346884719233904, 'nodeNum_04': 600, 'leaking_rate_04': 0.009819324269094529, 'tikhonov_beta': 4.274830391740036e-07, 'intensity': 1.9287401928279209}. Best is trial 223 with value: 0.2204076541705011.
[I 2024-11-06 03:02:38,915] Trial 456 finished with value: 0.22524939858680995 and parameters: {'nodeNum_01': 450, 'leaking_rate_01': 0.007587108341212077, 'nodeNum_02': 250, 'leaking_rate_02': 0.051627769809507576, 'nodeNum_03': 150, 'leaking_rate_03': 0.0746833106086952, 'nodeNum_04': 600, 'leaking_rate_04': 0.07788571193136329, 'tikhonov_beta': 1.9794618568794788e-07, 'intensity': 1.8433053186323978}. Best is trial 223 with value: 0.2204076541705011.
[I 2024-11-06 03:08:19,350] Trial 476 finished with value: 0.2273425657716683 and parameters: {'nodeNum_01': 450, 'leaking_rate_01': 0.009201103479033291, 'nodeNum_02': 200, 'leaking_rate_02': 0.0596213152979595, 'nodeNum_03': 200, 'leaking_rate_03': 0.014112980201296015, 'nodeNum_04': 550, 'leaking_rate_04': 0.08545416496648293, 'tikhonov_beta': 2.010070305736432e-07, 'intensity': 1.7893935881859824}. Best is trial 461 with value: 0.21992342296321704.
[I 2024-11-06 03:14:02,663] Trial 497 finished with value: 0.28482103453009705 and parameters: {'nodeNum_01': 450, 'leaking_rate_01': 0.010652177447651503, 'nodeNum_02': 250, 'leaking_rate_02': 0.04691447735723331, 'nodeNum_03': 550, 'leaking_rate_03': 0.003113318112058626, 'nodeNum_04': 600, 'leaking_rate_04': 0.08588279477261147, 'tikhonov_beta': 0.00024906316203183597, 'intensity': 1.7925393133918972}. Best is trial 461 with value: 0.21992342296321704.
[I 2024-11-06 03:19:38,513] Trial 517 finished with value: 0.22495971762678868 and parameters: {'nodeNum_01': 450, 'leaking_rate_01': 0.012571495281279725, 'nodeNum_02': 250, 'leaking_rate_02': 0.053540220055386376, 'nodeNum_03': 350, 'leaking_rate_03': 0.06786218061744378, 'nodeNum_04': 600, 'leaking_rate_04': 0.09386513871198789, 'tikhonov_beta': 2.937596816130606e-07, 'intensity': 1.842901656413641}. Best is trial 461 with value: 0.21992342296321704.
[I 2024-11-06 03:25:09,257] Trial 536 finished with value: 0.23046548706761202 and parameters: {'nodeNum_01': 450, 'leaking_rate_01': 0.018572028210972695, 'nodeNum_02': 250, 'leaking_rate_02': 0.06631890745289487, 'nodeNum_03': 200, 'leaking_rate_03': 0.07397576870978158, 'nodeNum_04': 550, 'leaking_rate_04': 0.09333532248455204, 'tikhonov_beta': 2.3857272638155784e-07, 'intensity': 1.8601694841020717}. Best is trial 461 with value: 0.21992342296321704.
[I 2024-11-06 03:30:42,945] Trial 556 finished with value: 0.2313202675091911 and parameters: {'nodeNum_01': 450, 'leaking_rate_01': 0.01611274864477938, 'nodeNum_02': 200, 'leaking_rate_02': 0.06179550639484295, 'nodeNum_03': 200, 'leaking_rate_03': 0.037028288695790806, 'nodeNum_04': 600, 'leaking_rate_04': 0.07076139878427219, 'tikhonov_beta': 1.7567914966194275e-07, 'intensity': 1.7469372337626972}. Best is trial 461 with value: 0.21992342296321704.
[I 2024-11-06 03:36:27,506] Trial 575 finished with value: 0.2257273536880755 and parameters: {'nodeNum_01': 500, 'leaking_rate_01': 0.009256012976550328, 'nodeNum_02': 200, 'leaking_rate_02': 0.074943240613312, 'nodeNum_03': 500, 'leaking_rate_03': 0.08489771306724524, 'nodeNum_04': 600, 'leaking_rate_04': 0.08201568950172952, 'tikhonov_beta': 1.28859653557556e-07, 'intensity': 1.8199343263274175}. Best is trial 461 with value: 0.21992342296321704.
[I 2024-11-06 03:41:48,917] Trial 596 finished with value: 0.23016767606887562 and parameters: {'nodeNum_01': 400, 'leaking_rate_01': 0.00908888346377257, 'nodeNum_02': 350, 'leaking_rate_02': 0.049723730940750784, 'nodeNum_03': 200, 'leaking_rate_03': 0.06070365398428374, 'nodeNum_04': 200, 'leaking_rate_04': 0.08864008961410738, 'tikhonov_beta': 3.372249808723321e-07, 'intensity': 1.9620016210941587}. Best is trial 461 with value: 0.21992342296321704.
[I 2024-11-06 03:47:41,324] Trial 615 finished with value: 0.22564366615867978 and parameters: {'nodeNum_01': 400, 'leaking_rate_01': 0.010391897804231895, 'nodeNum_02': 200, 'leaking_rate_02': 0.03931682485943357, 'nodeNum_03': 600, 'leaking_rate_03': 0.07048902525000282, 'nodeNum_04': 550, 'leaking_rate_04': 0.09101955455200524, 'tikhonov_beta': 2.192949551669214e-07, 'intensity': 1.9975893819399857}. Best is trial 461 with value: 0.21992342296321704.
[I 2024-11-06 03:53:17,487] Trial 636 finished with value: 0.21960024447032261 and parameters: {'nodeNum_01': 350, 'leaking_rate_01': 0.01083481379897368, 'nodeNum_02': 200, 'leaking_rate_02': 0.04009578321333377, 'nodeNum_03': 600, 'leaking_rate_03': 0.051549204420579274, 'nodeNum_04': 500, 'leaking_rate_04': 0.09957094787783441, 'tikhonov_beta': 1.3905203552438752e-07, 'intensity': 1.9945526391581745}. Best is trial 634 with value: 0.21926077150984172.
[I 2024-11-06 03:59:02,005] Trial 656 finished with value: 0.223916632098918 and parameters: {'nodeNum_01': 350, 'leaking_rate_01': 0.011566838162991295, 'nodeNum_02': 200, 'leaking_rate_02': 0.03700958732060716, 'nodeNum_03': 600, 'leaking_rate_03': 0.05424734526043774, 'nodeNum_04': 500, 'leaking_rate_04': 0.07811097081826135, 'tikhonov_beta': 1.4108579376650144e-07, 'intensity': 1.9958041413388778}. Best is trial 634 with value: 0.21926077150984172.
[I 2024-11-06 04:05:01,516] Trial 677 finished with value: 0.22218414058623676 and parameters: {'nodeNum_01': 350, 'leaking_rate_01': 0.009603585095747526, 'nodeNum_02': 200, 'leaking_rate_02': 0.031441130607737164, 'nodeNum_03': 600, 'leaking_rate_03': 0.05315651345825925, 'nodeNum_04': 500, 'leaking_rate_04': 0.08483032099901361, 'tikhonov_beta': 1.4682533851889837e-07, 'intensity': 1.9339888976175579}. Best is trial 634 with value: 0.21926077150984172.
[I 2024-11-06 04:10:48,603] Trial 697 finished with value: 0.22446460400488535 and parameters: {'nodeNum_01': 300, 'leaking_rate_01': 0.013376082053719058, 'nodeNum_02': 200, 'leaking_rate_02': 0.03209053694126991, 'nodeNum_03': 600, 'leaking_rate_03': 0.05597359631482527, 'nodeNum_04': 450, 'leaking_rate_04': 0.09227058433804519, 'tikhonov_beta': 1.6292044577325742e-07, 'intensity': 1.9542149497866315}. Best is trial 634 with value: 0.21926077150984172.
[I 2024-11-06 04:16:30,240] Trial 717 finished with value: 0.22782354991478013 and parameters: {'nodeNum_01': 300, 'leaking_rate_01': 0.013122708600116495, 'nodeNum_02': 200, 'leaking_rate_02': 0.031798516880171906, 'nodeNum_03': 600, 'leaking_rate_03': 0.04755453342768103, 'nodeNum_04': 500, 'leaking_rate_04': 0.06841378306289254, 'tikhonov_beta': 1.3170009433384495e-07, 'intensity': 1.9615174332830088}. Best is trial 634 with value: 0.21926077150984172.
[I 2024-11-06 04:22:07,614] Trial 736 finished with value: 0.22366917456267413 and parameters: {'nodeNum_01': 250, 'leaking_rate_01': 0.015313446123489595, 'nodeNum_02': 200, 'leaking_rate_02': 0.03312368944530563, 'nodeNum_03': 600, 'leaking_rate_03': 0.04579195062266065, 'nodeNum_04': 500, 'leaking_rate_04': 0.08142972136746782, 'tikhonov_beta': 1.2136910154891838e-07, 'intensity': 1.9074498880845343}. Best is trial 634 with value: 0.21926077150984172.
[I 2024-11-06 04:27:44,463] Trial 756 finished with value: 0.23184504662578628 and parameters: {'nodeNum_01': 250, 'leaking_rate_01': 0.01621067839391982, 'nodeNum_02': 200, 'leaking_rate_02': 0.02502187845951522, 'nodeNum_03': 600, 'leaking_rate_03': 0.03600621562181839, 'nodeNum_04': 500, 'leaking_rate_04': 0.07786335410383455, 'tikhonov_beta': 1.0530329770463299e-07, 'intensity': 1.9010799469839559}. Best is trial 634 with value: 0.21926077150984172.
[I 2024-11-06 04:33:29,362] Trial 776 finished with value: 0.22370748689033468 and parameters: {'nodeNum_01': 250, 'leaking_rate_01': 0.011401920483757249, 'nodeNum_02': 200, 'leaking_rate_02': 0.030051984045083212, 'nodeNum_03': 600, 'leaking_rate_03': 0.05741891789998244, 'nodeNum_04': 500, 'leaking_rate_04': 0.07471230195772642, 'tikhonov_beta': 1.9331401603406926e-07, 'intensity': 1.8913029983751004}. Best is trial 634 with value: 0.21926077150984172.
[I 2024-11-06 04:39:06,615] Trial 795 finished with value: 0.22686836657586962 and parameters: {'nodeNum_01': 200, 'leaking_rate_01': 0.01232627080083494, 'nodeNum_02': 200, 'leaking_rate_02': 0.028813081397997202, 'nodeNum_03': 600, 'leaking_rate_03': 0.05009534105174256, 'nodeNum_04': 500, 'leaking_rate_04': 0.06131965179095598, 'tikhonov_beta': 1.934432446546979e-07, 'intensity': 1.9892803307946318}. Best is trial 634 with value: 0.21926077150984172.
[I 2024-11-06 04:44:51,276] Trial 815 finished with value: 0.2257445967991788 and parameters: {'nodeNum_01': 200, 'leaking_rate_01': 0.014125135418559599, 'nodeNum_02': 200, 'leaking_rate_02': 0.03814176114750314, 'nodeNum_03': 600, 'leaking_rate_03': 0.0439923311878895, 'nodeNum_04': 450, 'leaking_rate_04': 0.09272873720143837, 'tikhonov_beta': 2.1421677114360645e-07, 'intensity': 1.9689437667437402}. Best is trial 634 with value: 0.21926077150984172.
[I 2024-11-06 04:50:22,217] Trial 835 finished with value: 0.23007666041433425 and parameters: {'nodeNum_01': 250, 'leaking_rate_01': 0.010649426916852299, 'nodeNum_02': 150, 'leaking_rate_02': 0.026957478192465946, 'nodeNum_03': 550, 'leaking_rate_03': 0.04333284813666657, 'nodeNum_04': 500, 'leaking_rate_04': 0.09996353540446987, 'tikhonov_beta': 3.218336736694823e-07, 'intensity': 1.9327524362109574}. Best is trial 634 with value: 0.21926077150984172.
[I 2024-11-06 04:55:58,877] Trial 855 finished with value: 0.221896046116577 and parameters: {'nodeNum_01': 250, 'leaking_rate_01': 0.010842541779390726, 'nodeNum_02': 200, 'leaking_rate_02': 0.027068227728609794, 'nodeNum_03': 600, 'leaking_rate_03': 0.06214418017997973, 'nodeNum_04': 500, 'leaking_rate_04': 0.08322345515034237, 'tikhonov_beta': 1.3660732891784768e-07, 'intensity': 1.9189540271101628}. Best is trial 634 with value: 0.21926077150984172.
[I 2024-11-06 05:01:39,073] Trial 875 finished with value: 0.2249915919678468 and parameters: {'nodeNum_01': 400, 'leaking_rate_01': 0.012526970952281833, 'nodeNum_02': 200, 'leaking_rate_02': 0.03950693492751321, 'nodeNum_03': 600, 'leaking_rate_03': 0.05337825212163968, 'nodeNum_04': 500, 'leaking_rate_04': 0.07651337114957414, 'tikhonov_beta': 1.600576911522305e-07, 'intensity': 1.865211171111232}. Best is trial 634 with value: 0.21926077150984172.
[I 2024-11-06 05:07:22,511] Trial 896 finished with value: 0.230023104812419 and parameters: {'nodeNum_01': 200, 'leaking_rate_01': 0.015802400607588286, 'nodeNum_02': 550, 'leaking_rate_02': 0.04158127376317751, 'nodeNum_03': 600, 'leaking_rate_03': 0.05531842340926424, 'nodeNum_04': 250, 'leaking_rate_04': 0.06688206078217886, 'tikhonov_beta': 1.009833548465975e-07, 'intensity': 1.9720056231881216}. Best is trial 883 with value: 0.21901890427195222.
[I 2024-11-06 05:12:51,847] Trial 916 finished with value: 0.22742573707800157 and parameters: {'nodeNum_01': 200, 'leaking_rate_01': 0.014672570616402706, 'nodeNum_02': 200, 'leaking_rate_02': 0.035357344277786903, 'nodeNum_03': 300, 'leaking_rate_03': 0.06079038866806777, 'nodeNum_04': 500, 'leaking_rate_04': 0.09947955869469494, 'tikhonov_beta': 2.38325357892835e-07, 'intensity': 1.5189333155488347}. Best is trial 883 with value: 0.21901890427195222.
[I 2024-11-06 05:18:33,254] Trial 936 finished with value: 0.22043668469643096 and parameters: {'nodeNum_01': 200, 'leaking_rate_01': 0.01810469205500411, 'nodeNum_02': 200, 'leaking_rate_02': 0.032886676210496645, 'nodeNum_03': 600, 'leaking_rate_03': 0.05804778121221727, 'nodeNum_04': 500, 'leaking_rate_04': 0.08753297030169765, 'tikhonov_beta': 1.2433638250629697e-07, 'intensity': 1.9155236560767228}. Best is trial 883 with value: 0.21901890427195222.
