[I 2024-11-05 19:03:28,270] Using an existing study with name 'reproduct_sample07' instead of creating a new one.
[I 2024-11-05 19:06:01,771] Trial 1 finished with value: 0.47849780035431955 and parameters: {'nodeNum': 350, 'leaking_rate': 0.07267622563532404, 'tikhonov_beta': 0.046573304385318225}. Best is trial 0 with value: 0.3684086017201233.
[I 2024-11-05 19:08:39,799] Trial 11 finished with value: 0.2700170552424768 and parameters: {'nodeNum': 350, 'leaking_rate': 0.07900844567809492, 'tikhonov_beta': 2.0768293675299448e-07}. Best is trial 7 with value: 0.2525162647415277.
[I 2024-11-05 19:11:30,227] Trial 21 finished with value: 0.4662656048954207 and parameters: {'nodeNum': 550, 'leaking_rate': 0.001370395366492112, 'tikhonov_beta': 1.2856417497663387e-07}. Best is trial 7 with value: 0.2525162647415277.
[I 2024-11-05 19:14:11,059] Trial 31 finished with value: 0.2711845927551925 and parameters: {'nodeNum': 400, 'leaking_rate': 0.03215764006933551, 'tikhonov_beta': 1.0760324876111423e-06}. Best is trial 24 with value: 0.24988796960057452.
[I 2024-11-05 19:16:57,624] Trial 41 finished with value: 0.28482122546214034 and parameters: {'nodeNum': 500, 'leaking_rate': 0.025103417011516704, 'tikhonov_beta': 3.62854008728831e-06}. Best is trial 24 with value: 0.24988796960057452.
[I 2024-11-05 19:19:41,056] Trial 51 finished with value: 0.2536228765369957 and parameters: {'nodeNum': 450, 'leaking_rate': 0.0522595422831336, 'tikhonov_beta': 2.9904877797795134e-07}. Best is trial 24 with value: 0.24988796960057452.
[I 2024-11-05 19:22:25,043] Trial 61 finished with value: 0.2918695507778764 and parameters: {'nodeNum': 450, 'leaking_rate': 0.012889563535470534, 'tikhonov_beta': 3.1528583067909657e-07}. Best is trial 24 with value: 0.24988796960057452.
[I 2024-11-05 19:25:08,891] Trial 71 finished with value: 0.3069732744909352 and parameters: {'nodeNum': 450, 'leaking_rate': 0.0958873372087894, 'tikhonov_beta': 2.1169363925124165e-07}. Best is trial 24 with value: 0.24988796960057452.
[I 2024-11-05 19:27:47,917] Trial 81 finished with value: 0.472348449206896 and parameters: {'nodeNum': 350, 'leaking_rate': 0.04324163605301831, 'tikhonov_beta': 0.02731817633586876}. Best is trial 24 with value: 0.24988796960057452.
[I 2024-11-05 19:30:28,444] Trial 91 finished with value: 0.26135527902110367 and parameters: {'nodeNum': 400, 'leaking_rate': 0.036534327225405845, 'tikhonov_beta': 5.642354038568069e-07}. Best is trial 24 with value: 0.24988796960057452.
[I 2024-11-05 19:33:04,213] Trial 101 finished with value: 0.25050608893710297 and parameters: {'nodeNum': 300, 'leaking_rate': 0.06258928066039969, 'tikhonov_beta': 1.0436443360941027e-07}. Best is trial 24 with value: 0.24988796960057452.
[I 2024-11-05 19:35:37,328] Trial 111 finished with value: 0.2544995220459931 and parameters: {'nodeNum': 250, 'leaking_rate': 0.04907008265020467, 'tikhonov_beta': 2.2506206404569634e-07}. Best is trial 103 with value: 0.24869007928034603.
[I 2024-11-05 19:38:08,878] Trial 121 finished with value: 0.25399912448452033 and parameters: {'nodeNum': 200, 'leaking_rate': 0.04627272263018953, 'tikhonov_beta': 1.4242170238139496e-07}. Best is trial 103 with value: 0.24869007928034603.
[I 2024-11-05 19:41:02,405] Trial 131 finished with value: 0.2533495133896176 and parameters: {'nodeNum': 600, 'leaking_rate': 0.06581879357055846, 'tikhonov_beta': 1.297878036314901e-07}. Best is trial 103 with value: 0.24869007928034603.
[I 2024-11-05 19:43:55,882] Trial 141 finished with value: 0.4035029759504734 and parameters: {'nodeNum': 600, 'leaking_rate': 0.003466445226358901, 'tikhonov_beta': 1.0166275449955411e-07}. Best is trial 103 with value: 0.24869007928034603.
[I 2024-11-05 19:46:31,561] Trial 151 finished with value: 0.26524990562019074 and parameters: {'nodeNum': 300, 'leaking_rate': 0.07480226490752959, 'tikhonov_beta': 2.76234557583781e-07}. Best is trial 103 with value: 0.24869007928034603.
[I 2024-11-05 19:49:04,176] Trial 161 finished with value: 0.25287377505110153 and parameters: {'nodeNum': 250, 'leaking_rate': 0.0530426092448297, 'tikhonov_beta': 1.7296408927394432e-07}. Best is trial 103 with value: 0.24869007928034603.
[I 2024-11-05 19:51:57,424] Trial 171 finished with value: 0.2530031666754624 and parameters: {'nodeNum': 600, 'leaking_rate': 0.062047426813472986, 'tikhonov_beta': 1.8088232595541024e-07}. Best is trial 103 with value: 0.24869007928034603.
[I 2024-11-05 19:54:34,404] Trial 181 finished with value: 0.2517839435982195 and parameters: {'nodeNum': 300, 'leaking_rate': 0.06706613718178311, 'tikhonov_beta': 1.2296692896741342e-07}. Best is trial 103 with value: 0.24869007928034603.
[I 2024-11-05 19:57:09,945] Trial 191 finished with value: 0.2506365116956482 and parameters: {'nodeNum': 300, 'leaking_rate': 0.05744361525659842, 'tikhonov_beta': 1.0164324855014858e-07}. Best is trial 103 with value: 0.24869007928034603.
[I 2024-11-05 19:59:46,428] Trial 201 finished with value: 0.250840804026545 and parameters: {'nodeNum': 300, 'leaking_rate': 0.05703293915438272, 'tikhonov_beta': 1.1109974667581224e-07}. Best is trial 103 with value: 0.24869007928034603.
[I 2024-11-05 20:02:23,157] Trial 211 finished with value: 0.25230908351890363 and parameters: {'nodeNum': 300, 'leaking_rate': 0.05096893057977532, 'tikhonov_beta': 1.0084243138951673e-07}. Best is trial 103 with value: 0.24869007928034603.
[I 2024-11-05 20:04:58,864] Trial 221 finished with value: 0.2510777528222671 and parameters: {'nodeNum': 300, 'leaking_rate': 0.05796920654494177, 'tikhonov_beta': 1.479611786964898e-07}. Best is trial 103 with value: 0.24869007928034603.
[I 2024-11-05 20:07:34,005] Trial 231 finished with value: 0.2512619198389607 and parameters: {'nodeNum': 300, 'leaking_rate': 0.05730084177544628, 'tikhonov_beta': 1.4606390632673e-07}. Best is trial 103 with value: 0.24869007928034603.
[I 2024-11-05 20:10:09,617] Trial 241 finished with value: 0.25546990992041835 and parameters: {'nodeNum': 300, 'leaking_rate': 0.06968476991882623, 'tikhonov_beta': 2.2007774391026707e-07}. Best is trial 103 with value: 0.24869007928034603.
[I 2024-11-05 20:12:45,370] Trial 251 finished with value: 0.2507841223315433 and parameters: {'nodeNum': 300, 'leaking_rate': 0.06393809663453555, 'tikhonov_beta': 1.30885282451524e-07}. Best is trial 103 with value: 0.24869007928034603.
[I 2024-11-05 20:15:21,260] Trial 261 finished with value: 0.2677697186076698 and parameters: {'nodeNum': 300, 'leaking_rate': 0.07940351896958442, 'tikhonov_beta': 1.2709805107600029e-07}. Best is trial 103 with value: 0.24869007928034603.
[I 2024-11-05 20:18:00,076] Trial 271 finished with value: 0.3504867472645831 and parameters: {'nodeNum': 350, 'leaking_rate': 0.08293220971349738, 'tikhonov_beta': 1.0065882016743309e-05}. Best is trial 103 with value: 0.24869007928034603.
[I 2024-11-05 20:20:38,561] Trial 281 finished with value: 0.2524456773214401 and parameters: {'nodeNum': 350, 'leaking_rate': 0.06304285870806091, 'tikhonov_beta': 1.6558108758204417e-07}. Best is trial 103 with value: 0.24869007928034603.
[I 2024-11-05 20:23:32,101] Trial 290 finished with value: 0.24905665633812696 and parameters: {'nodeNum': 600, 'leaking_rate': 0.052004810978574866, 'tikhonov_beta': 1.3125560355351892e-07}. Best is trial 288 with value: 0.24807300276098015.
[I 2024-11-05 20:26:26,418] Trial 300 finished with value: 0.35688915007387684 and parameters: {'nodeNum': 600, 'leaking_rate': 0.007595594398417592, 'tikhonov_beta': 2.9435300119243315e-07}. Best is trial 296 with value: 0.24688148897678122.
[I 2024-11-05 20:29:21,045] Trial 310 finished with value: 0.2500032984379022 and parameters: {'nodeNum': 600, 'leaking_rate': 0.043361606121616346, 'tikhonov_beta': 1.7460070078758967e-07}. Best is trial 296 with value: 0.24688148897678122.
[I 2024-11-05 20:32:15,174] Trial 320 finished with value: 0.2504291970620067 and parameters: {'nodeNum': 600, 'leaking_rate': 0.04264731154191064, 'tikhonov_beta': 1.8887176551511707e-07}. Best is trial 296 with value: 0.24688148897678122.
[I 2024-11-05 20:35:09,129] Trial 330 finished with value: 0.2516841909909794 and parameters: {'nodeNum': 600, 'leaking_rate': 0.040943547664976945, 'tikhonov_beta': 2.2853337929400413e-07}. Best is trial 296 with value: 0.24688148897678122.
[I 2024-11-05 20:38:03,770] Trial 340 finished with value: 0.2522030666042338 and parameters: {'nodeNum': 600, 'leaking_rate': 0.0349447041554658, 'tikhonov_beta': 1.782587505059376e-07}. Best is trial 296 with value: 0.24688148897678122.
[I 2024-11-05 20:41:04,504] Trial 350 finished with value: 0.25421322839283383 and parameters: {'nodeNum': 600, 'leaking_rate': 0.044182459977641066, 'tikhonov_beta': 3.970704855433671e-07}. Best is trial 296 with value: 0.24688148897678122.
[I 2024-11-05 20:43:58,192] Trial 360 finished with value: 0.2529657559186832 and parameters: {'nodeNum': 600, 'leaking_rate': 0.044517215677230486, 'tikhonov_beta': 3.114676641881138e-07}. Best is trial 296 with value: 0.24688148897678122.
[I 2024-11-05 20:46:47,908] Trial 370 finished with value: 0.3990550740536707 and parameters: {'nodeNum': 550, 'leaking_rate': 0.047602914413892604, 'tikhonov_beta': 0.0011367243126420225}. Best is trial 296 with value: 0.24688148897678122.
[I 2024-11-05 20:49:43,776] Trial 380 finished with value: 0.2494184125699767 and parameters: {'nodeNum': 600, 'leaking_rate': 0.038011029963643236, 'tikhonov_beta': 1.3948970234689238e-07}. Best is trial 296 with value: 0.24688148897678122.
[I 2024-11-05 20:52:39,557] Trial 390 finished with value: 0.29737167899296557 and parameters: {'nodeNum': 600, 'leaking_rate': 0.03917812825330123, 'tikhonov_beta': 9.518841549582692e-05}. Best is trial 296 with value: 0.24688148897678122.
[I 2024-11-05 20:55:34,230] Trial 400 finished with value: 0.24962133322316304 and parameters: {'nodeNum': 600, 'leaking_rate': 0.03645864623327542, 'tikhonov_beta': 1.287015237745883e-07}. Best is trial 296 with value: 0.24688148897678122.
[I 2024-11-05 20:58:30,068] Trial 409 finished with value: 0.2490214486646364 and parameters: {'nodeNum': 600, 'leaking_rate': 0.0368769074645161, 'tikhonov_beta': 1.24627209385735e-07}. Best is trial 296 with value: 0.24688148897678122.
[I 2024-11-05 21:01:26,725] Trial 420 finished with value: 0.25062003319728426 and parameters: {'nodeNum': 600, 'leaking_rate': 0.03172055038635995, 'tikhonov_beta': 1.0064788464510318e-07}. Best is trial 296 with value: 0.24688148897678122.
[I 2024-11-05 21:04:20,320] Trial 430 finished with value: 0.25179572863257593 and parameters: {'nodeNum': 600, 'leaking_rate': 0.040926032363613134, 'tikhonov_beta': 2.3701047187614128e-07}. Best is trial 427 with value: 0.24686256396199985.
[I 2024-11-05 21:07:15,234] Trial 439 finished with value: 0.2512236561336711 and parameters: {'nodeNum': 600, 'leaking_rate': 0.04082122417944469, 'tikhonov_beta': 2.0874357795701518e-07}. Best is trial 427 with value: 0.24686256396199985.
[I 2024-11-05 21:10:10,751] Trial 449 finished with value: 0.2494024040298971 and parameters: {'nodeNum': 600, 'leaking_rate': 0.04923111281087717, 'tikhonov_beta': 1.503548824185986e-07}. Best is trial 427 with value: 0.24686256396199985.
[I 2024-11-05 21:13:06,294] Trial 459 finished with value: 0.24877246417040633 and parameters: {'nodeNum': 600, 'leaking_rate': 0.05122718348505566, 'tikhonov_beta': 1.2830295372248376e-07}. Best is trial 427 with value: 0.24686256396199985.
[I 2024-11-05 21:15:57,855] Trial 469 finished with value: 0.2530797331222442 and parameters: {'nodeNum': 550, 'leaking_rate': 0.052687720235108385, 'tikhonov_beta': 1.0011960683473014e-07}. Best is trial 427 with value: 0.24686256396199985.
[I 2024-11-05 21:18:52,600] Trial 479 finished with value: 0.24849427487193698 and parameters: {'nodeNum': 600, 'leaking_rate': 0.053754150913376285, 'tikhonov_beta': 1.0305698412670773e-07}. Best is trial 427 with value: 0.24686256396199985.
[I 2024-11-05 21:21:47,183] Trial 489 finished with value: 0.24823431723054828 and parameters: {'nodeNum': 600, 'leaking_rate': 0.054283349886066284, 'tikhonov_beta': 1.0012291588468185e-07}. Best is trial 427 with value: 0.24686256396199985.
[I 2024-11-05 21:24:41,901] Trial 499 finished with value: 0.24729274519423378 and parameters: {'nodeNum': 600, 'leaking_rate': 0.04910060719527421, 'tikhonov_beta': 1.0401890179472918e-07}. Best is trial 427 with value: 0.24686256396199985.
[I 2024-11-05 21:27:36,462] Trial 509 finished with value: 0.2716803412432735 and parameters: {'nodeNum': 600, 'leaking_rate': 0.04962578104898815, 'tikhonov_beta': 1.393254533464699e-05}. Best is trial 427 with value: 0.24686256396199985.
[I 2024-11-05 21:30:31,316] Trial 519 finished with value: 0.277376287590042 and parameters: {'nodeNum': 600, 'leaking_rate': 0.019386043236537625, 'tikhonov_beta': 1.4265637621825288e-07}. Best is trial 427 with value: 0.24686256396199985.
[I 2024-11-05 21:33:25,570] Trial 528 finished with value: 0.25119127896531307 and parameters: {'nodeNum': 600, 'leaking_rate': 0.059803488899646706, 'tikhonov_beta': 1.2668020227180796e-07}. Best is trial 427 with value: 0.24686256396199985.
[I 2024-11-05 21:36:20,019] Trial 538 finished with value: 0.2477481831598853 and parameters: {'nodeNum': 600, 'leaking_rate': 0.05156788626749803, 'tikhonov_beta': 1.0057510382124285e-07}. Best is trial 427 with value: 0.24686256396199985.
[I 2024-11-05 21:39:14,035] Trial 548 finished with value: 0.2499791742991037 and parameters: {'nodeNum': 600, 'leaking_rate': 0.04323170360670781, 'tikhonov_beta': 1.7377163186156847e-07}. Best is trial 540 with value: 0.24682618515815993.
[I 2024-11-05 21:42:09,167] Trial 558 finished with value: 0.25026440928605537 and parameters: {'nodeNum': 600, 'leaking_rate': 0.04396259357576862, 'tikhonov_beta': 1.8079408968319902e-07}. Best is trial 540 with value: 0.24682618515815993.
[I 2024-11-05 21:45:03,678] Trial 568 finished with value: 0.24843096188510413 and parameters: {'nodeNum': 600, 'leaking_rate': 0.04792572278151804, 'tikhonov_beta': 1.3297349272352423e-07}. Best is trial 540 with value: 0.24682618515815993.
[I 2024-11-05 21:47:58,948] Trial 578 finished with value: 0.32904816379405233 and parameters: {'nodeNum': 600, 'leaking_rate': 0.051524482742840036, 'tikhonov_beta': 0.0001662241109248504}. Best is trial 540 with value: 0.24682618515815993.
[I 2024-11-05 21:50:53,454] Trial 588 finished with value: 0.2474383710608072 and parameters: {'nodeNum': 600, 'leaking_rate': 0.04011830221543986, 'tikhonov_beta': 1.0352953411327883e-07}. Best is trial 540 with value: 0.24682618515815993.
[I 2024-11-05 21:53:44,284] Trial 598 finished with value: 0.2535406171330062 and parameters: {'nodeNum': 550, 'leaking_rate': 0.039958518354048775, 'tikhonov_beta': 1.7534237606781007e-07}. Best is trial 540 with value: 0.24682618515815993.
[I 2024-11-05 21:56:34,315] Trial 607 finished with value: 0.2552054622731549 and parameters: {'nodeNum': 550, 'leaking_rate': 0.03965472960016852, 'tikhonov_beta': 2.4403605631945286e-07}. Best is trial 540 with value: 0.24682618515815993.
[I 2024-11-05 21:59:28,581] Trial 618 finished with value: 0.25014106266249714 and parameters: {'nodeNum': 600, 'leaking_rate': 0.035802488238694044, 'tikhonov_beta': 1.3604684105236647e-07}. Best is trial 540 with value: 0.24682618515815993.
[I 2024-11-05 22:02:22,492] Trial 627 finished with value: 0.24852365342597982 and parameters: {'nodeNum': 600, 'leaking_rate': 0.04347058392864055, 'tikhonov_beta': 1.2902217637085178e-07}. Best is trial 540 with value: 0.24682618515815993.
[I 2024-11-05 22:05:17,210] Trial 637 finished with value: 0.24676646868074018 and parameters: {'nodeNum': 600, 'leaking_rate': 0.042819217211933804, 'tikhonov_beta': 1.0084321155179454e-07}. Best is trial 633 with value: 0.24673042796425432.
[I 2024-11-05 22:08:11,789] Trial 647 finished with value: 0.4047778675571195 and parameters: {'nodeNum': 600, 'leaking_rate': 0.004420503804095746, 'tikhonov_beta': 1.9884659560275666e-07}. Best is trial 633 with value: 0.24673042796425432.
[I 2024-11-05 22:11:05,828] Trial 657 finished with value: 0.390566379243058 and parameters: {'nodeNum': 600, 'leaking_rate': 0.0026292389591388754, 'tikhonov_beta': 1.6164679735798248e-07}. Best is trial 633 with value: 0.24673042796425432.
[I 2024-11-05 22:13:59,447] Trial 666 finished with value: 0.24873720419106427 and parameters: {'nodeNum': 600, 'leaking_rate': 0.04411549209154122, 'tikhonov_beta': 1.3773193153482427e-07}. Best is trial 633 with value: 0.24673042796425432.
[I 2024-11-05 22:16:53,224] Trial 676 finished with value: 0.24810445880177665 and parameters: {'nodeNum': 600, 'leaking_rate': 0.04613140067756439, 'tikhonov_beta': 1.255238888028164e-07}. Best is trial 675 with value: 0.2464088749198054.
[I 2024-11-05 22:19:47,542] Trial 686 finished with value: 0.24867831112751618 and parameters: {'nodeNum': 600, 'leaking_rate': 0.03924223227795841, 'tikhonov_beta': 1.2847818242091316e-07}. Best is trial 675 with value: 0.2464088749198054.
[I 2024-11-05 22:22:41,685] Trial 696 finished with value: 0.4375546453614461 and parameters: {'nodeNum': 600, 'leaking_rate': 0.0016621152535411538, 'tikhonov_beta': 2.5430360034857923e-07}. Best is trial 675 with value: 0.2464088749198054.
[I 2024-11-05 22:25:36,693] Trial 706 finished with value: 0.24931514695029927 and parameters: {'nodeNum': 600, 'leaking_rate': 0.046860176245429735, 'tikhonov_beta': 1.5628559740499117e-07}. Best is trial 675 with value: 0.2464088749198054.
[I 2024-11-05 22:28:26,991] Trial 716 finished with value: 0.25767993203299566 and parameters: {'nodeNum': 550, 'leaking_rate': 0.031998789291146676, 'tikhonov_beta': 1.3244099329637046e-07}. Best is trial 675 with value: 0.2464088749198054.
[I 2024-11-05 22:31:20,641] Trial 726 finished with value: 0.31598709307697004 and parameters: {'nodeNum': 600, 'leaking_rate': 0.09852087738998608, 'tikhonov_beta': 1.2720010868033914e-07}. Best is trial 675 with value: 0.2464088749198054.
[I 2024-11-05 22:34:15,391] Trial 736 finished with value: 0.2660355096166988 and parameters: {'nodeNum': 600, 'leaking_rate': 0.036737171773117, 'tikhonov_beta': 1.6479045650121586e-06}. Best is trial 675 with value: 0.2464088749198054.
[I 2024-11-05 22:37:08,884] Trial 746 finished with value: 0.2506760280734082 and parameters: {'nodeNum': 600, 'leaking_rate': 0.046639788149283, 'tikhonov_beta': 1.9226931232376665e-07}. Best is trial 675 with value: 0.2464088749198054.
[I 2024-11-05 22:40:03,512] Trial 756 finished with value: 0.2504663343642467 and parameters: {'nodeNum': 600, 'leaking_rate': 0.05468144242730624, 'tikhonov_beta': 1.5558914326041302e-07}. Best is trial 675 with value: 0.2464088749198054.
[I 2024-11-05 22:42:57,767] Trial 766 finished with value: 0.24691329929857575 and parameters: {'nodeNum': 600, 'leaking_rate': 0.042303797237737244, 'tikhonov_beta': 1.0100643164528206e-07}. Best is trial 675 with value: 0.2464088749198054.
[I 2024-11-05 22:45:52,257] Trial 776 finished with value: 0.24842684535085363 and parameters: {'nodeNum': 600, 'leaking_rate': 0.04239712723310053, 'tikhonov_beta': 1.3052436834366744e-07}. Best is trial 675 with value: 0.2464088749198054.
[I 2024-11-05 22:48:46,735] Trial 786 finished with value: 0.2530938684803781 and parameters: {'nodeNum': 600, 'leaking_rate': 0.03830797401572553, 'tikhonov_beta': 2.6496006626661843e-07}. Best is trial 675 with value: 0.2464088749198054.
[I 2024-11-05 22:51:40,754] Trial 796 finished with value: 0.2806295740741991 and parameters: {'nodeNum': 600, 'leaking_rate': 0.05104691048135367, 'tikhonov_beta': 2.4040019296459647e-05}. Best is trial 675 with value: 0.2464088749198054.
[I 2024-11-05 22:54:31,972] Trial 806 finished with value: 0.2546962274269338 and parameters: {'nodeNum': 550, 'leaking_rate': 0.046224675249872955, 'tikhonov_beta': 2.2982921962614146e-07}. Best is trial 675 with value: 0.2464088749198054.
[I 2024-11-05 22:57:26,897] Trial 816 finished with value: 0.2506498974863961 and parameters: {'nodeNum': 600, 'leaking_rate': 0.03419920562719882, 'tikhonov_beta': 1.3033396851626737e-07}. Best is trial 675 with value: 0.2464088749198054.
[I 2024-11-05 23:00:20,753] Trial 826 finished with value: 0.25026045025074906 and parameters: {'nodeNum': 600, 'leaking_rate': 0.040689944344336496, 'tikhonov_beta': 1.760672443317726e-07}. Best is trial 675 with value: 0.2464088749198054.
[I 2024-11-05 23:03:15,485] Trial 836 finished with value: 0.24930431367420053 and parameters: {'nodeNum': 600, 'leaking_rate': 0.057218469861848975, 'tikhonov_beta': 1.0114163482310866e-07}. Best is trial 675 with value: 0.2464088749198054.
[I 2024-11-05 23:06:09,867] Trial 846 finished with value: 0.24806012142276074 and parameters: {'nodeNum': 600, 'leaking_rate': 0.04509302761183616, 'tikhonov_beta': 1.2893954525546768e-07}. Best is trial 675 with value: 0.2464088749198054.
[I 2024-11-05 23:09:03,599] Trial 856 finished with value: 0.24818101518772498 and parameters: {'nodeNum': 600, 'leaking_rate': 0.03570604579520909, 'tikhonov_beta': 1.0037216769184325e-07}. Best is trial 675 with value: 0.2464088749198054.
[I 2024-11-05 23:11:57,432] Trial 866 finished with value: 0.25207812633837273 and parameters: {'nodeNum': 600, 'leaking_rate': 0.04991529765430327, 'tikhonov_beta': 2.5013582296645657e-07}. Best is trial 675 with value: 0.2464088749198054.
[I 2024-11-05 23:14:51,585] Trial 876 finished with value: 0.253138580365708 and parameters: {'nodeNum': 600, 'leaking_rate': 0.043481079095622883, 'tikhonov_beta': 3.204861194367281e-07}. Best is trial 675 with value: 0.2464088749198054.
[I 2024-11-05 23:17:42,306] Trial 886 finished with value: 0.39182418045026235 and parameters: {'nodeNum': 550, 'leaking_rate': 0.03786355544997115, 'tikhonov_beta': 0.0019240694985785032}. Best is trial 675 with value: 0.2464088749198054.
