[I 2024-11-06 09:44:46,873] Trial 1878 finished with value: 0.22204221902191323 and parameters: {'nodeNum_01': 200, 'leaking_rate_01': 0.01194751252756805, 'nodeNum_02': 150, 'leaking_rate_02': 0.035218008086462145, 'nodeNum_03': 600, 'leaking_rate_03': 0.05160549375692458, 'nodeNum_04': 500, 'leaking_rate_04': 0.09102422977611399, 'tikhonov_beta': 1.635327121693502e-07, 'intensity': 1.931484093033074}. Best is trial 1222 with value: 0.21825744342878123.
[I 2024-11-06 09:50:20,010] Trial 1898 finished with value: 0.22019770851796397 and parameters: {'nodeNum_01': 200, 'leaking_rate_01': 0.009696585113852033, 'nodeNum_02': 200, 'leaking_rate_02': 0.03559317185468884, 'nodeNum_03': 600, 'leaking_rate_03': 0.04577317290575442, 'nodeNum_04': 500, 'leaking_rate_04': 0.09984575666047042, 'tikhonov_beta': 1.3143535986873906e-07, 'intensity': 1.8899017988535554}. Best is trial 1222 with value: 0.21825744342878123.
[I 2024-11-06 09:55:53,808] Trial 1918 finished with value: 0.2274373546343717 and parameters: {'nodeNum_01': 200, 'leaking_rate_01': 0.012995406723508306, 'nodeNum_02': 200, 'leaking_rate_02': 0.08888683921419362, 'nodeNum_03': 600, 'leaking_rate_03': 0.04013821390986505, 'nodeNum_04': 500, 'leaking_rate_04': 0.04162747161930491, 'tikhonov_beta': 1.0167505546214212e-07, 'intensity': 1.8891462032020698}. Best is trial 1222 with value: 0.21825744342878123.
[I 2024-11-06 10:01:25,753] Trial 1938 finished with value: 0.22401795420297937 and parameters: {'nodeNum_01': 200, 'leaking_rate_01': 0.014888281055821684, 'nodeNum_02': 200, 'leaking_rate_02': 0.01644692818157859, 'nodeNum_03': 600, 'leaking_rate_03': 0.05567646552282915, 'nodeNum_04': 500, 'leaking_rate_04': 0.08614785649924395, 'tikhonov_beta': 2.9135849290553864e-07, 'intensity': 1.961389291749153}. Best is trial 1222 with value: 0.21825744342878123.
[I 2024-11-06 10:07:04,497] Trial 1957 finished with value: 0.2253894553853739 and parameters: {'nodeNum_01': 250, 'leaking_rate_01': 0.011174691782850419, 'nodeNum_02': 600, 'leaking_rate_02': 0.03924554086787015, 'nodeNum_03': 600, 'leaking_rate_03': 0.06263412376196469, 'nodeNum_04': 550, 'leaking_rate_04': 0.09268772868657434, 'tikhonov_beta': 1.2782873132911587e-07, 'intensity': 1.9309780249800899}. Best is trial 1222 with value: 0.21825744342878123.
[I 2024-11-06 10:10:59,791] Trial 1975 finished with value: 0.22412871044589583 and parameters: {'nodeNum_01': 200, 'leaking_rate_01': 0.007046561428399774, 'nodeNum_02': 200, 'leaking_rate_02': 0.04293078184869129, 'nodeNum_03': 550, 'leaking_rate_03': 0.05009036952255047, 'nodeNum_04': 550, 'leaking_rate_04': 0.09945345835971969, 'tikhonov_beta': 1.564161023551484e-07, 'intensity': 1.910046332489925}. Best is trial 1222 with value: 0.21825744342878123.
