[I 2024-11-06 00:51:31,558] Using an existing study with name 'reproduct_sample08' instead of creating a new one.
[I 2024-11-06 00:55:17,353] Trial 1 finished with value: 0.31668130427455077 and parameters: {'nodeNum_01': 450, 'leaking_rate_01': 0.00879312217178974, 'nodeNum_02': 200, 'leaking_rate_02': 0.01652254752174597, 'nodeNum_03': 600, 'leaking_rate_03': 0.0888168221781431, 'nodeNum_04': 500, 'leaking_rate_04': 0.012508566199004752, 'tikhonov_beta': 0.0011150693670315978, 'intensity': 0.5382044112356081}. Best is trial 0 with value: 0.2936676791301191.
[I 2024-11-06 01:01:27,170] Trial 21 finished with value: 0.4084055938443142 and parameters: {'nodeNum_01': 200, 'leaking_rate_01': 0.022324336477208166, 'nodeNum_02': 450, 'leaking_rate_02': 0.02766436120217032, 'nodeNum_03': 550, 'leaking_rate_03': 0.0016007844917765024, 'nodeNum_04': 400, 'leaking_rate_04': 0.0012193482165703384, 'tikhonov_beta': 0.001474665490878213, 'intensity': 1.6226729996158014}. Best is trial 4 with value: 0.24990214266131328.
[I 2024-11-06 01:07:21,233] Trial 44 finished with value: 0.25742898182771357 and parameters: {'nodeNum_01': 300, 'leaking_rate_01': 0.0021095855889983082, 'nodeNum_02': 400, 'leaking_rate_02': 0.05742592502259884, 'nodeNum_03': 300, 'leaking_rate_03': 0.026000526519219188, 'nodeNum_04': 250, 'leaking_rate_04': 0.006906864445549324, 'tikhonov_beta': 1.226445618812361e-07, 'intensity': 0.6229069590066271}. Best is trial 45 with value: 0.23625421486015064.
[I 2024-11-06 01:13:32,073] Trial 65 finished with value: 0.2594165021356456 and parameters: {'nodeNum_01': 250, 'leaking_rate_01': 0.017332338714635243, 'nodeNum_02': 550, 'leaking_rate_02': 0.016072012895769944, 'nodeNum_03': 400, 'leaking_rate_03': 0.011371950846468604, 'nodeNum_04': 350, 'leaking_rate_04': 0.04975701002503211, 'tikhonov_beta': 4.1045353594638884e-07, 'intensity': 0.3168531387791211}. Best is trial 51 with value: 0.2319129467406371.
[I 2024-11-06 01:19:39,214] Trial 86 finished with value: 0.25875543659039246 and parameters: {'nodeNum_01': 350, 'leaking_rate_01': 0.012084812933139255, 'nodeNum_02': 450, 'leaking_rate_02': 0.004668285313584487, 'nodeNum_03': 300, 'leaking_rate_03': 0.06826493177415971, 'nodeNum_04': 300, 'leaking_rate_04': 0.07742688674241759, 'tikhonov_beta': 1.269565019637969e-05, 'intensity': 1.7200948230161852}. Best is trial 51 with value: 0.2319129467406371.
[I 2024-11-06 01:25:44,731] Trial 107 finished with value: 0.23805392198106357 and parameters: {'nodeNum_01': 400, 'leaking_rate_01': 0.002521263953790386, 'nodeNum_02': 350, 'leaking_rate_02': 0.06529307429942409, 'nodeNum_03': 250, 'leaking_rate_03': 0.07431395118492559, 'nodeNum_04': 400, 'leaking_rate_04': 0.07200950373228474, 'tikhonov_beta': 1.039302312286651e-07, 'intensity': 1.936294213368521}. Best is trial 110 with value: 0.2252776530975354.
[I 2024-11-06 01:31:53,273] Trial 130 finished with value: 0.23272336029710025 and parameters: {'nodeNum_01': 450, 'leaking_rate_01': 0.023824492624666804, 'nodeNum_02': 300, 'leaking_rate_02': 0.09321341264193118, 'nodeNum_03': 200, 'leaking_rate_03': 0.08287967677308442, 'nodeNum_04': 450, 'leaking_rate_04': 0.06512459146704903, 'tikhonov_beta': 2.002220767944155e-07, 'intensity': 1.9561023828324384}. Best is trial 110 with value: 0.2252776530975354.
[I 2024-11-06 01:37:56,510] Trial 150 finished with value: 0.22793712624169615 and parameters: {'nodeNum_01': 500, 'leaking_rate_01': 0.006604633628549214, 'nodeNum_02': 250, 'leaking_rate_02': 0.07945128268095272, 'nodeNum_03': 150, 'leaking_rate_03': 0.08574912483589055, 'nodeNum_04': 500, 'leaking_rate_04': 0.08679875541516174, 'tikhonov_beta': 1.5394107326177846e-07, 'intensity': 1.9066364749828437}. Best is trial 110 with value: 0.2252776530975354.
[I 2024-11-06 01:43:56,158] Trial 175 finished with value: 0.22865010028754593 and parameters: {'nodeNum_01': 500, 'leaking_rate_01': 0.005091525514847815, 'nodeNum_02': 250, 'leaking_rate_02': 0.06705131050686482, 'nodeNum_03': 150, 'leaking_rate_03': 0.08323856000789492, 'nodeNum_04': 500, 'leaking_rate_04': 0.09802703082399182, 'tikhonov_beta': 1.2178141836658186e-07, 'intensity': 1.877457781835877}. Best is trial 110 with value: 0.2252776530975354.
[I 2024-11-06 01:50:00,399] Trial 197 finished with value: 0.22979349541096725 and parameters: {'nodeNum_01': 450, 'leaking_rate_01': 0.005191933451961659, 'nodeNum_02': 150, 'leaking_rate_02': 0.06205371365846753, 'nodeNum_03': 200, 'leaking_rate_03': 0.06699550358843886, 'nodeNum_04': 550, 'leaking_rate_04': 0.0951140455985737, 'tikhonov_beta': 1.0854448627830683e-07, 'intensity': 1.967542497275361}. Best is trial 189 with value: 0.22196394849377712.
[I 2024-11-06 01:56:11,252] Trial 219 finished with value: 0.24001105542476903 and parameters: {'nodeNum_01': 600, 'leaking_rate_01': 0.0045066847080431046, 'nodeNum_02': 150, 'leaking_rate_02': 0.044639483979858945, 'nodeNum_03': 200, 'leaking_rate_03': 0.07403805611393796, 'nodeNum_04': 550, 'leaking_rate_04': 0.09825052282894281, 'tikhonov_beta': 1.2335379444950985e-07, 'intensity': 1.9993313402651565}. Best is trial 189 with value: 0.22196394849377712.
[I 2024-11-06 02:02:16,635] Trial 241 finished with value: 0.23431707493189277 and parameters: {'nodeNum_01': 450, 'leaking_rate_01': 0.007259247620617584, 'nodeNum_02': 150, 'leaking_rate_02': 0.041791518247607996, 'nodeNum_03': 200, 'leaking_rate_03': 0.0017400501470969717, 'nodeNum_04': 600, 'leaking_rate_04': 0.08165573543627118, 'tikhonov_beta': 1.48607248134978e-07, 'intensity': 1.9227673533128762}. Best is trial 223 with value: 0.2204076541705011.
[I 2024-11-06 02:08:14,483] Trial 262 finished with value: 0.22543776380522543 and parameters: {'nodeNum_01': 450, 'leaking_rate_01': 0.003362349476948128, 'nodeNum_02': 150, 'leaking_rate_02': 0.020004471365685138, 'nodeNum_03': 200, 'leaking_rate_03': 0.05990657465821785, 'nodeNum_04': 600, 'leaking_rate_04': 0.08915388917501967, 'tikhonov_beta': 2.403077427396799e-07, 'intensity': 1.8106717460287582}. Best is trial 223 with value: 0.2204076541705011.
[I 2024-11-06 02:14:26,211] Trial 284 finished with value: 0.22765899237287313 and parameters: {'nodeNum_01': 550, 'leaking_rate_01': 0.0030295318179107142, 'nodeNum_02': 200, 'leaking_rate_02': 0.030318151192412744, 'nodeNum_03': 200, 'leaking_rate_03': 0.05378258724562512, 'nodeNum_04': 600, 'leaking_rate_04': 0.09050852993346664, 'tikhonov_beta': 1.8247986516582196e-07, 'intensity': 1.7611146394425168}. Best is trial 223 with value: 0.2204076541705011.
[I 2024-11-06 02:20:41,937] Trial 305 finished with value: 0.357395401780617 and parameters: {'nodeNum_01': 600, 'leaking_rate_01': 0.002803853170139431, 'nodeNum_02': 200, 'leaking_rate_02': 0.024910914294960805, 'nodeNum_03': 200, 'leaking_rate_03': 0.06970698556752904, 'nodeNum_04': 600, 'leaking_rate_04': 0.07423763881124897, 'tikhonov_beta': 0.0036846919506111566, 'intensity': 1.8724562553105544}. Best is trial 223 with value: 0.2204076541705011.
[I 2024-11-06 02:26:41,076] Trial 327 finished with value: 0.23438484161156994 and parameters: {'nodeNum_01': 600, 'leaking_rate_01': 0.004034627435115289, 'nodeNum_02': 200, 'leaking_rate_02': 0.02022570862317019, 'nodeNum_03': 250, 'leaking_rate_03': 0.06347259195103921, 'nodeNum_04': 550, 'leaking_rate_04': 0.0986520049425529, 'tikhonov_beta': 8.072475461743707e-07, 'intensity': 1.6453625467356936}. Best is trial 223 with value: 0.2204076541705011.
[I 2024-11-06 02:32:39,066] Trial 347 finished with value: 0.23434658674523934 and parameters: {'nodeNum_01': 400, 'leaking_rate_01': 0.0034636380585440613, 'nodeNum_02': 150, 'leaking_rate_02': 0.04756122927014581, 'nodeNum_03': 200, 'leaking_rate_03': 0.08075178917041764, 'nodeNum_04': 550, 'leaking_rate_04': 0.08640002839557785, 'tikhonov_beta': 1.0173129447248764e-07, 'intensity': 1.7760131366326983}. Best is trial 223 with value: 0.2204076541705011.
[I 2024-11-06 02:38:42,827] Trial 368 finished with value: 0.23178409653438403 and parameters: {'nodeNum_01': 450, 'leaking_rate_01': 0.028788659371414473, 'nodeNum_02': 200, 'leaking_rate_02': 0.05707381227346556, 'nodeNum_03': 200, 'leaking_rate_03': 0.05758427854829864, 'nodeNum_04': 600, 'leaking_rate_04': 0.08049207531789722, 'tikhonov_beta': 1.4930874116948816e-07, 'intensity': 1.9485487198266858}. Best is trial 223 with value: 0.2204076541705011.
[I 2024-11-06 02:44:48,916] Trial 389 finished with value: 0.2234338642468191 and parameters: {'nodeNum_01': 450, 'leaking_rate_01': 0.008073192428200149, 'nodeNum_02': 200, 'leaking_rate_02': 0.06568975139408592, 'nodeNum_03': 200, 'leaking_rate_03': 0.07256111514536487, 'nodeNum_04': 600, 'leaking_rate_04': 0.09185871762698851, 'tikhonov_beta': 2.1911532733468266e-07, 'intensity': 1.8319349224431452}. Best is trial 223 with value: 0.2204076541705011.
[I 2024-11-06 02:51:06,132] Trial 411 finished with value: 0.22549235751952926 and parameters: {'nodeNum_01': 500, 'leaking_rate_01': 0.007011898249428783, 'nodeNum_02': 200, 'leaking_rate_02': 0.06920653940674189, 'nodeNum_03': 600, 'leaking_rate_03': 0.0925193575396662, 'nodeNum_04': 600, 'leaking_rate_04': 0.09123490839601918, 'tikhonov_beta': 2.879012003390088e-07, 'intensity': 1.8966502295875023}. Best is trial 223 with value: 0.2204076541705011.
[I 2024-11-06 02:57:15,411] Trial 434 finished with value: 0.22886664845360974 and parameters: {'nodeNum_01': 550, 'leaking_rate_01': 0.007160643095698441, 'nodeNum_02': 200, 'leaking_rate_02': 0.08017211979667051, 'nodeNum_03': 150, 'leaking_rate_03': 0.09910313680668179, 'nodeNum_04': 600, 'leaking_rate_04': 0.07788958895235264, 'tikhonov_beta': 4.727602678137636e-07, 'intensity': 1.9284063758350494}. Best is trial 223 with value: 0.2204076541705011.
[I 2024-11-06 03:03:20,042] Trial 458 finished with value: 0.23745167466842684 and parameters: {'nodeNum_01': 450, 'leaking_rate_01': 0.008751348168522452, 'nodeNum_02': 250, 'leaking_rate_02': 0.05072629370226594, 'nodeNum_03': 200, 'leaking_rate_03': 0.07229053687694174, 'nodeNum_04': 600, 'leaking_rate_04': 0.08351634657544965, 'tikhonov_beta': 2.3518147243914166e-06, 'intensity': 1.8526241720408254}. Best is trial 223 with value: 0.2204076541705011.
[I 2024-11-06 03:09:29,926] Trial 479 finished with value: 0.24461037750485085 and parameters: {'nodeNum_01': 450, 'leaking_rate_01': 0.011155907208872943, 'nodeNum_02': 250, 'leaking_rate_02': 0.060251891439405215, 'nodeNum_03': 600, 'leaking_rate_03': 0.08139359221215034, 'nodeNum_04': 600, 'leaking_rate_04': 0.09987613171272107, 'tikhonov_beta': 1.777672270386577e-05, 'intensity': 1.766598745362064}. Best is trial 461 with value: 0.21992342296321704.
[I 2024-11-06 03:15:44,320] Trial 499 finished with value: 0.31000687094127377 and parameters: {'nodeNum_01': 450, 'leaking_rate_01': 0.009512064743374186, 'nodeNum_02': 250, 'leaking_rate_02': 0.045960941844062526, 'nodeNum_03': 550, 'leaking_rate_03': 0.06729329114914645, 'nodeNum_04': 600, 'leaking_rate_04': 0.08565713149487383, 'tikhonov_beta': 0.0019781236841080016, 'intensity': 1.8026252723590301}. Best is trial 461 with value: 0.21992342296321704.
[I 2024-11-06 03:21:51,319] Trial 520 finished with value: 0.2254470559577319 and parameters: {'nodeNum_01': 450, 'leaking_rate_01': 0.008026343084664636, 'nodeNum_02': 250, 'leaking_rate_02': 0.05442682642454062, 'nodeNum_03': 200, 'leaking_rate_03': 0.07237782560474156, 'nodeNum_04': 600, 'leaking_rate_04': 0.09917124417325195, 'tikhonov_beta': 2.841817085371598e-07, 'intensity': 1.7063551114873805}. Best is trial 461 with value: 0.21992342296321704.
[I 2024-11-06 03:28:03,359] Trial 542 finished with value: 0.22667402209589266 and parameters: {'nodeNum_01': 450, 'leaking_rate_01': 0.0076301665487870825, 'nodeNum_02': 600, 'leaking_rate_02': 0.06667185190452612, 'nodeNum_03': 250, 'leaking_rate_03': 0.07583182698946016, 'nodeNum_04': 550, 'leaking_rate_04': 0.09987843781088247, 'tikhonov_beta': 1.751858805295467e-07, 'intensity': 1.868942967050886}. Best is trial 461 with value: 0.21992342296321704.
[I 2024-11-06 03:34:08,726] Trial 564 finished with value: 0.2321113784064155 and parameters: {'nodeNum_01': 450, 'leaking_rate_01': 0.01592527168376876, 'nodeNum_02': 200, 'leaking_rate_02': 0.060814228782617386, 'nodeNum_03': 500, 'leaking_rate_03': 0.08360314101151908, 'nodeNum_04': 600, 'leaking_rate_04': 0.07165972065093379, 'tikhonov_beta': 1.6176001690963638e-07, 'intensity': 0.9521164869526951}. Best is trial 461 with value: 0.21992342296321704.
[I 2024-11-06 03:40:12,550] Trial 586 finished with value: 0.23173500181200415 and parameters: {'nodeNum_01': 500, 'leaking_rate_01': 0.009557866684991237, 'nodeNum_02': 200, 'leaking_rate_02': 0.049630123593770545, 'nodeNum_03': 200, 'leaking_rate_03': 0.062396941578482266, 'nodeNum_04': 600, 'leaking_rate_04': 0.08399835495181414, 'tikhonov_beta': 9.596226875963924e-07, 'intensity': 1.9152039125120368}. Best is trial 461 with value: 0.21992342296321704.
[I 2024-11-06 03:46:25,857] Trial 606 finished with value: 0.22740553111145317 and parameters: {'nodeNum_01': 400, 'leaking_rate_01': 0.008621537908612396, 'nodeNum_02': 200, 'leaking_rate_02': 0.04862009875120433, 'nodeNum_03': 600, 'leaking_rate_03': 0.07092913013378181, 'nodeNum_04': 550, 'leaking_rate_04': 0.08942564714777336, 'tikhonov_beta': 2.2218173106502648e-07, 'intensity': 1.9553990276018687}. Best is trial 461 with value: 0.21992342296321704.
[I 2024-11-06 03:52:27,087] Trial 629 finished with value: 0.22661873400791702 and parameters: {'nodeNum_01': 400, 'leaking_rate_01': 0.0106233125645579, 'nodeNum_02': 200, 'leaking_rate_02': 0.04317090566847913, 'nodeNum_03': 600, 'leaking_rate_03': 0.04998630463534536, 'nodeNum_04': 500, 'leaking_rate_04': 0.06607953909888431, 'tikhonov_beta': 1.0245490396811089e-07, 'intensity': 1.9882294327468002}. Best is trial 461 with value: 0.21992342296321704.
[I 2024-11-06 03:58:37,104] Trial 649 finished with value: 0.22541302339026414 and parameters: {'nodeNum_01': 350, 'leaking_rate_01': 0.009996136003484075, 'nodeNum_02': 200, 'leaking_rate_02': 0.03736030848122743, 'nodeNum_03': 600, 'leaking_rate_03': 0.043575878797898794, 'nodeNum_04': 500, 'leaking_rate_04': 0.07686038507639059, 'tikhonov_beta': 1.0052633314653032e-07, 'intensity': 1.9882679024718573}. Best is trial 634 with value: 0.21926077150984172.
[I 2024-11-06 04:04:29,511] Trial 673 finished with value: 0.22747958764576143 and parameters: {'nodeNum_01': 300, 'leaking_rate_01': 0.009535771689706929, 'nodeNum_02': 200, 'leaking_rate_02': 0.030096613019827797, 'nodeNum_03': 600, 'leaking_rate_03': 0.03900547234372027, 'nodeNum_04': 500, 'leaking_rate_04': 0.08516521573902176, 'tikhonov_beta': 1.460173256214063e-07, 'intensity': 1.9423476262847932}. Best is trial 634 with value: 0.21926077150984172.
[I 2024-11-06 04:10:39,775] Trial 694 finished with value: 0.22197369252373422 and parameters: {'nodeNum_01': 300, 'leaking_rate_01': 0.013531023856461355, 'nodeNum_02': 200, 'leaking_rate_02': 0.04439749302845832, 'nodeNum_03': 600, 'leaking_rate_03': 0.05302440416624683, 'nodeNum_04': 500, 'leaking_rate_04': 0.09274345615884556, 'tikhonov_beta': 1.513253483359975e-07, 'intensity': 1.9417931779243742}. Best is trial 634 with value: 0.21926077150984172.
[I 2024-11-06 04:16:52,447] Trial 716 finished with value: 0.22782695502400688 and parameters: {'nodeNum_01': 300, 'leaking_rate_01': 0.012628908905544094, 'nodeNum_02': 200, 'leaking_rate_02': 0.028257489289776904, 'nodeNum_03': 600, 'leaking_rate_03': 0.04850869443307501, 'nodeNum_04': 500, 'leaking_rate_04': 0.06808457077840814, 'tikhonov_beta': 1.637538395009779e-07, 'intensity': 1.9630368273561563}. Best is trial 634 with value: 0.21926077150984172.
[I 2024-11-06 04:22:59,998] Trial 737 finished with value: 0.22931776224981634 and parameters: {'nodeNum_01': 250, 'leaking_rate_01': 0.015346804186447533, 'nodeNum_02': 200, 'leaking_rate_02': 0.033339304357321894, 'nodeNum_03': 600, 'leaking_rate_03': 0.03437271527838492, 'nodeNum_04': 500, 'leaking_rate_04': 0.08192688374348231, 'tikhonov_beta': 1.0160397791391604e-07, 'intensity': 1.9022102379143082}. Best is trial 634 with value: 0.21926077150984172.
[I 2024-11-06 04:28:59,758] Trial 758 finished with value: 0.22118860091251605 and parameters: {'nodeNum_01': 250, 'leaking_rate_01': 0.011317796524621811, 'nodeNum_02': 200, 'leaking_rate_02': 0.0348650819880297, 'nodeNum_03': 600, 'leaking_rate_03': 0.05775987956496369, 'nodeNum_04': 500, 'leaking_rate_04': 0.07723547813926923, 'tikhonov_beta': 1.0768115595746254e-07, 'intensity': 1.8983594895620557}. Best is trial 634 with value: 0.21926077150984172.
[I 2024-11-06 04:35:03,723] Trial 779 finished with value: 0.274998053678053 and parameters: {'nodeNum_01': 200, 'leaking_rate_01': 0.011097116586983735, 'nodeNum_02': 200, 'leaking_rate_02': 0.030729427283199613, 'nodeNum_03': 600, 'leaking_rate_03': 0.0583052013357172, 'nodeNum_04': 500, 'leaking_rate_04': 0.07229438972745743, 'tikhonov_beta': 0.00032851711309506555, 'intensity': 1.9988956919119742}. Best is trial 634 with value: 0.21926077150984172.
[I 2024-11-06 04:41:11,462] Trial 801 finished with value: 0.22936112695589472 and parameters: {'nodeNum_01': 150, 'leaking_rate_01': 0.012426612691521347, 'nodeNum_02': 200, 'leaking_rate_02': 0.03840564817160535, 'nodeNum_03': 600, 'leaking_rate_03': 0.05062154106073362, 'nodeNum_04': 500, 'leaking_rate_04': 0.0624024847114068, 'tikhonov_beta': 1.852548099463362e-07, 'intensity': 1.9990103589899668}. Best is trial 634 with value: 0.21926077150984172.
[I 2024-11-06 04:47:04,290] Trial 822 finished with value: 0.23156677724178915 and parameters: {'nodeNum_01': 250, 'leaking_rate_01': 0.014410231369668564, 'nodeNum_02': 150, 'leaking_rate_02': 0.035037611674808546, 'nodeNum_03': 450, 'leaking_rate_03': 0.04011965415896031, 'nodeNum_04': 500, 'leaking_rate_04': 0.09410691858259625, 'tikhonov_beta': 2.2876096257441472e-07, 'intensity': 1.9651957325852127}. Best is trial 634 with value: 0.21926077150984172.
[I 2024-11-06 04:53:15,749] Trial 843 finished with value: 0.22427189975918915 and parameters: {'nodeNum_01': 250, 'leaking_rate_01': 0.010735825734054197, 'nodeNum_02': 200, 'leaking_rate_02': 0.02677472565321252, 'nodeNum_03': 600, 'leaking_rate_03': 0.04631609831394642, 'nodeNum_04': 500, 'leaking_rate_04': 0.08396760745286073, 'tikhonov_beta': 1.3326480278866562e-07, 'intensity': 1.9317953116545374}. Best is trial 634 with value: 0.21926077150984172.
[I 2024-11-06 04:59:16,992] Trial 865 finished with value: 0.22039903579171827 and parameters: {'nodeNum_01': 200, 'leaking_rate_01': 0.01235096187962467, 'nodeNum_02': 200, 'leaking_rate_02': 0.03143859661043913, 'nodeNum_03': 600, 'leaking_rate_03': 0.05421866023662005, 'nodeNum_04': 500, 'leaking_rate_04': 0.0824235466407126, 'tikhonov_beta': 1.3510396151633398e-07, 'intensity': 1.9132253969952058}. Best is trial 634 with value: 0.21926077150984172.
[I 2024-11-06 05:05:25,407] Trial 886 finished with value: 0.22414206764251154 and parameters: {'nodeNum_01': 200, 'leaking_rate_01': 0.015807018724004418, 'nodeNum_02': 200, 'leaking_rate_02': 0.031071315502042472, 'nodeNum_03': 600, 'leaking_rate_03': 0.05472104061383318, 'nodeNum_04': 500, 'leaking_rate_04': 0.07120470215641954, 'tikhonov_beta': 1.6511495228684124e-07, 'intensity': 1.9985997910569469}. Best is trial 883 with value: 0.21901890427195222.
[I 2024-11-06 05:11:23,816] Trial 909 finished with value: 0.2266462725386864 and parameters: {'nodeNum_01': 200, 'leaking_rate_01': 0.014914743647575507, 'nodeNum_02': 200, 'leaking_rate_02': 0.035951776305651516, 'nodeNum_03': 600, 'leaking_rate_03': 0.06227548160155659, 'nodeNum_04': 250, 'leaking_rate_04': 0.09943593499978168, 'tikhonov_beta': 2.4058764721534844e-07, 'intensity': 1.964206530846354}. Best is trial 883 with value: 0.21901890427195222.
[I 2024-11-06 05:17:31,745] Trial 930 finished with value: 0.23473467603394216 and parameters: {'nodeNum_01': 200, 'leaking_rate_01': 0.013788231923176747, 'nodeNum_02': 200, 'leaking_rate_02': 0.004084446568943851, 'nodeNum_03': 600, 'leaking_rate_03': 0.004016782161757334, 'nodeNum_04': 500, 'leaking_rate_04': 0.0999600018968745, 'tikhonov_beta': 1.0081122473011366e-07, 'intensity': 0.3817382202560531}. Best is trial 883 with value: 0.21901890427195222.
[I 2024-11-06 05:23:45,378] Trial 953 finished with value: 0.232586074490236 and parameters: {'nodeNum_01': 200, 'leaking_rate_01': 0.013461846385144662, 'nodeNum_02': 250, 'leaking_rate_02': 0.044625893810011086, 'nodeNum_03': 600, 'leaking_rate_03': 0.0034352324881739443, 'nodeNum_04': 500, 'leaking_rate_04': 0.09105082325787991, 'tikhonov_beta': 1.290596251590646e-07, 'intensity': 1.9261685736765937}. Best is trial 883 with value: 0.21901890427195222.
[I 2024-11-06 05:29:53,390] Trial 974 finished with value: 0.22485161282339267 and parameters: {'nodeNum_01': 150, 'leaking_rate_01': 0.011850624822914654, 'nodeNum_02': 200, 'leaking_rate_02': 0.029408276966128973, 'nodeNum_03': 600, 'leaking_rate_03': 0.056454526705590015, 'nodeNum_04': 450, 'leaking_rate_04': 0.09920459465405071, 'tikhonov_beta': 3.756657184785884e-07, 'intensity': 1.8563291413379324}. Best is trial 883 with value: 0.21901890427195222.
[I 2024-11-06 05:36:00,890] Trial 997 finished with value: 0.22597851720783313 and parameters: {'nodeNum_01': 200, 'leaking_rate_01': 0.010416342447859127, 'nodeNum_02': 150, 'leaking_rate_02': 0.032250894687496624, 'nodeNum_03': 600, 'leaking_rate_03': 0.050427124488004675, 'nodeNum_04': 500, 'leaking_rate_04': 0.07925443069224376, 'tikhonov_beta': 1.9500315679040273e-07, 'intensity': 1.9373001397663498}. Best is trial 883 with value: 0.21901890427195222.
