[I 2024-11-06 09:45:10,252] Trial 1880 finished with value: 0.23949163453172453 and parameters: {'nodeNum_01': 200, 'leaking_rate_01': 0.01200744107492154, 'nodeNum_02': 150, 'leaking_rate_02': 0.036165641298500376, 'nodeNum_03': 600, 'leaking_rate_03': 0.052261353995208766, 'nodeNum_04': 500, 'leaking_rate_04': 0.015979419769297423, 'tikhonov_beta': 1.6362798226645036e-07, 'intensity': 1.9333679605904424}. Best is trial 1222 with value: 0.21825744342878123.
[I 2024-11-06 09:50:39,773] Trial 1900 finished with value: 0.22967836319232193 and parameters: {'nodeNum_01': 200, 'leaking_rate_01': 0.009653855226195024, 'nodeNum_02': 200, 'leaking_rate_02': 0.08565472315802099, 'nodeNum_03': 450, 'leaking_rate_03': 0.046789928348336694, 'nodeNum_04': 500, 'leaking_rate_04': 0.07625443379549446, 'tikhonov_beta': 1.2668200598211044e-07, 'intensity': 1.8940971297221458}. Best is trial 1222 with value: 0.21825744342878123.
[I 2024-11-06 09:56:14,283] Trial 1919 finished with value: 0.24075200879823352 and parameters: {'nodeNum_01': 200, 'leaking_rate_01': 0.013314881812488796, 'nodeNum_02': 200, 'leaking_rate_02': 0.016802141489775126, 'nodeNum_03': 600, 'leaking_rate_03': 0.040499763539355985, 'nodeNum_04': 500, 'leaking_rate_04': 0.08486000481696668, 'tikhonov_beta': 1.1314690581712898e-06, 'intensity': 0.8506059291666341}. Best is trial 1222 with value: 0.21825744342878123.
[I 2024-11-06 10:01:47,708] Trial 1939 finished with value: 0.22184518729827646 and parameters: {'nodeNum_01': 200, 'leaking_rate_01': 0.01100101441993602, 'nodeNum_02': 200, 'leaking_rate_02': 0.055517153062111406, 'nodeNum_03': 600, 'leaking_rate_03': 0.06260395303416129, 'nodeNum_04': 500, 'leaking_rate_04': 0.08598062599101734, 'tikhonov_beta': 2.2661653909535454e-07, 'intensity': 1.9572951768506626}. Best is trial 1222 with value: 0.21825744342878123.
[I 2024-11-06 10:07:17,921] Trial 1959 finished with value: 0.22527162079502225 and parameters: {'nodeNum_01': 250, 'leaking_rate_01': 0.011022760232724523, 'nodeNum_02': 200, 'leaking_rate_02': 0.042179724915255526, 'nodeNum_03': 600, 'leaking_rate_03': 0.06195050346008069, 'nodeNum_04': 550, 'leaking_rate_04': 0.09201362011931735, 'tikhonov_beta': 1.277171575441417e-07, 'intensity': 1.9190686852075334}. Best is trial 1222 with value: 0.21825744342878123.
[I 2024-11-06 10:11:03,680] Trial 1976 finished with value: 0.22763489808957013 and parameters: {'nodeNum_01': 200, 'leaking_rate_01': 0.007348547936845109, 'nodeNum_02': 200, 'leaking_rate_02': 0.0336400267749644, 'nodeNum_03': 550, 'leaking_rate_03': 0.05057581491878881, 'nodeNum_04': 500, 'leaking_rate_04': 0.0997966862412503, 'tikhonov_beta': 1.571433757286489e-07, 'intensity': 1.9138677581046843}. Best is trial 1222 with value: 0.21825744342878123.
