[I 2024-11-05 23:28:53,942] Trial 923 finished with value: 0.2610862356690786 and parameters: {'nodeNum': 600, 'leaking_rate': 0.04713514932398637, 'tikhonov_beta': 3.182088087197258e-06}. Best is trial 675 with value: 0.2464088749198054.
[I 2024-11-05 23:31:53,033] Trial 933 finished with value: 0.2499512806903618 and parameters: {'nodeNum': 600, 'leaking_rate': 0.05097226681929007, 'tikhonov_beta': 1.580310275939718e-07}. Best is trial 675 with value: 0.2464088749198054.
[I 2024-11-05 23:34:51,646] Trial 944 finished with value: 0.251290184698947 and parameters: {'nodeNum': 600, 'leaking_rate': 0.06112939293180255, 'tikhonov_beta': 1.2540151184322278e-07}. Best is trial 675 with value: 0.2464088749198054.
[I 2024-11-05 23:37:50,980] Trial 954 finished with value: 0.2518266226313171 and parameters: {'nodeNum': 600, 'leaking_rate': 0.04444490881115671, 'tikhonov_beta': 2.470886765598458e-07}. Best is trial 675 with value: 0.2464088749198054.
[I 2024-11-05 23:40:49,959] Trial 964 finished with value: 0.2509142291246769 and parameters: {'nodeNum': 600, 'leaking_rate': 0.04687298434618058, 'tikhonov_beta': 2.0711504218035778e-07}. Best is trial 675 with value: 0.2464088749198054.
[I 2024-11-05 23:43:48,733] Trial 974 finished with value: 0.2475149581072806 and parameters: {'nodeNum': 600, 'leaking_rate': 0.041089056846948524, 'tikhonov_beta': 1.0120902783041095e-07}. Best is trial 675 with value: 0.2464088749198054.
[I 2024-11-05 23:46:44,457] Trial 985 finished with value: 0.26810386822091214 and parameters: {'nodeNum': 600, 'leaking_rate': 0.05340456270325538, 'tikhonov_beta': 7.698071952094902e-06}. Best is trial 675 with value: 0.2464088749198054.
[I 2024-11-05 23:49:28,969] Trial 991 finished with value: 0.2573843247824709 and parameters: {'nodeNum': 550, 'leaking_rate': 0.033993744267895074, 'tikhonov_beta': 1.6647794196615986e-07}. Best is trial 675 with value: 0.2464088749198054.
[I 2024-11-05 23:52:16,467] Trial 997 finished with value: 0.24863802713632357 and parameters: {'nodeNum': 600, 'leaking_rate': 0.048198901897446036, 'tikhonov_beta': 1.3315831830880288e-07}. Best is trial 675 with value: 0.2464088749198054.
[I 2024-11-05 23:54:59,306] Trial 999 finished with value: 0.25097576744426836 and parameters: {'nodeNum': 600, 'leaking_rate': 0.042467500425072746, 'tikhonov_beta': 2.0928607948283107e-07}. Best is trial 675 with value: 0.2464088749198054.
