[I 2024-11-05 23:22:27,117] Trial 902 finished with value: 0.24986689124390557 and parameters: {'nodeNum': 600, 'leaking_rate': 0.05607784671610526, 'tikhonov_beta': 1.2353948516871792e-07}. Best is trial 675 with value: 0.2464088749198054.
[I 2024-11-05 23:25:20,865] Trial 912 finished with value: 0.25672849058005326 and parameters: {'nodeNum': 600, 'leaking_rate': 0.04597980171668318, 'tikhonov_beta': 8.059925395616394e-07}. Best is trial 675 with value: 0.2464088749198054.
[I 2024-11-05 23:28:14,860] Trial 922 finished with value: 0.25355072806919987 and parameters: {'nodeNum': 600, 'leaking_rate': 0.03257959770650028, 'tikhonov_beta': 1.6545999244913816e-07}. Best is trial 675 with value: 0.2464088749198054.
[I 2024-11-05 23:31:08,953] Trial 932 finished with value: 0.2502563559097919 and parameters: {'nodeNum': 600, 'leaking_rate': 0.051304255651039306, 'tikhonov_beta': 1.6323565789194575e-07}. Best is trial 675 with value: 0.2464088749198054.
[I 2024-11-05 23:34:03,232] Trial 942 finished with value: 0.34024040954503937 and parameters: {'nodeNum': 600, 'leaking_rate': 0.0076707140196411935, 'tikhonov_beta': 1.2884149557714745e-07}. Best is trial 675 with value: 0.2464088749198054.
[I 2024-11-05 23:36:57,396] Trial 952 finished with value: 0.24705194334105976 and parameters: {'nodeNum': 600, 'leaking_rate': 0.04430567965143187, 'tikhonov_beta': 1.0131109351186288e-07}. Best is trial 675 with value: 0.2464088749198054.
[I 2024-11-05 23:39:52,062] Trial 962 finished with value: 0.25120898342687636 and parameters: {'nodeNum': 600, 'leaking_rate': 0.04699345728983667, 'tikhonov_beta': 2.1436827872991816e-07}. Best is trial 675 with value: 0.2464088749198054.
[I 2024-11-05 23:42:46,685] Trial 972 finished with value: 0.2472554545046473 and parameters: {'nodeNum': 600, 'leaking_rate': 0.03957358114311159, 'tikhonov_beta': 1.0070689269437463e-07}. Best is trial 675 with value: 0.2464088749198054.
[I 2024-11-05 23:45:40,512] Trial 982 finished with value: 0.34772173116324073 and parameters: {'nodeNum': 600, 'leaking_rate': 0.053456813474650956, 'tikhonov_beta': 0.00024645790392240514}. Best is trial 675 with value: 0.2464088749198054.
