[I 2024-11-05 00:10:14,398] Using an existing study with name 'reproduct_sample05' in[I 2024-11-05 00:10:38,852] T[I 2024-11-05 00:12:29,838] Trial 9 finished with value: 3.831956032417661 and parameters: {'nodeNum': 500, 'leaking_rate': 0.0024441869904863, 'tikhonov_beta': 9.22838501537494e-05}. Best is trial 0 with val[I 2024-11-05 00:12:47,3[I 2024-11-05 00:14:29,719] Trial 19 finished with value: 1.0150918931555626 and parameters: {'nodeNum': 150, 'leaking_rate': 0.007447839318334089, 'tikhonov_beta': 0.002355168426484557}. Best is trial 10 with valu[I 2024-11-05 00:14:47,[I 2024-11-05 00:16:29,688] Trial 29 finished with value: 1.0698977190329901 and parameters: {'nodeNum': 150, 'leaking_rate': 0.013158140474717243, 'tikhonov_beta': 0.00048189962399969224}. Best is trial 10 with v[I 2024-11-05 00:16:48,1[I[I 2024-11-05 00:18:32,053] Trial 39 finished with value: 0.6479622411151017 and parameters: {'nodeNum': 250, 'leaking_rate': 0.004196930420474694, 'tikhonov_beta': 0.00027568977223216165}. Best is trial 10 with [I 2024-11-05 00:18:50,94[I[I 2024-11-05 00:20:38,514] Trial 49 finished with value: 3.1798985811928198 and parameters: {'nodeNum': 350, 'leaking_rate': 0.0016936974711860048, 'tikhonov_beta': 2.2667028470790356e-05}. Best is trial 10 wit[I 2024-11-05 00:20:56,5[I 20[I 2024-11-05 00:22:47,624] Trial 59 finished with value: 1.720043863569171 and parameters: {'nodeNum': 400, 'leaking_rate': 0.00896015608654165, 'tikhonov_beta': 0.005545608253507807}. Best is trial 10 with va[I 2024-11-05 00:23:06,[I[I 2024-11-05 00:24:52,445] Trial 69 finished with value: 2.0786863476580435 and parameters: {'nodeNum': 300, 'leaking_rate': 0.006049575190413244, 'tikhonov_beta': 9.429490854130788e-05}. Best is trial 10 with val[I 2024-11-05 00:25:1[I[[I 2024-11-05 00:26:54,006] Trial 79 finished with value: 1.0157951964183691 and parameters: {'nodeNum': 200, 'leaking_rate': 0.003291624324525797, 'tikhonov_beta': 0.0026336788155382736}. Best is trial 10 with valu[I 2024-11-05 00:[I 20[[I [I 2024-11-05 00:28:58,596] Trial 88 finished with value: 0.9272437337952749 and parameters: {'nodeNum': 250, 'leaking_rate': 0.002600268430021831, 'tikhonov_beta': 0.00025695154336154895}. Best is trial 10 with [I 2024-11-05 00:[I 20[[[I 2024-11-05 00:31:16,052] Trial 98 finished with value: 1.598060259667082 and parameters: {'nodeNum': 550, 'leaking_rate': 0.003873078138643968, 'tikhonov_beta': 5.006459536425005e-05}. Best is trial 10 with valu[I 2024-11-05 00[I 20[[[I 2024-11-05 00:33:20,950] Trial 109 finished with value: 1.349649891857165 and parameters: {'nodeNum': 300, 'leaking_rate': 0.00788434775260998, 'tikhonov_beta': 0.0001439658501151445}. Best is trial 10 with value:[I 2024-11-05 00:[I [[I 2024-11-05 00:35:28,478] Trial 119 finished with value: 0.8191307565672151 and parameters: {'nodeNum': 350, 'leaking_rate': 0.004609775892711727, 'tikhonov_beta': 0.0008482446501835538}. Best is trial 116 with value[I 2024-11-05 00:3[I 2[I 2024-11-05 00:37:35,749] Trial 129 finished with value: 0.5963045536918291 and parameters: {'nodeNum': 350, 'leaking_rate': 0.0030703186918397047, 'tikhonov_beta': 0.0002817657081815154}. Best is trial 123 with value: 0.5808788947329[I 2[[I 2[I 2024-11-05 00:39:43,942] Trial 138 finished with value: 0.9361860394170467 and parameters: {'nodeNum': 350, 'leaking_rate': 0.0052815618285451775, 'tikhonov_beta': 0.0011486981179919717}. Best is trial 136 with value: 0.5722328[I 202[I 20[I 2024-11-05 00:41:47,934] Trial 150 finished with value: 0.722634418858535 and parameters: {'nodeNum': 150, 'leaking_rate': 0.003584186677793477, 'tikhonov_beta': 0.0029370423321188597}. Best is trial 136 with value: 0.572232899[I 20[I 2[I 2024-11-05 00:43:51,710] Trial 161 finished with value: 0.8734414063332426 and parameters: {'nodeNum': 150, 'leaking_rate': 0.004740746077723183, 'tikhonov_beta': 0.00023860199291500522}. Best is trial 136 with value: 0.572232899[I 2[[I 2[I 2024-11-05 00:46:04,697] Trial 171 finished with value: 2.2007807599690774 and parameters: {'nodeNum': 400, 'leaking_rate': 0.002964902836205973, 'tikhonov_beta': 0.0004240994526485364}. Best is trial 136 with value: 0.5722328[I 2[I [I 2[I 2024-11-05 00:48:08,367] Trial 181 finished with value: 0.6138228115527173 and parameters: {'nodeNum': 200, 'leaking_rate': 0.004018617918745409, 'tikhonov_beta': 0.0006403050591098577}. Best is trial 136 with value: 0.5722328[I [I 2024-[I 2024-11-05 00:50:11,687] Trial 191 finished with value: 0.6596940433404506 and parameters: {'nodeNum': 200, 'leaking_rate': 0.0039479331959230415, 'tikhonov_beta': 0.0004546440561785141}. Best is trial 136 with value: 0.572232[I 2[I 2[I 2[I 2024-11-05 00:52:14,849] Trial 201 finished with value: 0.6370463287613384 and parameters: {'nodeNum': 200, 'leaking_rate': 0.004443500855141605, 'tikhonov_beta': 0.0005713282212772141}. Best is trial 136 with value: 0.5722328[I [I 2024-[I 2024-11-05 00:54:17,654] Trial 211 finished with value: 0.7895481255985549 and parameters: {'nodeNum': 200, 'leaking_rate': 0.0037130231880041476, 'tikhonov_beta': 0.0014894030129672074}. Best is trial 136 with value: 0.5722328[I[I 2024-1[I 2024-11-05 00:56:20,118] Trial 221 finished with value: 0.6914039393496687 and parameters: {'nodeNum': 200, 'leaking_rate': 0.0032980748108615158, 'tikhonov_beta': 0.000343250930533643}. Best is trial 136 with value: 0.5722328[I [I 2024-11-05 00:58:31,058] Trial 230 finished with value: 0.6968233567528405 and parameters: {'nodeNum': 350, 'leaking_rate': 0.0043370471601359255, 'tikhonov_beta': 0.0005574694012317558}. Best is trial 136 with value: 0.572232899933[I 202[I 2024-11-05 01:00:42,794] Trial 241 finished with value: 0.711724131970443 and parameters: {'nodeNum': 350, 'leaking_rate': 0.005021702569230261, 'tikhonov_beta': 0.00031730884072184536}. Best is trial 136 with value: 0.572232899933[I 202[I 2024-11-05 01:02:55,162] Trial 252 finished with value: 0.5923260222386358 and parameters: {'nodeNum': 350, 'leaking_rate': 0.0026558775804815787, 'tikhonov_beta': 0.00028183097323536285}. Best is trial 136 with value: 0.572232899933[I 202[I 2024-11-05 01:05:01,478] Trial 262 finished with value: 0.6814347630092022 and parameters: {'nodeNum': 350, 'leaking_rate': 0.002697272271763257, 'tikhonov_beta': 0.0001786062462959419}. Best is trial 136 with value: 0.57223289993[I 2024[I 2024-11-05 01:07:13,406] Trial 272 finished with value: 0.9046055426047246 and parameters: {'nodeNum': 450, 'leaking_rate': 0.002284061389333701, 'tikhonov_beta': 0.0002273538250575421}. Best is trial 136 with value: 0.572232899933[I 202[I 2024-11-05 01:09:31,831] Trial 282 finished with value: 1.3664616236051055 and parameters: {'nodeNum': 400, 'leaking_rate': 0.004646560011775117, 'tikhonov_beta': 0.0002662665188792871}. Best is trial 136 with value: 0.57223289993[I 2024[I 2024-11-05 01:11:40,985] Trial 292 finished with value: 0.5980907007478417 and parameters: {'nodeNum': 350, 'leaking_rate': 0.003021375620376438, 'tikhonov_beta': 0.0002596230053151252}. Best is trial 136 with value: 0.572232899933[I 202[I 2024-11-05 01:14:00,655] Trial 302 finished with value: 1.362821127646861 and parameters: {'nodeNum': 350, 'leaking_rate': 0.003079872339787437, 'tikhonov_beta': 7.787980962177025e-05}. Best is trial 136 with value: 0.57223289993329[I 2[I 2024-11-05 01:16:11,574] Trial 312 finished with value: 0.5989882225696075 and parameters: {'nodeNum': 350, 'leaking_rate': 0.002456896551675451, 'tikhonov_beta': 0.0002494250307457108}. Best is trial 136 with value: 0.5722328999332[I[I [I 2024-11-05 01:18:20,791] Trial 323 finished with value: 1.5430863523511076 and parameters: {'nodeNum': 150, 'leaking_rate': 0.002473314439902833, 'tikhonov_beta': 0.0001881090147508928}. Best is trial 136 with value: 0.5722328999[I 202[I[I 2024-11-05 01:20:35,441] Trial 334 finished with value: 3.1533143422144545 and parameters: {'nodeNum': 400, 'leaking_rate': 0.0020590227278276725, 'tikhonov_beta': 0.00039494844599561354}. Best is trial 136 with value: 0.572232899[I 2024[I[I 2024-11-05 01:22:44,781] Trial 344 finished with value: 1.8102617892080881 and parameters: {'nodeNum': 300, 'leaking_rate': 0.0027355562994286213, 'tikhonov_beta': 0.0003120277994587537}. Best is trial 136 with value: 0.57223289[I 202[I 2[I 2024-11-05 01:25:00,300] Trial 354 finished with value: 0.5990617374979087 and parameters: {'nodeNum': 350, 'leaking_rate': 0.0034216865673314906, 'tikhonov_beta': 0.00029289512010716845}. Best is trial 136 with value: 0.5722328[I 202[I 20[I 2024-11-05 01:27:14,809] Trial 364 finished with value: 0.6326295309537545 and parameters: {'nodeNum': 350, 'leaking_rate': 0.002220833486357674, 'tikhonov_beta': 0.00045684400577253705}. Best is trial 136 with value: 0.572232[I 2024[I 20[I 2024-11-05 01:29:31,271] Trial 374 finished with value: 0.6786449118810324 and parameters: {'nodeNum': 350, 'leaking_rate': 0.002268730410665033, 'tikhonov_beta': 0.0005825937302689758}. Best is trial 136 with value: 0.5722328[I 2024[I 2[I 2024-11-05 01:31:44,786] Trial 384 finished with value: 0.7824341085792272 and parameters: {'nodeNum': 350, 'leaking_rate': 0.002643022598616326, 'tikhonov_beta': 0.00014694891802191108}. Best is trial 136 with value: 0.5722328[I 20[I 202[I 2024-11-05 01:33:45,019] Trial 394 finished with value: 0.8895807432390745 and parameters: {'nodeNum': 150, 'leaking_rate': 0.0029064167650276404, 'tikhonov_beta': 0.0003567498203747607}. Best is trial 136 with value: 0.5722328[I 202[I 20[I 2024-11-05 01:36:00,858] Trial 404 finished with value: 0.6137547734346154 and parameters: {'nodeNum': 350, 'leaking_rate': 0.0028715301532753717, 'tikhonov_beta': 0.00022479142683165323}. Best is trial 136 with value: 0.57223[I 2024[I 202[I 2024-11-05 01:38:16,235] Trial 414 finished with value: 0.596408546871273 and parameters: {'nodeNum': 350, 'leaking_rate': 0.0023107548648655402, 'tikhonov_beta': 0.00027388918881483777}. Best is trial 136 with value: 0.572232[I 2024[I 20[I 2024-11-05 01:40:33,574] Trial 425 finished with value: 2.529753447141181 and parameters: {'nodeNum': 400, 'leaking_rate': 0.002231740233761321, 'tikhonov_beta': 0.0010889779562170939}. Best is trial 136 with value: 0.5722328999332[I 20[I 2024-11-05 01:42:51,522] Trial 437 finished with value: 0.5927173265742371 and parameters: {'nodeNum': 350, 'leaking_rate': 0.002503119390755825, 'tikhonov_beta': 0.0002951328116206381}. Best is trial 136 with value: 0.57223289993329[I 2[I 2024-11-05 01:45:10,983] Trial 448 finished with value: 1.0123767736136366 and parameters: {'nodeNum': 350, 'leaking_rate': 0.0019723379870976495, 'tikhonov_beta': 0.0018755130706577326}. Best is trial 136 with value: 0.5722328999332982.
[I 2024-11-05 01:47:30,230] Trial 459 finished with value: 0.6261199058975632 and parameters: {'nodeNum': 350, 'leaking_rate': 0.002287633711347813, 'tikhonov_beta': 0.0004327112205749737}. Best is trial 136 with value: 0.5722328999332982.
[I 2024-11-05 01:49:31,365] Trial 470 finished with value: 1.141903641075302 and parameters: {'nodeNum': 150, 'leaking_rate': 0.0026316734899193067, 'tikhonov_beta': 0.00028085735133077445}. Best is trial 136 with value: 0.5722328999332982.
[I 2024-11-05 01:51:33,344] Trial 479 finished with value: 2.0680673262874234 and parameters: {'nodeNum': 150, 'leaking_rate': 0.0017943860411422485, 'tikhonov_beta': 0.00016692643043756696}. Best is trial 136 with value: 0.572232899933[I 202[I 2024-11-05 01:53:46,878] Trial 488 finished with value: 2.954983812079784 and parameters: {'nodeNum': 350, 'leaking_rate': 0.008693945671680975, 'tikhonov_beta': 0.0005491567544801108}. Best is trial 136 with value: 0.5722328999332982.
[I 2024-11-05 01:55:54,338] Trial 499 finished with value: 0.5991788878533925 and parameters: {'nodeNum': 350, 'leaking_rate': 0.002209886449282466, 'tikhonov_beta': 0.0003417848389291275}. Best is trial 136 with value: 0.5722328999332982.
[I 2024-11-05 01:58:07,230] Trial 509 finished with value: 1.3450245214811603 and parameters: {'nodeNum': 400, 'leaking_rate': 0.0032030759443416033, 'tikhonov_beta': 0.00011219772790555652}. Best is trial 136 with value: 0.5722328999332982.
[I 2024-11-05 02:00:20,702] Trial 520 finished with value: 0.6148325443882293 and parameters: {'nodeNum': 350, 'leaking_rate': 0.0028171258463419255, 'tikhonov_beta': 0.00022210010967846624}. Best is trial 136 with value: 0.5722328999332982.
[I 2024-11-05 02:02:29,169] Trial 530 finished with value: 0.6579520707074384 and parameters: {'nodeNum': 350, 'leaking_rate': 0.0024684864717849633, 'tikhonov_beta': 0.000489067684580593}. Best is trial 136 with value: 0.5722328999332982.
[I 2024-11-05 02:04:39,414] Trial 541 finished with value: 2.443901294199855 and parameters: {'nodeNum': 300, 'leaking_rate': 0.0018992395289992158, 'tikhonov_beta': 6.614080701502477e-05}. Best is trial 136 with value: 0.5722328999332982.
[I 2024-11-05 02:06:46,294] Trial 551 finished with value: 0.5944107779769123 and parameters: {'nodeNum': 350, 'leaking_rate': 0.0023091416815489707, 'tikhonov_beta': 0.000291221195631886}. Best is trial 136 with value: 0.5722328999332982.
[I 2024-11-05 02:08:53,052] Trial 561 finished with value: 1.3291408686629642 and parameters: {'nodeNum': 250, 'leaking_rate': 0.002679863142318289, 'tikhonov_beta': 0.0007730201592733365}. Best is trial 136 with value: 0.5722328999332982.
[I 2024-11-05 02:10:59,740] Trial 571 finished with value: 0.9390088358436761 and parameters: {'nodeNum': 150, 'leaking_rate': 0.002623467779211047, 'tikhonov_beta': 0.0003917331353771184}. Best is trial 136 with value: 0.5722328999332982.
[I 2024-11-05 02:13:13,586] Trial 581 finished with value: 0.8217753480375696 and parameters: {'nodeNum': 350, 'leaking_rate': 0.002373742380989579, 'tikhonov_beta': 0.0011365046619400314}. Best is trial 136 with value: 0.5722328999332982.
[I 2024-11-05 02:15:15,135] Trial 591 finished with value: 0.8660127008946135 and parameters: {'nodeNum': 150, 'leaking_rate': 0.001321927778753305, 'tikhonov_beta': 0.0006650779959826302}. Best is trial 136 with value: 0.5722328999332982.
[I 2024-11-05 02:17:26,758] Trial 601 finished with value: 0.6558744204526915 and parameters: {'nodeNum': 150, 'leaking_rate': 0.0038140802091871542, 'tikhonov_beta': 0.0017515679681185203}. Best is trial 136 with value: 0.5722328999332982.
[I 2024-11-05 02:19:30,883] Trial 612 finished with value: 0.5702348838491295 and parameters: {'nodeNum': 150, 'leaking_rate': 0.0035240247110936945, 'tikhonov_beta': 0.0009036475228065087}. Best is trial 612 with value: 0.5702348838491295.
[I 2024-11-05 02:21:36,768] Trial 622 finished with value: 0.5846798989000235 and parameters: {'nodeNum': 150, 'leaking_rate': 0.004102074421441625, 'tikhonov_beta': 0.0009920965586714611}. Best is trial 616 with value: 0.5692710136204097.
[I 2024-11-05 02:23:49,003] Trial 632 finished with value: 0.5951700265099439 and parameters: {'nodeNum': 150, 'leaking_rate': 0.004156598926523422, 'tikhonov_beta': 0.0010925995965210403}. Best is trial 616 with value: 0.5692710136204097.
[I 2024-11-05 02:25:48,529] Trial 642 finished with value: 0.5828033093762995 and parameters: {'nodeNum': 150, 'leaking_rate': 0.004037102580178555, 'tikhonov_beta': 0.000981821301394025}. Best is trial 616 with value: 0.5692710136204097.
[I 2024-11-05 02:27:48,557] Trial 652 finished with value: 0.6151796876538885 and parameters: {'nodeNum': 150, 'leaking_rate': 0.0035098936986918405, 'tikhonov_beta': 0.0015488597432069655}. Best is trial 616 with value: 0.5692710136204097.
[I 2024-11-05 02:29:55,852] Trial 662 finished with value: 0.5957378664525412 and parameters: {'nodeNum': 150, 'leaking_rate': 0.004821676677102132, 'tikhonov_beta': 0.000911259676771761}. Best is trial 660 with value: 0.5691903908383694.
[I 2024-11-05 02:31:58,226] Trial 672 finished with value: 0.5760166690307467 and parameters: {'nodeNum': 150, 'leaking_rate': 0.0033449832424144624, 'tikhonov_beta': 0.0007817610145178593}. Best is trial 670 with value: 0.5677974735318316.
[I 2024-11-05 02:34:01,603] Trial 682 finished with value: 0.5717675153588946 and parameters: {'nodeNum': 150, 'leaking_rate': 0.0032531972915393038, 'tikhonov_beta': 0.0008473362189538284}. Best is trial 670 with value: 0.5677974735318316.
[I 2024-11-05 02:36:04,802] Trial 692 finished with value: 0.5932046067360339 and parameters: {'nodeNum': 150, 'leaking_rate': 0.00315667573787099, 'tikhonov_beta': 0.0007235973104512199}. Best is trial 670 with value: 0.5677974735318316.
[I 2024-11-05 02:38:06,000] Trial 702 finished with value: 0.6385078623028303 and parameters: {'nodeNum': 150, 'leaking_rate': 0.0036849628402995825, 'tikhonov_beta': 0.0016622079662957105}. Best is trial 670 with value: 0.5677974735318316.
[I 2024-11-05 02:40:13,686] Trial 712 finished with value: 0.5920477078569372 and parameters: {'nodeNum': 150, 'leaking_rate': 0.00369556241966735, 'tikhonov_beta': 0.0011851856242522873}. Best is trial 670 with value: 0.5677974735318316.
[I 2024-11-05 02:42:19,951] Trial 722 finished with value: 0.7653435236361091 and parameters: {'nodeNum': 200, 'leaking_rate': 0.0030004017274413114, 'tikhonov_beta': 0.0009549044142513935}. Best is trial 670 with value: 0.5677974735318316.
[I 2024-11-05 02:44:24,207] Trial 732 finished with value: 0.5718335490921936 and parameters: {'nodeNum': 150, 'leaking_rate': 0.0030593303179693356, 'tikhonov_beta': 0.0009234582483849305}. Best is trial 670 with value: 0.5677974735318316.
[I 2024-11-05 02:46:32,485] Trial 743 finished with value: 0.607239843027922 and parameters: {'nodeNum': 150, 'leaking_rate': 0.003336607795562738, 'tikhonov_beta': 0.000629831342805173}. Best is trial 734 with value: 0.5673812789271605.
[I 2024-11-05 02:48:42,987] Trial 753 finished with value: 0.6319669484002199 and parameters: {'nodeNum': 150, 'leaking_rate': 0.003988828550475151, 'tikhonov_beta': 0.0014462121642466875}. Best is trial 734 with value: 0.5673812789271605.
[I 2024-11-05 02:50:41,950] Trial 763 finished with value: 0.5689046025300317 and parameters: {'nodeNum': 150, 'leaking_rate': 0.002948751203754244, 'tikhonov_beta': 0.0010639149093138118}. Best is trial 761 with value: 0.5670535014907268.
[I 2024-11-05 02:52:44,694] Trial 773 finished with value: 0.5701160547755242 and parameters: {'nodeNum': 150, 'leaking_rate': 0.0028963964266732626, 'tikhonov_beta': 0.0010857040408024609}. Best is trial 771 with value: 0.5666680775525416.
[I 2024-11-05 02:54:53,184] Trial 783 finished with value: 0.6257786444237275 and parameters: {'nodeNum': 150, 'leaking_rate': 0.0029799990301210143, 'tikhonov_beta': 0.002192358588125603}. Best is trial 771 with value: 0.5666680775525416.
[I 2024-11-05 02:56:57,328] Trial 794 finished with value: 0.5703846334574261 and parameters: {'nodeNum': 150, 'leaking_rate': 0.002987145246791274, 'tikhonov_beta': 0.0013117552409872505}. Best is trial 771 with value: 0.5666680775525416.
[I 2024-11-05 02:59:08,524] Trial 806 finished with value: 0.5822764605879782 and parameters: {'nodeNum': 150, 'leaking_rate': 0.002747243158186026, 'tikhonov_beta': 0.0016203219094413112}. Best is trial 771 with value: 0.5666680775525416.
[I 2024-11-05 03:01:10,987] Trial 816 finished with value: 1.2373562619581344 and parameters: {'nodeNum': 150, 'leaking_rate': 0.01228481754641156, 'tikhonov_beta': 0.0018527058783214777}. Best is trial 771 with value: 0.5666680775525416.
[I 2024-11-05 03:03:16,630] Trial 826 finished with value: 1.237080683151477 and parameters: {'nodeNum': 150, 'leaking_rate': 0.013904101405832075, 'tikhonov_beta': 0.0011873806714067215}. Best is trial 771 with value: 0.5666680775525416.
[I 2024-11-05 03:05:28,432] Trial 837 finished with value: 0.5678432027340407 and parameters: {'nodeNum': 150, 'leaking_rate': 0.0031218665036362417, 'tikhonov_beta': 0.0011659132815273934}. Best is trial 832 with value: 0.5663122722798509.
[I 2024-11-05 03:07:27,496] Trial 849 finished with value: 1.9251538956524605 and parameters: {'nodeNum': 150, 'leaking_rate': 0.06661117648821331, 'tikhonov_beta': 0.0028399935377268707}. Best is trial 832 with value: 0.5663122722798509.
[I 2024-11-05 03:09:33,238] Trial 859 finished with value: 0.585902788449434 and parameters: {'nodeNum': 150, 'leaking_rate': 0.002692885338108934, 'tikhonov_beta': 0.0016842578223127353}. Best is trial 832 with value: 0.5663122722798509.
[I 2024-11-05 03:11:40,149] Trial 869 finished with value: 0.5962437552438203 and parameters: {'nodeNum': 150, 'leaking_rate': 0.0033414914129391835, 'tikhonov_beta': 0.0014694866660072375}. Best is trial 832 with value: 0.5663122722798509.
[I 2024-11-05 03:13:47,144] Trial 879 finished with value: 0.5684395548162885 and parameters: {'nodeNum': 150, 'leaking_rate': 0.0029991082200069453, 'tikhonov_beta': 0.0010296775959529837}. Best is trial 832 with value: 0.5663122722798509.
[I 2024-11-05 03:15:58,345] Trial 889 finished with value: 11.519641667790353 and parameters: {'nodeNum': 150, 'leaking_rate': 0.002844455830968769, 'tikhonov_beta': 1.5256135172099046e-06}. Best is trial 832 with value: 0.5663122722798509.
[I 2024-11-05 03:18:07,829] Trial 900 finished with value: 0.5751315099682632 and parameters: {'nodeNum': 150, 'leaking_rate': 0.00378921714225055, 'tikhonov_beta': 0.0007883209293822911}. Best is trial 832 with value: 0.5663122722798509.
[I 2024-11-05 03:20:13,803] Trial 911 finished with value: 0.9524840841275652 and parameters: {'nodeNum': 200, 'leaking_rate': 0.0032314469930815946, 'tikhonov_beta': 0.0019876191929093555}. Best is trial 832 with value: 0.5663122722798509.
[I 2024-11-05 03:22:22,859] Trial 921 finished with value: 0.5808396776883518 and parameters: {'nodeNum': 150, 'leaking_rate': 0.002524895392892734, 'tikhonov_beta': 0.0012798847404992088}. Best is trial 832 with value: 0.5663122722798509.
[I 2024-11-05 03:24:28,640] Trial 932 finished with value: 0.5782605275467201 and parameters: {'nodeNum': 150, 'leaking_rate': 0.0028057165886187655, 'tikhonov_beta': 0.0010289654464494867}. Best is trial 832 with value: 0.5663122722798509.
