[I 2024-11-05 19:04:08,264] Using an existing study with name 'reproduct_sample07' instead of creating a new one.
[I 2024-11-05 19:06:46,369] Trial 5 finished with value: 0.35998525696002726 and parameters: {'nodeNum': 300, 'leaking_rate': 0.0208368908774438, 'tikhonov_beta': 0.00030093245144776595}. Best is trial 2 with value: 0.31956792545654295.
[I 2024-11-05 19:09:36,076] Trial 15 finished with value: 0.2627159389012444 and parameters: {'nodeNum': 500, 'leaking_rate': 0.031038760846671655, 'tikhonov_beta': 1.596461048522452e-07}. Best is trial 7 with value: 0.2525162647415277.
[I 2024-11-05 19:12:32,994] Trial 25 finished with value: 0.3789821994730981 and parameters: {'nodeNum': 600, 'leaking_rate': 0.005763569709226118, 'tikhonov_beta': 1.15019313084897e-07}. Best is trial 24 with value: 0.24988796960057452.
[I 2024-11-05 19:15:26,017] Trial 35 finished with value: 0.2584331452970913 and parameters: {'nodeNum': 550, 'leaking_rate': 0.043527906315926054, 'tikhonov_beta': 7.430788435548083e-07}. Best is trial 24 with value: 0.24988796960057452.
[I 2024-11-05 19:18:19,150] Trial 45 finished with value: 0.26624564585358607 and parameters: {'nodeNum': 550, 'leaking_rate': 0.05537789714757939, 'tikhonov_beta': 2.7003431721593287e-06}. Best is trial 24 with value: 0.24988796960057452.
[I 2024-11-05 19:21:03,268] Trial 55 finished with value: 0.28123880383665806 and parameters: {'nodeNum': 400, 'leaking_rate': 0.015615453808450629, 'tikhonov_beta': 3.4859509846355587e-07}. Best is trial 24 with value: 0.24988796960057452.
[I 2024-11-05 19:23:49,376] Trial 65 finished with value: 0.308268734441494 and parameters: {'nodeNum': 450, 'leaking_rate': 0.09521835263244298, 'tikhonov_beta': 2.561452978278965e-07}. Best is trial 24 with value: 0.24988796960057452.
[I 2024-11-05 19:26:39,292] Trial 75 finished with value: 0.29442872839891526 and parameters: {'nodeNum': 500, 'leaking_rate': 0.07318644434716909, 'tikhonov_beta': 1.3951755348115943e-06}. Best is trial 24 with value: 0.24988796960057452.
[I 2024-11-05 19:29:20,636] Trial 86 finished with value: 0.3527604298101751 and parameters: {'nodeNum': 350, 'leaking_rate': 0.04008421577459416, 'tikhonov_beta': 0.0007667974591254927}. Best is trial 24 with value: 0.24988796960057452.
[I 2024-11-05 19:31:59,564] Trial 96 finished with value: 0.2620673789547678 and parameters: {'nodeNum': 300, 'leaking_rate': 0.02975660521018571, 'tikhonov_beta': 1.5154314086839245e-07}. Best is trial 24 with value: 0.24988796960057452.
[I 2024-11-05 19:34:57,336] Trial 106 finished with value: 0.2510899196187978 and parameters: {'nodeNum': 600, 'leaking_rate': 0.04768792846924194, 'tikhonov_beta': 2.1322232313821747e-07}. Best is trial 103 with value: 0.24869007928034603.
[I 2024-11-05 19:37:32,681] Trial 118 finished with value: 0.2534829238786039 and parameters: {'nodeNum': 250, 'leaking_rate': 0.04704058047635462, 'tikhonov_beta': 1.9475160807807185e-07}. Best is trial 103 with value: 0.24869007928034603.
[I 2024-11-05 19:40:07,889] Trial 128 finished with value: 0.2549791209986228 and parameters: {'nodeNum': 200, 'leaking_rate': 0.05733401229752905, 'tikhonov_beta': 1.3772769309052008e-07}. Best is trial 103 with value: 0.24869007928034603.
[I 2024-11-05 19:42:46,482] Trial 138 finished with value: 0.39502130844676436 and parameters: {'nodeNum': 300, 'leaking_rate': 0.004980623731021649, 'tikhonov_beta': 1.0498220851417808e-07}. Best is trial 103 with value: 0.24869007928034603.
[I 2024-11-05 19:45:25,534] Trial 147 finished with value: 0.26583859678298166 and parameters: {'nodeNum': 300, 'leaking_rate': 0.07539025585974657, 'tikhonov_beta': 2.621739071609024e-07}. Best is trial 103 with value: 0.24869007928034603.
[I 2024-11-05 19:48:04,613] Trial 157 finished with value: 0.2533770653949374 and parameters: {'nodeNum': 300, 'leaking_rate': 0.05417491741400574, 'tikhonov_beta': 2.7542603210217476e-07}. Best is trial 103 with value: 0.24869007928034603.
[I 2024-11-05 19:51:01,536] Trial 167 finished with value: 0.25243384547224956 and parameters: {'nodeNum': 600, 'leaking_rate': 0.061782999709713037, 'tikhonov_beta': 1.6599011952920967e-07}. Best is trial 103 with value: 0.24869007928034603.
[I 2024-11-05 19:53:40,566] Trial 178 finished with value: 0.2530400977736154 and parameters: {'nodeNum': 300, 'leaking_rate': 0.06682918445203971, 'tikhonov_beta': 2.082196013024174e-07}. Best is trial 103 with value: 0.24869007928034603.
[I 2024-11-05 19:56:19,090] Trial 187 finished with value: 0.25080589133907705 and parameters: {'nodeNum': 300, 'leaking_rate': 0.05774493059899691, 'tikhonov_beta': 1.011040521116377e-07}. Best is trial 103 with value: 0.24869007928034603.
[I 2024-11-05 19:59:00,062] Trial 197 finished with value: 0.2508211556388937 and parameters: {'nodeNum': 350, 'leaking_rate': 0.058762944135822906, 'tikhonov_beta': 1.0000207522817227e-07}. Best is trial 103 with value: 0.24869007928034603.
[I 2024-11-05 20:01:40,500] Trial 207 finished with value: 0.2531967869352869 and parameters: {'nodeNum': 350, 'leaking_rate': 0.05024026016519714, 'tikhonov_beta': 1.0408133816658109e-07}. Best is trial 103 with value: 0.24869007928034603.
[I 2024-11-05 20:04:19,348] Trial 217 finished with value: 0.25469165046051845 and parameters: {'nodeNum': 300, 'leaking_rate': 0.0446673564526049, 'tikhonov_beta': 1.444552363786e-07}. Best is trial 103 with value: 0.24869007928034603.
[I 2024-11-05 20:06:58,026] Trial 227 finished with value: 0.25111296643592634 and parameters: {'nodeNum': 300, 'leaking_rate': 0.05781156264137148, 'tikhonov_beta': 1.4314921752703102e-07}. Best is trial 103 with value: 0.24869007928034603.
[I 2024-11-05 20:09:36,938] Trial 237 finished with value: 0.2581180774201905 and parameters: {'nodeNum': 300, 'leaking_rate': 0.07177682258939089, 'tikhonov_beta': 2.062657831295166e-07}. Best is trial 103 with value: 0.24869007928034603.
[I 2024-11-05 20:12:16,518] Trial 247 finished with value: 0.25097074909928874 and parameters: {'nodeNum': 300, 'leaking_rate': 0.06409248076983956, 'tikhonov_beta': 1.2755176891287185e-07}. Best is trial 103 with value: 0.24869007928034603.
[I 2024-11-05 20:14:55,556] Trial 257 finished with value: 0.2509108576462305 and parameters: {'nodeNum': 300, 'leaking_rate': 0.06483395072607356, 'tikhonov_beta': 1.251963628983982e-07}. Best is trial 103 with value: 0.24869007928034603.
[I 2024-11-05 20:17:34,161] Trial 267 finished with value: 0.2686782116525681 and parameters: {'nodeNum': 300, 'leaking_rate': 0.08086703361998165, 'tikhonov_beta': 1.0173746915563108e-07}. Best is trial 103 with value: 0.24869007928034603.
[I 2024-11-05 20:20:15,666] Trial 277 finished with value: 0.25227450452597905 and parameters: {'nodeNum': 350, 'leaking_rate': 0.06463049737489704, 'tikhonov_beta': 1.5979900877096893e-07}. Best is trial 103 with value: 0.24869007928034603.
[I 2024-11-05 20:23:12,614] Trial 288 finished with value: 0.24807300276098015 and parameters: {'nodeNum': 600, 'leaking_rate': 0.05264689666101618, 'tikhonov_beta': 1.0084441481016763e-07}. Best is trial 288 with value: 0.24807300276098015.
[I 2024-11-05 20:26:09,083] Trial 298 finished with value: 0.2528993985201479 and parameters: {'nodeNum': 600, 'leaking_rate': 0.048285235398820785, 'tikhonov_beta': 3.029052890174934e-07}. Best is trial 296 with value: 0.24688148897678122.
[I 2024-11-05 20:29:05,702] Trial 308 finished with value: 0.25134834955794827 and parameters: {'nodeNum': 600, 'leaking_rate': 0.036474060442754815, 'tikhonov_beta': 1.793072342595034e-07}. Best is trial 296 with value: 0.24688148897678122.
[I 2024-11-05 20:32:02,286] Trial 318 finished with value: 0.24832428243552293 and parameters: {'nodeNum': 600, 'leaking_rate': 0.04218790346785362, 'tikhonov_beta': 1.294650127734403e-07}. Best is trial 296 with value: 0.24688148897678122.
[I 2024-11-05 20:34:59,270] Trial 328 finished with value: 0.25042032880348397 and parameters: {'nodeNum': 600, 'leaking_rate': 0.03988294542434455, 'tikhonov_beta': 1.7778840887049722e-07}. Best is trial 296 with value: 0.24688148897678122.
[I 2024-11-05 20:37:55,864] Trial 338 finished with value: 0.2614884485772885 and parameters: {'nodeNum': 600, 'leaking_rate': 0.032192293129061626, 'tikhonov_beta': 4.356798681159309e-07}. Best is trial 296 with value: 0.24688148897678122.
[I 2024-11-05 20:40:52,824] Trial 348 finished with value: 0.25012253296518594 and parameters: {'nodeNum': 600, 'leaking_rate': 0.04440356514694431, 'tikhonov_beta': 1.777272075556145e-07}. Best is trial 296 with value: 0.24688148897678122.
[I 2024-11-05 20:43:50,740] Trial 358 finished with value: 0.25269951562680937 and parameters: {'nodeNum': 600, 'leaking_rate': 0.04468648482808059, 'tikhonov_beta': 2.9726690344705595e-07}. Best is trial 296 with value: 0.24688148897678122.
[I 2024-11-05 20:46:43,062] Trial 368 finished with value: 0.2552732218565949 and parameters: {'nodeNum': 550, 'leaking_rate': 0.04610368692659642, 'tikhonov_beta': 2.782844571721044e-07}. Best is trial 296 with value: 0.24688148897678122.
[I 2024-11-05 20:49:39,018] Trial 378 finished with value: 0.24932616597010432 and parameters: {'nodeNum': 600, 'leaking_rate': 0.048957233868516935, 'tikhonov_beta': 1.5293335843793119e-07}. Best is trial 296 with value: 0.24688148897678122.
[I 2024-11-05 20:52:35,860] Trial 388 finished with value: 0.24967803849213263 and parameters: {'nodeNum': 600, 'leaking_rate': 0.03773960037960319, 'tikhonov_beta': 1.4102097506182186e-07}. Best is trial 296 with value: 0.24688148897678122.
[I 2024-11-05 20:55:32,767] Trial 398 finished with value: 0.25786997041950405 and parameters: {'nodeNum': 600, 'leaking_rate': 0.028303415253117914, 'tikhonov_beta': 1.308948421239488e-07}. Best is trial 296 with value: 0.24688148897678122.
[I 2024-11-05 20:58:29,400] Trial 408 finished with value: 0.24945485579294754 and parameters: {'nodeNum': 600, 'leaking_rate': 0.03497059305888676, 'tikhonov_beta': 1.2098162122936902e-07}. Best is trial 296 with value: 0.24688148897678122.
[I 2024-11-05 21:01:25,905] Trial 419 finished with value: 0.2519811375418223 and parameters: {'nodeNum': 600, 'leaking_rate': 0.030845911060940166, 'tikhonov_beta': 1.040830582588594e-07}. Best is trial 296 with value: 0.24688148897678122.
[I 2024-11-05 21:04:22,401] Trial 429 finished with value: 0.2513530214331225 and parameters: {'nodeNum': 600, 'leaking_rate': 0.04041706301363799, 'tikhonov_beta': 2.1514249510487332e-07}. Best is trial 427 with value: 0.24686256396199985.
[I 2024-11-05 21:07:21,052] Trial 440 finished with value: 0.25081347485348876 and parameters: {'nodeNum': 600, 'leaking_rate': 0.04152874594853684, 'tikhonov_beta': 1.9974498806335706e-07}. Best is trial 427 with value: 0.24686256396199985.
[I 2024-11-05 21:10:18,565] Trial 450 finished with value: 0.3936197000044863 and parameters: {'nodeNum': 600, 'leaking_rate': 0.005096155604922396, 'tikhonov_beta': 1.3718466512008865e-07}. Best is trial 427 with value: 0.24686256396199985.
[I 2024-11-05 21:13:15,975] Trial 460 finished with value: 0.24797936149141228 and parameters: {'nodeNum': 600, 'leaking_rate': 0.0518587906337202, 'tikhonov_beta': 1.0567993099841952e-07}. Best is trial 427 with value: 0.24686256396199985.
[I 2024-11-05 21:16:09,155] Trial 471 finished with value: 0.2530599054117434 and parameters: {'nodeNum': 550, 'leaking_rate': 0.05225329660721325, 'tikhonov_beta': 1.0173317886845666e-07}. Best is trial 427 with value: 0.24686256396199985.
[I 2024-11-05 21:19:06,587] Trial 480 finished with value: 0.2481517293100252 and parameters: {'nodeNum': 600, 'leaking_rate': 0.05320466051995802, 'tikhonov_beta': 1.005157254957948e-07}. Best is trial 427 with value: 0.24686256396199985.
[I 2024-11-05 21:22:03,794] Trial 490 finished with value: 0.24895762312931694 and parameters: {'nodeNum': 600, 'leaking_rate': 0.05559000054593283, 'tikhonov_beta': 1.0100071056997988e-07}. Best is trial 427 with value: 0.24686256396199985.
[I 2024-11-05 21:25:00,945] Trial 500 finished with value: 0.24720219167761842 and parameters: {'nodeNum': 600, 'leaking_rate': 0.04887899323420145, 'tikhonov_beta': 1.0086445201090707e-07}. Best is trial 427 with value: 0.24686256396199985.
[I 2024-11-05 21:27:58,598] Trial 510 finished with value: 0.24946558263982813 and parameters: {'nodeNum': 600, 'leaking_rate': 0.048543074868139906, 'tikhonov_beta': 1.5346882606478085e-07}. Best is trial 427 with value: 0.24686256396199985.
[I 2024-11-05 21:30:55,473] Trial 520 finished with value: 0.2484206336204512 and parameters: {'nodeNum': 600, 'leaking_rate': 0.047956042990674456, 'tikhonov_beta': 1.3421688693923804e-07}. Best is trial 427 with value: 0.24686256396199985.
[I 2024-11-05 21:33:52,013] Trial 531 finished with value: 0.2501787335215367 and parameters: {'nodeNum': 600, 'leaking_rate': 0.059074709268556735, 'tikhonov_beta': 1.0202009350028573e-07}. Best is trial 427 with value: 0.24686256396199985.
[I 2024-11-05 21:36:48,009] Trial 541 finished with value: 0.2471415367859312 and parameters: {'nodeNum': 600, 'leaking_rate': 0.043339519485171535, 'tikhonov_beta': 1.0154231848107408e-07}. Best is trial 540 with value: 0.24682618515815993.
[I 2024-11-05 21:39:44,427] Trial 552 finished with value: 0.2505278855246224 and parameters: {'nodeNum': 600, 'leaking_rate': 0.04283617427442451, 'tikhonov_beta': 1.8965524981651323e-07}. Best is trial 540 with value: 0.24682618515815993.
[I 2024-11-05 21:42:18,837] Trial 562 finished with value: 0.2566834364661726 and parameters: {'nodeNum': 150, 'leaking_rate': 0.04295633465498655, 'tikhonov_beta': 1.3376994003445614e-07}. Best is trial 540 with value: 0.24682618515815993.
[I 2024-11-05 21:45:15,359] Trial 569 finished with value: 0.24851216241752058 and parameters: {'nodeNum': 600, 'leaking_rate': 0.048658579907875595, 'tikhonov_beta': 1.3311449704584996e-07}. Best is trial 540 with value: 0.24682618515815993.
[I 2024-11-05 21:48:11,746] Trial 579 finished with value: 0.248835941778565 and parameters: {'nodeNum': 600, 'leaking_rate': 0.05185879055544555, 'tikhonov_beta': 1.2321737690407686e-07}. Best is trial 540 with value: 0.24682618515815993.
[I 2024-11-05 21:51:08,605] Trial 589 finished with value: 0.48609342851036147 and parameters: {'nodeNum': 600, 'leaking_rate': 0.0010474747806763773, 'tikhonov_beta': 1.033571312681345e-07}. Best is trial 540 with value: 0.24682618515815993.
[I 2024-11-05 21:54:01,751] Trial 599 finished with value: 0.25385985215210655 and parameters: {'nodeNum': 550, 'leaking_rate': 0.039379669756303755, 'tikhonov_beta': 1.7648210250460678e-07}. Best is trial 540 with value: 0.24682618515815993.
[I 2024-11-05 21:56:58,230] Trial 609 finished with value: 0.2520385977664267 and parameters: {'nodeNum': 600, 'leaking_rate': 0.04096608614059522, 'tikhonov_beta': 2.4461279884409957e-07}. Best is trial 540 with value: 0.24682618515815993.
[I 2024-11-05 21:59:54,654] Trial 619 finished with value: 0.25044828440597544 and parameters: {'nodeNum': 600, 'leaking_rate': 0.0345952260118111, 'tikhonov_beta': 1.3341573778144547e-07}. Best is trial 540 with value: 0.24682618515815993.
[I 2024-11-05 22:02:51,143] Trial 630 finished with value: 0.24682042026869336 and parameters: {'nodeNum': 600, 'leaking_rate': 0.042623106982053224, 'tikhonov_beta': 1.002694013772017e-07}. Best is trial 630 with value: 0.24682042026869336.
[I 2024-11-05 22:05:48,702] Trial 639 finished with value: 0.2766209033512303 and parameters: {'nodeNum': 600, 'leaking_rate': 0.043811315571657246, 'tikhonov_beta': 1.9398258429771262e-05}. Best is trial 633 with value: 0.24673042796425432.
[I 2024-11-05 22:08:45,813] Trial 650 finished with value: 0.2517849898957871 and parameters: {'nodeNum': 600, 'leaking_rate': 0.037051985845019855, 'tikhonov_beta': 1.9856981782296647e-07}. Best is trial 633 with value: 0.24673042796425432.
[I 2024-11-05 22:11:42,208] Trial 660 finished with value: 0.39520127014674195 and parameters: {'nodeNum': 600, 'leaking_rate': 0.00291406171446501, 'tikhonov_beta': 1.591548479246922e-07}. Best is trial 633 with value: 0.24673042796425432.
[I 2024-11-05 22:14:39,377] Trial 670 finished with value: 0.26457168259515773 and parameters: {'nodeNum': 600, 'leaking_rate': 0.04371821798956782, 'tikhonov_beta': 4.239942741664142e-06}. Best is trial 633 with value: 0.24673042796425432.
[I 2024-11-05 22:17:35,942] Trial 681 finished with value: 0.24798545568116542 and parameters: {'nodeNum': 600, 'leaking_rate': 0.04591252340132652, 'tikhonov_beta': 1.2527719484614746e-07}. Best is trial 675 with value: 0.2464088749198054.
[I 2024-11-05 22:20:32,520] Trial 691 finished with value: 0.49487081955465195 and parameters: {'nodeNum': 600, 'leaking_rate': 0.03882253480425848, 'tikhonov_beta': 0.0782164566481172}. Best is trial 675 with value: 0.2464088749198054.
[I 2024-11-05 22:23:29,229] Trial 700 finished with value: 0.2515259806666408 and parameters: {'nodeNum': 600, 'leaking_rate': 0.04768972985395096, 'tikhonov_beta': 2.290604875979252e-07}. Best is trial 675 with value: 0.2464088749198054.
[I 2024-11-05 22:26:23,164] Trial 710 finished with value: 0.46773371776596917 and parameters: {'nodeNum': 550, 'leaking_rate': 0.017174062890015638, 'tikhonov_beta': 0.018822314910424003}. Best is trial 675 with value: 0.2464088749198054.
[I 2024-11-05 22:29:21,243] Trial 720 finished with value: 0.25231192850375506 and parameters: {'nodeNum': 600, 'leaking_rate': 0.032189814500407074, 'tikhonov_beta': 1.3047981298964235e-07}. Best is trial 675 with value: 0.2464088749198054.
[I 2024-11-05 22:32:18,132] Trial 731 finished with value: 0.24834403275480596 and parameters: {'nodeNum': 600, 'leaking_rate': 0.0409170719171348, 'tikhonov_beta': 1.2566364294384797e-07}. Best is trial 675 with value: 0.2464088749198054.
[I 2024-11-05 22:35:13,921] Trial 741 finished with value: 0.24848291326803432 and parameters: {'nodeNum': 600, 'leaking_rate': 0.03607441941959818, 'tikhonov_beta': 1.0146238472365285e-07}. Best is trial 675 with value: 0.2464088749198054.
[I 2024-11-05 22:38:11,916] Trial 751 finished with value: 0.2501425613115904 and parameters: {'nodeNum': 600, 'leaking_rate': 0.04774081815576989, 'tikhonov_beta': 1.813093258894715e-07}. Best is trial 675 with value: 0.2464088749198054.
[I 2024-11-05 22:41:09,229] Trial 761 finished with value: 0.25505431173334914 and parameters: {'nodeNum': 600, 'leaking_rate': 0.05345317884955314, 'tikhonov_beta': 5.543181258857762e-07}. Best is trial 675 with value: 0.2464088749198054.
[I 2024-11-05 22:44:05,544] Trial 770 finished with value: 0.2485798930424308 and parameters: {'nodeNum': 600, 'leaking_rate': 0.042172156991196655, 'tikhonov_beta': 1.306437446960419e-07}. Best is trial 675 with value: 0.2464088749198054.
[I 2024-11-05 22:47:02,511] Trial 780 finished with value: 0.25255709578480545 and parameters: {'nodeNum': 600, 'leaking_rate': 0.04463555833997795, 'tikhonov_beta': 2.8486750022210164e-07}. Best is trial 675 with value: 0.2464088749198054.
[I 2024-11-05 22:49:59,154] Trial 790 finished with value: 0.24947378553095084 and parameters: {'nodeNum': 600, 'leaking_rate': 0.049365050296406046, 'tikhonov_beta': 1.524421521594346e-07}. Best is trial 675 with value: 0.2464088749198054.
[I 2024-11-05 22:52:54,893] Trial 800 finished with value: 0.2488316665247293 and parameters: {'nodeNum': 600, 'leaking_rate': 0.03439798410930933, 'tikhonov_beta': 1.0041440131729414e-07}. Best is trial 675 with value: 0.2464088749198054.
[I 2024-11-05 22:55:48,326] Trial 810 finished with value: 0.2546059731311776 and parameters: {'nodeNum': 550, 'leaking_rate': 0.04607287637219583, 'tikhonov_beta': 2.269934474323232e-07}. Best is trial 675 with value: 0.2464088749198054.
[I 2024-11-05 22:58:44,743] Trial 820 finished with value: 0.24866769091215968 and parameters: {'nodeNum': 600, 'leaking_rate': 0.040908769986129925, 'tikhonov_beta': 1.3205205798244807e-07}. Best is trial 675 with value: 0.2464088749198054.
[I 2024-11-05 23:01:41,228] Trial 830 finished with value: 0.25143302793251976 and parameters: {'nodeNum': 600, 'leaking_rate': 0.05711533043237739, 'tikhonov_beta': 1.7405861606134122e-07}. Best is trial 675 with value: 0.2464088749198054.
[I 2024-11-05 23:04:24,782] Trial 840 finished with value: 0.2538110808788147 and parameters: {'nodeNum': 400, 'leaking_rate': 0.0532199098362767, 'tikhonov_beta': 1.261296164159057e-07}. Best is trial 675 with value: 0.2464088749198054.
[I 2024-11-05 23:07:21,411] Trial 849 finished with value: 0.2468142855355464 and parameters: {'nodeNum': 600, 'leaking_rate': 0.045024810827531965, 'tikhonov_beta': 1.0117253999593528e-07}. Best is trial 675 with value: 0.2464088749198054.
[I 2024-11-05 23:10:17,930] Trial 859 finished with value: 0.25093738647661445 and parameters: {'nodeNum': 600, 'leaking_rate': 0.044903680149685946, 'tikhonov_beta': 2.10363888750148e-07}. Best is trial 675 with value: 0.2464088749198054.
[I 2024-11-05 23:13:14,362] Trial 869 finished with value: 0.4007597196315607 and parameters: {'nodeNum': 600, 'leaking_rate': 0.0021734816917362075, 'tikhonov_beta': 3.742874410317826e-07}. Best is trial 675 with value: 0.2464088749198054.
[I 2024-11-05 23:16:11,031] Trial 879 finished with value: 0.24938495137092603 and parameters: {'nodeNum': 600, 'leaking_rate': 0.04378202211330635, 'tikhonov_beta': 1.5819865425585698e-07}. Best is trial 675 with value: 0.2464088749198054.
[I 2024-11-05 23:19:04,048] Trial 889 finished with value: 0.3863830899400766 and parameters: {'nodeNum': 550, 'leaking_rate': 0.038765308260075036, 'tikhonov_beta': 0.0015621520345253416}. Best is trial 675 with value: 0.2464088749198054.
[I 2024-11-05 23:22:01,251] Trial 900 finished with value: 0.24986800168623163 and parameters: {'nodeNum': 600, 'leaking_rate': 0.05650219350184488, 'tikhonov_beta': 1.225924197950173e-07}. Best is trial 675 with value: 0.2464088749198054.
