[I 2024-11-06 09:40:50,041] Trial 1868 finished with value: 0.22163438152204054 and parameters: {'nodeNum_01': 200, 'leaking_rate_01': 0.0119533688562057, 'nodeNum_02': 150, 'leaking_rate_02': 0.06338744702183563, 'nodeNum_03': 600, 'leaking_rate_03': 0.08551602421718932, 'nodeNum_04': 500, 'leaking_rate_04': 0.09227731267230141, 'tikhonov_beta': 1.676123372342185e-07, 'intensity': 1.936233758729807}. Best is trial 1222 with value: 0.21825744342878123.
[I 2024-11-06 09:46:20,967] Trial 1888 finished with value: 0.2509467051475748 and parameters: {'nodeNum_01': 200, 'leaking_rate_01': 0.011786432341596875, 'nodeNum_02': 150, 'leaking_rate_02': 0.03546939278296709, 'nodeNum_03': 600, 'leaking_rate_03': 0.050257233248610124, 'nodeNum_04': 500, 'leaking_rate_04': 0.06251243731250267, 'tikhonov_beta': 1.3947283226632647e-05, 'intensity': 1.9536825865011203}. Best is trial 1222 with value: 0.21825744342878123.
[I 2024-11-06 09:51:51,953] Trial 1907 finished with value: 0.22571010170874892 and parameters: {'nodeNum_01': 200, 'leaking_rate_01': 0.009590272143962011, 'nodeNum_02': 200, 'leaking_rate_02': 0.08020054967412112, 'nodeNum_03': 600, 'leaking_rate_03': 0.045719754824074164, 'nodeNum_04': 500, 'leaking_rate_04': 0.0761711164410684, 'tikhonov_beta': 1.2739072354660043e-07, 'intensity': 1.8898773003606184}. Best is trial 1222 with value: 0.21825744342878123.
[I 2024-11-06 09:57:21,977] Trial 1925 finished with value: 0.23278781599457768 and parameters: {'nodeNum_01': 200, 'leaking_rate_01': 0.013638490182720056, 'nodeNum_02': 200, 'leaking_rate_02': 0.04219505235360644, 'nodeNum_03': 600, 'leaking_rate_03': 0.041365504282287496, 'nodeNum_04': 500, 'leaking_rate_04': 0.08586193713073632, 'tikhonov_beta': 2.2663543869850013e-07, 'intensity': 1.1272433723478963}. Best is trial 1222 with value: 0.21825744342878123.
[I 2024-11-06 10:02:55,509] Trial 1944 finished with value: 0.22237132948313523 and parameters: {'nodeNum_01': 250, 'leaking_rate_01': 0.01103370066211578, 'nodeNum_02': 200, 'leaking_rate_02': 0.05698036946625341, 'nodeNum_03': 600, 'leaking_rate_03': 0.06178755472506424, 'nodeNum_04': 500, 'leaking_rate_04': 0.08632219217059053, 'tikhonov_beta': 1.2966779031776213e-07, 'intensity': 1.9628699672184444}. Best is trial 1222 with value: 0.21825744342878123.
[I 2024-11-06 10:08:17,267] Trial 1964 finished with value: 0.22371771945843907 and parameters: {'nodeNum_01': 200, 'leaking_rate_01': 0.01104793288967819, 'nodeNum_02': 200, 'leaking_rate_02': 0.03812919354386965, 'nodeNum_03': 600, 'leaking_rate_03': 0.05132669752579153, 'nodeNum_04': 550, 'leaking_rate_04': 0.09043481283876016, 'tikhonov_beta': 1.338303358411894e-07, 'intensity': 1.8339608321366188}. Best is trial 1222 with value: 0.21825744342878123.
