[I 2024-11-05 23:24:42,969] Trial 909 finished with value: 0.2501649265119377 and parameters: {'nodeNum': 600, 'leaking_rate': 0.05926473918514958, 'tikhonov_beta': 1.0057500066326323e-07}. Best is trial 675 with value: 0.2464088749198054.
[I 2024-11-05 23:27:39,440] Trial 919 finished with value: 0.2510699180310814 and parameters: {'nodeNum': 600, 'leaking_rate': 0.04732719453287355, 'tikhonov_beta': 2.1262492785177918e-07}. Best is trial 675 with value: 0.2464088749198054.
[I 2024-11-05 23:30:34,873] Trial 930 finished with value: 0.2501315501919713 and parameters: {'nodeNum': 600, 'leaking_rate': 0.05170031167769576, 'tikhonov_beta': 1.587233872381536e-07}. Best is trial 675 with value: 0.2464088749198054.
[I 2024-11-05 23:33:32,293] Trial 941 finished with value: 0.2512729168880225 and parameters: {'nodeNum': 600, 'leaking_rate': 0.059676940798608615, 'tikhonov_beta': 1.325448454341397e-07}. Best is trial 675 with value: 0.2464088749198054.
[I 2024-11-05 23:36:15,783] Trial 951 finished with value: 0.25293573484553855 and parameters: {'nodeNum': 400, 'leaking_rate': 0.04448901974371395, 'tikhonov_beta': 2.422931493243362e-07}. Best is trial 675 with value: 0.2464088749198054.
[I 2024-11-05 23:39:12,256] Trial 959 finished with value: 0.27241021169412794 and parameters: {'nodeNum': 600, 'leaking_rate': 0.0462547379831926, 'tikhonov_beta': 1.4922835970476305e-05}. Best is trial 675 with value: 0.2464088749198054.
[I 2024-11-05 23:42:08,701] Trial 970 finished with value: 0.24692152776505116 and parameters: {'nodeNum': 600, 'leaking_rate': 0.04043343206634949, 'tikhonov_beta': 1.0012953310414902e-07}. Best is trial 675 with value: 0.2464088749198054.
[I 2024-11-05 23:45:05,268] Trial 980 finished with value: 0.24856887630048746 and parameters: {'nodeNum': 600, 'leaking_rate': 0.05510327422984614, 'tikhonov_beta': 1.0033360582539282e-07}. Best is trial 675 with value: 0.2464088749198054.
[I 2024-11-05 23:47:53,354] Trial 989 finished with value: 0.25197084993483854 and parameters: {'nodeNum': 600, 'leaking_rate': 0.03560780174307703, 'tikhonov_beta': 1.7537118999978363e-07}. Best is trial 675 with value: 0.2464088749198054.
[I 2024-11-05 23:50:34,699] Trial 995 finished with value: 0.2533393310665322 and parameters: {'nodeNum': 550, 'leaking_rate': 0.048670026963793626, 'tikhonov_beta': 1.324291698231735e-07}. Best is trial 675 with value: 0.2464088749198054.
