[I 2024-11-06 00:53:02,085] Using an existing study with name 'reproduct_sample08' instead of creating a new one.
[I 2024-11-06 00:58:21,512] Trial 10 finished with value: 0.37071371008523957 and parameters: {'nodeNum_01': 500, 'leaking_rate_01': 0.02600543583193463, 'nodeNum_02': 250, 'leaking_rate_02': 0.07625737607607398, 'nodeNum_03': 500, 'leaking_rate_03': 0.05887991548009103, 'nodeNum_04': 550, 'leaking_rate_04': 0.002714925084688517, 'tikhonov_beta': 0.004649409095761726, 'intensity': 0.8892631567027989}. Best is trial 4 with value: 0.24990214266131328.
[I 2024-11-06 01:03:53,387] Trial 30 finished with value: 0.2385072472345057 and parameters: {'nodeNum_01': 300, 'leaking_rate_01': 0.0011799982168923316, 'nodeNum_02': 600, 'leaking_rate_02': 0.006697763174117862, 'nodeNum_03': 350, 'leaking_rate_03': 0.024438806135167843, 'nodeNum_04': 150, 'leaking_rate_04': 0.07270593298432632, 'tikhonov_beta': 2.27195825398802e-07, 'intensity': 1.9711561993524371}. Best is trial 30 with value: 0.2385072472345057.
[I 2024-11-06 01:09:13,414] Trial 50 finished with value: 0.2332319547841528 and parameters: {'nodeNum_01': 300, 'leaking_rate_01': 0.002840729271849807, 'nodeNum_02': 400, 'leaking_rate_02': 0.04639801111697665, 'nodeNum_03': 350, 'leaking_rate_03': 0.03064845175300049, 'nodeNum_04': 250, 'leaking_rate_04': 0.05918397407634695, 'tikhonov_beta': 1.4113749195376795e-07, 'intensity': 1.9107188452315}. Best is trial 50 with value: 0.2332319547841528.
[I 2024-11-06 01:14:43,291] Trial 70 finished with value: 0.26362335700726786 and parameters: {'nodeNum_01': 250, 'leaking_rate_01': 0.02010558417295043, 'nodeNum_02': 450, 'leaking_rate_02': 0.037173247410354736, 'nodeNum_03': 400, 'leaking_rate_03': 0.041111324520499794, 'nodeNum_04': 350, 'leaking_rate_04': 0.0520237612686971, 'tikhonov_beta': 1.7219610233894678e-06, 'intensity': 0.8256961123139098}. Best is trial 51 with value: 0.2319129467406371.
[I 2024-11-06 01:20:12,547] Trial 89 finished with value: 0.23584317287289203 and parameters: {'nodeNum_01': 400, 'leaking_rate_01': 0.011351901139056157, 'nodeNum_02': 450, 'leaking_rate_02': 0.004665535820343754, 'nodeNum_03': 300, 'leaking_rate_03': 0.05504761607378912, 'nodeNum_04': 300, 'leaking_rate_04': 0.07742472741578334, 'tikhonov_beta': 2.8305332057901966e-07, 'intensity': 1.8241654313322682}. Best is trial 51 with value: 0.2319129467406371.
[I 2024-11-06 01:25:44,167] Trial 109 finished with value: 0.2281676624608268 and parameters: {'nodeNum_01': 450, 'leaking_rate_01': 0.010590838208673238, 'nodeNum_02': 350, 'leaking_rate_02': 0.042792314246629444, 'nodeNum_03': 250, 'leaking_rate_03': 0.07642267001637836, 'nodeNum_04': 400, 'leaking_rate_04': 0.07212500736718004, 'tikhonov_beta': 1.03643468175252e-07, 'intensity': 1.9524370584787507}. Best is trial 110 with value: 0.2252776530975354.
[I 2024-11-06 01:31:08,128] Trial 129 finished with value: 0.4661281761587566 and parameters: {'nodeNum_01': 450, 'leaking_rate_01': 0.0017144798780035812, 'nodeNum_02': 300, 'leaking_rate_02': 0.09584624216024618, 'nodeNum_03': 200, 'leaking_rate_03': 0.09276505441936787, 'nodeNum_04': 400, 'leaking_rate_04': 0.06515294728259693, 'tikhonov_beta': 0.01813366051626962, 'intensity': 1.9349112490845284}. Best is trial 110 with value: 0.2252776530975354.
[I 2024-11-06 01:36:40,680] Trial 147 finished with value: 0.2410827349368883 and parameters: {'nodeNum_01': 500, 'leaking_rate_01': 0.0057312352339738285, 'nodeNum_02': 300, 'leaking_rate_02': 0.08259358395295248, 'nodeNum_03': 200, 'leaking_rate_03': 0.08552731929315441, 'nodeNum_04': 450, 'leaking_rate_04': 0.0875557476236454, 'tikhonov_beta': 1.4293222237011789e-07, 'intensity': 1.4353259958061488}. Best is trial 110 with value: 0.2252776530975354.
[I 2024-11-06 01:42:07,113] Trial 168 finished with value: 0.2768512151794167 and parameters: {'nodeNum_01': 500, 'leaking_rate_01': 0.006539011786136888, 'nodeNum_02': 200, 'leaking_rate_02': 0.07298268042243174, 'nodeNum_03': 150, 'leaking_rate_03': 0.08397145573396296, 'nodeNum_04': 500, 'leaking_rate_04': 0.058376074860553455, 'tikhonov_beta': 0.00015762747460617326, 'intensity': 1.8829109834130655}. Best is trial 110 with value: 0.2252776530975354.
[I 2024-11-06 01:47:33,995] Trial 187 finished with value: 0.24752610153358517 and parameters: {'nodeNum_01': 550, 'leaking_rate_01': 0.00521099639739727, 'nodeNum_02': 200, 'leaking_rate_02': 0.06217855757648015, 'nodeNum_03': 200, 'leaking_rate_03': 0.06443771745855661, 'nodeNum_04': 450, 'leaking_rate_04': 0.0025079244379698435, 'tikhonov_beta': 2.3163112924911274e-07, 'intensity': 1.8574612996660793}. Best is trial 185 with value: 0.22233802142868725.
[I 2024-11-06 01:53:01,924] Trial 207 finished with value: 0.26797694007253836 and parameters: {'nodeNum_01': 450, 'leaking_rate_01': 0.0055843555331505845, 'nodeNum_02': 150, 'leaking_rate_02': 0.047712861453394755, 'nodeNum_03': 200, 'leaking_rate_03': 0.00231978570805877, 'nodeNum_04': 550, 'leaking_rate_04': 0.02596811833497134, 'tikhonov_beta': 1.0005373627682968e-07, 'intensity': 1.7564985795371133}. Best is trial 189 with value: 0.22196394849377712.
[I 2024-11-06 01:58:27,138] Trial 227 finished with value: 0.23324707867172034 and parameters: {'nodeNum_01': 450, 'leaking_rate_01': 0.004492618797153765, 'nodeNum_02': 150, 'leaking_rate_02': 0.05281401562540463, 'nodeNum_03': 200, 'leaking_rate_03': 0.07631038147448196, 'nodeNum_04': 550, 'leaking_rate_04': 0.08191028952233463, 'tikhonov_beta': 1.2630219086706524e-07, 'intensity': 1.9179522934279052}. Best is trial 223 with value: 0.2204076541705011.
[I 2024-11-06 02:03:56,548] Trial 247 finished with value: 0.2286839595550882 and parameters: {'nodeNum_01': 450, 'leaking_rate_01': 0.00784303403460983, 'nodeNum_02': 150, 'leaking_rate_02': 0.041282148662543844, 'nodeNum_03': 200, 'leaking_rate_03': 0.05712487690841153, 'nodeNum_04': 600, 'leaking_rate_04': 0.08036367363864612, 'tikhonov_beta': 2.387778743632548e-07, 'intensity': 1.916767360341238}. Best is trial 223 with value: 0.2204076541705011.
[I 2024-11-06 02:09:24,961] Trial 267 finished with value: 0.225695430414354 and parameters: {'nodeNum_01': 450, 'leaking_rate_01': 0.0036462117141152807, 'nodeNum_02': 150, 'leaking_rate_02': 0.03128262476207938, 'nodeNum_03': 200, 'leaking_rate_03': 0.06269317784157666, 'nodeNum_04': 600, 'leaking_rate_04': 0.09155026894055548, 'tikhonov_beta': 1.867885694502732e-07, 'intensity': 1.8046112784076143}. Best is trial 223 with value: 0.2204076541705011.
[I 2024-11-06 02:15:04,019] Trial 286 finished with value: 0.22677430846480776 and parameters: {'nodeNum_01': 600, 'leaking_rate_01': 0.002923483548162311, 'nodeNum_02': 150, 'leaking_rate_02': 0.02364402838123121, 'nodeNum_03': 200, 'leaking_rate_03': 0.05344244535542181, 'nodeNum_04': 600, 'leaking_rate_04': 0.09031970453741943, 'tikhonov_beta': 1.7676063858601462e-07, 'intensity': 1.7471468585625012}. Best is trial 223 with value: 0.2204076541705011.
[I 2024-11-06 02:20:40,541] Trial 307 finished with value: 0.22874344487406703 and parameters: {'nodeNum_01': 550, 'leaking_rate_01': 0.009293913870569128, 'nodeNum_02': 200, 'leaking_rate_02': 0.05736734478898187, 'nodeNum_03': 200, 'leaking_rate_03': 0.07044371411840714, 'nodeNum_04': 600, 'leaking_rate_04': 0.07344948252464897, 'tikhonov_beta': 3.548975274578724e-07, 'intensity': 1.8737924426765782}. Best is trial 223 with value: 0.2204076541705011.
[I 2024-11-06 02:26:18,595] Trial 326 finished with value: 0.23383394584268474 and parameters: {'nodeNum_01': 550, 'leaking_rate_01': 0.010312898933441814, 'nodeNum_02': 200, 'leaking_rate_02': 0.019760392022134008, 'nodeNum_03': 250, 'leaking_rate_03': 0.06334665542769986, 'nodeNum_04': 600, 'leaking_rate_04': 0.09904977550472381, 'tikhonov_beta': 7.042877256469531e-07, 'intensity': 1.6774787910264277}. Best is trial 223 with value: 0.2204076541705011.
[I 2024-11-06 02:31:48,445] Trial 345 finished with value: 0.23345285749998887 and parameters: {'nodeNum_01': 400, 'leaking_rate_01': 0.0034566999467507647, 'nodeNum_02': 150, 'leaking_rate_02': 0.04696625879365472, 'nodeNum_03': 200, 'leaking_rate_03': 0.07988388895448828, 'nodeNum_04': 550, 'leaking_rate_04': 0.08622032686305293, 'tikhonov_beta': 2.1252588517252223e-07, 'intensity': 1.7883279633605138}. Best is trial 223 with value: 0.2204076541705011.
[I 2024-11-06 02:37:18,286] Trial 365 finished with value: 0.23198010950973427 and parameters: {'nodeNum_01': 400, 'leaking_rate_01': 0.02871313441196801, 'nodeNum_02': 150, 'leaking_rate_02': 0.046703751184108515, 'nodeNum_03': 200, 'leaking_rate_03': 0.058642746467681084, 'nodeNum_04': 600, 'leaking_rate_04': 0.08186293959927447, 'tikhonov_beta': 1.5393557225181153e-07, 'intensity': 1.9503441368019288}. Best is trial 223 with value: 0.2204076541705011.
[I 2024-11-06 02:42:52,481] Trial 385 finished with value: 0.22291091088440776 and parameters: {'nodeNum_01': 450, 'leaking_rate_01': 0.006664160518851946, 'nodeNum_02': 200, 'leaking_rate_02': 0.05687694202253665, 'nodeNum_03': 200, 'leaking_rate_03': 0.08968680238349452, 'nodeNum_04': 600, 'leaking_rate_04': 0.09101004823063842, 'tikhonov_beta': 1.858308339322353e-07, 'intensity': 1.8326830303173502}. Best is trial 223 with value: 0.2204076541705011.
[I 2024-11-06 02:48:24,829] Trial 404 finished with value: 0.23669344303551482 and parameters: {'nodeNum_01': 500, 'leaking_rate_01': 0.007994036395560962, 'nodeNum_02': 200, 'leaking_rate_02': 0.06388087859837416, 'nodeNum_03': 200, 'leaking_rate_03': 0.08828772977452605, 'nodeNum_04': 600, 'leaking_rate_04': 0.0033771918723408817, 'tikhonov_beta': 2.481896833884391e-07, 'intensity': 1.8857207170077728}. Best is trial 223 with value: 0.2204076541705011.
[I 2024-11-06 02:53:56,903] Trial 424 finished with value: 0.2274910870900899 and parameters: {'nodeNum_01': 550, 'leaking_rate_01': 0.006956634111486335, 'nodeNum_02': 200, 'leaking_rate_02': 0.072690245700997, 'nodeNum_03': 150, 'leaking_rate_03': 0.08837770824855479, 'nodeNum_04': 600, 'leaking_rate_04': 0.09157536236861084, 'tikhonov_beta': 4.804968716375375e-07, 'intensity': 1.8933034881069706}. Best is trial 223 with value: 0.2204076541705011.
[I 2024-11-06 02:59:30,941] Trial 444 finished with value: 0.2301483991216194 and parameters: {'nodeNum_01': 550, 'leaking_rate_01': 0.005997525802359112, 'nodeNum_02': 200, 'leaking_rate_02': 0.08494895058071157, 'nodeNum_03': 150, 'leaking_rate_03': 0.09864544270645532, 'nodeNum_04': 600, 'leaking_rate_04': 0.06801532737746165, 'tikhonov_beta': 3.724321325957903e-07, 'intensity': 1.8433638871689433}. Best is trial 223 with value: 0.2204076541705011.
[I 2024-11-06 03:05:00,827] Trial 464 finished with value: 0.22290213773557402 and parameters: {'nodeNum_01': 450, 'leaking_rate_01': 0.008940781027724902, 'nodeNum_02': 250, 'leaking_rate_02': 0.05167472471771106, 'nodeNum_03': 200, 'leaking_rate_03': 0.07487730906264993, 'nodeNum_04': 600, 'leaking_rate_04': 0.09887383308637775, 'tikhonov_beta': 1.9088275316575382e-07, 'intensity': 1.8464197216091947}. Best is trial 461 with value: 0.21992342296321704.
[I 2024-11-06 03:10:43,845] Trial 483 finished with value: 0.2278196857557344 and parameters: {'nodeNum_01': 450, 'leaking_rate_01': 0.01169783036526143, 'nodeNum_02': 250, 'leaking_rate_02': 0.06072515786923675, 'nodeNum_03': 550, 'leaking_rate_03': 0.0820830390727538, 'nodeNum_04': 600, 'leaking_rate_04': 0.08571955914430346, 'tikhonov_beta': 1.9584629017388704e-07, 'intensity': 1.7842721256406977}. Best is trial 461 with value: 0.21992342296321704.
[I 2024-11-06 03:16:26,682] Trial 503 finished with value: 0.23321478883113797 and parameters: {'nodeNum_01': 450, 'leaking_rate_01': 0.010148369244248596, 'nodeNum_02': 250, 'leaking_rate_02': 0.04723991763102577, 'nodeNum_03': 550, 'leaking_rate_03': 0.06805622471718648, 'nodeNum_04': 600, 'leaking_rate_04': 0.08559695515410173, 'tikhonov_beta': 1.340372195630015e-07, 'intensity': 0.5528337143067562}. Best is trial 461 with value: 0.21992342296321704.
[I 2024-11-06 03:22:00,153] Trial 523 finished with value: 0.22510402072731625 and parameters: {'nodeNum_01': 450, 'leaking_rate_01': 0.008470648711250726, 'nodeNum_02': 250, 'leaking_rate_02': 0.053753953370656686, 'nodeNum_03': 350, 'leaking_rate_03': 0.07480983401325499, 'nodeNum_04': 600, 'leaking_rate_04': 0.09334912985093101, 'tikhonov_beta': 2.7341608863819286e-07, 'intensity': 1.7115971193344628}. Best is trial 461 with value: 0.21992342296321704.
[I 2024-11-06 03:27:38,726] Trial 543 finished with value: 0.46761229346275796 and parameters: {'nodeNum_01': 450, 'leaking_rate_01': 0.007527700164074296, 'nodeNum_02': 300, 'leaking_rate_02': 0.06582556330422573, 'nodeNum_03': 250, 'leaking_rate_03': 0.07766274122808726, 'nodeNum_04': 550, 'leaking_rate_04': 0.09921005749861118, 'tikhonov_beta': 0.09326283290889087, 'intensity': 1.8700083624543604}. Best is trial 461 with value: 0.21992342296321704.
[I 2024-11-06 03:33:20,071] Trial 562 finished with value: 0.2291979926073444 and parameters: {'nodeNum_01': 450, 'leaking_rate_01': 0.015622135771465652, 'nodeNum_02': 200, 'leaking_rate_02': 0.06074699783621892, 'nodeNum_03': 250, 'leaking_rate_03': 0.08198877425798883, 'nodeNum_04': 600, 'leaking_rate_04': 0.0718303036698045, 'tikhonov_beta': 1.682025701291164e-07, 'intensity': 1.818125855466477}. Best is trial 461 with value: 0.21992342296321704.
[I 2024-11-06 03:38:50,760] Trial 582 finished with value: 0.2238860108107571 and parameters: {'nodeNum_01': 500, 'leaking_rate_01': 0.0114963323437023, 'nodeNum_02': 200, 'leaking_rate_02': 0.07505485867602135, 'nodeNum_03': 200, 'leaking_rate_03': 0.06257488332013868, 'nodeNum_04': 600, 'leaking_rate_04': 0.08163717957301969, 'tikhonov_beta': 1.244338440025584e-07, 'intensity': 1.9364569520263915}. Best is trial 461 with value: 0.21992342296321704.
[I 2024-11-06 03:44:37,010] Trial 602 finished with value: 0.22728842586743578 and parameters: {'nodeNum_01': 400, 'leaking_rate_01': 0.008715808359097639, 'nodeNum_02': 200, 'leaking_rate_02': 0.05028336319208221, 'nodeNum_03': 600, 'leaking_rate_03': 0.07006665799339688, 'nodeNum_04': 550, 'leaking_rate_04': 0.08903606885038906, 'tikhonov_beta': 2.1753388570399693e-07, 'intensity': 1.952188370198327}. Best is trial 461 with value: 0.21992342296321704.
[I 2024-11-06 03:50:12,253] Trial 622 finished with value: 0.228360160270304 and parameters: {'nodeNum_01': 400, 'leaking_rate_01': 0.010283097322445776, 'nodeNum_02': 200, 'leaking_rate_02': 0.04279606928483763, 'nodeNum_03': 600, 'leaking_rate_03': 0.05451339554882196, 'nodeNum_04': 500, 'leaking_rate_04': 0.06164054273654058, 'tikhonov_beta': 1.1463110902514392e-07, 'intensity': 1.9734141438853219}. Best is trial 461 with value: 0.21992342296321704.
[I 2024-11-06 03:55:45,400] Trial 641 finished with value: 0.22624004178079904 and parameters: {'nodeNum_01': 350, 'leaking_rate_01': 0.010752787843433611, 'nodeNum_02': 200, 'leaking_rate_02': 0.03863248535570583, 'nodeNum_03': 600, 'leaking_rate_03': 0.04308532931373471, 'nodeNum_04': 500, 'leaking_rate_04': 0.0761561896025993, 'tikhonov_beta': 1.00324749139776e-07, 'intensity': 1.9958635821085813}. Best is trial 634 with value: 0.21926077150984172.
[I 2024-11-06 04:01:20,434] Trial 661 finished with value: 0.22738670002351113 and parameters: {'nodeNum_01': 350, 'leaking_rate_01': 0.011716092283742168, 'nodeNum_02': 200, 'leaking_rate_02': 0.03651353964896683, 'nodeNum_03': 600, 'leaking_rate_03': 0.041766877581636656, 'nodeNum_04': 500, 'leaking_rate_04': 0.08305263838218573, 'tikhonov_beta': 1.373791239235026e-07, 'intensity': 1.9378142460171297}. Best is trial 634 with value: 0.21926077150984172.
[I 2024-11-06 04:06:53,838] Trial 681 finished with value: 0.2215949035088967 and parameters: {'nodeNum_01': 400, 'leaking_rate_01': 0.009660493119973124, 'nodeNum_02': 200, 'leaking_rate_02': 0.03249035502503895, 'nodeNum_03': 600, 'leaking_rate_03': 0.053955705347355894, 'nodeNum_04': 500, 'leaking_rate_04': 0.08623640824171894, 'tikhonov_beta': 1.4829599369834785e-07, 'intensity': 1.9381608695695784}. Best is trial 634 with value: 0.21926077150984172.
[I 2024-11-06 04:12:27,252] Trial 701 finished with value: 0.22683747171249316 and parameters: {'nodeNum_01': 300, 'leaking_rate_01': 0.013785126031552002, 'nodeNum_02': 200, 'leaking_rate_02': 0.03180616249611991, 'nodeNum_03': 600, 'leaking_rate_03': 0.052842092066282036, 'nodeNum_04': 500, 'leaking_rate_04': 0.06866673799524076, 'tikhonov_beta': 1.5405130138285623e-07, 'intensity': 1.957971549222267}. Best is trial 634 with value: 0.21926077150984172.
[I 2024-11-06 04:17:58,245] Trial 721 finished with value: 0.2273331827262828 and parameters: {'nodeNum_01': 300, 'leaking_rate_01': 0.01278187727078842, 'nodeNum_02': 200, 'leaking_rate_02': 0.02785923656945451, 'nodeNum_03': 600, 'leaking_rate_03': 0.0466897372021671, 'nodeNum_04': 500, 'leaking_rate_04': 0.06809311395852119, 'tikhonov_beta': 1.2846773215366955e-07, 'intensity': 1.9516448535887987}. Best is trial 634 with value: 0.21926077150984172.
[I 2024-11-06 04:23:35,270] Trial 741 finished with value: 0.22066032738098146 and parameters: {'nodeNum_01': 250, 'leaking_rate_01': 0.01220491738872227, 'nodeNum_02': 200, 'leaking_rate_02': 0.03376341812817305, 'nodeNum_03': 600, 'leaking_rate_03': 0.05851595322006347, 'nodeNum_04': 500, 'leaking_rate_04': 0.08203311244045072, 'tikhonov_beta': 1.185964321027325e-07, 'intensity': 1.9024736455308755}. Best is trial 634 with value: 0.21926077150984172.
[I 2024-11-06 04:29:07,398] Trial 760 finished with value: 0.22343702014438205 and parameters: {'nodeNum_01': 250, 'leaking_rate_01': 0.011561650205689031, 'nodeNum_02': 200, 'leaking_rate_02': 0.024491710708929946, 'nodeNum_03': 600, 'leaking_rate_03': 0.05813730136825432, 'nodeNum_04': 500, 'leaking_rate_04': 0.07572353213126101, 'tikhonov_beta': 1.0133814784980581e-07, 'intensity': 1.88676723075468}. Best is trial 634 with value: 0.21926077150984172.
[I 2024-11-06 04:34:38,584] Trial 780 finished with value: 0.22879796448582854 and parameters: {'nodeNum_01': 200, 'leaking_rate_01': 0.011988592094716649, 'nodeNum_02': 200, 'leaking_rate_02': 0.029149880342538757, 'nodeNum_03': 600, 'leaking_rate_03': 0.05811492688202919, 'nodeNum_04': 500, 'leaking_rate_04': 0.07322915668850051, 'tikhonov_beta': 1.343977908486251e-07, 'intensity': 1.460007029092365}. Best is trial 634 with value: 0.21926077150984172.
[I 2024-11-06 04:40:08,757] Trial 799 finished with value: 0.22170334218273535 and parameters: {'nodeNum_01': 150, 'leaking_rate_01': 0.012780890598899962, 'nodeNum_02': 200, 'leaking_rate_02': 0.03740855927486029, 'nodeNum_03': 600, 'leaking_rate_03': 0.051460919995014946, 'nodeNum_04': 500, 'leaking_rate_04': 0.09090871412742045, 'tikhonov_beta': 1.9142708258702418e-07, 'intensity': 1.998021305853978}. Best is trial 634 with value: 0.21926077150984172.
[I 2024-11-06 04:45:36,426] Trial 819 finished with value: 0.4538685237717778 and parameters: {'nodeNum_01': 250, 'leaking_rate_01': 0.014122278481703717, 'nodeNum_02': 150, 'leaking_rate_02': 0.03576776643893111, 'nodeNum_03': 550, 'leaking_rate_03': 0.044011297016362715, 'nodeNum_04': 450, 'leaking_rate_04': 0.09309413381693533, 'tikhonov_beta': 0.06708422346912153, 'intensity': 1.9663530095782473}. Best is trial 634 with value: 0.21926077150984172.
[I 2024-11-06 04:51:09,377] Trial 838 finished with value: 0.2702638964675213 and parameters: {'nodeNum_01': 250, 'leaking_rate_01': 0.011124308881648493, 'nodeNum_02': 150, 'leaking_rate_02': 0.02683540337986724, 'nodeNum_03': 600, 'leaking_rate_03': 0.04603389581245145, 'nodeNum_04': 500, 'leaking_rate_04': 0.08376030722292363, 'tikhonov_beta': 0.00012463330056852254, 'intensity': 1.9274765441519186}. Best is trial 634 with value: 0.21926077150984172.
[I 2024-11-06 04:56:43,742] Trial 858 finished with value: 0.2217031987507045 and parameters: {'nodeNum_01': 250, 'leaking_rate_01': 0.011842829551048163, 'nodeNum_02': 200, 'leaking_rate_02': 0.027145763171861112, 'nodeNum_03': 600, 'leaking_rate_03': 0.06184609264245559, 'nodeNum_04': 500, 'leaking_rate_04': 0.0836419431457488, 'tikhonov_beta': 1.447391208045091e-07, 'intensity': 1.923541535112764}. Best is trial 634 with value: 0.21926077150984172.
[I 2024-11-06 05:02:16,867] Trial 878 finished with value: 0.22446995345621554 and parameters: {'nodeNum_01': 400, 'leaking_rate_01': 0.012698818672454669, 'nodeNum_02': 200, 'leaking_rate_02': 0.03167617258753467, 'nodeNum_03': 600, 'leaking_rate_03': 0.0536492520174487, 'nodeNum_04': 400, 'leaking_rate_04': 0.08941995049890004, 'tikhonov_beta': 1.7362573801895734e-07, 'intensity': 1.8690347567341201}. Best is trial 634 with value: 0.21926077150984172.
[I 2024-11-06 05:07:53,211] Trial 898 finished with value: 0.22387481799798678 and parameters: {'nodeNum_01': 200, 'leaking_rate_01': 0.01565657159638085, 'nodeNum_02': 200, 'leaking_rate_02': 0.039865603289044496, 'nodeNum_03': 600, 'leaking_rate_03': 0.06381802917456907, 'nodeNum_04': 500, 'leaking_rate_04': 0.06967886291895149, 'tikhonov_beta': 1.8002657954188576e-07, 'intensity': 1.9996758651711237}. Best is trial 883 with value: 0.21901890427195222.
[I 2024-11-06 05:13:27,142] Trial 918 finished with value: 0.22405611495017505 and parameters: {'nodeNum_01': 200, 'leaking_rate_01': 0.014260577586695971, 'nodeNum_02': 200, 'leaking_rate_02': 0.0346655830670381, 'nodeNum_03': 600, 'leaking_rate_03': 0.06367778696793096, 'nodeNum_04': 500, 'leaking_rate_04': 0.09950055574674169, 'tikhonov_beta': 2.464144700568226e-07, 'intensity': 1.5221122262434128}. Best is trial 883 with value: 0.21901890427195222.
