[I 2024-11-05 23:23:24,558] Trial 905 finished with value: 0.24901853259049944 and parameters: {'nodeNum': 600, 'leaking_rate': 0.05634225608657905, 'tikhonov_beta': 1.0013523893972561e-07}. Best is trial 675 with value: 0.2464088749198054.
[I 2024-11-05 23:26:20,282] Trial 915 finished with value: 0.2466653716565534 and parameters: {'nodeNum': 600, 'leaking_rate': 0.04570218597465359, 'tikhonov_beta': 1.0127998907264359e-07}. Best is trial 675 with value: 0.2464088749198054.
[I 2024-11-05 23:29:14,906] Trial 925 finished with value: 0.2497689730894005 and parameters: {'nodeNum': 600, 'leaking_rate': 0.04707123274930789, 'tikhonov_beta': 1.6666960474197721e-07}. Best is trial 675 with value: 0.2464088749198054.
[I 2024-11-05 23:32:11,029] Trial 936 finished with value: 0.24921523417729263 and parameters: {'nodeNum': 600, 'leaking_rate': 0.051247220191401856, 'tikhonov_beta': 1.3516700491516722e-07}. Best is trial 675 with value: 0.2464088749198054.
[I 2024-11-05 23:35:06,772] Trial 946 finished with value: 0.25137980846874886 and parameters: {'nodeNum': 600, 'leaking_rate': 0.060891731731088784, 'tikhonov_beta': 1.2927765839637744e-07}. Best is trial 675 with value: 0.2464088749198054.
[I 2024-11-05 23:38:01,999] Trial 956 finished with value: 0.2519000612010342 and parameters: {'nodeNum': 600, 'leaking_rate': 0.04548029942963336, 'tikhonov_beta': 2.458591348113908e-07}. Best is trial 675 with value: 0.2464088749198054.
[I 2024-11-05 23:40:57,752] Trial 965 finished with value: 0.24851811753414604 and parameters: {'nodeNum': 600, 'leaking_rate': 0.04016029544443477, 'tikhonov_beta': 1.255387586702768e-07}. Best is trial 675 with value: 0.2464088749198054.
[I 2024-11-05 23:43:44,243] Trial 976 finished with value: 0.24967611401686357 and parameters: {'nodeNum': 450, 'leaking_rate': 0.04083707225130735, 'tikhonov_beta': 1.2640439993793874e-07}. Best is trial 675 with value: 0.2464088749198054.
[I 2024-11-05 23:46:52,026] Trial 984 finished with value: 0.2500603818325751 and parameters: {'nodeNum': 600, 'leaking_rate': 0.05188040541960325, 'tikhonov_beta': 1.6686172126938633e-07}. Best is trial 675 with value: 0.2464088749198054.
[I 2024-11-05 23:49:31,978] Trial 992 finished with value: 0.2550909860764947 and parameters: {'nodeNum': 550, 'leaking_rate': 0.035168336021267926, 'tikhonov_beta': 1.386425809734169e-07}. Best is trial 675 with value: 0.2464088749198054.
