[I 2024-11-06 09:40:57,168] Trial 1869 finished with value: 0.23567734545850313 and parameters: {'nodeNum_01': 200, 'leaking_rate_01': 0.011734887363879596, 'nodeNum_02': 150, 'leaking_rate_02': 0.051786774664414136, 'nodeNum_03': 600, 'leaking_rate_03': 0.08581483696836706, 'nodeNum_04': 500, 'leaking_rate_04': 0.06473303538589334, 'tikhonov_beta': 1.75178936250575e-07, 'intensity': 0.16351715962313462}. Best is trial 1222 with value: 0.21825744342878123.
[I 2024-11-06 09:46:30,072] Trial 1889 finished with value: 0.22523569364433615 and parameters: {'nodeNum_01': 200, 'leaking_rate_01': 0.009630705136427036, 'nodeNum_02': 200, 'leaking_rate_02': 0.03561631758422147, 'nodeNum_03': 600, 'leaking_rate_03': 0.04583654786833691, 'nodeNum_04': 500, 'leaking_rate_04': 0.07171568125613743, 'tikhonov_beta': 1.3550537617544388e-07, 'intensity': 1.9565695016691158}. Best is trial 1222 with value: 0.21825744342878123.
[I 2024-11-06 09:52:05,232] Trial 1909 finished with value: 0.22343263653827894 and parameters: {'nodeNum_01': 200, 'leaking_rate_01': 0.009708334163715781, 'nodeNum_02': 200, 'leaking_rate_02': 0.042380769497322626, 'nodeNum_03': 600, 'leaking_rate_03': 0.04615059278889203, 'nodeNum_04': 500, 'leaking_rate_04': 0.0767237556142515, 'tikhonov_beta': 1.2624266414632396e-07, 'intensity': 1.8897802697443173}. Best is trial 1222 with value: 0.21825744342878123.
[I 2024-11-06 09:57:37,918] Trial 1928 finished with value: 0.2299294052438437 and parameters: {'nodeNum_01': 200, 'leaking_rate_01': 0.013140650400196541, 'nodeNum_02': 200, 'leaking_rate_02': 0.016353210537950157, 'nodeNum_03': 600, 'leaking_rate_03': 0.040198523160046115, 'nodeNum_04': 500, 'leaking_rate_04': 0.08506020718049087, 'tikhonov_beta': 2.2210614183051136e-07, 'intensity': 1.9652378793781882}. Best is trial 1222 with value: 0.21825744342878123.
[I 2024-11-06 10:03:09,014] Trial 1948 finished with value: 0.23999292059573502 and parameters: {'nodeNum_01': 250, 'leaking_rate_01': 0.010804558768125022, 'nodeNum_02': 200, 'leaking_rate_02': 0.05589274829687537, 'nodeNum_03': 600, 'leaking_rate_03': 0.06204581872347694, 'nodeNum_04': 500, 'leaking_rate_04': 0.09091839471068673, 'tikhonov_beta': 5.941451751022584e-06, 'intensity': 1.8329847309882175}. Best is trial 1222 with value: 0.21825744342878123.
[I 2024-11-06 10:08:29,493] Trial 1966 finished with value: 0.2283184870837014 and parameters: {'nodeNum_01': 200, 'leaking_rate_01': 0.010744729259253738, 'nodeNum_02': 200, 'leaking_rate_02': 0.0067513223336436775, 'nodeNum_03': 600, 'leaking_rate_03': 0.050670631203206765, 'nodeNum_04': 550, 'leaking_rate_04': 0.09273305904539203, 'tikhonov_beta': 1.3279648348197448e-07, 'intensity': 1.921249511870755}. Best is trial 1222 with value: 0.21825744342878123.
