/home/ishibashi/Reservoir_ESN/reproduction/./reproduction22.py:595: ExperimentalWarning: GPSampler is experimental (supported from v3.6.0). The interface can change in the future.
  sampler=optuna.samplers.GPSampler(n_startup_trials=10),
[I 2024-11-05 09:40:10,407] Using an existing study with name 'reproduct_sample06' in[I 2024-11-05 09:40:44,478] T[I 2024-11-05 09:42:17,612] Trial 9 finished with value: 5.017710021373679 and parameters: {'nodeNum': 350, 'leaking_rate': 0.002920994295390587, 'tikhonov_beta': 6.96789894108704e-06}. Best is trial 0 wi[I 2024-11-05 09:42:58,599] Tr[I 2024-11-05 09:44:54,308] Trial 19 finished with value: 1.2747988972020847 and parameters: {'nodeNum': 600, 'leaking_rate': 0.0010000000000000002, 'tikhonov_beta': 0.1}. Best is trial 18 with value: 0.8[I 2024-11-05 09:[I 2024-11-05 09:47:07,728] Trial 29 finished with value: 30.733192719324386 and parameters: {'nodeNum': 150, 'leaking_rate': 0.08861630693352743, 'tikhonov_beta': 2.2437663059133184e-07}. Best is trial 26 with value: 0.5[I 2024-11-05 09[[I 2024-11-05 09:49:42,352] Trial 39 finished with value: 1.6660769179684696 and parameters: {'nodeNum': 550, 'leaking_rate': 0.011265158879080505, 'tikhonov_beta': 0.014680543747289741}. Best is trial 26 with value: 0.57[I 2024-11-05[I [I 2024-11-05 09:52:07,295] Trial 49 finished with value: 2.1701157804156006 and parameters: {'nodeNum': 150, 'leaking_rate': 0.07150674311272756, 'tikhonov_beta': 0.0019840954843545152}. Best is trial 26 with value: 0.57[I 2024-11-05[I [I 2024-11-05 09[I 2024-11-05 09:54:36,740] Trial 58 finished with value: 1.7091752640311089 and parameters: {'nodeNum': 400, 'leaking_rate': 0.02431260141137194, 'tikhonov_beta': 0.0036314385214059326}. Best is trial 26 [I 2024-11-[I[I[I 2024-11-05 09:[I 2024-11-05 09:57:18,887] Trial 69 finished with value: 18.843484782220376 and parameters: {'nodeNum': 150, 'leaking_rate': 0.00217878241686469, 'tikhonov_beta': 8.584031159904614e-07}. Best is trial 2[[I 2024-11-05 10:00:04,945] Trial 78 finished with value: 1.1226818619570222 and parameters: {'nodeNum': 600, 'leaking_rate': 0.001448992009773579, 'tikhonov_beta': 0.002695128094228997}. Best is trial 26 with value: 0.5712328368922[I 20[I 2024-11-05 10:03:11,691] Trial 89 finished with value: 1.2378485445283947 and parameters: {'nodeNum': 600, 'leaking_rate': 0.04621298602546535, 'tikhonov_beta': 0.054903159390806686}. Best is trial 26 with value: [I 2024-11-05 10:04:[I[I 2024-11-05 1[I 2024-11-05 10:05:34,703] Trial 98 finished with value: 1.2801315447377548 and parameters: {'nodeNum': 600, 'leaking_rate': 0.04420995642751911, 'tikhonov_beta': 0.03158480101147668}. Best is trial[I 2[I 2024-11-05 10:0[I 2024-11-05 [I 2024-11-05 10:07:59,964] Trial 109 finished with value: 1.1264080237728498 and parameters: {'nodeNum': 150, 'leaking_rate': 0.0057577138942134206, 'tikhonov_beta': 0.1}. Best is tria[I 2024-11-05 10:09:29[[I 2024-11-05 [I 2024-11-05 10:10:33,708] Trial 119 finished with value: 0.6463327539909713 and parameters: {'nodeNum': 150, 'leaking_rate': 0.002113241558996622, 'tikhonov_beta': 0.0018427264803317538}. Best is tria[I [I[I 2024-11-05 10:1[I 2024-11-05 [I 2024-11-05 10:13:11,821] Trial 129 finished with value: 0.8337649673775301 and parameters: {'nodeNum': 150, 'leaking_rate': 0.006069950177732468, 'tikhonov_beta': 0.0023467374478865948}. Best is tria[I [I[I 2024-11-05 10:[I[I 2024-11-05 10:16:15,503] Trial 138 finished with value: 0.8471686587745229 and parameters: {'nodeNum': 150, 'leaking_rate': 0.0035792334638339845, 'tikhonov_beta': 0.006561215446497224}. Best is trial 26 with val[I[I[I 2024-11-05 10:[I [I 2024-11-05 10:18:57,959] Trial 149 finished with value: 1.2899598958768872 and parameters: {'nodeNum': 150, 'leaking_rate': 0.07159625080389843, 'tikhonov_beta': 0.09999999999999988}. Best is trial 26 with value:[[I 2024-11-05 10[I 2[I 2024-11-05 10:22:12,386] Trial 159 finished with value: 1.301581422302495 and parameters: {'nodeNum': 600, 'leaking_rate': 0.03902487909549368, 'tikhonov_beta': 0.0011293748865056313}. Best is trial[I 2024-11-05 1[[I 2024-11-05 10:[I [I 2024-11-05 10:25:11,362] Trial 169 finished with value: 1.3753693276719139 and parameters: {'nodeNum': 150, 'leaking_rate': 0.0010000000000000002, 'tikhonov_beta': 0.0014614519156405635}. Best is tr[I 2024-11-05 10:[I[I 2024-11-05 10[I 2[I 2024-11-05 10:28:37,182] Trial 179 finished with value: 0.6202737497922377 and parameters: {'nodeNum': 600, 'leaking_rate': 0.0015825537790884827, 'tikhonov_beta': 0.00015056144470220617}. Best i[I[I 2024-11-05 10:32:03,838] Trial 187 fin[I 2024-11-05 10:32:42,308] Trial 189 finished with value: 1.2034608838724234 and parameters: {'nodeNum': 600, 'leaking_rate': 0.00240361878747834, 'tikhonov_beta': 0.02206481825610361}. Best is t[[I 2024-11-05 10:36:25,612] Trial 198 f[I 2024-11-05 10:37:05,886] Trial 199 finished with value: 1.3276809045657585 and parameters: {'nodeNum': 600, 'leaking_rate': 0.016347272781643635, 'tikhonov_beta': 0.0015631569276823329}. Best is [I 2024-11-05 10:40:32,846] Trial 208 fin[I 2024-11-05 10:41:22,107] Trial 209 finished with value: 1.0278890634307898 and parameters: {'nodeNum': 600, 'leaking_rate': 0.00845049796235146, 'tikhonov_beta': 0.004703031511931845}. Best is [[I 2024-11-05 10:44:56,613] Trial 218 fi[I 2024-11-05 10:45:41,553] Trial 219 finished with value: 1.0737099181195164 and parameters: {'nodeNum': 600, 'leaking_rate': 0.00440846460964435, 'tikhonov_beta': 0.0004244859616041524}. Best is t[I 2024-11-05 10:48:51,18[I 2024-11-05 1[I 2024-11-05 10:49:48,996] Trial 229 finished with value: 0.8631615918290712 and parameters: {'nodeNum': 600, 'leaking_rate': 0.006830145948653732, 'tikhonov_beta': 0.0001353225544425949}. Best is t[I 2024-11-05 1[I 2024-11-05 10:53:15,08[I 2024-11-05 10:53:48,720] Trial 239 finished with value: 1.1549144038305283 and parameters: {'nodeNum': 150, 'leaking_rate': 0.008995943653198248, 'tikhonov_beta': 0.1}. Best is t[I 2024[I 2024-11-05 10:56:49,34[I 2024-[I 2024-11-05 10:58:32,331] Trial 250 finished with value: 1.3006168628336128 and parameters: {'nodeNum': 600, 'leaking_rate': 0.03226233310058705, 'tikhonov_beta': 0.01441070549304164}. Best is t[I 2024-[I 2024-11-05 11:01:23,[I 2024-1[I 2024-11-05 11:03:25,956] Trial 261 finished with value: 1.677931671809619 and parameters: {'nodeNum': 600, 'leaking_rate': 0.06582646028698128, 'tikhonov_beta': 2.9198048002005397e-05}. Best is [I 2024-[I 2024-11-05 11:06:19,95[I 2024-[I 2024-11-05 11:07:07,772] Trial 272 finished with value: 1.2009460514201187 and parameters: {'nodeNum': 150, 'leaking_rate': 0.011790598168677063, 'tikhonov_beta': 0.0012179753998370429}. Best is[I 2024-1[I 2024-11-05 11:10:20,[I 2024-11-05 11:11:37,747] Trial 279 finished with value: 1.2488992493935707 and parameters: {'nodeNum': 600, 'leaking_rate': 0.004461685568822611, 'tikhonov_beta': 0.042103521861758426}[I 2024-11-[I 2024-11-05 11:14:57,875] Trial[I 2024[I 2024-11-05 11:16:21,317] Trial 291 finished with value: 1.1948264459057631 and parameters: {'nodeNum': 600, 'leaking_rate': 0.01923924405394016, 'tikhonov_beta': 0.01612978845050468}.[I 2024-11-0[I 2024-11-05 11:19:24,601] Trial[I 20[I 2024-11-05 11:20:50,073] Trial 301 finished with value: 3.5545440154917602 and parameters: {'nodeNum': 150, 'leaking_rate': 0.073532884668006, 'tikhonov_beta': 0.0002574397949005089}. [I 2024-11-05 [I 2024-11-05 11:24:11,636] Tria[I [I 2024-11-05 11:25:53,724] Trial 311 finished with value: 1.233828760194801 and parameters: {'nodeNum': 600, 'leaking_rate': 0.020722585670070487, 'tikhonov_beta': 0.000369444811342466}. [I 2024-11-05[I 2024-11-05 11:28:30,802] Tri[I 20[I 2024-11-05 11:30:16,334] Trial 322 finished with value: 1.1132390481951782 and parameters: {'nodeNum': 600, 'leaking_rate': 0.006688100586421752, 'tikhonov_beta': 0.022018182665713187}. B[I 2024-11-0[I 2024-11-05 11:32:34,049] Tri[I 2024-11-05 11:35:06,128] Trial 330 finished with value: 1.112467575777068 and parameters: {'nodeNum': 600, 'leaking_rate': 0.006680527930703049, 'tikhonov_beta': 0.0218577865[I 2024-11-05 11:35:46,126] Tri[I 2024-11-05 11:37:15,027] [I 2024-11-05 11:39:47,651] Trial 342 finished with value: 1.0672396189316502 and parameters: {'nodeNum': 600, 'leaking_rate': 0.0027705932838438274, 'tikhonov_beta': 0.0027319012[I 2024-11-05 11:40:32,451] Tria[I 2024-11-05 11:41:57,937] [I 2024-11-05 11:44:46,428] Trial 352 finished with value: 2.934081578226432 and parameters: {'nodeNum': 600, 'leaking_rate': 0.011170438391250722, 'tikhonov_beta': 2.363292019730[I 2024-11-05 11:45:17,222] Tria[I 2024-11-05 11:46:56,331][I 2024-11-05 11:49:52,701] Trial 363 finished with value: 0.8933948302748917 and parameters: {'nodeNum': 600, 'leaking_rate': 0.001734979762071062, 'tikhonov_beta': 0.0007957733728893514}. Best is trial 26 with v[I 2024-11-05 11:51:17,594[I 2024-11-05 11:54:40,444] Trial 374 finished with value: 0.6741549161061484 and parameters: {'nodeNum': 600, 'leaking_rate': 0.0012116309329271702, 'tikhonov_beta': 7.892111474471159e-05}. Best is trial 26 with [I 2024-11-05 11:55:32,271][I 2024-11-05 11:59:45,669] Trial 385 finished with value: 3.996620654188487 and parameters: {'nodeNum': 600, 'leaking_rate': 0.0016162673334828746, 'tikhonov_beta': 1.7505112407865492e-05}. Best is trial 26 with v[I 2024-11-05 11:59:52,311[I 2024-11-05 12:04:08,466] Trial 396 finished with value: 1.1330528642627336 and parameters: {'nodeNum': 150, 'leaking_rate': 0.1, 'tikhonov_beta': 0.1}. Best is trial 26 with value: 0.571232836[I 2024-1[I 2024-11-05 12:09:29,568] Trial 405 finished with value: 7.111673340546674 and parameters: {'nodeNum': 600, 'leaking_rate': 0.028109171643453272, 'tikhonov_beta': 2.425278628861211e-05}. Best is trial 26 with value: 0.5712328368[I 2024-[I 2024-11-05 12:13:43,857] Trial 416 finished with value: 2.2795046940752246 and parameters: {'nodeNum': 150, 'leaking_rate': 0.004409481799711679, 'tikhonov_beta': 4.932855928855969e-05}. Best is trial 26 with va[I 2024-11-05 12:[I 2024-[I 2024-11-05 12:18:18,967] Trial 425 finished with value: 1.2598246628770255 and parameters: {'nodeNum': 600, 'leaking_rate': 0.0010000000000000002, 'tikhonov_beta': 0.006062773307103961}. Best is trial 26 with va[I 2024-11-05 12:[I 2024-[I 2024-11-05 12:22:11,955] Trial 435 finished with value: 1.2539109042844183 and parameters: {'nodeNum': 150, 'leaking_rate': 0.014642614779381443, 'tikhonov_beta': 0.042830573338863906}. Best is trial 26 with val[I 2024-11-05 12[I 2024-[I 2024-11-05 12:26:30,701] Trial 444 finished with value: 1.2591087180582934 and parameters: {'nodeNum': 600, 'leaking_rate': 0.014492878630399988, 'tikhonov_beta': 0.004980965542670208}. Best is trial 26 with va[I 2024-11-05 12:[I 2024-[I 2024-11-05 12:30:53,405] Trial 454 finished with value: 1.3543817252758708 and parameters: {'nodeNum': 600, 'leaking_rate': 0.013616490237623041, 'tikhonov_beta': 0.0003921952613287964}. Best is trial 26 with [I 2024-11-05 12:3[I 2024-1[I 2024-11-05 12:35:12,863] Trial 464 finished with value: 1.1422771730389216 and parameters: {'nodeNum': 600, 'leaking_rate': 0.0018904696443821942, 'tikhonov_beta': 0.005504190954972624}. Best is trial 26 with [I 2024-11-05 12:3[I 2024-1[I 2024-11-05 12:39:28,803] Trial 475 finished with value: 1.9838358783743653 and parameters: {'nodeNum': 600, 'leaking_rate': 0.00335388076795994, 'tikhonov_beta': 0.0001605955070072229}. Best is trial 26 with value: 0.5712328368[I 2024-[I 2024-11-05 12:44:00,688] Trial 485 finished with value: 2.1797280134753114 and parameters: {'nodeNum': 600, 'leaking_rate': 0.06100051714593528, 'tikhonov_beta': 0.0007550790455134837}. Best is trial 26 with valu[I 2024-11-05 12:[I 202[I 2024-11-05 12:48:40,077] Trial 495 finished with value: 1.1485782206592283 and parameters: {'nodeNum': 600, 'leaking_rate': 0.008882959380354683, 'tikhonov_beta': 0.04639913574962145}. Best is trial 26 with value: 0.5712328368922726.
[I 2024-11-05 12:53:11,965] Trial 508 finished with value: 1.2218406045474988 and parameters: {'nodeNum': 600, 'leaking_rate': 0.06075064144851689, 'tikhonov_beta': 8.23207293817126e-05}. Best is trial 26 with value: 0.5712328368922726.
[I 2024-11-05 12:56:53,046] Trial 519 finished with value: 1.4785593134336372 and parameters: {'nodeNum': 150, 'leaking_rate': 0.047454025301272296, 'tikhonov_beta': 0.01028539282269238}. Best is trial 26 with value:[I 2024-11-05 12:57:0[I 2024-11-05 13:01:07,878] Trial 528 finished with value: 13.289334549819353 and parameters: {'nodeNum': 150, 'leaking_rate': 0.015571386310788088, 'tikhonov_beta': 4.1227514298092625e-06}. Best is trial 26 with va[I 2024-11-05 13:01:51,95[I 2024-11-05 13:05:41,643] Trial 537 finished with value: 11.481595961243912 and parameters: {'nodeNum': 600, 'leaking_rate': 0.0010000000000000002, 'tikhonov_beta': 1.8807191374077751e-06}. Best is trial 26 with v[I 2024-11-05 13:05:47,033[I 2024-11-05 13:12:43,312] Trial 548 finished with value: 0.633750274766239 and parameters: {'nodeNum': 600, 'leaking_rate': 0.0019784654178362808, 'tikhonov_beta': 0.00030697696053565664}. Best is trial 26 wi[I 2024-11-05 13:13:21,911] Tr[I 2024-11-05 13:17:56,322] Trial 558 finished with value: 1.6124360826780124 and parameters: {'nodeNum': 400, 'leaking_rate': 0.005888273024227255, 'tikhonov_beta': 0.0031030446586621805}. Best is trial 26 with value: 0.5712328368922726.
[I 2024-11-05 13:22:08,686] Trial 570 finished with value: 1.4086457032235515 and parameters: {'nodeNum': 350, 'leaking_rate': 0.04962830147348253, 'tikhonov_beta': 0.045875808407949824}. Best is trial 26 with value: 0.5712328368922726.
[I 2024-11-05 13:26:37,407] Trial 580 finished with value: 1.630108579694475 and parameters: {'nodeNum': 400, 'leaking_rate': 0.06956165134137125, 'tikhonov_beta': 0.0036251349789739634}. Best is trial 26 with value: 0.5712328368922726.
[I 2024-11-05 13:31:06,692] Trial 590 finished with value: 1.2826667775852678 and parameters: {'nodeNum': 400, 'leaking_rate': 0.0010000000000000002, 'tikhonov_beta': 0.0006788991070556028}. Best is trial 26 with value: 0.5712328368922726.
[I 2024-11-05 13:35:29,912] Trial 600 finished with value: 1.2731418341054894 and parameters: {'nodeNum': 350, 'leaking_rate': 0.01040230226349727, 'tikhonov_beta': 0.1}. Best is trial 26 with value: 0.5712328368922726.
[I 2024-11-05 13:40:00,922] Trial 610 finished with value: 3.473107010721912 and parameters: {'nodeNum': 350, 'leaking_rate': 0.009794474269302012, 'tikhonov_beta': 0.0002596282128120286}. Best is trial 26 with value: 0.5712328368922726.
[I 2024-11-05 13:44:11,088] Trial 620 finished with value: 1.4271375270956583 and parameters: {'nodeNum': 250, 'leaking_rate': 0.017305259758511483, 'tikhonov_beta': 0.0021046042527303665}. Best is trial 26 with value: 0.5712328368922726.
[I 2024-11-05 13:48:27,122] Trial 630 finished with value: 7.546924980234334 and parameters: {'nodeNum': 150, 'leaking_rate': 0.027859928172791617, 'tikhonov_beta': 5.37645578380548e-06}. Best is trial 26 with value: 0.5712328368922726.
[I 2024-11-05 13:53:14,145] Trial 640 finished with value: 0.9933401332246393 and parameters: {'nodeNum': 450, 'leaking_rate': 0.001591616258958695, 'tikhonov_beta': 0.0002167040498255614}. Best is trial 26 with value: 0.5712328368922726.
[I 2024-11-05 13:58:14,893] Trial 650 finished with value: 1.284031301662658 and parameters: {'nodeNum': 400, 'leaking_rate': 0.1, 'tikhonov_beta': 0.0015649683037893068}. Best is trial 26 with value: 0.5712328368922726.
[I 2024-11-05 14:03:17,052] Trial 660 finished with value: 1.3292954645636557 and parameters: {'nodeNum': 500, 'leaking_rate': 0.0031549106977918928, 'tikhonov_beta': 0.1}. Best is trial 26 with value: 0.5712328368922726.
[I 2024-11-05 14:08:08,151] Trial 670 finished with value: 0.8962197352938851 and parameters: {'nodeNum': 300, 'leaking_rate': 0.004413381697324746, 'tikhonov_beta': 0.0005368703597170543}. Best is trial 26 with value: 0.5712328368922726.
[I 2024-11-05 14:13:15,677] Trial 680 finished with value: 1.2643265159054295 and parameters: {'nodeNum': 450, 'leaking_rate': 0.03583924404352937, 'tikhonov_beta': 0.09999999999999988}. Best is trial 26 with value: 0.5712328368922726.
[I 2024-11-05 14:17:58,725] Trial 690 finished with value: 1.0087711131020796 and parameters: {'nodeNum': 200, 'leaking_rate': 0.008866093105389493, 'tikhonov_beta': 0.009293975206761418}. Best is trial 26 with value: 0.5712328368922726.
[I 2024-11-05 14:22:56,081] Trial 700 finished with value: 1.7278839306827163 and parameters: {'nodeNum': 400, 'leaking_rate': 0.058979012475959436, 'tikhonov_beta': 0.00031639042186657216}. Best is trial 26 with value: 0.5712328368922726.
[I 2024-11-05 14:27:55,685] Trial 710 finished with value: 2.257793157346576 and parameters: {'nodeNum': 300, 'leaking_rate': 0.006134211549187329, 'tikhonov_beta': 8.632800742394147e-05}. Best is trial 26 with value: 0.5712328368922726.
[I 2024-11-05 14:33:58,870] Trial 720 finished with value: 2.5866446184947867 and parameters: {'nodeNum': 600, 'leaking_rate': 0.07908581157678533, 'tikhonov_beta': 0.00027981281846151893}. Best is trial 26 with value: 0.5712328368922726.
[I 2024-11-05 14:39:31,149] Trial 730 finished with value: 1.3344976077085058 and parameters: {'nodeNum': 500, 'leaking_rate': 0.08182996540942904, 'tikhonov_beta': 0.0006453009100455745}. Best is trial 26 with value: 0.5712328368922726.
[I 2024-11-05 14:44:56,037] Trial 740 finished with value: 1.1782642756075847 and parameters: {'nodeNum': 600, 'leaking_rate': 0.02602494005949562, 'tikhonov_beta': 0.1}. Best is trial 26 with value: 0.5712328368922726.
[I 2024-11-05 14:49:51,431] Trial 750 finished with value: 1.2482667990806795 and parameters: {'nodeNum': 150, 'leaking_rate': 0.019545418209368896, 'tikhonov_beta': 0.1}. Best is trial 26 with value: 0.5712328368922726[I[I 2024-11-05 14:55:03,762] Trial 759 finished with value: 1.1539295037938584 and parameters: {'nodeNum': 600, 'leaking_rate': 0.0034754167720304884, 'tikhonov_beta': 0.006777388201915697}. Best is trial 26 with value: 0.5712328368922726.
[I 2024-11-05 15:00:24,702] Trial 770 finished with value: 1.3196543426552076 and parameters: {'nodeNum': 450, 'leaking_rate': 0.02197413973853167, 'tikhonov_beta': 0.1}. Best is trial 26 with value: 0.5712328368922726[I[I 2024-11-05 15:05:34,616] Trial 780 finished with value: 1.3626303414435905 and parameters: {'nodeNum': 450, 'leaking_rate': 0.004352380604043249, 'tikhonov_beta': 0.0028230792339018033}. Best is trial 26 with value: [I 2024-11-05 15:06:[I 2024-11-05 15:10:48,064] Trial 789 finished with value: 0.6704299758539028 and parameters: {'nodeNum': 600, 'leaking_rate': 0.006291307319652727, 'tikhonov_beta': 0.0013176092368539568}. Best is tria[I 2024-11-05 15:11:13,940] Trial 791[I 2024-11-05 15:16:10,616] Trial 799 finished with value: 4.872168654082672 and parameters: {'nodeNum': 500, 'leaking_rate': 0.0010897187630273652, 'tikhonov_beta': 3.5012549700984265e-05}. Best is trial 26 with value: 0.5712328368922726.
[I 2024-11-05 15:21:28,960] Trial 812 finished with value: 2.8710501286099834 and parameters: {'nodeNum': 300, 'leaking_rate': 0.0015313801520494253, 'tikhonov_beta': 4.941078753685795e-05}. Best is trial 26 with value: 0.5712328368922726.
[I 2024-11-05 15:26:45,257] Trial 822 finished with value: 1.2226416707852132 and parameters: {'nodeNum': 150, 'leaking_rate': 0.0012085729832641277, 'tikhonov_beta': 0.00011358249575023009}. Best is trial 26 with value: 0.5712328368922726.
