[I 2024-11-06 09:40:07,075] Trial 1864 finished with value: 0.2204038819305514 and parameters: {'nodeNum_01': 200, 'leaking_rate_01': 0.011903762515348595, 'nodeNum_02': 200, 'leaking_rate_02': 0.06420072101221118, 'nodeNum_03': 600, 'leaking_rate_03': 0.07865960656632245, 'nodeNum_04': 500, 'leaking_rate_04': 0.09191760221134536, 'tikhonov_beta': 1.7457445678665392e-07, 'intensity': 1.9270398975224943}. Best is trial 1222 with value: 0.21825744342878123.
[I 2024-11-06 09:45:41,956] Trial 1881 finished with value: 0.22212216925065367 and parameters: {'nodeNum_01': 200, 'leaking_rate_01': 0.011917209815893507, 'nodeNum_02': 150, 'leaking_rate_02': 0.05311056934477144, 'nodeNum_03': 600, 'leaking_rate_03': 0.05148210145682512, 'nodeNum_04': 500, 'leaking_rate_04': 0.09969234659270823, 'tikhonov_beta': 1.529746056573363e-07, 'intensity': 1.935452575874072}. Best is trial 1222 with value: 0.21825744342878123.
[I 2024-11-06 09:51:17,700] Trial 1902 finished with value: 0.2251800630543305 and parameters: {'nodeNum_01': 200, 'leaking_rate_01': 0.009909750308282195, 'nodeNum_02': 200, 'leaking_rate_02': 0.06833680986578385, 'nodeNum_03': 600, 'leaking_rate_03': 0.0454837263148837, 'nodeNum_04': 500, 'leaking_rate_04': 0.07520117736599774, 'tikhonov_beta': 1.0000631475114515e-07, 'intensity': 1.8910938451774544}. Best is trial 1222 with value: 0.21825744342878123.
[I 2024-11-06 09:56:53,112] Trial 1921 finished with value: 0.2238487240593877 and parameters: {'nodeNum_01': 200, 'leaking_rate_01': 0.013238579328585024, 'nodeNum_02': 200, 'leaking_rate_02': 0.07052237090385537, 'nodeNum_03': 600, 'leaking_rate_03': 0.04083011987403617, 'nodeNum_04': 500, 'leaking_rate_04': 0.09985233945229127, 'tikhonov_beta': 2.286077663957648e-07, 'intensity': 1.885147978461669}. Best is trial 1222 with value: 0.21825744342878123.
[I 2024-11-06 10:02:28,211] Trial 1941 finished with value: 0.21969939278787884 and parameters: {'nodeNum_01': 200, 'leaking_rate_01': 0.015475782169006977, 'nodeNum_02': 200, 'leaking_rate_02': 0.05721799548346435, 'nodeNum_03': 600, 'leaking_rate_03': 0.06191428656823497, 'nodeNum_04': 500, 'leaking_rate_04': 0.08702415328430584, 'tikhonov_beta': 1.0062174135675073e-07, 'intensity': 1.9665491367833519}. Best is trial 1222 with value: 0.21825744342878123.
[I 2024-11-06 10:07:54,211] Trial 1960 finished with value: 0.22071842374413053 and parameters: {'nodeNum_01': 200, 'leaking_rate_01': 0.01110066704011005, 'nodeNum_02': 200, 'leaking_rate_02': 0.037739313726377496, 'nodeNum_03': 600, 'leaking_rate_03': 0.06108565395164744, 'nodeNum_04': 500, 'leaking_rate_04': 0.09970772367419925, 'tikhonov_beta': 1.310091005541898e-07, 'intensity': 1.833380357454316}. Best is trial 1222 with value: 0.21825744342878123.
