[I 2024-11-05 15:31:46,207] Trial 832 finished with value: 1.2312900782395089 and parameters: {'nodeNum': 150, 'leaking_rate': 0.0013421039085911815, 'tikhonov_bet[I 2024-11-05 15:32:12,704] Trial 831 finished with value: 1.2278253090429008[I 2024-11-05 15:36:59,420] Trial 841 finished with value: 1.08409380040631 and parameters: {'nodeNum': 250, 'leaking_rate': 0.001081138093208122[I 2024-11-05 15:37:46,511] Trial 843 finished with value: 1.2686794257906633 and parameters[I 2024-11-05 15:42:25,009] Trial 851 finished with value: 2.48769251248786 and parameters: {'nodeNum': 600, 'leaking_rate': 0.017126935111404087, '[I 2024-11-05 15:43:13,794] Trial 853 finished with value: 2.487041693877841 and parameter[I 2024-11-05 15:47:47,673] Trial 862 finished with value: 1.601272225470586 and parameters: {'nodeNum': 400, 'leaking_rate': 0.0117829473747396, 't[I 2024-11-05 15:48:33,268] Trial 864 finished with value: 1.6014144248294737 and paramet[I 2024-11-05 15:52:39,421] Trial 872 finished with value: 1.2280633495247408 and parameters: {'nodeNum': 250, 'leaking_rate': 0.022448849231966526, 't[I 2024-11-05 15:53:34,607] Trial 874 finished with value: 1.228046695[I 2024-11-05 15:57:52,742] Trial 882 finished with value: 0.9560193932224569 and parameters: {'nodeNum': 200, 'leaking_rate': 0.014046700312645616, 't[I 2024-11-05 15:58:48,388] Trial 885 finished with value: 0.9556059298972804 and parame[I 2024-11-05 16:03:33,167] Trial 892 finished with value: 1.1601317094115258 and parameters: {'nodeNum': 500, 'leaking_rate': 0.010194030113750405, '[I 2024-11-05 16:03:56,583] Trial 895 finished with value: 2.330009614305778 and paramete[I 2024-11-05 16:09:13,000] Trial 903 finished with value: 1.2825403623713016 and parameters: {'nodeNum': 600, 'leaking_rate': 0.02449029771195423, '[I 2024-11-05 16:09:41,001] Trial 906 finished with value: 1.063419645939955 and paramete[I 2024-11-05 16:14:28,945] Trial 914 finished with value: 1.3843033229180002 and parameters: {'nodeNum': 450, 'leaking_rate': 0.04552038226204842, 't[I 2024-11-05 16:15:10,647] Trial 916 finished with value: 1.536118243723247 and parame[I 2024-11-05 16:20:01,807] Trial 924 finished with value: 1.108119720514867 and parameters: {'nodeNum': 450, 'leaking_rate': 0.0035140981298122276, 't[I 2024-11-05 16:20:46,072] Trial 926 finished with value: 1.1069180162878167 and parame[I 2024-11-05 16:25:09,012] Trial 934 finished with value: 18.69230734655208 and parameters: {'nodeNum': 150, 'leaking_rate': 0.023230222720866365, 'ti[I 2024-11-05 16:26:06,227] Trial 936 finished with value: 1.2128787528[I 2024-11-05 16:31:04,303] Trial 944 finished with value: 1.2415682255064906 and parameters: {'nodeNum': 600, 'leaking_rate': 0.0036132892399851433,[I 2024-11-05 16:31:38,847] Trial 946 finished with value: 2.367914342481[I 2024-11-05 16:36:37,539] Trial 954 finished with value: 2.5731244474396147 and parameters: {'nodeNum': 500, 'leaking_rate': 0.002250598761336203, 'tikhonov_beta'[I 2024-11-05 16:36:51,780] Trial 956 finished with value: 1.53490167073350[I 2024-11-05 16:42:03,179] Trial 964 finished with value: 1.4759393169087796 and parameters: {'nodeNum': 250, 'leaking_rate': 0.00213135008020037, 'tikhonov_beta': 0[I 2024-11-05 16:42:31,848] Trial 965 finished with value: 1.505574359820[I 2024-11-05 16:47:23,972] Trial 974 finished with value: 1.0783570413861345 and parameters: {'nodeNum': 250, 'leaking_rate': 0.06365885263716158, 'tikhonov_beta': [I 2024-11-05 16:47:56,749] Trial 975 finished with val[I 2024-11-05 16:52:09,527] Trial 984 finished with value: 1.0749598255829371 and parameters: {'nodeNum': 250, 'leaking_rate': 0.0035432622962167397, 'tikhonov_beta'[I 2024-11-05 16:53:11,531] Trial 985 finished with value: 1.20811626412919[I 2024-11-05 16:55:52,805] Trial 993 finished with value: 1.445624913855666 and parameters: {'nodeNum': 150, 'leaking_rate': 0.04573104524787666, 'tikhonov_beta'[I 2024-11-05 16:56:24,965] Trial 994 finished with value: 0.59790464675141[I 2024-11-05 16:58:18,490] Trial 997 finished with value: 3.2801558541725777 and parameters: {'nodeNum': 150, 'leaking_rate': 0.022679481847163604, 'tikhonov_beta':[I 2024-11-05 16:58:46,758] Trial 998 finished with value: 3.28207097454584[I 2024-11-05 17:00:28,691] Trial 999 finished with value: 1.0067680205902005 and parameters: {'nodeNum': 250, 'leaking_rate': 0.006433025806537922, 'tikhonov_beta': 0.0008886541925754029}. Best is trial 26 with value: 0.5712328368922726.
.
e: 0.5712328368922726.
