[I 2024-11-06 09:51:57,477] Trial 1906 finished with value: 0.23234659453146778 and parameters: {'nodeNum_01': 200, 'leaking_rate_01': 0.00970050274772268, 'nodeNum_02': 200, 'leaking_rate_02': 0.042932267725945154, 'nodeNum_03': 600, 'leaking_rate_03': 0.04641800575466038, 'nodeNum_04': 500, 'leaking_rate_04': 0.07662097217190014, 'tikhonov_beta': 9.451586212840506e-07, 'intensity': 1.8884905226199535}. Best is trial 1222 with value: 0.21825744342878123.
[I 2024-11-06 09:57:35,073] Trial 1927 finished with value: 0.2258633622842758 and parameters: {'nodeNum_01': 200, 'leaking_rate_01': 0.013356359365090196, 'nodeNum_02': 200, 'leaking_rate_02': 0.07106215244787721, 'nodeNum_03': 600, 'leaking_rate_03': 0.040010819072435796, 'nodeNum_04': 500, 'leaking_rate_04': 0.0838466822551069, 'tikhonov_beta': 2.230158718711096e-07, 'intensity': 1.9669030801617584}. Best is trial 1222 with value: 0.21825744342878123.
[I 2024-11-06 10:03:12,264] Trial 1947 finished with value: 0.221485597675961 and parameters: {'nodeNum_01': 200, 'leaking_rate_01': 0.006630806569206256, 'nodeNum_02': 200, 'leaking_rate_02': 0.057994700155579025, 'nodeNum_03': 600, 'leaking_rate_03': 0.06026009602685268, 'nodeNum_04': 500, 'leaking_rate_04': 0.08731890851543404, 'tikhonov_beta': 1.004279426075716e-07, 'intensity': 1.9655357045650663}. Best is trial 1222 with value: 0.21825744342878123.
[I 2024-11-06 10:08:32,248] Trial 1967 finished with value: 0.2632092898655515 and parameters: {'nodeNum_01': 200, 'leaking_rate_01': 0.016678814821984096, 'nodeNum_02': 200, 'leaking_rate_02': 0.038348959859132684, 'nodeNum_03': 600, 'leaking_rate_03': 0.05404336879795641, 'nodeNum_04': 550, 'leaking_rate_04': 0.09967281647237791, 'tikhonov_beta': 0.00014224671936130756, 'intensity': 1.835365819149748}. Best is trial 1222 with value: 0.21825744342878123.
[I 2024-11-06 10:11:44,340] Trial 1980 finished with value: 0.25636884910474633 and parameters: {'nodeNum_01': 200, 'leaking_rate_01': 0.016536057365010758, 'nodeNum_02': 200, 'leaking_rate_02': 0.04895957399404132, 'nodeNum_03': 550, 'leaking_rate_03': 0.05014108609526081, 'nodeNum_04': 500, 'leaking_rate_04': 0.09988736926558406, 'tikhonov_beta': 6.963196381662682e-05, 'intensity': 1.9199756904184573}. Best is trial 1222 with value: 0.21825744342878123.
[I 2024-11-06 10:14:17,841] Trial 1989 finished with value: 0.22236571474759745 and parameters: {'nodeNum_01': 200, 'leaking_rate_01': 0.01463647763770604, 'nodeNum_02': 200, 'leaking_rate_02': 0.0516839346412064, 'nodeNum_03': 600, 'leaking_rate_03': 0.055080309836734224, 'nodeNum_04': 500, 'leaking_rate_04': 0.08171474751478484, 'tikhonov_beta': 1.8189540295047195e-07, 'intensity': 1.9209299240615578}. Best is trial 1222 with value: 0.21825744342878123.
