[I 2024-11-05 23:19:02,377] Trial 890 finished with value: 0.2530893654627533 and parameters: {'nodeNum': 550, 'leaking_rate': 0.03742553680420187, 'tikhonov_beta': 1.3594421220354526e-07}. Best is trial 675 with value: 0.2464088749198054.
[I 2024-11-05 23:21:54,654] Trial 899 finished with value: 0.2496040433060999 and parameters: {'nodeNum': 600, 'leaking_rate': 0.05463636257649143, 'tikhonov_beta': 1.2860650282942178e-07}. Best is trial 675 with value: 0.2464088749198054.
[I 2024-11-05 23:24:47,217] Trial 910 finished with value: 0.25266032558728113 and parameters: {'nodeNum': 600, 'leaking_rate': 0.060254725563833544, 'tikhonov_beta': 1.951176190559103e-07}. Best is trial 675 with value: 0.2464088749198054.
[I 2024-11-05 23:27:39,931] Trial 920 finished with value: 0.24667093113515304 and parameters: {'nodeNum': 600, 'leaking_rate': 0.046704426902716624, 'tikhonov_beta': 1.001821261523716e-07}. Best is trial 675 with value: 0.2464088749198054.
[I 2024-11-05 23:30:32,445] Trial 931 finished with value: 0.24986046764624065 and parameters: {'nodeNum': 600, 'leaking_rate': 0.049391771405949345, 'tikhonov_beta': 1.6197601223130372e-07}. Best is trial 675 with value: 0.2464088749198054.
[I 2024-11-05 23:33:24,296] Trial 940 finished with value: 0.24898988294917498 and parameters: {'nodeNum': 600, 'leaking_rate': 0.05164739547102835, 'tikhonov_beta': 1.317859018488411e-07}. Best is trial 675 with value: 0.2464088749198054.
[I 2024-11-05 23:36:16,584] Trial 949 finished with value: 0.2795936173654789 and parameters: {'nodeNum': 600, 'leaking_rate': 0.018760152835610177, 'tikhonov_beta': 2.5409011259519306e-07}. Best is trial 675 with value: 0.2464088749198054.
[I 2024-11-05 23:39:09,202] Trial 960 finished with value: 0.24707871439668702 and parameters: {'nodeNum': 600, 'leaking_rate': 0.04555066577122963, 'tikhonov_beta': 1.0082658824733144e-07}. Best is trial 675 with value: 0.2464088749198054.
[I 2024-11-05 23:42:02,381] Trial 969 finished with value: 0.247294116066185 and parameters: {'nodeNum': 600, 'leaking_rate': 0.039925243003953545, 'tikhonov_beta': 1.016402292000657e-07}. Best is trial 675 with value: 0.2464088749198054.
[I 2024-11-05 23:44:55,051] Trial 979 finished with value: 0.24795621264466494 and parameters: {'nodeNum': 600, 'leaking_rate': 0.051904106386988884, 'tikhonov_beta': 1.0032394653790569e-07}. Best is trial 675 with value: 0.2464088749198054.
