[I 2024-11-06 09:55:42,414] Trial 1917 finished with value: 0.24424515264090418 and parameters: {'nodeNum_01': 200, 'leaking_rate_01': 0.013263463546392462, 'nodeNum_02': 200, 'leaking_rate_02': 0.06847485346232832, 'nodeNum_03': 600, 'leaking_rate_03': 0.05378971760378665, 'nodeNum_04': 500, 'leaking_rate_04': 0.009492919125390976, 'tikhonov_beta': 2.295046272651432e-07, 'intensity': 1.8870503962668483}. Best is trial 1222 with value: 0.21825744342878123.
[I 2024-11-06 10:01:21,253] Trial 1937 finished with value: 0.2221166139654901 and parameters: {'nodeNum_01': 200, 'leaking_rate_01': 0.015396199020276516, 'nodeNum_02': 200, 'leaking_rate_02': 0.05841349046865138, 'nodeNum_03': 600, 'leaking_rate_03': 0.062317082879859285, 'nodeNum_04': 500, 'leaking_rate_04': 0.08563224679837705, 'tikhonov_beta': 2.1875426058585644e-07, 'intensity': 1.970816375905977}. Best is trial 1222 with value: 0.21825744342878123.
[I 2024-11-06 10:06:55,837] Trial 1956 finished with value: 0.22273074281959912 and parameters: {'nodeNum_01': 250, 'leaking_rate_01': 0.01092257223088069, 'nodeNum_02': 200, 'leaking_rate_02': 0.038192556364992775, 'nodeNum_03': 600, 'leaking_rate_03': 0.062077467447669, 'nodeNum_04': 500, 'leaking_rate_04': 0.09269578165423545, 'tikhonov_beta': 1.3183655981188688e-07, 'intensity': 1.834405798847565}. Best is trial 1222 with value: 0.21825744342878123.
[I 2024-11-06 10:10:52,511] Trial 1974 finished with value: 0.23596813522724497 and parameters: {'nodeNum_01': 200, 'leaking_rate_01': 0.06669238295469035, 'nodeNum_02': 200, 'leaking_rate_02': 0.042712327209430696, 'nodeNum_03': 550, 'leaking_rate_03': 0.05062591348782084, 'nodeNum_04': 550, 'leaking_rate_04': 0.07808280900629858, 'tikhonov_beta': 1.555192816371642e-07, 'intensity': 1.9208309169197237}. Best is trial 1222 with value: 0.21825744342878123.
[I 2024-11-06 10:13:30,317] Trial 1985 finished with value: 0.23305480482567154 and parameters: {'nodeNum_01': 200, 'leaking_rate_01': 0.001163466650200199, 'nodeNum_02': 350, 'leaking_rate_02': 0.03372667399363627, 'nodeNum_03': 600, 'leaking_rate_03': 0.05595589712389242, 'nodeNum_04': 500, 'leaking_rate_04': 0.07730294187279203, 'tikhonov_beta': 1.7830497882675589e-07, 'intensity': 1.3406052806821154}. Best is trial 1222 with value: 0.21825744342878123.
[I 2024-11-06 10:15:57,798] Trial 1992 finished with value: 0.22464533873441242 and parameters: {'nodeNum_01': 200, 'leaking_rate_01': 0.014670860894974663, 'nodeNum_02': 200, 'leaking_rate_02': 0.05118398485442386, 'nodeNum_03': 400, 'leaking_rate_03': 0.06761883947516895, 'nodeNum_04': 500, 'leaking_rate_04': 0.08070158393690623, 'tikhonov_beta': 1.321932397011175e-07, 'intensity': 1.8741914612722206}. Best is trial 1222 with value: 0.21825744342878123.
