[I 2024-11-06 09:40:26,817] Trial 1865 finished with value: 0.22268046214721537 and parameters: {'nodeNum_01': 200, 'leaking_rate_01': 0.011940478557878926, 'nodeNum_02': 200, 'leaking_rate_02': 0.05223229950534362, 'nodeNum_03': 600, 'leaking_rate_03': 0.07870609127604337, 'nodeNum_04': 300, 'leaking_rate_04': 0.09995888976787103, 'tikhonov_beta': 1.7408337563921963e-07, 'intensity': 1.9348444432286973}. Best is trial 1222 with value: 0.21825744342878123.
[I 2024-11-06 09:46:01,948] Trial 1885 finished with value: 0.22242605503619858 and parameters: {'nodeNum_01': 200, 'leaking_rate_01': 0.011816741085215006, 'nodeNum_02': 150, 'leaking_rate_02': 0.036500341523689694, 'nodeNum_03': 600, 'leaking_rate_03': 0.05177475181329237, 'nodeNum_04': 500, 'leaking_rate_04': 0.08686728431090446, 'tikhonov_beta': 1.3520228146708095e-07, 'intensity': 1.831032135444637}. Best is trial 1222 with value: 0.21825744342878123.
[I 2024-11-06 09:51:36,126] Trial 1904 finished with value: 0.22768281863359247 and parameters: {'nodeNum_01': 200, 'leaking_rate_01': 0.009515918193367395, 'nodeNum_02': 200, 'leaking_rate_02': 0.08251917851093005, 'nodeNum_03': 600, 'leaking_rate_03': 0.04533404890801406, 'nodeNum_04': 500, 'leaking_rate_04': 0.07267846293175245, 'tikhonov_beta': 1.2526154232100813e-07, 'intensity': 1.2342138422459823}. Best is trial 1222 with value: 0.21825744342878123.
[I 2024-11-06 09:57:11,934] Trial 1923 finished with value: 0.22238124078693466 and parameters: {'nodeNum_01': 200, 'leaking_rate_01': 0.015038722976077607, 'nodeNum_02': 200, 'leaking_rate_02': 0.07040109558075745, 'nodeNum_03': 600, 'leaking_rate_03': 0.054922195524846895, 'nodeNum_04': 500, 'leaking_rate_04': 0.09988760104523726, 'tikhonov_beta': 2.2304496676166905e-07, 'intensity': 1.8882872850310943}. Best is trial 1222 with value: 0.21825744342878123.
[I 2024-11-06 10:02:46,184] Trial 1943 finished with value: 0.22401422154599582 and parameters: {'nodeNum_01': 250, 'leaking_rate_01': 0.011041179178747753, 'nodeNum_02': 200, 'leaking_rate_02': 0.05712547224809755, 'nodeNum_03': 600, 'leaking_rate_03': 0.06183944986007639, 'nodeNum_04': 500, 'leaking_rate_04': 0.08510360880872164, 'tikhonov_beta': 2.846874516289671e-07, 'intensity': 1.9669155574929515}. Best is trial 1222 with value: 0.21825744342878123.
[I 2024-11-06 10:08:00,655] Trial 1963 finished with value: 0.2246880327660592 and parameters: {'nodeNum_01': 250, 'leaking_rate_01': 0.010774837045186407, 'nodeNum_02': 200, 'leaking_rate_02': 0.039791466755808025, 'nodeNum_03': 600, 'leaking_rate_03': 0.05103523443386334, 'nodeNum_04': 150, 'leaking_rate_04': 0.09975913928186805, 'tikhonov_beta': 1.3191971394158985e-07, 'intensity': 1.8371609344016542}. Best is trial 1222 with value: 0.21825744342878123.
