[I 2024-11-06 09:43:11,612] Trial 1873 finished with value: 0.2234732314321783 and parameters: {'nodeNum_01': 200, 'leaking_rate_01': 0.01191189601370955, 'nodeNum_02': 150, 'leaking_rate_02': 0.06592988051559359, 'nodeNum_03': 600, 'leaking_rate_03': 0.07614448308298312, 'nodeNum_04': 500, 'leaking_rate_04': 0.09111372290887035, 'tikhonov_beta': 1.6764462307389137e-07, 'intensity': 1.9369569170954362}. Best is trial 1222 with value: 0.21825744342878123.
[I 2024-11-06 09:48:43,458] Trial 1892 finished with value: 0.22373085051163238 and parameters: {'nodeNum_01': 200, 'leaking_rate_01': 0.009665010966452968, 'nodeNum_02': 200, 'leaking_rate_02': 0.03600533307340482, 'nodeNum_03': 600, 'leaking_rate_03': 0.047072312017412486, 'nodeNum_04': 500, 'leaking_rate_04': 0.07649362881751418, 'tikhonov_beta': 1.2791652647556204e-07, 'intensity': 1.961549381763912}. Best is trial 1222 with value: 0.21825744342878123.
[I 2024-11-06 09:54:10,152] Trial 1912 finished with value: 0.22854559020670745 and parameters: {'nodeNum_01': 200, 'leaking_rate_01': 0.009769676455141008, 'nodeNum_02': 200, 'leaking_rate_02': 0.07020507325595901, 'nodeNum_03': 450, 'leaking_rate_03': 0.04473348683910519, 'nodeNum_04': 500, 'leaking_rate_04': 0.07751729688943203, 'tikhonov_beta': 1.0033312241828697e-07, 'intensity': 1.8850123224252457}. Best is trial 1222 with value: 0.21825744342878123.
[I 2024-11-06 09:59:42,910] Trial 1932 finished with value: 0.2225046460666102 and parameters: {'nodeNum_01': 200, 'leaking_rate_01': 0.013546945170253752, 'nodeNum_02': 200, 'leaking_rate_02': 0.05834335604264057, 'nodeNum_03': 600, 'leaking_rate_03': 0.0540848844522983, 'nodeNum_04': 500, 'leaking_rate_04': 0.08644837680716769, 'tikhonov_beta': 2.2054308918776873e-07, 'intensity': 1.9627620405074204}. Best is trial 1222 with value: 0.21825744342878123.
[I 2024-11-06 10:05:19,650] Trial 1952 finished with value: 0.22083546619422376 and parameters: {'nodeNum_01': 200, 'leaking_rate_01': 0.01099029007483783, 'nodeNum_02': 200, 'leaking_rate_02': 0.03862386942119266, 'nodeNum_03': 600, 'leaking_rate_03': 0.06251617763744331, 'nodeNum_04': 500, 'leaking_rate_04': 0.09257464310888175, 'tikhonov_beta': 1.2765433394866645e-07, 'intensity': 1.844735066235185}. Best is trial 1222 with value: 0.21825744342878123.
[I 2024-11-06 10:09:52,705] Trial 1972 finished with value: 0.22312843609914718 and parameters: {'nodeNum_01': 200, 'leaking_rate_01': 0.012434298820200819, 'nodeNum_02': 200, 'leaking_rate_02': 0.03827881871134647, 'nodeNum_03': 600, 'leaking_rate_03': 0.050508426323422013, 'nodeNum_04': 550, 'leaking_rate_04': 0.09312382310536226, 'tikhonov_beta': 1.5441892316680584e-07, 'intensity': 1.9212082690672523}. Best is trial 1222 with value: 0.21825744342878123.
