[I 2024-11-06 09:37:56,894] Trial 1854 finished with value: 0.22098890178935832 and parameters: {'nodeNum_01': 200, 'leaking_rate_01': 0.014119371077218201, 'nodeNum_02': 200, 'leaking_rate_02': 0.05082700240923757, 'nodeNum_03': 600, 'leaking_rate_03': 0.07764134312323433, 'nodeNum_04': 500, 'leaking_rate_04': 0.09211672400812215, 'tikhonov_beta': 1.8307030371245016e-07, 'intensity': 1.9427410854972758}. Best is trial 1222 with value: 0.21825744342878123.
[I 2024-11-06 09:43:33,694] Trial 1874 finished with value: 0.22755596565339017 and parameters: {'nodeNum_01': 200, 'leaking_rate_01': 0.012042027830959801, 'nodeNum_02': 200, 'leaking_rate_02': 0.062163156197693865, 'nodeNum_03': 600, 'leaking_rate_03': 0.05336991066064811, 'nodeNum_04': 500, 'leaking_rate_04': 0.06522686224047704, 'tikhonov_beta': 1.6513106611634032e-07, 'intensity': 1.949143577486828}. Best is trial 1222 with value: 0.21825744342878123.
[I 2024-11-06 09:49:00,823] Trial 1894 finished with value: 0.2371151483393482 and parameters: {'nodeNum_01': 200, 'leaking_rate_01': 0.009653896720222814, 'nodeNum_02': 200, 'leaking_rate_02': 0.07439783617603941, 'nodeNum_03': 450, 'leaking_rate_03': 0.04688517746421293, 'nodeNum_04': 500, 'leaking_rate_04': 0.0716513338755869, 'tikhonov_beta': 1.0042661976502176e-07, 'intensity': 0.31232114300432445}. Best is trial 1222 with value: 0.21825744342878123.
[I 2024-11-06 09:54:35,370] Trial 1913 finished with value: 0.2195442500375915 and parameters: {'nodeNum_01': 200, 'leaking_rate_01': 0.013307391025821949, 'nodeNum_02': 200, 'leaking_rate_02': 0.04256852366566226, 'nodeNum_03': 600, 'leaking_rate_03': 0.04594315358521811, 'nodeNum_04': 500, 'leaking_rate_04': 0.0998010651966768, 'tikhonov_beta': 1.0076678844997698e-07, 'intensity': 1.882840754970684}. Best is trial 1222 with value: 0.21825744342878123.
[I 2024-11-06 10:00:10,725] Trial 1933 finished with value: 0.22158368700043005 and parameters: {'nodeNum_01': 200, 'leaking_rate_01': 0.011131937721420595, 'nodeNum_02': 200, 'leaking_rate_02': 0.05670327858146022, 'nodeNum_03': 600, 'leaking_rate_03': 0.05410104612724245, 'nodeNum_04': 500, 'leaking_rate_04': 0.08456818518867922, 'tikhonov_beta': 2.2406292797741126e-07, 'intensity': 1.9618040223297721}. Best is trial 1222 with value: 0.21825744342878123.
[I 2024-11-06 10:05:37,824] Trial 1953 finished with value: 0.22841293423251716 and parameters: {'nodeNum_01': 250, 'leaking_rate_01': 0.011081963582758118, 'nodeNum_02': 200, 'leaking_rate_02': 0.03705650420458809, 'nodeNum_03': 600, 'leaking_rate_03': 0.06255082873703625, 'nodeNum_04': 200, 'leaking_rate_04': 0.0916042053377109, 'tikhonov_beta': 3.2589594923098636e-07, 'intensity': 1.8338635950626925}. Best is trial 1222 with value: 0.21825744342878123.
