[I 2024-11-06 09:49:25,855] Trial 1893 finished with value: 0.23128735683597756 and parameters: {'nodeNum_01': 200, 'leaking_rate_01': 0.013174813646431706, 'nodeNum_02': 200, 'leaking_rate_02': 0.009366332362487557, 'nodeNum_03': 600, 'leaking_rate_03': 0.047273412477835695, 'nodeNum_04': 500, 'leaking_rate_04': 0.07236852251214501, 'tikhonov_beta': 1.283151363040996e-07, 'intensity': 1.9553987540395124}. Best is trial 1222 with value: 0.21825744342878123.
[I 2024-11-06 09:55:25,590] Trial 1914 finished with value: 0.22127568900028663 and parameters: {'nodeNum_01': 200, 'leaking_rate_01': 0.009643075869472327, 'nodeNum_02': 200, 'leaking_rate_02': 0.07897751269994756, 'nodeNum_03': 600, 'leaking_rate_03': 0.04484037192561836, 'nodeNum_04': 500, 'leaking_rate_04': 0.09981526580174567, 'tikhonov_beta': 1.0092791148062968e-07, 'intensity': 1.883519780371632}. Best is trial 1222 with value: 0.21825744342878123.
[I 2024-11-06 10:01:33,101] Trial 1936 finished with value: 0.24052977120192148 and parameters: {'nodeNum_01': 200, 'leaking_rate_01': 0.0153606625963815, 'nodeNum_02': 200, 'leaking_rate_02': 0.05844841245491085, 'nodeNum_03': 600, 'leaking_rate_03': 0.05447630602438225, 'nodeNum_04': 500, 'leaking_rate_04': 0.0014976084969174875, 'tikhonov_beta': 2.4996249156884343e-07, 'intensity': 1.9591796188735784}. Best is trial 1222 with value: 0.21825744342878123.
[I 2024-11-06 10:07:18,138] Trial 1958 finished with value: 0.22181483679019717 and parameters: {'nodeNum_01': 250, 'leaking_rate_01': 0.010984437292637315, 'nodeNum_02': 200, 'leaking_rate_02': 0.04262412533815599, 'nodeNum_03': 600, 'leaking_rate_03': 0.06123933340067381, 'nodeNum_04': 500, 'leaking_rate_04': 0.09966844488348484, 'tikhonov_beta': 1.000519819128339e-07, 'intensity': 1.8353371129785492}. Best is trial 1222 with value: 0.21825744342878123.
[I 2024-11-06 10:10:59,888] Trial 1977 finished with value: 0.2242613970040093 and parameters: {'nodeNum_01': 200, 'leaking_rate_01': 0.01665453964079314, 'nodeNum_02': 200, 'leaking_rate_02': 0.03389119243386791, 'nodeNum_03': 550, 'leaking_rate_03': 0.051597005962810284, 'nodeNum_04': 500, 'leaking_rate_04': 0.09981786721439005, 'tikhonov_beta': 1.6486522553404695e-07, 'intensity': 1.925488538892112}. Best is trial 1222 with value: 0.21825744342878123.
[I 2024-11-06 10:13:35,066] Trial 1986 finished with value: 0.22293138914043087 and parameters: {'nodeNum_01': 200, 'leaking_rate_01': 0.014434977273430833, 'nodeNum_02': 200, 'leaking_rate_02': 0.051924827362380854, 'nodeNum_03': 600, 'leaking_rate_03': 0.05614237653396526, 'nodeNum_04': 500, 'leaking_rate_04': 0.07789275744151089, 'tikhonov_beta': 1.805723034151773e-07, 'intensity': 1.9150046554081468}. Best is trial 1222 with value: 0.21825744342878123.
