[I 2024-11-06 00:54:34,400] Using an existing study with name 'reproduct_sample08' instead of creating a new one.
[I 2024-11-06 01:00:40,897] Trial 20 finished with value: 0.42727960893824596 and parameters: {'nodeNum_01': 400, 'leaking_rate_01': 0.037320398989035435, 'nodeNum_02': 200, 'leaking_rate_02': 0.0017189880966292064, 'nodeNum_03': 550, 'leaking_rate_03': 0.004575901616719338, 'nodeNum_04': 250, 'leaking_rate_04': 0.0028345475975512426, 'tikhonov_beta': 0.0005314732556196591, 'intensity': 0.9527808059001461}. Best is trial 4 with value: 0.24990214266131328.
[I 2024-11-06 01:06:41,747] Trial 40 finished with value: 0.25100330747736266 and parameters: {'nodeNum_01': 300, 'leaking_rate_01': 0.001371493880315258, 'nodeNum_02': 500, 'leaking_rate_02': 0.05225771221959307, 'nodeNum_03': 350, 'leaking_rate_03': 0.019062019804808917, 'nodeNum_04': 250, 'leaking_rate_04': 0.028812269039176917, 'tikhonov_beta': 1.0317431507807015e-07, 'intensity': 0.5907015807890935}. Best is trial 36 with value: 0.23640988592594397.
[I 2024-11-06 01:12:48,200] Trial 61 finished with value: 0.263365359459743 and parameters: {'nodeNum_01': 250, 'leaking_rate_01': 0.0022400198706858934, 'nodeNum_02': 550, 'leaking_rate_02': 0.009375640279969842, 'nodeNum_03': 400, 'leaking_rate_03': 0.012312989983685952, 'nodeNum_04': 200, 'leaking_rate_04': 0.06061613436217285, 'tikhonov_beta': 1.8670792349766346e-06, 'intensity': 0.7992874730266388}. Best is trial 51 with value: 0.2319129467406371.
[I 2024-11-06 01:18:56,606] Trial 84 finished with value: 0.24302567359265678 and parameters: {'nodeNum_01': 350, 'leaking_rate_01': 0.004254886170143985, 'nodeNum_02': 450, 'leaking_rate_02': 0.005023516763016974, 'nodeNum_03': 300, 'leaking_rate_03': 0.05352094931724625, 'nodeNum_04': 300, 'leaking_rate_04': 0.04217617040852787, 'tikhonov_beta': 3.980619463810719e-07, 'intensity': 1.8078490755682115}. Best is trial 51 with value: 0.2319129467406371.
[I 2024-11-06 01:25:02,596] Trial 105 finished with value: 0.23395326832509722 and parameters: {'nodeNum_01': 450, 'leaking_rate_01': 0.002548170057094578, 'nodeNum_02': 500, 'leaking_rate_02': 0.08334776691089596, 'nodeNum_03': 350, 'leaking_rate_03': 0.07639057753846636, 'nodeNum_04': 200, 'leaking_rate_04': 0.07604182368832865, 'tikhonov_beta': 1.006548311323878e-07, 'intensity': 1.9923599891748744}. Best is trial 51 with value: 0.2319129467406371.
[I 2024-11-06 01:31:09,261] Trial 126 finished with value: 0.2380215344250055 and parameters: {'nodeNum_01': 450, 'leaking_rate_01': 0.009623339668931677, 'nodeNum_02': 300, 'leaking_rate_02': 0.0038034160748228784, 'nodeNum_03': 200, 'leaking_rate_03': 0.09384825301004263, 'nodeNum_04': 450, 'leaking_rate_04': 0.06897447842224691, 'tikhonov_beta': 5.514518739404731e-07, 'intensity': 1.5834568914383371}. Best is trial 110 with value: 0.2252776530975354.
[I 2024-11-06 01:37:13,331] Trial 148 finished with value: 0.2372134071304373 and parameters: {'nodeNum_01': 500, 'leaking_rate_01': 0.007044374273681584, 'nodeNum_02': 250, 'leaking_rate_02': 0.07934116036471806, 'nodeNum_03': 200, 'leaking_rate_03': 0.08663421066040437, 'nodeNum_04': 400, 'leaking_rate_04': 0.08814947086890755, 'tikhonov_beta': 1.9454670082730595e-07, 'intensity': 1.5234826501862453}. Best is trial 110 with value: 0.2252776530975354.
[I 2024-11-06 01:43:15,551] Trial 169 finished with value: 0.27147599336423933 and parameters: {'nodeNum_01': 500, 'leaking_rate_01': 0.006407609400639867, 'nodeNum_02': 200, 'leaking_rate_02': 0.0693420704012951, 'nodeNum_03': 150, 'leaking_rate_03': 0.0824797521960065, 'nodeNum_04': 500, 'leaking_rate_04': 0.05730516115636893, 'tikhonov_beta': 5.763261371093611e-05, 'intensity': 1.3866822490577662}. Best is trial 110 with value: 0.2252776530975354.
[I 2024-11-06 01:49:20,531] Trial 192 finished with value: 0.2335675660356631 and parameters: {'nodeNum_01': 550, 'leaking_rate_01': 0.0050768336471482545, 'nodeNum_02': 200, 'leaking_rate_02': 0.06001783195070195, 'nodeNum_03': 200, 'leaking_rate_03': 0.002495318417397425, 'nodeNum_04': 450, 'leaking_rate_04': 0.0979269205439535, 'tikhonov_beta': 1.1317788642974735e-07, 'intensity': 1.8636176320059767}. Best is trial 189 with value: 0.22196394849377712.
[I 2024-11-06 01:55:24,772] Trial 216 finished with value: 0.22804686260997564 and parameters: {'nodeNum_01': 450, 'leaking_rate_01': 0.007112070801056193, 'nodeNum_02': 150, 'leaking_rate_02': 0.04266672048329647, 'nodeNum_03': 200, 'leaking_rate_03': 0.0767164148688768, 'nodeNum_04': 550, 'leaking_rate_04': 0.09544720338929306, 'tikhonov_beta': 1.1989991392210281e-07, 'intensity': 1.9672872242546833}. Best is trial 189 with value: 0.22196394849377712.
[I 2024-11-06 02:00:56,408] Trial 238 finished with value: 0.23489816731548432 and parameters: {'nodeNum_01': 450, 'leaking_rate_01': 0.004404370989673841, 'nodeNum_02': 150, 'leaking_rate_02': 0.05125538186619029, 'nodeNum_03': 200, 'leaking_rate_03': 0.009578578552841003, 'nodeNum_04': 600, 'leaking_rate_04': 0.08245213468733509, 'tikhonov_beta': 1.4158010312164635e-07, 'intensity': 1.914021826292114}. Best is trial 223 with value: 0.2204076541705011.
[I 2024-11-06 02:06:32,387] Trial 258 finished with value: 0.30872519802804743 and parameters: {'nodeNum_01': 450, 'leaking_rate_01': 0.0034888675883575945, 'nodeNum_02': 150, 'leaking_rate_02': 0.04097153911790489, 'nodeNum_03': 200, 'leaking_rate_03': 0.006974346318410804, 'nodeNum_04': 600, 'leaking_rate_04': 0.08961795111923031, 'tikhonov_beta': 0.0008225159056175326, 'intensity': 1.8270310274549721}. Best is trial 223 with value: 0.2204076541705011.
[I 2024-11-06 02:12:10,483] Trial 277 finished with value: 0.22700605723463674 and parameters: {'nodeNum_01': 550, 'leaking_rate_01': 0.00822002720725653, 'nodeNum_02': 150, 'leaking_rate_02': 0.037335270982919146, 'nodeNum_03': 250, 'leaking_rate_03': 0.0702365170230348, 'nodeNum_04': 600, 'leaking_rate_04': 0.09021054699002784, 'tikhonov_beta': 1.8294241539801133e-07, 'intensity': 1.8758214017680328}. Best is trial 223 with value: 0.2204076541705011.
[I 2024-11-06 02:17:45,167] Trial 297 finished with value: 0.22815181919899616 and parameters: {'nodeNum_01': 550, 'leaking_rate_01': 0.002853661436607336, 'nodeNum_02': 200, 'leaking_rate_02': 0.027793465570842984, 'nodeNum_03': 200, 'leaking_rate_03': 0.05532409822472282, 'nodeNum_04': 600, 'leaking_rate_04': 0.07436651116317815, 'tikhonov_beta': 3.1630612499373103e-07, 'intensity': 1.748475819372276}. Best is trial 223 with value: 0.2204076541705011.
[I 2024-11-06 02:23:26,080] Trial 317 finished with value: 0.2286090121289388 and parameters: {'nodeNum_01': 600, 'leaking_rate_01': 0.009922513257147011, 'nodeNum_02': 200, 'leaking_rate_02': 0.017997122516905002, 'nodeNum_03': 250, 'leaking_rate_03': 0.04271212234387328, 'nodeNum_04': 600, 'leaking_rate_04': 0.09932420976409134, 'tikhonov_beta': 2.8631532564386815e-07, 'intensity': 1.8557466110981224}. Best is trial 223 with value: 0.2204076541705011.
[I 2024-11-06 02:29:04,445] Trial 337 finished with value: 0.23063070857939214 and parameters: {'nodeNum_01': 600, 'leaking_rate_01': 0.003307981422630115, 'nodeNum_02': 150, 'leaking_rate_02': 0.03421723363971302, 'nodeNum_03': 250, 'leaking_rate_03': 0.06257833137782481, 'nodeNum_04': 550, 'leaking_rate_04': 0.09896632874967176, 'tikhonov_beta': 1.0500996525803717e-07, 'intensity': 1.9419086455252996}. Best is trial 223 with value: 0.2204076541705011.
[I 2024-11-06 02:34:30,749] Trial 357 finished with value: 0.23237449229298437 and parameters: {'nodeNum_01': 400, 'leaking_rate_01': 0.004826603368451312, 'nodeNum_02': 150, 'leaking_rate_02': 0.04738630857546717, 'nodeNum_03': 200, 'leaking_rate_03': 0.07797613134113603, 'nodeNum_04': 550, 'leaking_rate_04': 0.08520257889276048, 'tikhonov_beta': 1.4607205657776867e-07, 'intensity': 1.996313778068026}. Best is trial 223 with value: 0.2204076541705011.
[I 2024-11-06 02:40:07,096] Trial 377 finished with value: 0.22706287680876297 and parameters: {'nodeNum_01': 450, 'leaking_rate_01': 0.004786536800329774, 'nodeNum_02': 200, 'leaking_rate_02': 0.05820580276369944, 'nodeNum_03': 200, 'leaking_rate_03': 0.05781082618570205, 'nodeNum_04': 600, 'leaking_rate_04': 0.07898098428022751, 'tikhonov_beta': 1.5395922571154127e-07, 'intensity': 1.8287420243092403}. Best is trial 223 with value: 0.2204076541705011.
[I 2024-11-06 02:45:45,100] Trial 397 finished with value: 0.2263904671236844 and parameters: {'nodeNum_01': 500, 'leaking_rate_01': 0.007995337269174252, 'nodeNum_02': 200, 'leaking_rate_02': 0.06218545384948816, 'nodeNum_03': 200, 'leaking_rate_03': 0.0891604452657768, 'nodeNum_04': 600, 'leaking_rate_04': 0.09076858948229857, 'tikhonov_beta': 2.2664519623882523e-07, 'intensity': 1.9037508073561573}. Best is trial 223 with value: 0.2204076541705011.
[I 2024-11-06 02:51:20,558] Trial 418 finished with value: 0.2410882060597285 and parameters: {'nodeNum_01': 550, 'leaking_rate_01': 0.006694874104821938, 'nodeNum_02': 200, 'leaking_rate_02': 0.08592829689051262, 'nodeNum_03': 150, 'leaking_rate_03': 0.09012998927322892, 'nodeNum_04': 600, 'leaking_rate_04': 0.009383351550937925, 'tikhonov_beta': 3.2936480046135553e-07, 'intensity': 0.18181216636318576}. Best is trial 223 with value: 0.2204076541705011.
[I 2024-11-06 02:57:00,517] Trial 437 finished with value: 0.22860267384593863 and parameters: {'nodeNum_01': 550, 'leaking_rate_01': 0.014533303493756524, 'nodeNum_02': 400, 'leaking_rate_02': 0.08364377407572632, 'nodeNum_03': 150, 'leaking_rate_03': 0.0989012610769749, 'nodeNum_04': 600, 'leaking_rate_04': 0.08087643151976795, 'tikhonov_beta': 5.243596883979791e-07, 'intensity': 1.9260174506959724}. Best is trial 223 with value: 0.2204076541705011.
[I 2024-11-06 03:02:35,940] Trial 455 finished with value: 0.23093377459769418 and parameters: {'nodeNum_01': 450, 'leaking_rate_01': 0.0060704378858781, 'nodeNum_02': 250, 'leaking_rate_02': 0.053309622534490925, 'nodeNum_03': 150, 'leaking_rate_03': 0.07519808787261303, 'nodeNum_04': 600, 'leaking_rate_04': 0.07702622361516011, 'tikhonov_beta': 1.9069239857403527e-07, 'intensity': 1.8466590009579111}. Best is trial 223 with value: 0.2204076541705011.
[I 2024-11-06 03:08:06,566] Trial 475 finished with value: 0.22336395624885935 and parameters: {'nodeNum_01': 450, 'leaking_rate_01': 0.008908428923274581, 'nodeNum_02': 200, 'leaking_rate_02': 0.06127898583557726, 'nodeNum_03': 200, 'leaking_rate_03': 0.08186133854874102, 'nodeNum_04': 550, 'leaking_rate_04': 0.09895864893914481, 'tikhonov_beta': 1.8976048907308634e-07, 'intensity': 1.7734164805340484}. Best is trial 461 with value: 0.21992342296321704.
[I 2024-11-06 03:13:53,069] Trial 496 finished with value: 0.23950739268545573 and parameters: {'nodeNum_01': 450, 'leaking_rate_01': 0.010737535872205694, 'nodeNum_02': 250, 'leaking_rate_02': 0.04557561748704283, 'nodeNum_03': 550, 'leaking_rate_03': 0.08112984541669599, 'nodeNum_04': 600, 'leaking_rate_04': 0.020459184134258113, 'tikhonov_beta': 1.3310481052220034e-07, 'intensity': 1.7988045998975548}. Best is trial 461 with value: 0.21992342296321704.
[I 2024-11-06 03:19:25,384] Trial 515 finished with value: 0.227442672694101 and parameters: {'nodeNum_01': 450, 'leaking_rate_01': 0.013154116478219728, 'nodeNum_02': 250, 'leaking_rate_02': 0.05449806053270589, 'nodeNum_03': 200, 'leaking_rate_03': 0.06731058776179052, 'nodeNum_04': 600, 'leaking_rate_04': 0.09969962640365367, 'tikhonov_beta': 2.687756768624753e-07, 'intensity': 1.714487550608218}. Best is trial 461 with value: 0.21992342296321704.
[I 2024-11-06 03:25:04,415] Trial 533 finished with value: 0.22407064074107635 and parameters: {'nodeNum_01': 450, 'leaking_rate_01': 0.008341517801618854, 'nodeNum_02': 300, 'leaking_rate_02': 0.06627030457426257, 'nodeNum_03': 350, 'leaking_rate_03': 0.07426345644527582, 'nodeNum_04': 600, 'leaking_rate_04': 0.09938306660690772, 'tikhonov_beta': 2.7481948856891446e-07, 'intensity': 1.8581040205372998}. Best is trial 461 with value: 0.21992342296321704.
[I 2024-11-06 03:30:47,124] Trial 555 finished with value: 0.22863492283367787 and parameters: {'nodeNum_01': 450, 'leaking_rate_01': 0.00802038483788216, 'nodeNum_02': 200, 'leaking_rate_02': 0.06300927792262229, 'nodeNum_03': 250, 'leaking_rate_03': 0.08650266347016801, 'nodeNum_04': 600, 'leaking_rate_04': 0.0725367106728281, 'tikhonov_beta': 1.812775273318158e-07, 'intensity': 1.750621471152832}. Best is trial 461 with value: 0.21992342296321704.
[I 2024-11-06 03:36:19,468] Trial 576 finished with value: 0.22500738313815108 and parameters: {'nodeNum_01': 500, 'leaking_rate_01': 0.011468336915269403, 'nodeNum_02': 200, 'leaking_rate_02': 0.07535921422490087, 'nodeNum_03': 200, 'leaking_rate_03': 0.06344236368295825, 'nodeNum_04': 600, 'leaking_rate_04': 0.08131959657886845, 'tikhonov_beta': 1.1941254061665358e-07, 'intensity': 1.8227796283479103}. Best is trial 461 with value: 0.21992342296321704.
[I 2024-11-06 03:41:45,176] Trial 595 finished with value: 0.2484126942230007 and parameters: {'nodeNum_01': 450, 'leaking_rate_01': 0.008745722562134005, 'nodeNum_02': 350, 'leaking_rate_02': 0.04957131213624477, 'nodeNum_03': 200, 'leaking_rate_03': 0.06314957981057674, 'nodeNum_04': 200, 'leaking_rate_04': 0.08965515925305129, 'tikhonov_beta': 3.822818396046782e-05, 'intensity': 1.9578725652358568}. Best is trial 461 with value: 0.21992342296321704.
[I 2024-11-06 03:47:11,408] Trial 614 finished with value: 0.23061231235008953 and parameters: {'nodeNum_01': 400, 'leaking_rate_01': 0.010675727715288148, 'nodeNum_02': 200, 'leaking_rate_02': 0.05638218981677632, 'nodeNum_03': 200, 'leaking_rate_03': 0.07026952030901754, 'nodeNum_04': 550, 'leaking_rate_04': 0.06335742292028905, 'tikhonov_beta': 2.3370075862780672e-07, 'intensity': 1.9092371602249592}. Best is trial 461 with value: 0.21992342296321704.
[I 2024-11-06 03:52:49,280] Trial 631 finished with value: 0.2276504255756375 and parameters: {'nodeNum_01': 400, 'leaking_rate_01': 0.010219168649145459, 'nodeNum_02': 200, 'leaking_rate_02': 0.042777768605402416, 'nodeNum_03': 600, 'leaking_rate_03': 0.04858548130963646, 'nodeNum_04': 500, 'leaking_rate_04': 0.06417483223114932, 'tikhonov_beta': 1.0339432348012306e-07, 'intensity': 1.9166563448870608}. Best is trial 461 with value: 0.21992342296321704.
[I 2024-11-06 03:58:32,746] Trial 652 finished with value: 0.22617157993503015 and parameters: {'nodeNum_01': 350, 'leaking_rate_01': 0.011561479596621398, 'nodeNum_02': 200, 'leaking_rate_02': 0.03741748535921218, 'nodeNum_03': 600, 'leaking_rate_03': 0.04671492370306377, 'nodeNum_04': 500, 'leaking_rate_04': 0.07656218956896911, 'tikhonov_beta': 1.3478179107828544e-07, 'intensity': 1.9895822946234727}. Best is trial 634 with value: 0.21926077150984172.
[I 2024-11-06 04:04:08,269] Trial 672 finished with value: 0.2277603959503142 and parameters: {'nodeNum_01': 350, 'leaking_rate_01': 0.009630248367207814, 'nodeNum_02': 200, 'leaking_rate_02': 0.029448353062886835, 'nodeNum_03': 600, 'leaking_rate_03': 0.04230979480450401, 'nodeNum_04': 500, 'leaking_rate_04': 0.08440164999800097, 'tikhonov_beta': 1.4029452477014736e-07, 'intensity': 1.9360757812143807}. Best is trial 634 with value: 0.21926077150984172.
[I 2024-11-06 04:09:45,137] Trial 692 finished with value: 0.22191726196367337 and parameters: {'nodeNum_01': 300, 'leaking_rate_01': 0.013934287278548872, 'nodeNum_02': 200, 'leaking_rate_02': 0.044060809577780836, 'nodeNum_03': 600, 'leaking_rate_03': 0.053269472475091506, 'nodeNum_04': 500, 'leaking_rate_04': 0.09330724167894665, 'tikhonov_beta': 1.5779834550015602e-07, 'intensity': 1.949488086877166}. Best is trial 634 with value: 0.21926077150984172.
[I 2024-11-06 04:15:20,954] Trial 712 finished with value: 0.22922073903224569 and parameters: {'nodeNum_01': 300, 'leaking_rate_01': 0.01437197757598935, 'nodeNum_02': 200, 'leaking_rate_02': 0.028054372524220078, 'nodeNum_03': 600, 'leaking_rate_03': 0.05137154503454337, 'nodeNum_04': 450, 'leaking_rate_04': 0.06950606656377988, 'tikhonov_beta': 1.6101263008307145e-07, 'intensity': 1.9392755850765977}. Best is trial 634 with value: 0.21926077150984172.
[I 2024-11-06 04:21:02,481] Trial 732 finished with value: 0.2324829253618865 and parameters: {'nodeNum_01': 250, 'leaking_rate_01': 0.012331006229930778, 'nodeNum_02': 200, 'leaking_rate_02': 0.03330946233405951, 'nodeNum_03': 600, 'leaking_rate_03': 0.04498234890603346, 'nodeNum_04': 500, 'leaking_rate_04': 0.08266269468293913, 'tikhonov_beta': 1.39414225581604e-07, 'intensity': 1.014265487391065}. Best is trial 634 with value: 0.21926077150984172.
[I 2024-11-06 04:26:38,248] Trial 752 finished with value: 0.22173505270551183 and parameters: {'nodeNum_01': 250, 'leaking_rate_01': 0.01656689141530165, 'nodeNum_02': 200, 'leaking_rate_02': 0.03420177992238598, 'nodeNum_03': 600, 'leaking_rate_03': 0.05842552248494951, 'nodeNum_04': 500, 'leaking_rate_04': 0.09955775433391761, 'tikhonov_beta': 1.0029473834915732e-07, 'intensity': 1.9071970395433986}. Best is trial 634 with value: 0.21926077150984172.
[I 2024-11-06 04:32:17,478] Trial 772 finished with value: 0.2959579109022847 and parameters: {'nodeNum_01': 200, 'leaking_rate_01': 0.011324541072669824, 'nodeNum_02': 200, 'leaking_rate_02': 0.029046039562235292, 'nodeNum_03': 600, 'leaking_rate_03': 0.05700398257574378, 'nodeNum_04': 500, 'leaking_rate_04': 0.07576706106955956, 'tikhonov_beta': 0.0008590409623292545, 'intensity': 1.8853146302419272}. Best is trial 634 with value: 0.21926077150984172.
[I 2024-11-06 04:37:52,731] Trial 792 finished with value: 0.21955442860422034 and parameters: {'nodeNum_01': 200, 'leaking_rate_01': 0.012195794175163005, 'nodeNum_02': 200, 'leaking_rate_02': 0.029938753335881026, 'nodeNum_03': 600, 'leaking_rate_03': 0.05107518558219738, 'nodeNum_04': 500, 'leaking_rate_04': 0.09146340858752636, 'tikhonov_beta': 1.971956949797592e-07, 'intensity': 1.9883291455581735}. Best is trial 634 with value: 0.21926077150984172.
[I 2024-11-06 04:43:26,928] Trial 812 finished with value: 0.2263905888722608 and parameters: {'nodeNum_01': 150, 'leaking_rate_01': 0.013908266309625801, 'nodeNum_02': 200, 'leaking_rate_02': 0.03918565094444118, 'nodeNum_03': 600, 'leaking_rate_03': 0.04057843998594821, 'nodeNum_04': 450, 'leaking_rate_04': 0.09239253730822716, 'tikhonov_beta': 2.0302423941870363e-07, 'intensity': 1.990692790292269}. Best is trial 634 with value: 0.21926077150984172.
[I 2024-11-06 04:49:04,617] Trial 832 finished with value: 0.26580569635339385 and parameters: {'nodeNum_01': 250, 'leaking_rate_01': 0.010677131526391728, 'nodeNum_02': 150, 'leaking_rate_02': 0.03306536514935949, 'nodeNum_03': 550, 'leaking_rate_03': 0.04373412633159066, 'nodeNum_04': 500, 'leaking_rate_04': 0.09975822361950674, 'tikhonov_beta': 0.00010922852745551861, 'intensity': 1.9514234838990658}. Best is trial 634 with value: 0.21926077150984172.
[I 2024-11-06 04:54:40,116] Trial 852 finished with value: 0.2249197429526131 and parameters: {'nodeNum_01': 250, 'leaking_rate_01': 0.010777833241898616, 'nodeNum_02': 200, 'leaking_rate_02': 0.02741636954158716, 'nodeNum_03': 600, 'leaking_rate_03': 0.04598659643465285, 'nodeNum_04': 500, 'leaking_rate_04': 0.08222223645313452, 'tikhonov_beta': 1.384591717894522e-07, 'intensity': 1.9272612991990408}. Best is trial 634 with value: 0.21926077150984172.
[I 2024-11-06 05:00:13,183] Trial 872 finished with value: 0.2207310559564233 and parameters: {'nodeNum_01': 200, 'leaking_rate_01': 0.012607377506405433, 'nodeNum_02': 200, 'leaking_rate_02': 0.040269563238486704, 'nodeNum_03': 600, 'leaking_rate_03': 0.05319726554616792, 'nodeNum_04': 500, 'leaking_rate_04': 0.08699500450255415, 'tikhonov_beta': 1.2964334242026401e-07, 'intensity': 1.8832816189234904}. Best is trial 634 with value: 0.21926077150984172.
[I 2024-11-06 05:05:48,116] Trial 892 finished with value: 0.2297174396601813 and parameters: {'nodeNum_01': 200, 'leaking_rate_01': 0.016003100668110296, 'nodeNum_02': 200, 'leaking_rate_02': 0.03161369266728579, 'nodeNum_03': 600, 'leaking_rate_03': 0.05341616390352179, 'nodeNum_04': 500, 'leaking_rate_04': 0.034233692904615545, 'tikhonov_beta': 1.0008364432284117e-07, 'intensity': 1.966286574010276}. Best is trial 883 with value: 0.21901890427195222.
[I 2024-11-06 05:11:29,115] Trial 912 finished with value: 0.22217290276832685 and parameters: {'nodeNum_01': 200, 'leaking_rate_01': 0.014947817365122714, 'nodeNum_02': 200, 'leaking_rate_02': 0.03682804586838279, 'nodeNum_03': 600, 'leaking_rate_03': 0.06338719241648881, 'nodeNum_04': 500, 'leaking_rate_04': 0.09298957186532258, 'tikhonov_beta': 2.330214020861377e-07, 'intensity': 1.960167262983958}. Best is trial 883 with value: 0.21901890427195222.
[I 2024-11-06 05:17:12,951] Trial 932 finished with value: 0.23772581502815507 and parameters: {'nodeNum_01': 200, 'leaking_rate_01': 0.040648361625143646, 'nodeNum_02': 200, 'leaking_rate_02': 0.009457751159528899, 'nodeNum_03': 600, 'leaking_rate_03': 0.05885045332488451, 'nodeNum_04': 500, 'leaking_rate_04': 0.023329216923627022, 'tikhonov_beta': 1.2515237658265784e-07, 'intensity': 1.90930655682667}. Best is trial 883 with value: 0.21901890427195222.
[I 2024-11-06 05:22:52,989] Trial 952 finished with value: 0.2242173076595681 and parameters: {'nodeNum_01': 200, 'leaking_rate_01': 0.013203987462958998, 'nodeNum_02': 250, 'leaking_rate_02': 0.045685702547757924, 'nodeNum_03': 600, 'leaking_rate_03': 0.0687327895847353, 'nodeNum_04': 500, 'leaking_rate_04': 0.08849223816304826, 'tikhonov_beta': 1.30417693276334e-07, 'intensity': 1.9206068821511273}. Best is trial 883 with value: 0.21901890427195222.
