[I 2024-11-05 23:24:58,646] Trial 911 finished with value: 0.2513275704465425 and parameters: {'nodeNum': 600, 'leaking_rate': 0.04677833872173595, 'tikhonov_beta': 2.17998349574234e-07}. Best is trial 675 with value: 0.2464088749198054.
[I 2024-11-05 23:27:34,704] Trial 921 finished with value: 0.25857857086587516 and parameters: {'nodeNum': 150, 'leaking_rate': 0.04629237648044603, 'tikhonov_beta': 1.6775964418006268e-07}. Best is trial 675 with value: 0.2464088749198054.
[I 2024-11-05 23:30:31,687] Trial 929 finished with value: 0.26068619559978806 and parameters: {'nodeNum': 600, 'leaking_rate': 0.05223331856341014, 'tikhonov_beta': 3.0154158519336425e-06}. Best is trial 675 with value: 0.2464088749198054.
[I 2024-11-05 23:33:28,431] Trial 939 finished with value: 0.25206826159116014 and parameters: {'nodeNum': 600, 'leaking_rate': 0.061939411301911655, 'tikhonov_beta': 1.2986850633040213e-07}. Best is trial 675 with value: 0.2464088749198054.
[I 2024-11-05 23:36:24,939] Trial 950 finished with value: 0.24691642537019684 and parameters: {'nodeNum': 600, 'leaking_rate': 0.04409446792357073, 'tikhonov_beta': 1.0107134230188426e-07}. Best is trial 675 with value: 0.2464088749198054.
[I 2024-11-05 23:39:22,386] Trial 961 finished with value: 0.25129007416504645 and parameters: {'nodeNum': 600, 'leaking_rate': 0.045927581081595836, 'tikhonov_beta': 2.253978306949606e-07}. Best is trial 675 with value: 0.2464088749198054.
[I 2024-11-05 23:42:18,023] Trial 971 finished with value: 0.24705020756494314 and parameters: {'nodeNum': 600, 'leaking_rate': 0.04034222643395744, 'tikhonov_beta': 1.004396001331944e-07}. Best is trial 675 with value: 0.2464088749198054.
[I 2024-11-05 23:45:14,511] Trial 981 finished with value: 0.2501474740910837 and parameters: {'nodeNum': 600, 'leaking_rate': 0.0546055770109777, 'tikhonov_beta': 1.543339142347424e-07}. Best is trial 675 with value: 0.2464088749198054.
[I 2024-11-05 23:47:59,341] Trial 990 finished with value: 0.3177728357555397 and parameters: {'nodeNum': 550, 'leaking_rate': 0.03442333358570152, 'tikhonov_beta': 0.00024698620977064685}. Best is trial 675 with value: 0.2464088749198054.
[I 2024-11-05 23:50:40,313] Trial 996 finished with value: 0.2534562168618438 and parameters: {'nodeNum': 550, 'leaking_rate': 0.049410926609916216, 'tikhonov_beta': 1.363613088697662e-07}. Best is trial 675 with value: 0.2464088749198054.
