[I 2024-11-05 19:04:38,357] Using an existing study with name 'reproduct_sample07' instead of creating a new one.
[I 2024-11-05 19:07:16,696] Trial 8 finished with value: 0.34443834449154676 and parameters: {'nodeNum': 300, 'leaking_rate': 0.07166371894192161, 'tikhonov_beta': 2.21299054718974e-05}. Best is trial 7 with value: 0.2525162647415277.
[I 2024-11-05 19:09:57,887] Trial 18 finished with value: 0.5170577094743553 and parameters: {'nodeNum': 350, 'leaking_rate': 0.0018355683749488572, 'tikhonov_beta': 0.0005937571076676075}. Best is trial 7 with value: 0.2525162647415277.
[I 2024-11-05 19:12:54,591] Trial 26 finished with value: 0.35387766546069854 and parameters: {'nodeNum': 600, 'leaking_rate': 0.006865923703043246, 'tikhonov_beta': 1.1382121894752238e-07}. Best is trial 24 with value: 0.24988796960057452.
[I 2024-11-05 19:15:48,313] Trial 37 finished with value: 0.2780532134193286 and parameters: {'nodeNum': 550, 'leaking_rate': 0.025466084726230815, 'tikhonov_beta': 8.401320906885381e-07}. Best is trial 24 with value: 0.24988796960057452.
[I 2024-11-05 19:18:31,848] Trial 47 finished with value: 0.2794540589717447 and parameters: {'nodeNum': 400, 'leaking_rate': 0.05908653480872781, 'tikhonov_beta': 3.4796971452995304e-06}. Best is trial 24 with value: 0.24988796960057452.
[I 2024-11-05 19:21:17,325] Trial 57 finished with value: 0.2833653790134702 and parameters: {'nodeNum': 450, 'leaking_rate': 0.014560114993792696, 'tikhonov_beta': 3.374758608010182e-07}. Best is trial 24 with value: 0.24988796960057452.
[I 2024-11-05 19:24:04,606] Trial 67 finished with value: 0.374110993224559 and parameters: {'nodeNum': 450, 'leaking_rate': 0.09538641197961184, 'tikhonov_beta': 9.142580828793641e-06}. Best is trial 24 with value: 0.24988796960057452.
[I 2024-11-05 19:26:54,391] Trial 77 finished with value: 0.28430287673225 and parameters: {'nodeNum': 500, 'leaking_rate': 0.04117838452104565, 'tikhonov_beta': 3.289892465498149e-05}. Best is trial 24 with value: 0.24988796960057452.
[I 2024-11-05 19:29:34,994] Trial 87 finished with value: 0.26192763897427995 and parameters: {'nodeNum': 350, 'leaking_rate': 0.036403477791945534, 'tikhonov_beta': 5.439839902903063e-07}. Best is trial 24 with value: 0.24988796960057452.
[I 2024-11-05 19:32:13,094] Trial 97 finished with value: 0.2505197813478056 and parameters: {'nodeNum': 300, 'leaking_rate': 0.062419585228959656, 'tikhonov_beta': 1.0330629920036866e-07}. Best is trial 24 with value: 0.24988796960057452.
[I 2024-11-05 19:34:48,198] Trial 108 finished with value: 0.2513172534950796 and parameters: {'nodeNum': 250, 'leaking_rate': 0.06212732612261524, 'tikhonov_beta': 1.4357157372614093e-07}. Best is trial 103 with value: 0.24869007928034603.
[I 2024-11-05 19:37:24,037] Trial 117 finished with value: 0.2537096157889502 and parameters: {'nodeNum': 250, 'leaking_rate': 0.04739740388349448, 'tikhonov_beta': 2.036055364769646e-07}. Best is trial 103 with value: 0.24869007928034603.
[I 2024-11-05 19:39:57,879] Trial 127 finished with value: 0.25493850663121953 and parameters: {'nodeNum': 200, 'leaking_rate': 0.0575816665968301, 'tikhonov_beta': 1.3955867075770676e-07}. Best is trial 103 with value: 0.24869007928034603.
[I 2024-11-05 19:42:54,810] Trial 137 finished with value: 0.3971099744102849 and parameters: {'nodeNum': 600, 'leaking_rate': 0.0029183756430632393, 'tikhonov_beta': 1.0433463133322829e-07}. Best is trial 103 with value: 0.24869007928034603.
[I 2024-11-05 19:45:32,852] Trial 148 finished with value: 0.26837162243824814 and parameters: {'nodeNum': 300, 'leaking_rate': 0.07417414507581707, 'tikhonov_beta': 4.269176041249307e-07}. Best is trial 103 with value: 0.24869007928034603.
[I 2024-11-05 19:48:11,689] Trial 158 finished with value: 0.2539692531954101 and parameters: {'nodeNum': 300, 'leaking_rate': 0.05268014870619834, 'tikhonov_beta': 2.6984729532880107e-07}. Best is trial 103 with value: 0.24869007928034603.
[I 2024-11-05 19:50:44,870] Trial 168 finished with value: 0.25657088699396136 and parameters: {'nodeNum': 150, 'leaking_rate': 0.06127266992775047, 'tikhonov_beta': 1.8497192694332706e-07}. Best is trial 103 with value: 0.24869007928034603.
[I 2024-11-05 19:53:24,788] Trial 177 finished with value: 0.25379410226902854 and parameters: {'nodeNum': 350, 'leaking_rate': 0.0668832923114099, 'tikhonov_beta': 1.8714875610419958e-07}. Best is trial 103 with value: 0.24869007928034603.
[I 2024-11-05 19:56:03,898] Trial 186 finished with value: 0.25070145696752044 and parameters: {'nodeNum': 300, 'leaking_rate': 0.057774474155001435, 'tikhonov_beta': 1.013523955046947e-07}. Best is trial 103 with value: 0.24869007928034603.
[I 2024-11-05 19:58:42,310] Trial 196 finished with value: 0.2509384938724538 and parameters: {'nodeNum': 300, 'leaking_rate': 0.05697514781131637, 'tikhonov_beta': 1.0038358571682881e-07}. Best is trial 103 with value: 0.24869007928034603.
[I 2024-11-05 20:01:23,195] Trial 206 finished with value: 0.2531218280472926 and parameters: {'nodeNum': 350, 'leaking_rate': 0.04894908796114195, 'tikhonov_beta': 1.03502499283629e-07}. Best is trial 103 with value: 0.24869007928034603.
[I 2024-11-05 20:04:01,457] Trial 216 finished with value: 0.25121281370781046 and parameters: {'nodeNum': 300, 'leaking_rate': 0.05700422375522658, 'tikhonov_beta': 1.447856298925154e-07}. Best is trial 103 with value: 0.24869007928034603.
[I 2024-11-05 20:06:39,999] Trial 226 finished with value: 0.25140842596357427 and parameters: {'nodeNum': 300, 'leaking_rate': 0.0564637554795098, 'tikhonov_beta': 1.4632662169955518e-07}. Best is trial 103 with value: 0.24869007928034603.
[I 2024-11-05 20:09:19,055] Trial 236 finished with value: 0.25119688808077417 and parameters: {'nodeNum': 300, 'leaking_rate': 0.05992358668435918, 'tikhonov_beta': 2.171935970691831e-07}. Best is trial 103 with value: 0.24869007928034603.
[I 2024-11-05 20:11:57,817] Trial 246 finished with value: 0.2521163525182129 and parameters: {'nodeNum': 300, 'leaking_rate': 0.06733720286040175, 'tikhonov_beta': 1.281622758464095e-07}. Best is trial 103 with value: 0.24869007928034603.
[I 2024-11-05 20:14:36,389] Trial 256 finished with value: 0.2509805840529784 and parameters: {'nodeNum': 300, 'leaking_rate': 0.06339778872938742, 'tikhonov_beta': 1.2238018371259023e-07}. Best is trial 103 with value: 0.24869007928034603.
[I 2024-11-05 20:17:16,146] Trial 266 finished with value: 0.3726200866783174 and parameters: {'nodeNum': 300, 'leaking_rate': 0.08062700728080403, 'tikhonov_beta': 1.677157076752597e-05}. Best is trial 103 with value: 0.24869007928034603.
[I 2024-11-05 20:19:54,273] Trial 276 finished with value: 0.25105094626656305 and parameters: {'nodeNum': 300, 'leaking_rate': 0.06384238932075671, 'tikhonov_beta': 1.664405315642976e-07}. Best is trial 103 with value: 0.24869007928034603.
[I 2024-11-05 20:22:50,659] Trial 286 finished with value: 0.25036769421943794 and parameters: {'nodeNum': 600, 'leaking_rate': 0.05250566439528598, 'tikhonov_beta': 1.6205568440424997e-07}. Best is trial 103 with value: 0.24869007928034603.
[I 2024-11-05 20:25:47,843] Trial 296 finished with value: 0.24688148897678122 and parameters: {'nodeNum': 600, 'leaking_rate': 0.04671367562388585, 'tikhonov_beta': 1.0042039662743656e-07}. Best is trial 296 with value: 0.24688148897678122.
[I 2024-11-05 20:28:44,917] Trial 306 finished with value: 0.2534417896234947 and parameters: {'nodeNum': 600, 'leaking_rate': 0.04570134448610921, 'tikhonov_beta': 3.360568936895763e-07}. Best is trial 296 with value: 0.24688148897678122.
[I 2024-11-05 20:31:42,101] Trial 316 finished with value: 0.24839315496652106 and parameters: {'nodeNum': 600, 'leaking_rate': 0.04235230688944793, 'tikhonov_beta': 1.3143571386758464e-07}. Best is trial 296 with value: 0.24688148897678122.
[I 2024-11-05 20:34:39,044] Trial 326 finished with value: 0.25153234915474776 and parameters: {'nodeNum': 600, 'leaking_rate': 0.04140433492260789, 'tikhonov_beta': 2.2337544349879625e-07}. Best is trial 296 with value: 0.24688148897678122.
[I 2024-11-05 20:37:35,945] Trial 336 finished with value: 0.47187169611586194 and parameters: {'nodeNum': 600, 'leaking_rate': 0.03161540712552219, 'tikhonov_beta': 0.03181079050252659}. Best is trial 296 with value: 0.24688148897678122.
[I 2024-11-05 20:40:33,262] Trial 347 finished with value: 0.24986128810098535 and parameters: {'nodeNum': 600, 'leaking_rate': 0.04434360695877356, 'tikhonov_beta': 1.6977524829773224e-07}. Best is trial 296 with value: 0.24688148897678122.
[I 2024-11-05 20:43:29,973] Trial 357 finished with value: 0.25357655132515844 and parameters: {'nodeNum': 600, 'leaking_rate': 0.045000575232921, 'tikhonov_beta': 3.5002146851279214e-07}. Best is trial 296 with value: 0.24688148897678122.
[I 2024-11-05 20:46:26,857] Trial 367 finished with value: 0.2529328766648684 and parameters: {'nodeNum': 600, 'leaking_rate': 0.0450210993650342, 'tikhonov_beta': 3.0326782142604775e-07}. Best is trial 296 with value: 0.24688148897678122.
[I 2024-11-05 20:49:19,937] Trial 377 finished with value: 0.25369964353017843 and parameters: {'nodeNum': 550, 'leaking_rate': 0.04869488859303312, 'tikhonov_beta': 1.4437432460396795e-07}. Best is trial 296 with value: 0.24688148897678122.
[I 2024-11-05 20:52:17,408] Trial 387 finished with value: 0.251118466448757 and parameters: {'nodeNum': 600, 'leaking_rate': 0.03796046804138566, 'tikhonov_beta': 1.8538905103795917e-07}. Best is trial 296 with value: 0.24688148897678122.
[I 2024-11-05 20:55:14,611] Trial 397 finished with value: 0.24885014432306032 and parameters: {'nodeNum': 600, 'leaking_rate': 0.038150155602296565, 'tikhonov_beta': 1.29113900169173e-07}. Best is trial 296 with value: 0.24688148897678122.
[I 2024-11-05 20:58:11,195] Trial 407 finished with value: 0.25028063111593063 and parameters: {'nodeNum': 600, 'leaking_rate': 0.03432370224319848, 'tikhonov_beta': 1.3030517363440798e-07}. Best is trial 296 with value: 0.24688148897678122.
[I 2024-11-05 21:01:07,409] Trial 417 finished with value: 0.24954212400336687 and parameters: {'nodeNum': 600, 'leaking_rate': 0.033138824133189804, 'tikhonov_beta': 1.009357822518332e-07}. Best is trial 296 with value: 0.24688148897678122.
[I 2024-11-05 21:04:04,202] Trial 427 finished with value: 0.24686256396199985 and parameters: {'nodeNum': 600, 'leaking_rate': 0.04114132653159253, 'tikhonov_beta': 1.0263618357414652e-07}. Best is trial 427 with value: 0.24686256396199985.
[I 2024-11-05 21:07:01,051] Trial 437 finished with value: 0.2506498740674773 and parameters: {'nodeNum': 600, 'leaking_rate': 0.04083782997045758, 'tikhonov_beta': 1.9397717671646922e-07}. Best is trial 427 with value: 0.24686256396199985.
[I 2024-11-05 21:09:58,087] Trial 447 finished with value: 0.24739934911716388 and parameters: {'nodeNum': 600, 'leaking_rate': 0.050204781244951625, 'tikhonov_beta': 1.0208478063034499e-07}. Best is trial 427 with value: 0.24686256396199985.
[I 2024-11-05 21:12:53,654] Trial 457 finished with value: 0.247707161459469 and parameters: {'nodeNum': 600, 'leaking_rate': 0.051993245326835504, 'tikhonov_beta': 1.0244522053181453e-07}. Best is trial 427 with value: 0.24686256396199985.
[I 2024-11-05 21:15:49,277] Trial 467 finished with value: 0.24813445364892422 and parameters: {'nodeNum': 600, 'leaking_rate': 0.05112541410950024, 'tikhonov_beta': 1.1187697642693069e-07}. Best is trial 427 with value: 0.24686256396199985.
[I 2024-11-05 21:18:44,500] Trial 478 finished with value: 0.45249274050930327 and parameters: {'nodeNum': 600, 'leaking_rate': 0.0013674751158166097, 'tikhonov_beta': 1.0199330059523018e-07}. Best is trial 427 with value: 0.24686256396199985.
[I 2024-11-05 21:21:40,402] Trial 488 finished with value: 0.24879643653769146 and parameters: {'nodeNum': 600, 'leaking_rate': 0.055392716142497196, 'tikhonov_beta': 1.0221656846637362e-07}. Best is trial 427 with value: 0.24686256396199985.
[I 2024-11-05 21:24:37,030] Trial 498 finished with value: 0.3654349126277483 and parameters: {'nodeNum': 600, 'leaking_rate': 0.05652655809047785, 'tikhonov_beta': 0.0002974521156953108}. Best is trial 427 with value: 0.24686256396199985.
[I 2024-11-05 21:27:32,746] Trial 508 finished with value: 0.2495602312293895 and parameters: {'nodeNum': 600, 'leaking_rate': 0.04868268648801776, 'tikhonov_beta': 1.5545974647488272e-07}. Best is trial 427 with value: 0.24686256396199985.
[I 2024-11-05 21:30:27,696] Trial 517 finished with value: 0.2495529147168993 and parameters: {'nodeNum': 600, 'leaking_rate': 0.048727534697125485, 'tikhonov_beta': 1.562934985687626e-07}. Best is trial 427 with value: 0.24686256396199985.
[I 2024-11-05 21:33:22,916] Trial 527 finished with value: 0.24844038492571985 and parameters: {'nodeNum': 600, 'leaking_rate': 0.04537479205722487, 'tikhonov_beta': 1.2965467630501995e-07}. Best is trial 427 with value: 0.24686256396199985.
[I 2024-11-05 21:36:18,308] Trial 537 finished with value: 0.2499053159415331 and parameters: {'nodeNum': 600, 'leaking_rate': 0.058702411418192144, 'tikhonov_beta': 1.022658924581592e-07}. Best is trial 427 with value: 0.24686256396199985.
[I 2024-11-05 21:39:11,037] Trial 547 finished with value: 0.2510713320215915 and parameters: {'nodeNum': 550, 'leaking_rate': 0.04363283209870763, 'tikhonov_beta': 1.0053004347421759e-07}. Best is trial 540 with value: 0.24682618515815993.
[I 2024-11-05 21:42:06,228] Trial 557 finished with value: 0.3371434775289906 and parameters: {'nodeNum': 600, 'leaking_rate': 0.043233650979355276, 'tikhonov_beta': 0.0005334443521389004}. Best is trial 540 with value: 0.24682618515815993.
[I 2024-11-05 21:45:02,211] Trial 567 finished with value: 0.24863541782539023 and parameters: {'nodeNum': 600, 'leaking_rate': 0.04724255827512306, 'tikhonov_beta': 1.3669346146609094e-07}. Best is trial 540 with value: 0.24682618515815993.
[I 2024-11-05 21:47:58,270] Trial 577 finished with value: 0.24886169170543765 and parameters: {'nodeNum': 600, 'leaking_rate': 0.050532182974836616, 'tikhonov_beta': 1.3136993154084523e-07}. Best is trial 540 with value: 0.24682618515815993.
[I 2024-11-05 21:50:53,388] Trial 587 finished with value: 0.3801033488551565 and parameters: {'nodeNum': 600, 'leaking_rate': 0.0057636765592754555, 'tikhonov_beta': 1.279321297334277e-07}. Best is trial 540 with value: 0.24682618515815993.
[I 2024-11-05 21:53:46,096] Trial 597 finished with value: 0.2537178750641783 and parameters: {'nodeNum': 550, 'leaking_rate': 0.039000381630633324, 'tikhonov_beta': 1.7049291369972973e-07}. Best is trial 540 with value: 0.24682618515815993.
[I 2024-11-05 21:56:32,446] Trial 608 finished with value: 0.2532371177629677 and parameters: {'nodeNum': 450, 'leaking_rate': 0.039763091501232, 'tikhonov_beta': 2.542200217904355e-07}. Best is trial 540 with value: 0.24682618515815993.
[I 2024-11-05 21:59:28,916] Trial 617 finished with value: 0.25007079906449486 and parameters: {'nodeNum': 600, 'leaking_rate': 0.03468815736812797, 'tikhonov_beta': 1.286945552304312e-07}. Best is trial 540 with value: 0.24682618515815993.
[I 2024-11-05 22:02:24,681] Trial 628 finished with value: 0.2483544654709504 and parameters: {'nodeNum': 600, 'leaking_rate': 0.044033351443857206, 'tikhonov_beta': 1.3388202494289412e-07}. Best is trial 540 with value: 0.24682618515815993.
[I 2024-11-05 22:05:20,354] Trial 638 finished with value: 0.246811128885036 and parameters: {'nodeNum': 600, 'leaking_rate': 0.04617064771432237, 'tikhonov_beta': 1.0159732378056306e-07}. Best is trial 633 with value: 0.24673042796425432.
[I 2024-11-05 22:08:16,535] Trial 648 finished with value: 0.25161391970330044 and parameters: {'nodeNum': 600, 'leaking_rate': 0.03740878013084751, 'tikhonov_beta': 2.000382385235655e-07}. Best is trial 633 with value: 0.24673042796425432.
[I 2024-11-05 22:11:13,161] Trial 658 finished with value: 0.2501812207101401 and parameters: {'nodeNum': 600, 'leaking_rate': 0.03788846504078027, 'tikhonov_beta': 1.5607776233463015e-07}. Best is trial 633 with value: 0.24673042796425432.
[I 2024-11-05 22:14:09,126] Trial 668 finished with value: 0.2485111636178223 and parameters: {'nodeNum': 600, 'leaking_rate': 0.04253669346936544, 'tikhonov_beta': 1.3281937870418755e-07}. Best is trial 633 with value: 0.24673042796425432.
[I 2024-11-05 22:17:04,847] Trial 678 finished with value: 0.24657683083231444 and parameters: {'nodeNum': 600, 'leaking_rate': 0.04602679605510881, 'tikhonov_beta': 1.0087982187610485e-07}. Best is trial 675 with value: 0.2464088749198054.
[I 2024-11-05 22:20:01,150] Trial 688 finished with value: 0.2530051999800765 and parameters: {'nodeNum': 600, 'leaking_rate': 0.03847419968879883, 'tikhonov_beta': 2.6017250764512917e-07}. Best is trial 675 with value: 0.2464088749198054.
[I 2024-11-05 22:22:56,896] Trial 697 finished with value: 0.24688480445603928 and parameters: {'nodeNum': 600, 'leaking_rate': 0.04703379738131975, 'tikhonov_beta': 1.0000063694648295e-07}. Best is trial 675 with value: 0.2464088749198054.
[I 2024-11-05 22:25:45,784] Trial 707 finished with value: 0.2517616006600474 and parameters: {'nodeNum': 500, 'leaking_rate': 0.04604938031716885, 'tikhonov_beta': 1.6454576533027968e-07}. Best is trial 675 with value: 0.2464088749198054.
[I 2024-11-05 22:28:38,388] Trial 717 finished with value: 0.25643220534086875 and parameters: {'nodeNum': 550, 'leaking_rate': 0.03184383541389571, 'tikhonov_beta': 1.0013027742853399e-07}. Best is trial 675 with value: 0.2464088749198054.
[I 2024-11-05 22:31:33,467] Trial 727 finished with value: 0.2541654987042019 and parameters: {'nodeNum': 600, 'leaking_rate': 0.041737736844460145, 'tikhonov_beta': 3.782585573093619e-07}. Best is trial 675 with value: 0.2464088749198054.
[I 2024-11-05 22:34:28,322] Trial 737 finished with value: 0.24933717197657213 and parameters: {'nodeNum': 600, 'leaking_rate': 0.037356295413265524, 'tikhonov_beta': 1.3073171295388334e-07}. Best is trial 675 with value: 0.2464088749198054.
[I 2024-11-05 22:37:24,017] Trial 747 finished with value: 0.25015379357543377 and parameters: {'nodeNum': 600, 'leaking_rate': 0.046398840967393926, 'tikhonov_beta': 1.8319047720010047e-07}. Best is trial 675 with value: 0.2464088749198054.
[I 2024-11-05 22:40:20,736] Trial 757 finished with value: 0.24980215852718604 and parameters: {'nodeNum': 600, 'leaking_rate': 0.05441639205421811, 'tikhonov_beta': 1.3336281150135126e-07}. Best is trial 675 with value: 0.2464088749198054.
[I 2024-11-05 22:43:16,670] Trial 767 finished with value: 0.24837961941889936 and parameters: {'nodeNum': 600, 'leaking_rate': 0.04253910421827148, 'tikhonov_beta': 1.3134864522781383e-07}. Best is trial 675 with value: 0.2464088749198054.
[I 2024-11-05 22:46:12,237] Trial 777 finished with value: 0.25281671206754164 and parameters: {'nodeNum': 600, 'leaking_rate': 0.041655480898865956, 'tikhonov_beta': 2.9002952412021455e-07}. Best is trial 675 with value: 0.2464088749198054.
[I 2024-11-05 22:49:08,969] Trial 787 finished with value: 0.24990542376354583 and parameters: {'nodeNum': 600, 'leaking_rate': 0.03766339295534535, 'tikhonov_beta': 1.525932428272555e-07}. Best is trial 675 with value: 0.2464088749198054.
[I 2024-11-05 22:52:05,040] Trial 797 finished with value: 0.2495439697789808 and parameters: {'nodeNum': 600, 'leaking_rate': 0.047393684189172794, 'tikhonov_beta': 1.6151232278262342e-07}. Best is trial 675 with value: 0.2464088749198054.
[I 2024-11-05 22:54:56,592] Trial 807 finished with value: 0.253800642240222 and parameters: {'nodeNum': 550, 'leaking_rate': 0.03426870653628304, 'tikhonov_beta': 1.0060965699061984e-07}. Best is trial 675 with value: 0.2464088749198054.
[I 2024-11-05 22:57:52,360] Trial 817 finished with value: 0.2482710676921942 and parameters: {'nodeNum': 600, 'leaking_rate': 0.04477816849046509, 'tikhonov_beta': 1.2964596279426927e-07}. Best is trial 675 with value: 0.2464088749198054.
[I 2024-11-05 23:00:48,077] Trial 827 finished with value: 0.2499368946963581 and parameters: {'nodeNum': 600, 'leaking_rate': 0.04057640932710654, 'tikhonov_beta': 1.6797888830984011e-07}. Best is trial 675 with value: 0.2464088749198054.
[I 2024-11-05 23:03:44,527] Trial 837 finished with value: 0.2488240402717039 and parameters: {'nodeNum': 600, 'leaking_rate': 0.05147583722711174, 'tikhonov_beta': 1.271963072074683e-07}. Best is trial 675 with value: 0.2464088749198054.
[I 2024-11-05 23:06:40,760] Trial 847 finished with value: 0.24826603649643175 and parameters: {'nodeNum': 600, 'leaking_rate': 0.0461836900289171, 'tikhonov_beta': 1.2982975450743475e-07}. Best is trial 675 with value: 0.2464088749198054.
[I 2024-11-05 23:09:36,486] Trial 857 finished with value: 0.3101935319824161 and parameters: {'nodeNum': 600, 'leaking_rate': 0.009353647765479978, 'tikhonov_beta': 1.0111157834408387e-07}. Best is trial 675 with value: 0.2464088749198054.
[I 2024-11-05 23:12:32,113] Trial 868 finished with value: 0.25275089840229736 and parameters: {'nodeNum': 600, 'leaking_rate': 0.04969603693012841, 'tikhonov_beta': 2.866522392513506e-07}. Best is trial 675 with value: 0.2464088749198054.
[I 2024-11-05 23:15:28,085] Trial 878 finished with value: 0.24950342458378588 and parameters: {'nodeNum': 600, 'leaking_rate': 0.042464237563428264, 'tikhonov_beta': 1.5839822196227514e-07}. Best is trial 675 with value: 0.2464088749198054.
[I 2024-11-05 23:18:19,850] Trial 888 finished with value: 0.3835735354241477 and parameters: {'nodeNum': 550, 'leaking_rate': 0.038923807617268096, 'tikhonov_beta': 0.0014286250175321391}. Best is trial 675 with value: 0.2464088749198054.
[I 2024-11-05 23:21:16,293] Trial 898 finished with value: 0.24959146983706312 and parameters: {'nodeNum': 600, 'leaking_rate': 0.035861735659540886, 'tikhonov_beta': 1.2493949225336634e-07}. Best is trial 675 with value: 0.2464088749198054.
