[I 2024-11-05 19:03:38,236] Using an existing study with name 'reproduct_sample07' instead of creating a new one.
[I 2024-11-05 19:06:24,889] Trial 2 finished with value: 0.31956792545654295 and parameters: {'nodeNum': 500, 'leaking_rate': 0.016115080063954387, 'tikhonov_beta': 7.992961362791614e-06}. Best is trial 2 with value: 0.31956792545654295.
[I 2024-11-05 19:09:11,792] Trial 13 finished with value: 0.48290749102324265 and parameters: {'nodeNum': 450, 'leaking_rate': 0.0024688268365456205, 'tikhonov_beta': 0.00012729200175204666}. Best is trial 7 with value: 0.2525162647415277.
[I 2024-11-05 19:12:05,041] Trial 23 finished with value: 0.2555495490025898 and parameters: {'nodeNum': 550, 'leaking_rate': 0.033257032404021544, 'tikhonov_beta': 1.1451988266641923e-07}. Best is trial 7 with value: 0.2525162647415277.
[I 2024-11-05 19:14:56,436] Trial 33 finished with value: 0.2633412067638173 and parameters: {'nodeNum': 500, 'leaking_rate': 0.03405907086048333, 'tikhonov_beta': 8.644070605095169e-07}. Best is trial 24 with value: 0.24988796960057452.
[I 2024-11-05 19:17:50,959] Trial 43 finished with value: 0.26261700769266627 and parameters: {'nodeNum': 550, 'leaking_rate': 0.05187021434750085, 'tikhonov_beta': 2.3880006368088847e-06}. Best is trial 24 with value: 0.24988796960057452.
[I 2024-11-05 19:20:35,402] Trial 54 finished with value: 0.29019261209570185 and parameters: {'nodeNum': 400, 'leaking_rate': 0.01358576144864216, 'tikhonov_beta': 3.9918437285117074e-07}. Best is trial 24 with value: 0.24988796960057452.
[I 2024-11-05 19:23:22,814] Trial 64 finished with value: 0.27502712170820104 and parameters: {'nodeNum': 450, 'leaking_rate': 0.01833911819739913, 'tikhonov_beta': 2.4832340351981533e-07}. Best is trial 24 with value: 0.24988796960057452.
[I 2024-11-05 19:26:12,504] Trial 74 finished with value: 0.3568498939488796 and parameters: {'nodeNum': 500, 'leaking_rate': 0.09287454827784891, 'tikhonov_beta': 1.4946954309896365e-06}. Best is trial 24 with value: 0.24988796960057452.
[I 2024-11-05 19:29:03,140] Trial 84 finished with value: 0.41465214326214483 and parameters: {'nodeNum': 500, 'leaking_rate': 0.0407783215147226, 'tikhonov_beta': 0.0030972885812217974}. Best is trial 24 with value: 0.24988796960057452.
[I 2024-11-05 19:31:42,141] Trial 94 finished with value: 0.25067019574830324 and parameters: {'nodeNum': 300, 'leaking_rate': 0.061445210316617115, 'tikhonov_beta': 1.0163467212422499e-07}. Best is trial 24 with value: 0.24988796960057452.
[I 2024-11-05 19:34:17,887] Trial 104 finished with value: 0.2522412622098853 and parameters: {'nodeNum': 250, 'leaking_rate': 0.04886844177351422, 'tikhonov_beta': 1.29334772368637e-07}. Best is trial 24 with value: 0.24988796960057452.
[I 2024-11-05 19:36:54,806] Trial 114 finished with value: 0.28879629762833164 and parameters: {'nodeNum': 250, 'leaking_rate': 0.08474457785844244, 'tikhonov_beta': 1.9462223962530942e-07}. Best is trial 103 with value: 0.24869007928034603.
[I 2024-11-05 19:39:30,253] Trial 124 finished with value: 0.26347413784886825 and parameters: {'nodeNum': 200, 'leaking_rate': 0.06674478589024971, 'tikhonov_beta': 1.408454167665169e-07}. Best is trial 103 with value: 0.24869007928034603.
[I 2024-11-05 19:42:09,095] Trial 134 finished with value: 0.25096203363493774 and parameters: {'nodeNum': 300, 'leaking_rate': 0.05592157872091188, 'tikhonov_beta': 1.0723346673027454e-07}. Best is trial 103 with value: 0.24869007928034603.
[I 2024-11-05 19:44:48,326] Trial 144 finished with value: 0.25737479366167276 and parameters: {'nodeNum': 300, 'leaking_rate': 0.07448615431869932, 'tikhonov_beta': 1.0380244230898894e-07}. Best is trial 103 with value: 0.24869007928034603.
[I 2024-11-05 19:47:27,348] Trial 154 finished with value: 0.2537017737759171 and parameters: {'nodeNum': 300, 'leaking_rate': 0.05325178725622601, 'tikhonov_beta': 2.6517094398234065e-07}. Best is trial 103 with value: 0.24869007928034603.
[I 2024-11-05 19:50:03,654] Trial 164 finished with value: 0.25190535877254466 and parameters: {'nodeNum': 250, 'leaking_rate': 0.0627079283304046, 'tikhonov_beta': 1.7061241257345277e-07}. Best is trial 103 with value: 0.24869007928034603.
[I 2024-11-05 19:53:00,734] Trial 174 finished with value: 0.25557631001094655 and parameters: {'nodeNum': 600, 'leaking_rate': 0.06730817111787557, 'tikhonov_beta': 1.728492259083873e-07}. Best is trial 103 with value: 0.24869007928034603.
[I 2024-11-05 19:55:40,275] Trial 185 finished with value: 0.2528422587487711 and parameters: {'nodeNum': 300, 'leaking_rate': 0.06851774286051204, 'tikhonov_beta': 1.2613387850039834e-07}. Best is trial 103 with value: 0.24869007928034603.
[I 2024-11-05 19:58:19,816] Trial 195 finished with value: 0.25042091726524834 and parameters: {'nodeNum': 300, 'leaking_rate': 0.05900962772410142, 'tikhonov_beta': 1.0139442360218767e-07}. Best is trial 103 with value: 0.24869007928034603.
[I 2024-11-05 20:01:01,792] Trial 205 finished with value: 0.2528828804268168 and parameters: {'nodeNum': 350, 'leaking_rate': 0.049971143111134805, 'tikhonov_beta': 1.0210671094796216e-07}. Best is trial 103 with value: 0.24869007928034603.
[I 2024-11-05 20:03:41,320] Trial 215 finished with value: 0.25480179932249863 and parameters: {'nodeNum': 300, 'leaking_rate': 0.043713136925871414, 'tikhonov_beta': 1.4140181763750647e-07}. Best is trial 103 with value: 0.24869007928034603.
[I 2024-11-05 20:06:20,360] Trial 225 finished with value: 0.25138471097930404 and parameters: {'nodeNum': 300, 'leaking_rate': 0.05689628015243537, 'tikhonov_beta': 1.4597730554025297e-07}. Best is trial 103 with value: 0.24869007928034603.
[I 2024-11-05 20:09:00,793] Trial 235 finished with value: 0.2513862099229498 and parameters: {'nodeNum': 300, 'leaking_rate': 0.05911391960080014, 'tikhonov_beta': 2.2255628330851814e-07}. Best is trial 103 with value: 0.24869007928034603.
[I 2024-11-05 20:11:40,703] Trial 245 finished with value: 0.25593146934788474 and parameters: {'nodeNum': 300, 'leaking_rate': 0.07054479597219167, 'tikhonov_beta': 1.951562582072836e-07}. Best is trial 103 with value: 0.24869007928034603.
[I 2024-11-05 20:14:19,962] Trial 255 finished with value: 0.2505389536488696 and parameters: {'nodeNum': 300, 'leaking_rate': 0.06367777012887221, 'tikhonov_beta': 1.2356753606613813e-07}. Best is trial 103 with value: 0.24869007928034603.
[I 2024-11-05 20:16:59,666] Trial 265 finished with value: 0.2896756182994141 and parameters: {'nodeNum': 300, 'leaking_rate': 0.08861623210244556, 'tikhonov_beta': 1.2191428395689252e-07}. Best is trial 103 with value: 0.24869007928034603.
[I 2024-11-05 20:19:42,140] Trial 275 finished with value: 0.2522300735596537 and parameters: {'nodeNum': 350, 'leaking_rate': 0.06412712159514841, 'tikhonov_beta': 1.6116445378601362e-07}. Best is trial 103 with value: 0.24869007928034603.
[I 2024-11-05 20:22:40,898] Trial 285 finished with value: 0.4942126687353589 and parameters: {'nodeNum': 600, 'leaking_rate': 0.06357704551750117, 'tikhonov_beta': 0.08463771246754277}. Best is trial 103 with value: 0.24869007928034603.
[I 2024-11-05 20:25:20,282] Trial 295 finished with value: 0.2519232445728113 and parameters: {'nodeNum': 300, 'leaking_rate': 0.05253472457497165, 'tikhonov_beta': 1.0221629132820097e-07}. Best is trial 291 with value: 0.24742568557248684.
[I 2024-11-05 20:28:18,082] Trial 305 finished with value: 0.25266541472566895 and parameters: {'nodeNum': 600, 'leaking_rate': 0.03840279453573353, 'tikhonov_beta': 2.4579085407517545e-07}. Best is trial 296 with value: 0.24688148897678122.
[I 2024-11-05 20:31:11,753] Trial 315 finished with value: 0.25341783388083916 and parameters: {'nodeNum': 550, 'leaking_rate': 0.044087917909646154, 'tikhonov_beta': 1.7566475237359604e-07}. Best is trial 296 with value: 0.24688148897678122.
[I 2024-11-05 20:34:10,478] Trial 325 finished with value: 0.251944190395849 and parameters: {'nodeNum': 600, 'leaking_rate': 0.0399909778076473, 'tikhonov_beta': 2.3299378126301956e-07}. Best is trial 296 with value: 0.24688148897678122.
[I 2024-11-05 20:37:07,770] Trial 335 finished with value: 0.43990309844904074 and parameters: {'nodeNum': 600, 'leaking_rate': 0.03026902325399974, 'tikhonov_beta': 0.011518186803019945}. Best is trial 296 with value: 0.24688148897678122.
[I 2024-11-05 20:40:05,780] Trial 345 finished with value: 0.2501150665576058 and parameters: {'nodeNum': 600, 'leaking_rate': 0.04423475526897622, 'tikhonov_beta': 1.8120523187907237e-07}. Best is trial 296 with value: 0.24688148897678122.
[I 2024-11-05 20:43:03,550] Trial 355 finished with value: 0.2497041860196488 and parameters: {'nodeNum': 600, 'leaking_rate': 0.04372559712468117, 'tikhonov_beta': 1.6491627677432897e-07}. Best is trial 296 with value: 0.24688148897678122.
[I 2024-11-05 20:46:01,897] Trial 365 finished with value: 0.253165639837103 and parameters: {'nodeNum': 600, 'leaking_rate': 0.04577859896702521, 'tikhonov_beta': 3.2140447180310817e-07}. Best is trial 296 with value: 0.24688148897678122.
[I 2024-11-05 20:48:55,898] Trial 375 finished with value: 0.2536515856774246 and parameters: {'nodeNum': 550, 'leaking_rate': 0.048644695166975685, 'tikhonov_beta': 1.4636958555242246e-07}. Best is trial 296 with value: 0.24688148897678122.
[I 2024-11-05 20:51:54,782] Trial 385 finished with value: 0.3080444979087806 and parameters: {'nodeNum': 600, 'leaking_rate': 0.009875821948106732, 'tikhonov_beta': 1.4176103524220202e-07}. Best is trial 296 with value: 0.24688148897678122.
[I 2024-11-05 20:54:53,434] Trial 395 finished with value: 0.24891270222358886 and parameters: {'nodeNum': 600, 'leaking_rate': 0.038310162700577244, 'tikhonov_beta': 1.281643550737841e-07}. Best is trial 296 with value: 0.24688148897678122.
[I 2024-11-05 20:57:51,132] Trial 405 finished with value: 0.24951241178554964 and parameters: {'nodeNum': 600, 'leaking_rate': 0.036169205515041686, 'tikhonov_beta': 1.3036317947462253e-07}. Best is trial 296 with value: 0.24688148897678122.
[I 2024-11-05 21:00:50,020] Trial 416 finished with value: 0.27109984929981806 and parameters: {'nodeNum': 600, 'leaking_rate': 0.03107969940101415, 'tikhonov_beta': 1.1108611848321466e-06}. Best is trial 296 with value: 0.24688148897678122.
[I 2024-11-05 21:03:48,831] Trial 426 finished with value: 0.26980390663401727 and parameters: {'nodeNum': 600, 'leaking_rate': 0.024492059250022954, 'tikhonov_beta': 2.181438370722631e-07}. Best is trial 296 with value: 0.24688148897678122.
[I 2024-11-05 21:06:46,725] Trial 436 finished with value: 0.2514761980684284 and parameters: {'nodeNum': 600, 'leaking_rate': 0.04063873415787244, 'tikhonov_beta': 2.1727423239715012e-07}. Best is trial 427 with value: 0.24686256396199985.
[I 2024-11-05 21:09:45,052] Trial 446 finished with value: 0.24999620221850752 and parameters: {'nodeNum': 600, 'leaking_rate': 0.053405297536468464, 'tikhonov_beta': 1.4826304089119004e-07}. Best is trial 427 with value: 0.24686256396199985.
[I 2024-11-05 21:12:43,308] Trial 456 finished with value: 0.24757536323839816 and parameters: {'nodeNum': 600, 'leaking_rate': 0.0508735400054154, 'tikhonov_beta': 1.0219808259859553e-07}. Best is trial 427 with value: 0.24686256396199985.
[I 2024-11-05 21:15:38,484] Trial 466 finished with value: 0.2527588001110784 and parameters: {'nodeNum': 550, 'leaking_rate': 0.05195731324111983, 'tikhonov_beta': 1.0122019339482605e-07}. Best is trial 427 with value: 0.24686256396199985.
[I 2024-11-05 21:18:37,810] Trial 476 finished with value: 0.2477920375683736 and parameters: {'nodeNum': 600, 'leaking_rate': 0.05202077483566733, 'tikhonov_beta': 1.0070753296063686e-07}. Best is trial 427 with value: 0.24686256396199985.
[I 2024-11-05 21:21:36,568] Trial 486 finished with value: 0.2490833401597526 and parameters: {'nodeNum': 600, 'leaking_rate': 0.05499882110958617, 'tikhonov_beta': 1.0116096293335905e-07}. Best is trial 427 with value: 0.24686256396199985.
[I 2024-11-05 21:24:34,774] Trial 497 finished with value: 0.248786120750311 and parameters: {'nodeNum': 600, 'leaking_rate': 0.05467714138473113, 'tikhonov_beta': 1.0773923575105193e-07}. Best is trial 427 with value: 0.24686256396199985.
[I 2024-11-05 21:27:34,234] Trial 507 finished with value: 0.24938953675278028 and parameters: {'nodeNum': 600, 'leaking_rate': 0.04929896616701917, 'tikhonov_beta': 1.518818922983255e-07}. Best is trial 427 with value: 0.24686256396199985.
[I 2024-11-05 21:30:33,152] Trial 518 finished with value: 0.24873860987188293 and parameters: {'nodeNum': 600, 'leaking_rate': 0.04800733157315317, 'tikhonov_beta': 1.4039785812639725e-07}. Best is trial 427 with value: 0.24686256396199985.
[I 2024-11-05 21:33:31,473] Trial 529 finished with value: 0.24686690640360642 and parameters: {'nodeNum': 600, 'leaking_rate': 0.044601245771312074, 'tikhonov_beta': 1.0003247266429301e-07}. Best is trial 427 with value: 0.24686256396199985.
[I 2024-11-05 21:36:30,408] Trial 539 finished with value: 0.2506437601040139 and parameters: {'nodeNum': 600, 'leaking_rate': 0.051009187749043304, 'tikhonov_beta': 1.8168862798352445e-07}. Best is trial 427 with value: 0.24686256396199985.
[I 2024-11-05 21:39:29,048] Trial 549 finished with value: 0.2468841683778004 and parameters: {'nodeNum': 600, 'leaking_rate': 0.04278837685181642, 'tikhonov_beta': 1.0031772030239328e-07}. Best is trial 540 with value: 0.24682618515815993.
[I 2024-11-05 21:42:28,609] Trial 559 finished with value: 0.25008256064331097 and parameters: {'nodeNum': 600, 'leaking_rate': 0.043526911207305036, 'tikhonov_beta': 1.7970969126635693e-07}. Best is trial 540 with value: 0.24682618515815993.
[I 2024-11-05 21:45:27,077] Trial 570 finished with value: 0.24850158761893493 and parameters: {'nodeNum': 600, 'leaking_rate': 0.04854240663928716, 'tikhonov_beta': 1.2987605874933952e-07}. Best is trial 540 with value: 0.24682618515815993.
[I 2024-11-05 21:48:26,253] Trial 580 finished with value: 0.40467812928690877 and parameters: {'nodeNum': 600, 'leaking_rate': 0.05166323431976797, 'tikhonov_beta': 0.0015875813310974054}. Best is trial 540 with value: 0.24682618515815993.
[I 2024-11-05 21:51:25,532] Trial 591 finished with value: 0.36285355945245 and parameters: {'nodeNum': 600, 'leaking_rate': 0.006389411499186956, 'tikhonov_beta': 1.0129800680336327e-07}. Best is trial 540 with value: 0.24682618515815993.
[I 2024-11-05 21:54:21,657] Trial 602 finished with value: 0.25322172497890766 and parameters: {'nodeNum': 550, 'leaking_rate': 0.03984682681916415, 'tikhonov_beta': 1.6909962932153329e-07}. Best is trial 540 with value: 0.24682618515815993.
[I 2024-11-05 21:57:20,684] Trial 612 finished with value: 0.2517027885250166 and parameters: {'nodeNum': 600, 'leaking_rate': 0.04132343928193178, 'tikhonov_beta': 2.355478097447742e-07}. Best is trial 540 with value: 0.24682618515815993.
[I 2024-11-05 22:00:20,247] Trial 622 finished with value: 0.25022420154053426 and parameters: {'nodeNum': 600, 'leaking_rate': 0.03508607519753884, 'tikhonov_beta': 1.3448118956479505e-07}. Best is trial 540 with value: 0.24682618515815993.
[I 2024-11-05 22:03:19,165] Trial 632 finished with value: 0.2470330788176683 and parameters: {'nodeNum': 600, 'leaking_rate': 0.043731861449475336, 'tikhonov_beta': 1.0234398544728483e-07}. Best is trial 630 with value: 0.24682042026869336.
[I 2024-11-05 22:06:04,816] Trial 642 finished with value: 0.24882705411054074 and parameters: {'nodeNum': 400, 'leaking_rate': 0.04501331946325188, 'tikhonov_beta': 1.0087024218680628e-07}. Best is trial 633 with value: 0.24673042796425432.
[I 2024-11-05 22:09:03,998] Trial 652 finished with value: 0.25104644994596076 and parameters: {'nodeNum': 600, 'leaking_rate': 0.038290339456467135, 'tikhonov_beta': 1.9033783712450988e-07}. Best is trial 633 with value: 0.24673042796425432.
[I 2024-11-05 22:12:02,944] Trial 662 finished with value: 0.2722302096912534 and parameters: {'nodeNum': 600, 'leaking_rate': 0.04254164309460267, 'tikhonov_beta': 1.0595325132179649e-05}. Best is trial 633 with value: 0.24673042796425432.
[I 2024-11-05 22:15:01,951] Trial 672 finished with value: 0.2481084898290066 and parameters: {'nodeNum': 600, 'leaking_rate': 0.04544849257701287, 'tikhonov_beta': 1.3070045289047025e-07}. Best is trial 633 with value: 0.24673042796425432.
[I 2024-11-05 22:18:00,454] Trial 682 finished with value: 0.2784441335526471 and parameters: {'nodeNum': 600, 'leaking_rate': 0.014507114802915055, 'tikhonov_beta': 1.006312661896118e-07}. Best is trial 675 with value: 0.2464088749198054.
[I 2024-11-05 22:21:00,802] Trial 692 finished with value: 0.27345178565023615 and parameters: {'nodeNum': 600, 'leaking_rate': 0.038806611979575585, 'tikhonov_beta': 6.2731540269889095e-06}. Best is trial 675 with value: 0.2464088749198054.
[I 2024-11-05 22:24:00,048] Trial 702 finished with value: 0.2516889550136539 and parameters: {'nodeNum': 600, 'leaking_rate': 0.048040078786220415, 'tikhonov_beta': 2.3480081932508245e-07}. Best is trial 675 with value: 0.2464088749198054.
[I 2024-11-05 22:26:55,517] Trial 712 finished with value: 0.25290490874242955 and parameters: {'nodeNum': 550, 'leaking_rate': 0.042164271539135406, 'tikhonov_beta': 1.6333206051993575e-07}. Best is trial 675 with value: 0.2464088749198054.
[I 2024-11-05 22:29:54,239] Trial 722 finished with value: 0.24863676756119005 and parameters: {'nodeNum': 600, 'leaking_rate': 0.040712505022539903, 'tikhonov_beta': 1.2851378929413072e-07}. Best is trial 675 with value: 0.2464088749198054.
[I 2024-11-05 22:32:52,879] Trial 732 finished with value: 0.24836689082700733 and parameters: {'nodeNum': 600, 'leaking_rate': 0.042003562270457484, 'tikhonov_beta': 1.2575022979282833e-07}. Best is trial 675 with value: 0.2464088749198054.
[I 2024-11-05 22:35:52,279] Trial 742 finished with value: 0.2515526952757176 and parameters: {'nodeNum': 600, 'leaking_rate': 0.03704033576596395, 'tikhonov_beta': 1.953569918587338e-07}. Best is trial 675 with value: 0.2464088749198054.
[I 2024-11-05 22:38:52,398] Trial 752 finished with value: 0.2512321791975026 and parameters: {'nodeNum': 600, 'leaking_rate': 0.053998931136812145, 'tikhonov_beta': 1.9199754676474946e-07}. Best is trial 675 with value: 0.2464088749198054.
[I 2024-11-05 22:41:51,232] Trial 762 finished with value: 0.2487930227636673 and parameters: {'nodeNum': 600, 'leaking_rate': 0.05484372140740617, 'tikhonov_beta': 1.0053208970889123e-07}. Best is trial 675 with value: 0.2464088749198054.
[I 2024-11-05 22:44:50,662] Trial 773 finished with value: 0.24700915001416593 and parameters: {'nodeNum': 600, 'leaking_rate': 0.04286025196535621, 'tikhonov_beta': 1.0159526876344632e-07}. Best is trial 675 with value: 0.2464088749198054.
[I 2024-11-05 22:47:49,406] Trial 783 finished with value: 0.2475904965677716 and parameters: {'nodeNum': 600, 'leaking_rate': 0.03887473654942827, 'tikhonov_beta': 1.0041208584923747e-07}. Best is trial 675 with value: 0.2464088749198054.
[I 2024-11-05 22:50:26,217] Trial 794 finished with value: 0.2523214610964982 and parameters: {'nodeNum': 200, 'leaking_rate': 0.04929128288812316, 'tikhonov_beta': 1.0058901919805914e-07}. Best is trial 675 with value: 0.2464088749198054.
[I 2024-11-05 22:53:19,931] Trial 803 finished with value: 0.2551737248547554 and parameters: {'nodeNum': 550, 'leaking_rate': 0.049902095516581965, 'tikhonov_beta': 2.1607500242725707e-07}. Best is trial 675 with value: 0.2464088749198054.
[I 2024-11-05 22:56:17,528] Trial 813 finished with value: 0.25035103501151623 and parameters: {'nodeNum': 600, 'leaking_rate': 0.034400895877051516, 'tikhonov_beta': 1.3007452725781336e-07}. Best is trial 675 with value: 0.2464088749198054.
[I 2024-11-05 22:59:16,529] Trial 823 finished with value: 0.2736259987172549 and parameters: {'nodeNum': 600, 'leaking_rate': 0.02168521169141368, 'tikhonov_beta': 1.58766841400198e-07}. Best is trial 675 with value: 0.2464088749198054.
[I 2024-11-05 23:02:15,199] Trial 833 finished with value: 0.2503890649580969 and parameters: {'nodeNum': 600, 'leaking_rate': 0.038838959849183924, 'tikhonov_beta': 1.7358380744605842e-07}. Best is trial 675 with value: 0.2464088749198054.
[I 2024-11-05 23:05:15,077] Trial 844 finished with value: 0.2490634954466567 and parameters: {'nodeNum': 600, 'leaking_rate': 0.052547819334027246, 'tikhonov_beta': 1.2650567343920552e-07}. Best is trial 675 with value: 0.2464088749198054.
[I 2024-11-05 23:08:14,766] Trial 854 finished with value: 0.2506578527014837 and parameters: {'nodeNum': 600, 'leaking_rate': 0.04490260246303714, 'tikhonov_beta': 1.969130605322832e-07}. Best is trial 675 with value: 0.2464088749198054.
[I 2024-11-05 23:11:13,596] Trial 864 finished with value: 0.24693218733365713 and parameters: {'nodeNum': 600, 'leaking_rate': 0.04869661131924487, 'tikhonov_beta': 1.0036293260959066e-07}. Best is trial 675 with value: 0.2464088749198054.
[I 2024-11-05 23:14:13,352] Trial 874 finished with value: 0.25880072926312564 and parameters: {'nodeNum': 600, 'leaking_rate': 0.050263269417179096, 'tikhonov_beta': 1.9969095315149654e-06}. Best is trial 675 with value: 0.2464088749198054.
[I 2024-11-05 23:17:09,406] Trial 884 finished with value: 0.25285238222495404 and parameters: {'nodeNum': 550, 'leaking_rate': 0.04277344641612355, 'tikhonov_beta': 1.6475986619782282e-07}. Best is trial 675 with value: 0.2464088749198054.
[I 2024-11-05 23:20:08,476] Trial 894 finished with value: 0.24887928732753514 and parameters: {'nodeNum': 600, 'leaking_rate': 0.03780693521593206, 'tikhonov_beta': 1.277398296912059e-07}. Best is trial 675 with value: 0.2464088749198054.
[I 2024-11-05 23:23:07,196] Trial 904 finished with value: 0.24968913933607467 and parameters: {'nodeNum': 600, 'leaking_rate': 0.05461293712978188, 'tikhonov_beta': 1.2836986658136074e-07}. Best is trial 675 with value: 0.2464088749198054.
