[I 2024-11-05 19:03:58,274] Using an existing study with name 'reproduct_sample07' instead of creating a new one.
[I 2024-11-05 19:06:33,868] Trial 4 finished with value: 0.438170158460382 and parameters: {'nodeNum': 300, 'leaking_rate': 0.08383501625765177, 'tikhonov_beta': 0.0002482220268395452}. Best is trial 2 with value: 0.31956792545654295.
[I 2024-11-05 19:09:18,767] Trial 14 finished with value: 0.4724406673589903 and parameters: {'nodeNum': 450, 'leaking_rate': 0.09880680074533188, 'tikhonov_beta': 0.06498364597488004}. Best is trial 7 with value: 0.2525162647415277.
[I 2024-11-05 19:12:12,969] Trial 24 finished with value: 0.24988796960057452 and parameters: {'nodeNum': 600, 'leaking_rate': 0.03398561868138977, 'tikhonov_beta': 1.1744108798075721e-07}. Best is trial 24 with value: 0.24988796960057452.
[I 2024-11-05 19:15:03,269] Trial 34 finished with value: 0.34512681516941957 and parameters: {'nodeNum': 550, 'leaking_rate': 0.008744401432777892, 'tikhonov_beta': 6.66073797992423e-07}. Best is trial 24 with value: 0.24988796960057452.
[I 2024-11-05 19:17:49,641] Trial 44 finished with value: 0.2568462197638446 and parameters: {'nodeNum': 500, 'leaking_rate': 0.05133941644785029, 'tikhonov_beta': 3.7713726190456005e-07}. Best is trial 24 with value: 0.24988796960057452.
[I 2024-11-05 19:20:31,193] Trial 53 finished with value: 0.25766365776326877 and parameters: {'nodeNum': 400, 'leaking_rate': 0.053507299644014135, 'tikhonov_beta': 3.4986713604347056e-07}. Best is trial 24 with value: 0.24988796960057452.
[I 2024-11-05 19:23:14,635] Trial 63 finished with value: 0.2747934372944814 and parameters: {'nodeNum': 450, 'leaking_rate': 0.019311330445054092, 'tikhonov_beta': 3.206655441517432e-07}. Best is trial 24 with value: 0.24988796960057452.
[I 2024-11-05 19:26:01,465] Trial 73 finished with value: 0.264712435227916 and parameters: {'nodeNum': 500, 'leaking_rate': 0.06891601691803861, 'tikhonov_beta': 2.0407138684835233e-07}. Best is trial 24 with value: 0.24988796960057452.
[I 2024-11-05 19:28:40,034] Trial 83 finished with value: 0.252786589058805 and parameters: {'nodeNum': 350, 'leaking_rate': 0.0412387051284575, 'tikhonov_beta': 1.0110384737226336e-07}. Best is trial 24 with value: 0.24988796960057452.
[I 2024-11-05 19:31:15,982] Trial 92 finished with value: 0.25929101374945535 and parameters: {'nodeNum': 300, 'leaking_rate': 0.02970773646929112, 'tikhonov_beta': 1.0320498554678239e-07}. Best is trial 24 with value: 0.24988796960057452.
[I 2024-11-05 19:34:09,594] Trial 102 finished with value: 0.25319822703602607 and parameters: {'nodeNum': 600, 'leaking_rate': 0.06284307652152579, 'tikhonov_beta': 1.7645844302793393e-07}. Best is trial 24 with value: 0.24988796960057452.
[I 2024-11-05 19:36:45,789] Trial 112 finished with value: 0.2876130962486074 and parameters: {'nodeNum': 300, 'leaking_rate': 0.08421651495584055, 'tikhonov_beta': 2.2184006520975564e-07}. Best is trial 103 with value: 0.24869007928034603.
[I 2024-11-05 19:39:18,971] Trial 122 finished with value: 0.25183607165254723 and parameters: {'nodeNum': 250, 'leaking_rate': 0.04578964656581257, 'tikhonov_beta': 1.4051805945887575e-07}. Best is trial 103 with value: 0.24869007928034603.
[I 2024-11-05 19:41:54,713] Trial 132 finished with value: 0.25170007077097784 and parameters: {'nodeNum': 300, 'leaking_rate': 0.06637688055889195, 'tikhonov_beta': 1.2599517966505715e-07}. Best is trial 103 with value: 0.24869007928034603.
[I 2024-11-05 19:44:31,507] Trial 143 finished with value: 0.269102239968107 and parameters: {'nodeNum': 300, 'leaking_rate': 0.07470038784738314, 'tikhonov_beta': 4.137062896233072e-07}. Best is trial 103 with value: 0.24869007928034603.
[I 2024-11-05 19:47:07,476] Trial 153 finished with value: 0.25357618378070784 and parameters: {'nodeNum': 300, 'leaking_rate': 0.053099054312860924, 'tikhonov_beta': 2.502543468603857e-07}. Best is trial 103 with value: 0.24869007928034603.
[I 2024-11-05 19:49:40,133] Trial 163 finished with value: 0.3931236165001393 and parameters: {'nodeNum': 250, 'leaking_rate': 0.06108216603098843, 'tikhonov_beta': 0.00018774296904958097}. Best is trial 103 with value: 0.24869007928034603.
[I 2024-11-05 19:52:33,695] Trial 173 finished with value: 0.25300865316690097 and parameters: {'nodeNum': 600, 'leaking_rate': 0.062185084732317895, 'tikhonov_beta': 1.761621629574544e-07}. Best is trial 103 with value: 0.24869007928034603.
[I 2024-11-05 19:55:10,120] Trial 183 finished with value: 0.29258099066614357 and parameters: {'nodeNum': 300, 'leaking_rate': 0.011708218277298692, 'tikhonov_beta': 1.2463444385277583e-07}. Best is trial 103 with value: 0.24869007928034603.
[I 2024-11-05 19:57:46,361] Trial 193 finished with value: 0.2504561672636921 and parameters: {'nodeNum': 300, 'leaking_rate': 0.05926310891903872, 'tikhonov_beta': 1.0433880884552671e-07}. Best is trial 103 with value: 0.24869007928034603.
[I 2024-11-05 20:00:22,192] Trial 203 finished with value: 0.25300095296878783 and parameters: {'nodeNum': 300, 'leaking_rate': 0.04965313705041524, 'tikhonov_beta': 1.0674497063456255e-07}. Best is trial 103 with value: 0.24869007928034603.
[I 2024-11-05 20:02:58,687] Trial 213 finished with value: 0.25331334420961693 and parameters: {'nodeNum': 300, 'leaking_rate': 0.042932691320294675, 'tikhonov_beta': 1.0082674244691748e-07}. Best is trial 103 with value: 0.24869007928034603.
[I 2024-11-05 20:05:34,796] Trial 223 finished with value: 0.4246019318206313 and parameters: {'nodeNum': 300, 'leaking_rate': 0.001874916370757191, 'tikhonov_beta': 1.402302952766872e-07}. Best is trial 103 with value: 0.24869007928034603.
[I 2024-11-05 20:08:10,673] Trial 233 finished with value: 0.25231896172744084 and parameters: {'nodeNum': 300, 'leaking_rate': 0.055317249026229226, 'tikhonov_beta': 2.0772516403161564e-07}. Best is trial 103 with value: 0.24869007928034603.
[I 2024-11-05 20:10:46,775] Trial 243 finished with value: 0.255387703471362 and parameters: {'nodeNum': 300, 'leaking_rate': 0.06951316745471196, 'tikhonov_beta': 2.101925104616016e-07}. Best is trial 103 with value: 0.24869007928034603.
[I 2024-11-05 20:13:23,381] Trial 253 finished with value: 0.2506650345414068 and parameters: {'nodeNum': 300, 'leaking_rate': 0.06487149698216636, 'tikhonov_beta': 1.2749697460021896e-07}. Best is trial 103 with value: 0.24869007928034603.
[I 2024-11-05 20:15:59,183] Trial 263 finished with value: 0.2668045144169567 and parameters: {'nodeNum': 300, 'leaking_rate': 0.07911964077077044, 'tikhonov_beta': 1.2491001325622876e-07}. Best is trial 103 with value: 0.24869007928034603.
[I 2024-11-05 20:18:37,720] Trial 273 finished with value: 0.3547727381033581 and parameters: {'nodeNum': 350, 'leaking_rate': 0.08616615150778414, 'tikhonov_beta': 7.910638436075284e-06}. Best is trial 103 with value: 0.24869007928034603.
[I 2024-11-05 20:21:31,655] Trial 283 finished with value: 0.2526721908567568 and parameters: {'nodeNum': 600, 'leaking_rate': 0.06117307172357593, 'tikhonov_beta': 1.619547276291203e-07}. Best is trial 103 with value: 0.24869007928034603.
[I 2024-11-05 20:24:08,906] Trial 293 finished with value: 0.25196741386790766 and parameters: {'nodeNum': 300, 'leaking_rate': 0.05255945273824466, 'tikhonov_beta': 1.0038894842372548e-07}. Best is trial 291 with value: 0.24742568557248684.
[I 2024-11-05 20:27:03,964] Trial 303 finished with value: 0.2538854899534478 and parameters: {'nodeNum': 600, 'leaking_rate': 0.03792042047418059, 'tikhonov_beta': 2.9886985145826125e-07}. Best is trial 296 with value: 0.24688148897678122.
[I 2024-11-05 20:29:57,952] Trial 313 finished with value: 0.25000084115718046 and parameters: {'nodeNum': 600, 'leaking_rate': 0.045606862219787256, 'tikhonov_beta': 1.766120885873077e-07}. Best is trial 296 with value: 0.24688148897678122.
[I 2024-11-05 20:32:52,688] Trial 323 finished with value: 0.25151012239487874 and parameters: {'nodeNum': 600, 'leaking_rate': 0.04029473107679683, 'tikhonov_beta': 2.19281234516459e-07}. Best is trial 296 with value: 0.24688148897678122.
[I 2024-11-05 20:35:47,415] Trial 333 finished with value: 0.25947056397744733 and parameters: {'nodeNum': 600, 'leaking_rate': 0.03030376878883152, 'tikhonov_beta': 2.4386489086377325e-07}. Best is trial 296 with value: 0.24688148897678122.
[I 2024-11-05 20:38:41,611] Trial 343 finished with value: 0.25235958915742507 and parameters: {'nodeNum': 600, 'leaking_rate': 0.03415741222123459, 'tikhonov_beta': 1.6949870988378952e-07}. Best is trial 296 with value: 0.24688148897678122.
[I 2024-11-05 20:41:35,641] Trial 352 finished with value: 0.24975289795234068 and parameters: {'nodeNum': 600, 'leaking_rate': 0.044688397992018423, 'tikhonov_beta': 1.675649770550835e-07}. Best is trial 296 with value: 0.24688148897678122.
[I 2024-11-05 20:44:30,236] Trial 362 finished with value: 0.24907033542628465 and parameters: {'nodeNum': 600, 'leaking_rate': 0.04513075110587108, 'tikhonov_beta': 1.5148271288452937e-07}. Best is trial 296 with value: 0.24688148897678122.
[I 2024-11-05 20:47:20,833] Trial 372 finished with value: 0.25359016350575064 and parameters: {'nodeNum': 550, 'leaking_rate': 0.04757608240651796, 'tikhonov_beta': 1.5253870543029594e-07}. Best is trial 296 with value: 0.24688148897678122.
[I 2024-11-05 20:50:15,610] Trial 382 finished with value: 0.24999471134945944 and parameters: {'nodeNum': 600, 'leaking_rate': 0.037405326896487394, 'tikhonov_beta': 1.4903846207476092e-07}. Best is trial 296 with value: 0.24688148897678122.
[I 2024-11-05 20:53:09,518] Trial 392 finished with value: 0.249374559571388 and parameters: {'nodeNum': 600, 'leaking_rate': 0.03901648881368198, 'tikhonov_beta': 1.4552822580319034e-07}. Best is trial 296 with value: 0.24688148897678122.
[I 2024-11-05 20:56:03,948] Trial 402 finished with value: 0.2492386135040469 and parameters: {'nodeNum': 600, 'leaking_rate': 0.03685137348073388, 'tikhonov_beta': 1.2500612034697168e-07}. Best is trial 296 with value: 0.24688148897678122.
[I 2024-11-05 20:58:58,060] Trial 412 finished with value: 0.2513284775208239 and parameters: {'nodeNum': 600, 'leaking_rate': 0.03248626262696292, 'tikhonov_beta': 1.2034595386568138e-07}. Best is trial 296 with value: 0.24688148897678122.
[I 2024-11-05 21:01:51,701] Trial 422 finished with value: 0.2587859351563805 and parameters: {'nodeNum': 600, 'leaking_rate': 0.026845475889614376, 'tikhonov_beta': 1.0304185647435728e-07}. Best is trial 296 with value: 0.24688148897678122.
[I 2024-11-05 21:04:45,615] Trial 432 finished with value: 0.2514826006328229 and parameters: {'nodeNum': 600, 'leaking_rate': 0.04052427831702475, 'tikhonov_beta': 2.1634530131844813e-07}. Best is trial 427 with value: 0.24686256396199985.
[I 2024-11-05 21:07:41,018] Trial 442 finished with value: 0.24763928608541602 and parameters: {'nodeNum': 600, 'leaking_rate': 0.05187680320836205, 'tikhonov_beta': 1.0040796536193284e-07}. Best is trial 427 with value: 0.24686256396199985.
[I 2024-11-05 21:10:37,156] Trial 452 finished with value: 0.28568477497504285 and parameters: {'nodeNum': 600, 'leaking_rate': 0.012375296034018397, 'tikhonov_beta': 1.2849584415183648e-07}. Best is trial 427 with value: 0.24686256396199985.
[I 2024-11-05 21:13:32,552] Trial 462 finished with value: 0.2529942702916777 and parameters: {'nodeNum': 550, 'leaking_rate': 0.05117119580484705, 'tikhonov_beta': 1.0817830951080892e-07}. Best is trial 427 with value: 0.24686256396199985.
[I 2024-11-05 21:16:27,235] Trial 472 finished with value: 0.24784204020709336 and parameters: {'nodeNum': 600, 'leaking_rate': 0.051540357620136916, 'tikhonov_beta': 1.0384724605150689e-07}. Best is trial 427 with value: 0.24686256396199985.
[I 2024-11-05 21:19:21,439] Trial 482 finished with value: 0.2482565714589042 and parameters: {'nodeNum': 600, 'leaking_rate': 0.05379111780705042, 'tikhonov_beta': 1.0056332058029496e-07}. Best is trial 427 with value: 0.24686256396199985.
[I 2024-11-05 21:22:16,220] Trial 492 finished with value: 0.24893698667864617 and parameters: {'nodeNum': 600, 'leaking_rate': 0.05562169585729927, 'tikhonov_beta': 1.0302245841955734e-07}. Best is trial 427 with value: 0.24686256396199985.
[I 2024-11-05 21:25:10,703] Trial 502 finished with value: 0.24697642555777055 and parameters: {'nodeNum': 600, 'leaking_rate': 0.048449908956871963, 'tikhonov_beta': 1.0024916650681558e-07}. Best is trial 427 with value: 0.24686256396199985.
[I 2024-11-05 21:28:05,651] Trial 512 finished with value: 0.24947718810304065 and parameters: {'nodeNum': 600, 'leaking_rate': 0.047889354485525996, 'tikhonov_beta': 1.567812777770554e-07}. Best is trial 427 with value: 0.24686256396199985.
[I 2024-11-05 21:30:59,608] Trial 522 finished with value: 0.27648267501651114 and parameters: {'nodeNum': 600, 'leaking_rate': 0.020010299292677888, 'tikhonov_beta': 1.386513311925469e-07}. Best is trial 427 with value: 0.24686256396199985.
[I 2024-11-05 21:33:54,657] Trial 532 finished with value: 0.31726887797615 and parameters: {'nodeNum': 600, 'leaking_rate': 0.0601770310280448, 'tikhonov_beta': 4.2882564364047e-05}. Best is trial 427 with value: 0.24686256396199985.
[I 2024-11-05 21:36:46,770] Trial 542 finished with value: 0.2509907325717705 and parameters: {'nodeNum': 550, 'leaking_rate': 0.04390219810182442, 'tikhonov_beta': 1.0055411370341094e-07}. Best is trial 540 with value: 0.24682618515815993.
[I 2024-11-05 21:39:41,394] Trial 551 finished with value: 0.2502454584193163 and parameters: {'nodeNum': 600, 'leaking_rate': 0.04472765375281619, 'tikhonov_beta': 1.8221497363405313e-07}. Best is trial 540 with value: 0.24682618515815993.
[I 2024-11-05 21:42:38,367] Trial 561 finished with value: 0.24835575105385718 and parameters: {'nodeNum': 600, 'leaking_rate': 0.04448408094035224, 'tikhonov_beta': 1.3382923334697085e-07}. Best is trial 540 with value: 0.24682618515815993.
[I 2024-11-05 21:45:33,951] Trial 572 finished with value: 0.24867268389006816 and parameters: {'nodeNum': 600, 'leaking_rate': 0.048239262117143356, 'tikhonov_beta': 1.3305362641565152e-07}. Best is trial 540 with value: 0.24682618515815993.
[I 2024-11-05 21:48:29,434] Trial 582 finished with value: 0.3750758871923142 and parameters: {'nodeNum': 600, 'leaking_rate': 0.005847445022948462, 'tikhonov_beta': 1.0242996349643428e-07}. Best is trial 540 with value: 0.24682618515815993.
[I 2024-11-05 21:51:24,943] Trial 592 finished with value: 0.2915472001491196 and parameters: {'nodeNum': 600, 'leaking_rate': 0.011150628038798833, 'tikhonov_beta': 1.0001365840848405e-07}. Best is trial 540 with value: 0.24682618515815993.
[I 2024-11-05 21:54:15,682] Trial 601 finished with value: 0.25337213516895324 and parameters: {'nodeNum': 550, 'leaking_rate': 0.03970045788908203, 'tikhonov_beta': 1.692590357256322e-07}. Best is trial 540 with value: 0.24682618515815993.
[I 2024-11-05 21:57:09,249] Trial 611 finished with value: 0.25261599459564155 and parameters: {'nodeNum': 600, 'leaking_rate': 0.039009311259552634, 'tikhonov_beta': 2.5178384218980485e-07}. Best is trial 540 with value: 0.24682618515815993.
[I 2024-11-05 22:00:04,177] Trial 621 finished with value: 0.24829855822193778 and parameters: {'nodeNum': 600, 'leaking_rate': 0.04131991594043437, 'tikhonov_beta': 1.2657641654239925e-07}. Best is trial 540 with value: 0.24682618515815993.
[I 2024-11-05 22:02:59,339] Trial 631 finished with value: 0.24821154222964367 and parameters: {'nodeNum': 600, 'leaking_rate': 0.04388432243226457, 'tikhonov_beta': 1.3336573225946216e-07}. Best is trial 630 with value: 0.24682042026869336.
[I 2024-11-05 22:05:53,475] Trial 641 finished with value: 0.24675867972667956 and parameters: {'nodeNum': 600, 'leaking_rate': 0.043322660409770286, 'tikhonov_beta': 1.0051258838139017e-07}. Best is trial 633 with value: 0.24673042796425432.
[I 2024-11-05 22:08:48,104] Trial 651 finished with value: 0.2583114243721911 and parameters: {'nodeNum': 600, 'leaking_rate': 0.030057528624112765, 'tikhonov_beta': 1.9488183195106374e-07}. Best is trial 633 with value: 0.24673042796425432.
[I 2024-11-05 22:11:42,673] Trial 661 finished with value: 0.24934503502713784 and parameters: {'nodeNum': 600, 'leaking_rate': 0.04304131513376282, 'tikhonov_beta': 1.5216527699576816e-07}. Best is trial 633 with value: 0.24673042796425432.
[I 2024-11-05 22:14:36,906] Trial 671 finished with value: 0.2483682320377262 and parameters: {'nodeNum': 600, 'leaking_rate': 0.04542263487982238, 'tikhonov_beta': 1.312099959718479e-07}. Best is trial 633 with value: 0.24673042796425432.
[I 2024-11-05 22:17:31,056] Trial 679 finished with value: 0.24662641874942134 and parameters: {'nodeNum': 600, 'leaking_rate': 0.04568638120599882, 'tikhonov_beta': 1.0027964484968044e-07}. Best is trial 675 with value: 0.2464088749198054.
[I 2024-11-05 22:20:25,346] Trial 689 finished with value: 0.2466856138786956 and parameters: {'nodeNum': 600, 'leaking_rate': 0.04682744287245358, 'tikhonov_beta': 1.0005710767569721e-07}. Best is trial 675 with value: 0.2464088749198054.
[I 2024-11-05 22:23:17,449] Trial 699 finished with value: 0.2514703279576869 and parameters: {'nodeNum': 600, 'leaking_rate': 0.046435144112951854, 'tikhonov_beta': 2.2673096755699987e-07}. Best is trial 675 with value: 0.2464088749198054.
[I 2024-11-05 22:26:07,088] Trial 709 finished with value: 0.253367502877236 and parameters: {'nodeNum': 550, 'leaking_rate': 0.04718286569546189, 'tikhonov_beta': 1.5195927159538422e-07}. Best is trial 675 with value: 0.2464088749198054.
[I 2024-11-05 22:29:00,788] Trial 719 finished with value: 0.2484095652887797 and parameters: {'nodeNum': 600, 'leaking_rate': 0.04156929631295865, 'tikhonov_beta': 1.2890637794808238e-07}. Best is trial 675 with value: 0.2464088749198054.
[I 2024-11-05 22:31:54,960] Trial 729 finished with value: 0.24705314051058885 and parameters: {'nodeNum': 600, 'leaking_rate': 0.04181391255012033, 'tikhonov_beta': 1.007220389031657e-07}. Best is trial 675 with value: 0.2464088749198054.
[I 2024-11-05 22:34:49,586] Trial 738 finished with value: 0.2482352894244099 and parameters: {'nodeNum': 600, 'leaking_rate': 0.04593674125036234, 'tikhonov_beta': 1.293122238853595e-07}. Best is trial 675 with value: 0.2464088749198054.
[I 2024-11-05 22:37:42,872] Trial 748 finished with value: 0.2506949095294849 and parameters: {'nodeNum': 600, 'leaking_rate': 0.048122632447874306, 'tikhonov_beta': 1.9309685557087024e-07}. Best is trial 675 with value: 0.2464088749198054.
[I 2024-11-05 22:40:36,873] Trial 758 finished with value: 0.24983016210829015 and parameters: {'nodeNum': 600, 'leaking_rate': 0.053228304801494944, 'tikhonov_beta': 1.4840372492788377e-07}. Best is trial 675 with value: 0.2464088749198054.
[I 2024-11-05 22:43:30,757] Trial 768 finished with value: 0.24711977565067528 and parameters: {'nodeNum': 600, 'leaking_rate': 0.04091052404146554, 'tikhonov_beta': 1.0010407492829205e-07}. Best is trial 675 with value: 0.2464088749198054.
[I 2024-11-05 22:46:24,949] Trial 778 finished with value: 0.25258385985406057 and parameters: {'nodeNum': 600, 'leaking_rate': 0.043143928147635874, 'tikhonov_beta': 2.821539521955003e-07}. Best is trial 675 with value: 0.2464088749198054.
[I 2024-11-05 22:49:19,423] Trial 788 finished with value: 0.2496442972111211 and parameters: {'nodeNum': 600, 'leaking_rate': 0.03848614340747868, 'tikhonov_beta': 1.500451867642985e-07}. Best is trial 675 with value: 0.2464088749198054.
[I 2024-11-05 22:52:13,828] Trial 798 finished with value: 0.24994335629407413 and parameters: {'nodeNum': 600, 'leaking_rate': 0.04809997418716658, 'tikhonov_beta': 1.7507517125341816e-07}. Best is trial 675 with value: 0.2464088749198054.
[I 2024-11-05 22:55:05,154] Trial 808 finished with value: 0.25939815842002006 and parameters: {'nodeNum': 550, 'leaking_rate': 0.033809973792384276, 'tikhonov_beta': 2.243832359102903e-07}. Best is trial 675 with value: 0.2464088749198054.
[I 2024-11-05 22:57:58,862] Trial 818 finished with value: 0.27085013130972496 and parameters: {'nodeNum': 600, 'leaking_rate': 0.022412130851539182, 'tikhonov_beta': 1.330460942674774e-07}. Best is trial 675 with value: 0.2464088749198054.
[I 2024-11-05 23:00:53,152] Trial 828 finished with value: 0.24741848322481672 and parameters: {'nodeNum': 600, 'leaking_rate': 0.04037187176298461, 'tikhonov_beta': 1.0018336400982872e-07}. Best is trial 675 with value: 0.2464088749198054.
[I 2024-11-05 23:03:47,138] Trial 838 finished with value: 0.24956707974349085 and parameters: {'nodeNum': 600, 'leaking_rate': 0.054654608715632574, 'tikhonov_beta': 1.2439741593932928e-07}. Best is trial 675 with value: 0.2464088749198054.
[I 2024-11-05 23:06:41,044] Trial 848 finished with value: 0.24689113933652407 and parameters: {'nodeNum': 600, 'leaking_rate': 0.045460338782666226, 'tikhonov_beta': 1.0230224911927092e-07}. Best is trial 675 with value: 0.2464088749198054.
[I 2024-11-05 23:09:35,489] Trial 858 finished with value: 0.250936529513687 and parameters: {'nodeNum': 600, 'leaking_rate': 0.04499683874674005, 'tikhonov_beta': 2.1046496944084777e-07}. Best is trial 675 with value: 0.2464088749198054.
[I 2024-11-05 23:12:30,357] Trial 867 finished with value: 0.2532079602589315 and parameters: {'nodeNum': 600, 'leaking_rate': 0.04990150373981222, 'tikhonov_beta': 3.1868139211224824e-07}. Best is trial 675 with value: 0.2464088749198054.
[I 2024-11-05 23:15:23,402] Trial 877 finished with value: 0.25484654652034927 and parameters: {'nodeNum': 600, 'leaking_rate': 0.04328599067246526, 'tikhonov_beta': 4.60399804643954e-07}. Best is trial 675 with value: 0.2464088749198054.
[I 2024-11-05 23:18:14,687] Trial 887 finished with value: 0.25369769519772367 and parameters: {'nodeNum': 550, 'leaking_rate': 0.03825704507703155, 'tikhonov_beta': 1.5856049261297998e-07}. Best is trial 675 with value: 0.2464088749198054.
