[I 2024-11-06 09:46:59,131] Trial 1890 finished with value: 0.25037534595636673 and parameters: {'nodeNum_01': 200, 'leaking_rate_01': 0.009797778556753244, 'nodeNum_02': 150, 'leaking_rate_02': 0.07310554105864643, 'nodeNum_03': 600, 'leaking_rate_03': 0.04649742766056364, 'nodeNum_04': 500, 'leaking_rate_04': 0.07057131701347964, 'tikhonov_beta': 1.1103197503258333e-05, 'intensity': 1.9545053794204994}. Best is trial 1222 with value: 0.21825744342878123.
[I 2024-11-06 09:52:33,992] Trial 1910 finished with value: 0.23935706076345392 and parameters: {'nodeNum_01': 200, 'leaking_rate_01': 0.00958621524145846, 'nodeNum_02': 200, 'leaking_rate_02': 0.07836968112263533, 'nodeNum_03': 600, 'leaking_rate_03': 0.0052432572394885, 'nodeNum_04': 500, 'leaking_rate_04': 0.09989301750462848, 'tikhonov_beta': 7.283866470222595e-07, 'intensity': 1.889103049788394}. Best is trial 1222 with value: 0.21825744342878123.
[I 2024-11-06 09:58:12,978] Trial 1930 finished with value: 0.22587532393563617 and parameters: {'nodeNum_01': 200, 'leaking_rate_01': 0.013293945378774964, 'nodeNum_02': 200, 'leaking_rate_02': 0.057521334779678156, 'nodeNum_03': 600, 'leaking_rate_03': 0.040215557280730924, 'nodeNum_04': 500, 'leaking_rate_04': 0.0815328501508184, 'tikhonov_beta': 2.1784044981431708e-07, 'intensity': 1.967282836067096}. Best is trial 1222 with value: 0.21825744342878123.
[I 2024-11-06 10:03:49,957] Trial 1949 finished with value: 0.22069054298914798 and parameters: {'nodeNum_01': 250, 'leaking_rate_01': 0.010957795246330188, 'nodeNum_02': 200, 'leaking_rate_02': 0.054439385819084286, 'nodeNum_03': 600, 'leaking_rate_03': 0.06085008220208285, 'nodeNum_04': 500, 'leaking_rate_04': 0.09123508461318965, 'tikhonov_beta': 1.0048231107719113e-07, 'intensity': 1.968230315461874}. Best is trial 1222 with value: 0.21825744342878123.
[I 2024-11-06 10:09:02,892] Trial 1969 finished with value: 0.2217008745608901 and parameters: {'nodeNum_01': 200, 'leaking_rate_01': 0.007263752401963571, 'nodeNum_02': 200, 'leaking_rate_02': 0.03924835440480766, 'nodeNum_03': 600, 'leaking_rate_03': 0.05133197664512978, 'nodeNum_04': 550, 'leaking_rate_04': 0.09973102808428146, 'tikhonov_beta': 1.4824891560675805e-07, 'intensity': 1.8275584970711667}. Best is trial 1222 with value: 0.21825744342878123.
[I 2024-11-06 10:12:04,566] Trial 1982 finished with value: 0.22470899072109474 and parameters: {'nodeNum_01': 200, 'leaking_rate_01': 0.008553984252389098, 'nodeNum_02': 200, 'leaking_rate_02': 0.03335709035472565, 'nodeNum_03': 550, 'leaking_rate_03': 0.056066888608792984, 'nodeNum_04': 500, 'leaking_rate_04': 0.07795502673724028, 'tikhonov_beta': 1.6967810766096007e-07, 'intensity': 1.9218553405481336}. Best is trial 1222 with value: 0.21825744342878123.
