[I 2024-11-06 09:55:22,842] Trial 1916 finished with value: 0.22628471981414364 and parameters: {'nodeNum_01': 200, 'leaking_rate_01': 0.013131316272773946, 'nodeNum_02': 200, 'leaking_rate_02': 0.07009947890859808, 'nodeNum_03': 600, 'leaking_rate_03': 0.040895043927110124, 'nodeNum_04': 500, 'leaking_rate_04': 0.08459115328790623, 'tikhonov_beta': 2.3297680177456563e-07, 'intensity': 1.8893808980539837}. Best is trial 1222 with value: 0.21825744342878123.
[I 2024-11-06 10:00:59,196] Trial 1935 finished with value: 0.22352605435186318 and parameters: {'nodeNum_01': 200, 'leaking_rate_01': 0.015649615727823484, 'nodeNum_02': 200, 'leaking_rate_02': 0.0589612415650138, 'nodeNum_03': 600, 'leaking_rate_03': 0.054782440877167285, 'nodeNum_04': 500, 'leaking_rate_04': 0.08736036602744611, 'tikhonov_beta': 2.3326303714991548e-07, 'intensity': 1.9650731439353446}. Best is trial 1222 with value: 0.21825744342878123.
[I 2024-11-06 10:06:27,489] Trial 1955 finished with value: 0.22428299428749593 and parameters: {'nodeNum_01': 250, 'leaking_rate_01': 0.011280304125534516, 'nodeNum_02': 200, 'leaking_rate_02': 0.04255305379919721, 'nodeNum_03': 600, 'leaking_rate_03': 0.06321241902951216, 'nodeNum_04': 200, 'leaking_rate_04': 0.09105511474630759, 'tikhonov_beta': 1.0002248511542831e-07, 'intensity': 1.8294432646707033}. Best is trial 1222 with value: 0.21825744342878123.
[I 2024-11-06 10:10:36,443] Trial 1973 finished with value: 0.2877433217875591 and parameters: {'nodeNum_01': 200, 'leaking_rate_01': 0.008545271291575708, 'nodeNum_02': 200, 'leaking_rate_02': 0.033247439107804005, 'nodeNum_03': 550, 'leaking_rate_03': 0.04960111283755109, 'nodeNum_04': 550, 'leaking_rate_04': 0.0928130230350499, 'tikhonov_beta': 0.0007321089730230892, 'intensity': 1.9246437031956019}. Best is trial 1222 with value: 0.21825744342878123.
[I 2024-11-06 10:13:14,254] Trial 1984 finished with value: 0.23215201670603175 and parameters: {'nodeNum_01': 200, 'leaking_rate_01': 0.014765553727755936, 'nodeNum_02': 200, 'leaking_rate_02': 0.0035520137125103837, 'nodeNum_03': 550, 'leaking_rate_03': 0.0545045894781125, 'nodeNum_04': 500, 'leaking_rate_04': 0.07837353643021192, 'tikhonov_beta': 1.640996797947674e-07, 'intensity': 1.921899081967499}. Best is trial 1222 with value: 0.21825744342878123.
[I 2024-11-06 10:15:41,731] Trial 1991 finished with value: 0.22942496314700983 and parameters: {'nodeNum_01': 200, 'leaking_rate_01': 0.014491447818818321, 'nodeNum_02': 200, 'leaking_rate_02': 0.04999588797816745, 'nodeNum_03': 400, 'leaking_rate_03': 0.012231624343155514, 'nodeNum_04': 500, 'leaking_rate_04': 0.09990631898487387, 'tikhonov_beta': 1.2322587908821838e-07, 'intensity': 1.5337606827035326}. Best is trial 1222 with value: 0.21825744342878123.
