[I 2024-11-05 23:21:09,115] Trial 897 finished with value: 0.2549474944856171 and parameters: {'nodeNum': 600, 'leaking_rate': 0.029895193956803026, 'tikhonov_beta': 1.2368261653790705e-07}. Best is trial 675 with value: 0.2464088749198054.
[I 2024-11-05 23:24:03,366] Trial 907 finished with value: 0.25754144025712994 and parameters: {'nodeNum': 600, 'leaking_rate': 0.054663340858587914, 'tikhonov_beta': 1.2034289713941667e-06}. Best is trial 675 with value: 0.2464088749198054.
[I 2024-11-05 23:26:37,792] Trial 917 finished with value: 0.25562498205218553 and parameters: {'nodeNum': 150, 'leaking_rate': 0.04559485221444357, 'tikhonov_beta': 1.0019303118889259e-07}. Best is trial 675 with value: 0.2464088749198054.
[I 2024-11-05 23:29:31,919] Trial 927 finished with value: 0.25017451244706124 and parameters: {'nodeNum': 600, 'leaking_rate': 0.05083055170489478, 'tikhonov_beta': 1.6623317101933293e-07}. Best is trial 675 with value: 0.2464088749198054.
[I 2024-11-05 23:32:25,963] Trial 937 finished with value: 0.24751269660828062 and parameters: {'nodeNum': 600, 'leaking_rate': 0.05150631413800267, 'tikhonov_beta': 1.0080459919819721e-07}. Best is trial 675 with value: 0.2464088749198054.
[I 2024-11-05 23:35:07,654] Trial 947 finished with value: 0.24944822542937833 and parameters: {'nodeNum': 400, 'leaking_rate': 0.04267920178905271, 'tikhonov_beta': 1.3560040652818247e-07}. Best is trial 675 with value: 0.2464088749198054.
[I 2024-11-05 23:38:02,339] Trial 957 finished with value: 0.4448872222277473 and parameters: {'nodeNum': 600, 'leaking_rate': 0.04607855671003108, 'tikhonov_beta': 0.010425945053228861}. Best is trial 675 with value: 0.2464088749198054.
[I 2024-11-05 23:40:55,974] Trial 966 finished with value: 0.46135295142618143 and parameters: {'nodeNum': 600, 'leaking_rate': 0.041016518729313306, 'tikhonov_beta': 0.022715010490059775}. Best is trial 675 with value: 0.2464088749198054.
[I 2024-11-05 23:43:51,614] Trial 975 finished with value: 0.39126893381469163 and parameters: {'nodeNum': 600, 'leaking_rate': 0.05379918083412233, 'tikhonov_beta': 0.0008530112579986706}. Best is trial 675 with value: 0.2464088749198054.
[I 2024-11-05 23:46:42,689] Trial 986 finished with value: 0.25016859842948325 and parameters: {'nodeNum': 600, 'leaking_rate': 0.052401711213588435, 'tikhonov_beta': 1.600900000968335e-07}. Best is trial 675 with value: 0.2464088749198054.
