[I 2024-11-05 23:20:36,778] Trial 896 finished with value: 0.24879027697979095 and parameters: {'nodeNum': 600, 'leaking_rate': 0.039313811259443596, 'tikhonov_beta': 1.2882749533832544e-07}. Best is trial 675 with value: 0.2464088749198054.
[I 2024-11-05 23:23:30,282] Trial 906 finished with value: 0.24972089409691986 and parameters: {'nodeNum': 600, 'leaking_rate': 0.05595565542818228, 'tikhonov_beta': 1.2227205172892738e-07}. Best is trial 675 with value: 0.2464088749198054.
[I 2024-11-05 23:26:25,825] Trial 916 finished with value: 0.2507181175052442 and parameters: {'nodeNum': 600, 'leaking_rate': 0.046426582815990956, 'tikhonov_beta': 1.9896277895448754e-07}. Best is trial 675 with value: 0.2464088749198054.
[I 2024-11-05 23:28:57,036] Trial 926 finished with value: 0.257830919158883 and parameters: {'nodeNum': 150, 'leaking_rate': 0.05035981251463144, 'tikhonov_beta': 1.6235875066575919e-07}. Best is trial 675 with value: 0.2464088749198054.
[I 2024-11-05 23:31:52,034] Trial 934 finished with value: 0.24975892283180354 and parameters: {'nodeNum': 600, 'leaking_rate': 0.04952074566724763, 'tikhonov_beta': 1.6010764848193712e-07}. Best is trial 675 with value: 0.2464088749198054.
[I 2024-11-05 23:34:46,106] Trial 943 finished with value: 0.25209784354117193 and parameters: {'nodeNum': 600, 'leaking_rate': 0.062459157796409426, 'tikhonov_beta': 1.3062991280996398e-07}. Best is trial 675 with value: 0.2464088749198054.
[I 2024-11-05 23:37:40,418] Trial 953 finished with value: 0.25201158465480966 and parameters: {'nodeNum': 600, 'leaking_rate': 0.043834886309597094, 'tikhonov_beta': 2.530975969806384e-07}. Best is trial 675 with value: 0.2464088749198054.
[I 2024-11-05 23:40:34,286] Trial 963 finished with value: 0.24686938542797998 and parameters: {'nodeNum': 600, 'leaking_rate': 0.04706866919925817, 'tikhonov_beta': 1.0189225639808081e-07}. Best is trial 675 with value: 0.2464088749198054.
[I 2024-11-05 23:43:29,263] Trial 973 finished with value: 0.2484942142447432 and parameters: {'nodeNum': 600, 'leaking_rate': 0.05498025527965757, 'tikhonov_beta': 1.0029051009698083e-07}. Best is trial 675 with value: 0.2464088749198054.
[I 2024-11-05 23:46:22,036] Trial 983 finished with value: 0.24994372735820897 and parameters: {'nodeNum': 600, 'leaking_rate': 0.05357192015961333, 'tikhonov_beta': 1.5099606321805722e-07}. Best is trial 675 with value: 0.2464088749198054.
