[I 2024-11-06 00:51:51,587] Using an existing study with name 'reproduct_sample08' instead of creating a new one.
[I 2024-11-06 00:55:37,673] Trial 3 finished with value: 0.3464853698848085 and parameters: {'nodeNum_01': 500, 'leaking_rate_01': 0.00547720902742864, 'nodeNum_02': 150, 'leaking_rate_02': 0.0312281381873097, 'nodeNum_03': 150, 'leaking_rate_03': 0.08040295339983108, 'nodeNum_04': 400, 'leaking_rate_04': 0.012990943961644748, 'tikhonov_beta': 0.0025100690480580287, 'intensity': 0.11504041283375499}. Best is trial 0 with value: 0.2936676791301191.
[I 2024-11-06 01:01:22,167] Trial 23 finished with value: 0.43044056115735524 and parameters: {'nodeNum_01': 150, 'leaking_rate_01': 0.0012802795945217795, 'nodeNum_02': 350, 'leaking_rate_02': 0.002249627294860966, 'nodeNum_03': 250, 'leaking_rate_03': 0.005989065881391199, 'nodeNum_04': 600, 'leaking_rate_04': 0.019505517202306623, 'tikhonov_beta': 0.0018230848722168482, 'intensity': 1.6396598385287462}. Best is trial 4 with value: 0.24990214266131328.
[I 2024-11-06 01:06:58,819] Trial 42 finished with value: 0.23712639202804414 and parameters: {'nodeNum_01': 300, 'leaking_rate_01': 0.019105271887057823, 'nodeNum_02': 400, 'leaking_rate_02': 0.05280531626070571, 'nodeNum_03': 350, 'leaking_rate_03': 0.029753350995504572, 'nodeNum_04': 250, 'leaking_rate_04': 0.0855249363304495, 'tikhonov_beta': 1.2240779068734378e-07, 'intensity': 0.6800734162688221}. Best is trial 36 with value: 0.23640988592594397.
[I 2024-11-06 01:12:37,952] Trial 63 finished with value: 0.2657990335022144 and parameters: {'nodeNum_01': 250, 'leaking_rate_01': 0.0028694676881189174, 'nodeNum_02': 550, 'leaking_rate_02': 0.01540938713310742, 'nodeNum_03': 400, 'leaking_rate_03': 0.010716655193498665, 'nodeNum_04': 250, 'leaking_rate_04': 0.054242678672505096, 'tikhonov_beta': 1.415775714968129e-06, 'intensity': 0.33923354166955605}. Best is trial 51 with value: 0.2319129467406371.
[I 2024-11-06 01:18:12,185] Trial 82 finished with value: 0.24050425662782887 and parameters: {'nodeNum_01': 350, 'leaking_rate_01': 0.004150388498333245, 'nodeNum_02': 450, 'leaking_rate_02': 0.004298423605608095, 'nodeNum_03': 300, 'leaking_rate_03': 0.056073020482606026, 'nodeNum_04': 350, 'leaking_rate_04': 0.04490918455974071, 'tikhonov_beta': 3.4479946086983716e-07, 'intensity': 1.8352788079041142}. Best is trial 51 with value: 0.2319129467406371.
[I 2024-11-06 01:23:37,944] Trial 102 finished with value: 0.2361731457376375 and parameters: {'nodeNum_01': 400, 'leaking_rate_01': 0.011603411350400735, 'nodeNum_02': 350, 'leaking_rate_02': 0.005507473935902586, 'nodeNum_03': 250, 'leaking_rate_03': 0.03415721453392365, 'nodeNum_04': 300, 'leaking_rate_04': 0.07732241703123469, 'tikhonov_beta': 3.0986678704641005e-07, 'intensity': 1.673697660976335}. Best is trial 51 with value: 0.2319129467406371.
[I 2024-11-06 01:29:05,190] Trial 122 finished with value: 0.24245083997872074 and parameters: {'nodeNum_01': 400, 'leaking_rate_01': 0.010836996716064893, 'nodeNum_02': 300, 'leaking_rate_02': 0.003152250189777627, 'nodeNum_03': 250, 'leaking_rate_03': 0.030453620859984352, 'nodeNum_04': 400, 'leaking_rate_04': 0.0647228074030115, 'tikhonov_beta': 5.427833153860262e-07, 'intensity': 1.676248518342571}. Best is trial 110 with value: 0.2252776530975354.
[I 2024-11-06 01:34:29,987] Trial 142 finished with value: 0.22884180987214708 and parameters: {'nodeNum_01': 450, 'leaking_rate_01': 0.007169313936339146, 'nodeNum_02': 250, 'leaking_rate_02': 0.08888521434758202, 'nodeNum_03': 200, 'leaking_rate_03': 0.09614794865408847, 'nodeNum_04': 450, 'leaking_rate_04': 0.08735790966772082, 'tikhonov_beta': 1.4149514601447715e-07, 'intensity': 1.9315365246090386}. Best is trial 110 with value: 0.2252776530975354.
[I 2024-11-06 01:39:57,648] Trial 162 finished with value: 0.2405497750213607 and parameters: {'nodeNum_01': 500, 'leaking_rate_01': 0.007191279036767878, 'nodeNum_02': 250, 'leaking_rate_02': 0.07641329033233372, 'nodeNum_03': 150, 'leaking_rate_03': 0.0839015004132178, 'nodeNum_04': 500, 'leaking_rate_04': 0.05834506907462093, 'tikhonov_beta': 1.7954962420703868e-07, 'intensity': 1.4110775728553473}. Best is trial 110 with value: 0.2252776530975354.
[I 2024-11-06 01:45:28,165] Trial 182 finished with value: 0.23277431530800996 and parameters: {'nodeNum_01': 550, 'leaking_rate_01': 0.005004025277165765, 'nodeNum_02': 200, 'leaking_rate_02': 0.06295043468121234, 'nodeNum_03': 150, 'leaking_rate_03': 0.06565545029026233, 'nodeNum_04': 500, 'leaking_rate_04': 0.0564023635493609, 'tikhonov_beta': 1.976888192750825e-07, 'intensity': 1.8443316591398882}. Best is trial 110 with value: 0.2252776530975354.
[I 2024-11-06 01:50:55,226] Trial 202 finished with value: 0.2370218123239349 and parameters: {'nodeNum_01': 450, 'leaking_rate_01': 0.04454040312514321, 'nodeNum_02': 150, 'leaking_rate_02': 0.060588054503269415, 'nodeNum_03': 200, 'leaking_rate_03': 0.09199925697353362, 'nodeNum_04': 550, 'leaking_rate_04': 0.0802250849763101, 'tikhonov_beta': 1.004228927961499e-07, 'intensity': 1.9579825238225315}. Best is trial 189 with value: 0.22196394849377712.
[I 2024-11-06 01:56:31,163] Trial 222 finished with value: 0.22950319727187832 and parameters: {'nodeNum_01': 600, 'leaking_rate_01': 0.0056712688541178755, 'nodeNum_02': 150, 'leaking_rate_02': 0.04751744332442229, 'nodeNum_03': 200, 'leaking_rate_03': 0.07445042090006702, 'nodeNum_04': 550, 'leaking_rate_04': 0.0995317675194418, 'tikhonov_beta': 1.232261343014661e-07, 'intensity': 1.9200494752640183}. Best is trial 189 with value: 0.22196394849377712.
[I 2024-11-06 02:02:05,830] Trial 242 finished with value: 0.22991178607221013 and parameters: {'nodeNum_01': 450, 'leaking_rate_01': 0.007205843710177655, 'nodeNum_02': 150, 'leaking_rate_02': 0.051484476189649166, 'nodeNum_03': 200, 'leaking_rate_03': 0.08861717122477407, 'nodeNum_04': 550, 'leaking_rate_04': 0.08313682784086578, 'tikhonov_beta': 1.4743334646339974e-07, 'intensity': 1.9142849748063544}. Best is trial 223 with value: 0.2204076541705011.
[I 2024-11-06 02:07:43,292] Trial 261 finished with value: 0.23589266022323957 and parameters: {'nodeNum_01': 450, 'leaking_rate_01': 0.003314979481978786, 'nodeNum_02': 150, 'leaking_rate_02': 0.041512837486705506, 'nodeNum_03': 200, 'leaking_rate_03': 0.006870729272890014, 'nodeNum_04': 600, 'leaking_rate_04': 0.09008062545371218, 'tikhonov_beta': 2.3338590203846362e-07, 'intensity': 1.8064644162588632}. Best is trial 223 with value: 0.2204076541705011.
[I 2024-11-06 02:13:18,988] Trial 281 finished with value: 0.22646000286564627 and parameters: {'nodeNum_01': 550, 'leaking_rate_01': 0.009166802330597664, 'nodeNum_02': 200, 'leaking_rate_02': 0.03305238155607842, 'nodeNum_03': 200, 'leaking_rate_03': 0.04995318894111022, 'nodeNum_04': 600, 'leaking_rate_04': 0.0905445230850722, 'tikhonov_beta': 1.8649423040577245e-07, 'intensity': 1.8363177844115206}. Best is trial 223 with value: 0.2204076541705011.
[I 2024-11-06 02:19:00,374] Trial 301 finished with value: 0.22479473099279532 and parameters: {'nodeNum_01': 550, 'leaking_rate_01': 0.0028377252097546296, 'nodeNum_02': 200, 'leaking_rate_02': 0.035117117288730466, 'nodeNum_03': 200, 'leaking_rate_03': 0.06951143018474329, 'nodeNum_04': 600, 'leaking_rate_04': 0.09988157802521146, 'tikhonov_beta': 3.709714320811565e-07, 'intensity': 1.717817556555873}. Best is trial 223 with value: 0.2204076541705011.
[I 2024-11-06 02:24:54,113] Trial 320 finished with value: 0.22992033396510209 and parameters: {'nodeNum_01': 600, 'leaking_rate_01': 0.01037223308276369, 'nodeNum_02': 200, 'leaking_rate_02': 0.01996472151572301, 'nodeNum_03': 250, 'leaking_rate_03': 0.06666234916860529, 'nodeNum_04': 600, 'leaking_rate_04': 0.09902497014608135, 'tikhonov_beta': 2.8576358860505017e-07, 'intensity': 1.6432371044719498}. Best is trial 223 with value: 0.2204076541705011.
[I 2024-11-06 02:30:21,555] Trial 340 finished with value: 0.2300105033658378 and parameters: {'nodeNum_01': 400, 'leaking_rate_01': 0.0024701088342416358, 'nodeNum_02': 150, 'leaking_rate_02': 0.034093945482981516, 'nodeNum_03': 200, 'leaking_rate_03': 0.07901539711528839, 'nodeNum_04': 550, 'leaking_rate_04': 0.08592102750547477, 'tikhonov_beta': 1.0183639966777225e-07, 'intensity': 1.7800208439202367}. Best is trial 223 with value: 0.2204076541705011.
[I 2024-11-06 02:35:57,276] Trial 360 finished with value: 0.23289487138292392 and parameters: {'nodeNum_01': 400, 'leaking_rate_01': 0.004785722328715663, 'nodeNum_02': 150, 'leaking_rate_02': 0.05710668407897859, 'nodeNum_03': 200, 'leaking_rate_03': 0.07997616559602372, 'nodeNum_04': 550, 'leaking_rate_04': 0.08578365082153604, 'tikhonov_beta': 1.4056011796382395e-07, 'intensity': 1.95752272154266}. Best is trial 223 with value: 0.2204076541705011.
[I 2024-11-06 02:41:33,803] Trial 380 finished with value: 0.2377025167653198 and parameters: {'nodeNum_01': 450, 'leaking_rate_01': 0.008009203668999442, 'nodeNum_02': 200, 'leaking_rate_02': 0.05752466982680539, 'nodeNum_03': 200, 'leaking_rate_03': 0.0574658835880695, 'nodeNum_04': 600, 'leaking_rate_04': 0.026245912683381604, 'tikhonov_beta': 1.6466312829360559e-07, 'intensity': 1.9986968002914114}. Best is trial 223 with value: 0.2204076541705011.
[I 2024-11-06 02:47:18,398] Trial 400 finished with value: 0.2231626601970578 and parameters: {'nodeNum_01': 450, 'leaking_rate_01': 0.015014269619307723, 'nodeNum_02': 200, 'leaking_rate_02': 0.06278631779536224, 'nodeNum_03': 200, 'leaking_rate_03': 0.04622698540885896, 'nodeNum_04': 600, 'leaking_rate_04': 0.0913102654126098, 'tikhonov_beta': 2.307874180288674e-07, 'intensity': 1.894934269030203}. Best is trial 223 with value: 0.2204076541705011.
[I 2024-11-06 02:53:02,083] Trial 421 finished with value: 0.22747050584961276 and parameters: {'nodeNum_01': 550, 'leaking_rate_01': 0.006666912457685582, 'nodeNum_02': 200, 'leaking_rate_02': 0.07170589298914233, 'nodeNum_03': 150, 'leaking_rate_03': 0.09218488740326625, 'nodeNum_04': 600, 'leaking_rate_04': 0.09317103157451749, 'tikhonov_beta': 5.14762280155416e-07, 'intensity': 1.8883999099037347}. Best is trial 223 with value: 0.2204076541705011.
[I 2024-11-06 02:58:49,548] Trial 441 finished with value: 0.22823862709169965 and parameters: {'nodeNum_01': 550, 'leaking_rate_01': 0.013977658870623487, 'nodeNum_02': 400, 'leaking_rate_02': 0.08355364447126327, 'nodeNum_03': 150, 'leaking_rate_03': 0.07357306523859913, 'nodeNum_04': 600, 'leaking_rate_04': 0.08028447389713161, 'tikhonov_beta': 3.580963571478113e-07, 'intensity': 1.9343191308633954}. Best is trial 223 with value: 0.2204076541705011.
[I 2024-11-06 03:04:26,127] Trial 461 finished with value: 0.21992342296321704 and parameters: {'nodeNum_01': 450, 'leaking_rate_01': 0.008951874780040904, 'nodeNum_02': 250, 'leaking_rate_02': 0.023200466245208252, 'nodeNum_03': 200, 'leaking_rate_03': 0.07510494096645953, 'nodeNum_04': 600, 'leaking_rate_04': 0.09975409845279604, 'tikhonov_beta': 1.9254368992471068e-07, 'intensity': 1.841750105883457}. Best is trial 461 with value: 0.21992342296321704.
[I 2024-11-06 03:10:05,284] Trial 481 finished with value: 0.22675532935929557 and parameters: {'nodeNum_01': 450, 'leaking_rate_01': 0.011283204135392057, 'nodeNum_02': 250, 'leaking_rate_02': 0.06012242908313691, 'nodeNum_03': 200, 'leaking_rate_03': 0.07990251482859993, 'nodeNum_04': 600, 'leaking_rate_04': 0.08600187528687378, 'tikhonov_beta': 1.7772273938843784e-07, 'intensity': 1.7859341205235586}. Best is trial 461 with value: 0.21992342296321704.
[I 2024-11-06 03:15:47,399] Trial 501 finished with value: 0.2270439552362588 and parameters: {'nodeNum_01': 450, 'leaking_rate_01': 0.009989686267410569, 'nodeNum_02': 250, 'leaking_rate_02': 0.04506613849344663, 'nodeNum_03': 550, 'leaking_rate_03': 0.06805225709403884, 'nodeNum_04': 600, 'leaking_rate_04': 0.08601061285372266, 'tikhonov_beta': 1.2900944868653735e-07, 'intensity': 1.8221307169006302}. Best is trial 461 with value: 0.21992342296321704.
[I 2024-11-06 03:21:19,671] Trial 521 finished with value: 0.22492339586097543 and parameters: {'nodeNum_01': 450, 'leaking_rate_01': 0.008495022390995742, 'nodeNum_02': 250, 'leaking_rate_02': 0.055257123548108036, 'nodeNum_03': 200, 'leaking_rate_03': 0.07341500045882882, 'nodeNum_04': 600, 'leaking_rate_04': 0.09946736895464445, 'tikhonov_beta': 2.5227869393059164e-07, 'intensity': 1.7094369992105933}. Best is trial 461 with value: 0.21992342296321704.
[I 2024-11-06 03:26:51,898] Trial 540 finished with value: 0.2309299082905573 and parameters: {'nodeNum_01': 450, 'leaking_rate_01': 0.008307833904942948, 'nodeNum_02': 300, 'leaking_rate_02': 0.06654784580892772, 'nodeNum_03': 200, 'leaking_rate_03': 0.07538512684348198, 'nodeNum_04': 550, 'leaking_rate_04': 0.0993753056758938, 'tikhonov_beta': 2.2513677402873214e-07, 'intensity': 1.8576313311031931}. Best is trial 461 with value: 0.21992342296321704.
[I 2024-11-06 03:32:24,775] Trial 560 finished with value: 0.2365440484093577 and parameters: {'nodeNum_01': 450, 'leaking_rate_01': 0.0075970244809438325, 'nodeNum_02': 200, 'leaking_rate_02': 0.06114635954584986, 'nodeNum_03': 250, 'leaking_rate_03': 0.08548163708170067, 'nodeNum_04': 600, 'leaking_rate_04': 0.0016155279903686162, 'tikhonov_beta': 1.6540640057086327e-07, 'intensity': 1.8919739494064838}. Best is trial 461 with value: 0.21992342296321704.
[I 2024-11-06 03:37:56,586] Trial 580 finished with value: 0.22611272559076662 and parameters: {'nodeNum_01': 500, 'leaking_rate_01': 0.009209511850895956, 'nodeNum_02': 200, 'leaking_rate_02': 0.07412294603248415, 'nodeNum_03': 200, 'leaking_rate_03': 0.06339948712016409, 'nodeNum_04': 600, 'leaking_rate_04': 0.08194757274955176, 'tikhonov_beta': 1.2654720432907164e-07, 'intensity': 1.8230764599453795}. Best is trial 461 with value: 0.21992342296321704.
[I 2024-11-06 03:43:34,128] Trial 599 finished with value: 0.22208768277997631 and parameters: {'nodeNum_01': 400, 'leaking_rate_01': 0.00894494996223596, 'nodeNum_02': 200, 'leaking_rate_02': 0.050025977678345136, 'nodeNum_03': 600, 'leaking_rate_03': 0.06882615325919396, 'nodeNum_04': 500, 'leaking_rate_04': 0.08890637987232541, 'tikhonov_beta': 1.0808836608585413e-07, 'intensity': 1.951541404908363}. Best is trial 461 with value: 0.21992342296321704.
[I 2024-11-06 03:49:17,101] Trial 619 finished with value: 0.22092907353816302 and parameters: {'nodeNum_01': 350, 'leaking_rate_01': 0.010571085246231415, 'nodeNum_02': 200, 'leaking_rate_02': 0.04311787174037849, 'nodeNum_03': 600, 'leaking_rate_03': 0.048226125042990044, 'nodeNum_04': 500, 'leaking_rate_04': 0.0901235058905895, 'tikhonov_beta': 1.0866852415958148e-07, 'intensity': 1.9989329188675256}. Best is trial 461 with value: 0.21992342296321704.
[I 2024-11-06 03:54:56,981] Trial 639 finished with value: 0.22440538333041035 and parameters: {'nodeNum_01': 350, 'leaking_rate_01': 0.01102807802845056, 'nodeNum_02': 200, 'leaking_rate_02': 0.04078238603013875, 'nodeNum_03': 600, 'leaking_rate_03': 0.04902276012283212, 'nodeNum_04': 500, 'leaking_rate_04': 0.07636268315329556, 'tikhonov_beta': 1.038669847783433e-07, 'intensity': 1.9912436530121556}. Best is trial 634 with value: 0.21926077150984172.
[I 2024-11-06 04:00:34,345] Trial 659 finished with value: 0.22652660037537972 and parameters: {'nodeNum_01': 350, 'leaking_rate_01': 0.009891710837972177, 'nodeNum_02': 200, 'leaking_rate_02': 0.03755344505171405, 'nodeNum_03': 600, 'leaking_rate_03': 0.04230389832031973, 'nodeNum_04': 500, 'leaking_rate_04': 0.07618162646157524, 'tikhonov_beta': 1.011387807005514e-07, 'intensity': 1.9974881314663677}. Best is trial 634 with value: 0.21926077150984172.
[I 2024-11-06 04:06:34,759] Trial 679 finished with value: 0.2223160707344062 and parameters: {'nodeNum_01': 400, 'leaking_rate_01': 0.00978636468052287, 'nodeNum_02': 200, 'leaking_rate_02': 0.04540660996810584, 'nodeNum_03': 600, 'leaking_rate_03': 0.05392330794768531, 'nodeNum_04': 500, 'leaking_rate_04': 0.0850993587087883, 'tikhonov_beta': 1.411738093665629e-07, 'intensity': 1.9331932978358661}. Best is trial 634 with value: 0.21926077150984172.
[I 2024-11-06 04:12:17,574] Trial 700 finished with value: 0.2264638383960865 and parameters: {'nodeNum_01': 300, 'leaking_rate_01': 0.01098540613733124, 'nodeNum_02': 200, 'leaking_rate_02': 0.04144636879632656, 'nodeNum_03': 600, 'leaking_rate_03': 0.05340934632394042, 'nodeNum_04': 500, 'leaking_rate_04': 0.0677035109122132, 'tikhonov_beta': 1.5972149668384994e-07, 'intensity': 1.9511160526805131}. Best is trial 634 with value: 0.21926077150984172.
[I 2024-11-06 04:17:57,542] Trial 720 finished with value: 0.22718715319183788 and parameters: {'nodeNum_01': 300, 'leaking_rate_01': 0.012889688914805677, 'nodeNum_02': 200, 'leaking_rate_02': 0.030791920367257822, 'nodeNum_03': 600, 'leaking_rate_03': 0.0480593076205766, 'nodeNum_04': 500, 'leaking_rate_04': 0.06922632809614827, 'tikhonov_beta': 1.2452633183358198e-07, 'intensity': 1.9580854219476578}. Best is trial 634 with value: 0.21926077150984172.
[I 2024-11-06 04:23:35,304] Trial 740 finished with value: 0.22008083604363635 and parameters: {'nodeNum_01': 400, 'leaking_rate_01': 0.012273336202628861, 'nodeNum_02': 200, 'leaking_rate_02': 0.033320925573868405, 'nodeNum_03': 600, 'leaking_rate_03': 0.058353603686284866, 'nodeNum_04': 500, 'leaking_rate_04': 0.09196971253303368, 'tikhonov_beta': 1.0398544313605576e-07, 'intensity': 1.9111404976596302}. Best is trial 634 with value: 0.21926077150984172.
[I 2024-11-06 04:29:13,049] Trial 761 finished with value: 0.2226148664340793 and parameters: {'nodeNum_01': 250, 'leaking_rate_01': 0.011182780105548481, 'nodeNum_02': 200, 'leaking_rate_02': 0.025500207284018014, 'nodeNum_03': 600, 'leaking_rate_03': 0.0597617498913712, 'nodeNum_04': 500, 'leaking_rate_04': 0.07525016910382831, 'tikhonov_beta': 1.0494732947296084e-07, 'intensity': 1.894563288844447}. Best is trial 634 with value: 0.21926077150984172.
[I 2024-11-06 04:34:51,634] Trial 781 finished with value: 0.23615027441538786 and parameters: {'nodeNum_01': 250, 'leaking_rate_01': 0.011577786298980585, 'nodeNum_02': 200, 'leaking_rate_02': 0.03028683394243571, 'nodeNum_03': 600, 'leaking_rate_03': 0.05809690697144528, 'nodeNum_04': 500, 'leaking_rate_04': 0.07343402214457226, 'tikhonov_beta': 2.258614986591646e-06, 'intensity': 1.9993613439253268}. Best is trial 634 with value: 0.21926077150984172.
[I 2024-11-06 04:40:33,165] Trial 800 finished with value: 0.2289392024876233 and parameters: {'nodeNum_01': 200, 'leaking_rate_01': 0.012386952310785945, 'nodeNum_02': 200, 'leaking_rate_02': 0.03756112152083304, 'nodeNum_03': 600, 'leaking_rate_03': 0.048802903959555534, 'nodeNum_04': 450, 'leaking_rate_04': 0.06334841084227717, 'tikhonov_beta': 1.9396558473767539e-07, 'intensity': 1.9978844859093068}. Best is trial 634 with value: 0.21926077150984172.
[I 2024-11-06 04:46:10,000] Trial 820 finished with value: 0.2335825766657137 and parameters: {'nodeNum_01': 150, 'leaking_rate_01': 0.013621406829975183, 'nodeNum_02': 150, 'leaking_rate_02': 0.03446912191179993, 'nodeNum_03': 550, 'leaking_rate_03': 0.028995337787597174, 'nodeNum_04': 450, 'leaking_rate_04': 0.09228001907728153, 'tikhonov_beta': 2.245500364047758e-07, 'intensity': 1.9681590510499103}. Best is trial 634 with value: 0.21926077150984172.
[I 2024-11-06 04:51:38,520] Trial 841 finished with value: 0.22960058955483864 and parameters: {'nodeNum_01': 250, 'leaking_rate_01': 0.010899293721835785, 'nodeNum_02': 200, 'leaking_rate_02': 0.02684643812544225, 'nodeNum_03': 400, 'leaking_rate_03': 0.04568269621056313, 'nodeNum_04': 500, 'leaking_rate_04': 0.08312768274902801, 'tikhonov_beta': 2.87485265066555e-07, 'intensity': 1.928481941112254}. Best is trial 634 with value: 0.21926077150984172.
[I 2024-11-06 04:57:14,608] Trial 859 finished with value: 0.24369566091739978 and parameters: {'nodeNum_01': 200, 'leaking_rate_01': 0.012272102649645516, 'nodeNum_02': 200, 'leaking_rate_02': 0.03155368904630926, 'nodeNum_03': 600, 'leaking_rate_03': 0.054159011195458705, 'nodeNum_04': 500, 'leaking_rate_04': 0.004794761519488319, 'tikhonov_beta': 1.3294674194540226e-07, 'intensity': 1.9205723139863704}. Best is trial 634 with value: 0.21926077150984172.
[I 2024-11-06 05:02:52,745] Trial 880 finished with value: 0.24078561279219843 and parameters: {'nodeNum_01': 200, 'leaking_rate_01': 0.012796877148897299, 'nodeNum_02': 200, 'leaking_rate_02': 0.006811094025078609, 'nodeNum_03': 600, 'leaking_rate_03': 0.05424779133275789, 'nodeNum_04': 500, 'leaking_rate_04': 0.03405381976569419, 'tikhonov_beta': 1.676139312379923e-07, 'intensity': 1.871532155598675}. Best is trial 634 with value: 0.21926077150984172.
[I 2024-11-06 05:08:29,995] Trial 900 finished with value: 0.2331965248075655 and parameters: {'nodeNum_01': 200, 'leaking_rate_01': 0.015478656908126042, 'nodeNum_02': 450, 'leaking_rate_02': 0.040099608686119725, 'nodeNum_03': 600, 'leaking_rate_03': 0.06416050926230103, 'nodeNum_04': 150, 'leaking_rate_04': 0.07334096470215452, 'tikhonov_beta': 1.2986130637655797e-06, 'intensity': 1.9633702533129016}. Best is trial 883 with value: 0.21901890427195222.
[I 2024-11-06 05:14:09,453] Trial 920 finished with value: 0.22225197517453188 and parameters: {'nodeNum_01': 200, 'leaking_rate_01': 0.014238912875267075, 'nodeNum_02': 200, 'leaking_rate_02': 0.035576176101723, 'nodeNum_03': 600, 'leaking_rate_03': 0.06315868451188617, 'nodeNum_04': 500, 'leaking_rate_04': 0.09995986214140513, 'tikhonov_beta': 2.3561447577470233e-07, 'intensity': 1.9648132504784408}. Best is trial 883 with value: 0.21901890427195222.
