[I 2024-11-06 09:51:19,747] Trial 1901 finished with value: 0.22154907093779458 and parameters: {'nodeNum_01': 200, 'leaking_rate_01': 0.009348894912128638, 'nodeNum_02': 200, 'leaking_rate_02': 0.08306229491234463, 'nodeNum_03': 600, 'leaking_rate_03': 0.04493910497907819, 'nodeNum_04': 500, 'leaking_rate_04': 0.09986426576957687, 'tikhonov_beta': 1.0057273855785264e-07, 'intensity': 1.8884950168835273}. Best is trial 1222 with value: 0.21825744342878123.
[I 2024-11-06 09:56:54,238] Trial 1922 finished with value: 0.22969839001357192 and parameters: {'nodeNum_01': 200, 'leaking_rate_01': 0.014988287006727191, 'nodeNum_02': 200, 'leaking_rate_02': 0.04148599552323229, 'nodeNum_03': 600, 'leaking_rate_03': 0.03953206802699655, 'nodeNum_04': 500, 'leaking_rate_04': 0.08516676443816654, 'tikhonov_beta': 2.102455485102807e-07, 'intensity': 1.8961268344542825}. Best is trial 1222 with value: 0.21825744342878123.
[I 2024-11-06 10:02:30,851] Trial 1942 finished with value: 0.2331200984689374 and parameters: {'nodeNum_01': 200, 'leaking_rate_01': 0.010971645119907567, 'nodeNum_02': 200, 'leaking_rate_02': 0.056612485042324585, 'nodeNum_03': 600, 'leaking_rate_03': 0.061735750454755725, 'nodeNum_04': 500, 'leaking_rate_04': 0.0025097361880908587, 'tikhonov_beta': 1.0050904695169138e-07, 'intensity': 1.9639840024351727}. Best is trial 1222 with value: 0.21825744342878123.
[I 2024-11-06 10:07:57,875] Trial 1961 finished with value: 0.2307543770096206 and parameters: {'nodeNum_01': 200, 'leaking_rate_01': 0.010980147223367806, 'nodeNum_02': 200, 'leaking_rate_02': 0.04283405731672891, 'nodeNum_03': 600, 'leaking_rate_03': 0.01642374057941748, 'nodeNum_04': 550, 'leaking_rate_04': 0.09202086145749426, 'tikhonov_beta': 1.3953840261393604e-07, 'intensity': 1.9201336059082235}. Best is trial 1222 with value: 0.21825744342878123.
[I 2024-11-06 10:11:23,946] Trial 1978 finished with value: 0.22654983939128095 and parameters: {'nodeNum_01': 200, 'leaking_rate_01': 0.007431842434908505, 'nodeNum_02': 200, 'leaking_rate_02': 0.032639777241719896, 'nodeNum_03': 550, 'leaking_rate_03': 0.0510086330425272, 'nodeNum_04': 500, 'leaking_rate_04': 0.07649684730718795, 'tikhonov_beta': 1.6927898994535127e-07, 'intensity': 1.9193823969575758}. Best is trial 1222 with value: 0.21825744342878123.
[I 2024-11-06 10:13:58,225] Trial 1987 finished with value: 0.22289413184627607 and parameters: {'nodeNum_01': 200, 'leaking_rate_01': 0.01496427468137105, 'nodeNum_02': 200, 'leaking_rate_02': 0.050439593020299336, 'nodeNum_03': 600, 'leaking_rate_03': 0.0560676476222893, 'nodeNum_04': 500, 'leaking_rate_04': 0.0786124480690131, 'tikhonov_beta': 1.7793721388424283e-07, 'intensity': 1.9178836347914623}. Best is trial 1222 with value: 0.21825744342878123.
