[I 2024-11-06 09:38:24,144] Trial 1855 finished with value: 0.23150111787230238 and parameters: {'nodeNum_01': 200, 'leaking_rate_01': 0.01557355963764764, 'nodeNum_02': 200, 'leaking_rate_02': 0.06316421744519182, 'nodeNum_03': 600, 'leaking_rate_03': 0.008172579564333277, 'nodeNum_04': 500, 'leaking_rate_04': 0.09104653146813711, 'tikhonov_beta': 1.8067549989105487e-07, 'intensity': 1.939677942549663}. Best is trial 1222 with value: 0.21825744342878123.
[I 2024-11-06 09:43:54,839] Trial 1875 finished with value: 0.2218657316846031 and parameters: {'nodeNum_01': 200, 'leaking_rate_01': 0.012269298590166037, 'nodeNum_02': 150, 'leaking_rate_02': 0.03575577693423247, 'nodeNum_03': 600, 'leaking_rate_03': 0.051168456286680444, 'nodeNum_04': 500, 'leaking_rate_04': 0.09190481670527237, 'tikhonov_beta': 1.6051736320281275e-07, 'intensity': 1.9492205487995247}. Best is trial 1222 with value: 0.21825744342878123.
[I 2024-11-06 09:49:26,723] Trial 1895 finished with value: 0.22532353631684682 and parameters: {'nodeNum_01': 200, 'leaking_rate_01': 0.009663947911668058, 'nodeNum_02': 200, 'leaking_rate_02': 0.03539816672985462, 'nodeNum_03': 600, 'leaking_rate_03': 0.04691030075211313, 'nodeNum_04': 500, 'leaking_rate_04': 0.07159771182157021, 'tikhonov_beta': 1.2922173000432296e-07, 'intensity': 1.8913224834045332}. Best is trial 1222 with value: 0.21825744342878123.
[I 2024-11-06 09:54:59,481] Trial 1915 finished with value: 0.22643850641017174 and parameters: {'nodeNum_01': 200, 'leaking_rate_01': 0.013214392882762173, 'nodeNum_02': 200, 'leaking_rate_02': 0.04251528006891452, 'nodeNum_03': 600, 'leaking_rate_03': 0.04366719290138195, 'nodeNum_04': 500, 'leaking_rate_04': 0.08489822121452101, 'tikhonov_beta': 2.3504113110120277e-07, 'intensity': 1.8868998206427265}. Best is trial 1222 with value: 0.21825744342878123.
[I 2024-11-06 10:00:31,537] Trial 1934 finished with value: 0.22428044356736396 and parameters: {'nodeNum_01': 200, 'leaking_rate_01': 0.015072882276837512, 'nodeNum_02': 200, 'leaking_rate_02': 0.01648658948538042, 'nodeNum_03': 600, 'leaking_rate_03': 0.053814805733355515, 'nodeNum_04': 500, 'leaking_rate_04': 0.08586065425856593, 'tikhonov_beta': 2.3628502803428755e-07, 'intensity': 1.9538074920593074}. Best is trial 1222 with value: 0.21825744342878123.
[I 2024-11-06 10:06:04,046] Trial 1954 finished with value: 0.222671638154959 and parameters: {'nodeNum_01': 250, 'leaking_rate_01': 0.01099087472674234, 'nodeNum_02': 200, 'leaking_rate_02': 0.03829813231079509, 'nodeNum_03': 600, 'leaking_rate_03': 0.06227842628770679, 'nodeNum_04': 500, 'leaking_rate_04': 0.09194590898509104, 'tikhonov_beta': 1.3765640141922598e-07, 'intensity': 1.832388831236914}. Best is trial 1222 with value: 0.21825744342878123.
