[I 2024-11-05 19:04:28,260] Using an existing study with name 'reproduct_sample07' instead of creating a new one.
[I 2024-11-05 19:07:10,392] Trial 7 finished with value: 0.2525162647415277 and parameters: {'nodeNum': 450, 'leaking_rate': 0.039144323984725206, 'tikhonov_beta': 2.2397776222061013e-07}. Best is trial 7 with value: 0.2525162647415277.
[I 2024-11-05 19:09:59,018] Trial 17 finished with value: 0.4185762392499985 and parameters: {'nodeNum': 550, 'leaking_rate': 0.039795464939402024, 'tikhonov_beta': 0.0038511591527598523}. Best is trial 7 with value: 0.2525162647415277.
[I 2024-11-05 19:12:50,632] Trial 27 finished with value: 0.35206660624488395 and parameters: {'nodeNum': 600, 'leaking_rate': 0.007294901119802863, 'tikhonov_beta': 1.6822557653955844e-07}. Best is trial 24 with value: 0.24988796960057452.
[I 2024-11-05 19:15:39,281] Trial 36 finished with value: 0.2765272504818661 and parameters: {'nodeNum': 550, 'leaking_rate': 0.0262051122240923, 'tikhonov_beta': 7.621646585570577e-07}. Best is trial 24 with value: 0.24988796960057452.
[I 2024-11-05 19:18:27,377] Trial 46 finished with value: 0.26679678760298514 and parameters: {'nodeNum': 550, 'leaking_rate': 0.054796175970727605, 'tikhonov_beta': 3.1111149289132918e-06}. Best is trial 24 with value: 0.24988796960057452.
[I 2024-11-05 19:21:07,767] Trial 56 finished with value: 0.27965268711509766 and parameters: {'nodeNum': 400, 'leaking_rate': 0.017662901898034867, 'tikhonov_beta': 3.6683055236608097e-07}. Best is trial 24 with value: 0.24988796960057452.
[I 2024-11-05 19:23:49,940] Trial 66 finished with value: 0.29958204058579924 and parameters: {'nodeNum': 450, 'leaking_rate': 0.07146909242076607, 'tikhonov_beta': 7.235936320067505e-06}. Best is trial 24 with value: 0.24988796960057452.
[I 2024-11-05 19:26:35,128] Trial 76 finished with value: 0.258084338307487 and parameters: {'nodeNum': 500, 'leaking_rate': 0.04221912661997386, 'tikhonov_beta': 1.6446026513203482e-06}. Best is trial 24 with value: 0.24988796960057452.
[I 2024-11-05 19:29:11,665] Trial 85 finished with value: 0.4634009843919376 and parameters: {'nodeNum': 350, 'leaking_rate': 0.039148043602054705, 'tikhonov_beta': 0.021987200118663407}. Best is trial 24 with value: 0.24988796960057452.
[I 2024-11-05 19:31:45,963] Trial 95 finished with value: 0.2688601863240778 and parameters: {'nodeNum': 300, 'leaking_rate': 0.022776360409284227, 'tikhonov_beta': 1.0423168730984291e-07}. Best is trial 24 with value: 0.24988796960057452.
[I 2024-11-05 19:34:17,800] Trial 105 finished with value: 0.2510839539763104 and parameters: {'nodeNum': 250, 'leaking_rate': 0.06105298799143592, 'tikhonov_beta': 1.4305751201607884e-07}. Best is trial 24 with value: 0.24988796960057452.
[I 2024-11-05 19:36:49,414] Trial 113 finished with value: 0.29235233609063 and parameters: {'nodeNum': 250, 'leaking_rate': 0.08547336667436513, 'tikhonov_beta': 2.08210212384543e-07}. Best is trial 103 with value: 0.24869007928034603.
[I 2024-11-05 19:39:19,992] Trial 123 finished with value: 0.25399594909487705 and parameters: {'nodeNum': 200, 'leaking_rate': 0.04642866366810742, 'tikhonov_beta': 1.4708592565568489e-07}. Best is trial 103 with value: 0.24869007928034603.
[I 2024-11-05 19:41:54,220] Trial 133 finished with value: 0.2507151304823818 and parameters: {'nodeNum': 300, 'leaking_rate': 0.05770321164422659, 'tikhonov_beta': 1.0091815842374652e-07}. Best is trial 103 with value: 0.24869007928034603.
[I 2024-11-05 19:44:28,304] Trial 142 finished with value: 0.4061587706906224 and parameters: {'nodeNum': 300, 'leaking_rate': 0.004037470954089027, 'tikhonov_beta': 1.0535791717720913e-07}. Best is trial 103 with value: 0.24869007928034603.
[I 2024-11-05 19:47:02,425] Trial 152 finished with value: 0.2682229384746708 and parameters: {'nodeNum': 300, 'leaking_rate': 0.07617461107762827, 'tikhonov_beta': 2.68717718962361e-07}. Best is trial 103 with value: 0.24869007928034603.
[I 2024-11-05 19:49:35,146] Trial 162 finished with value: 0.25297920114640143 and parameters: {'nodeNum': 250, 'leaking_rate': 0.05406076354678475, 'tikhonov_beta': 1.7334674081749432e-07}. Best is trial 103 with value: 0.24869007928034603.
[I 2024-11-05 19:52:26,907] Trial 172 finished with value: 0.2527108957354448 and parameters: {'nodeNum': 600, 'leaking_rate': 0.06245074063073632, 'tikhonov_beta': 1.7376748288793408e-07}. Best is trial 103 with value: 0.24869007928034603.
[I 2024-11-05 19:55:01,639] Trial 182 finished with value: 0.25263271547357335 and parameters: {'nodeNum': 300, 'leaking_rate': 0.0685107314213824, 'tikhonov_beta': 1.2977956221743713e-07}. Best is trial 103 with value: 0.24869007928034603.
[I 2024-11-05 19:57:35,812] Trial 192 finished with value: 0.2511430326865525 and parameters: {'nodeNum': 300, 'leaking_rate': 0.05743452560822192, 'tikhonov_beta': 1.2702701355253805e-07}. Best is trial 103 with value: 0.24869007928034603.
[I 2024-11-05 20:00:12,424] Trial 202 finished with value: 0.2530962661810103 and parameters: {'nodeNum': 350, 'leaking_rate': 0.050333553064459774, 'tikhonov_beta': 1.0303684100226253e-07}. Best is trial 103 with value: 0.24869007928034603.
[I 2024-11-05 20:02:46,836] Trial 212 finished with value: 0.2535917196739759 and parameters: {'nodeNum': 300, 'leaking_rate': 0.04360021575556654, 'tikhonov_beta': 1.0543089948513401e-07}. Best is trial 103 with value: 0.24869007928034603.
[I 2024-11-05 20:05:20,509] Trial 222 finished with value: 0.2514384214126653 and parameters: {'nodeNum': 300, 'leaking_rate': 0.05661908311338295, 'tikhonov_beta': 1.4701409359858602e-07}. Best is trial 103 with value: 0.24869007928034603.
[I 2024-11-05 20:07:56,712] Trial 232 finished with value: 0.25151227580145247 and parameters: {'nodeNum': 300, 'leaking_rate': 0.05792079620881031, 'tikhonov_beta': 2.2692946902466156e-07}. Best is trial 103 with value: 0.24869007928034603.
[I 2024-11-05 20:10:31,576] Trial 242 finished with value: 0.257216880601308 and parameters: {'nodeNum': 300, 'leaking_rate': 0.07132937666994668, 'tikhonov_beta': 2.04632212061304e-07}. Best is trial 103 with value: 0.24869007928034603.
[I 2024-11-05 20:13:06,088] Trial 252 finished with value: 0.2507468451221527 and parameters: {'nodeNum': 300, 'leaking_rate': 0.06396768991989735, 'tikhonov_beta': 1.3011723700266393e-07}. Best is trial 103 with value: 0.24869007928034603.
[I 2024-11-05 20:15:40,625] Trial 262 finished with value: 0.2675560853830013 and parameters: {'nodeNum': 300, 'leaking_rate': 0.08057868028060185, 'tikhonov_beta': 1.0291425099942461e-07}. Best is trial 103 with value: 0.24869007928034603.
[I 2024-11-05 20:18:17,595] Trial 272 finished with value: 0.2654926215181253 and parameters: {'nodeNum': 350, 'leaking_rate': 0.07886565535304792, 'tikhonov_beta': 1.0353386762952052e-07}. Best is trial 103 with value: 0.24869007928034603.
[I 2024-11-05 20:21:10,094] Trial 282 finished with value: 0.25262875616063346 and parameters: {'nodeNum': 600, 'leaking_rate': 0.06260638832688653, 'tikhonov_beta': 1.6229344444578426e-07}. Best is trial 103 with value: 0.24869007928034603.
[I 2024-11-05 20:23:59,136] Trial 292 finished with value: 0.2700809694878528 and parameters: {'nodeNum': 550, 'leaking_rate': 0.052053230292546826, 'tikhonov_beta': 5.784478109141414e-06}. Best is trial 291 with value: 0.24742568557248684.
[I 2024-11-05 20:26:51,692] Trial 302 finished with value: 0.25306949555774644 and parameters: {'nodeNum': 600, 'leaking_rate': 0.0485797539734884, 'tikhonov_beta': 3.090652113092362e-07}. Best is trial 296 with value: 0.24688148897678122.
[I 2024-11-05 20:29:44,446] Trial 312 finished with value: 0.2511983102117668 and parameters: {'nodeNum': 600, 'leaking_rate': 0.03692513745759461, 'tikhonov_beta': 1.7735496891962262e-07}. Best is trial 296 with value: 0.24688148897678122.
[I 2024-11-05 20:32:38,108] Trial 321 finished with value: 0.2503399333883428 and parameters: {'nodeNum': 600, 'leaking_rate': 0.041754410689315735, 'tikhonov_beta': 1.8623089024994864e-07}. Best is trial 296 with value: 0.24688148897678122.
[I 2024-11-05 20:35:30,519] Trial 331 finished with value: 0.25172303706412785 and parameters: {'nodeNum': 600, 'leaking_rate': 0.04046291968877011, 'tikhonov_beta': 2.2652298494963552e-07}. Best is trial 296 with value: 0.24688148897678122.
[I 2024-11-05 20:38:22,993] Trial 341 finished with value: 0.26064346104502256 and parameters: {'nodeNum': 600, 'leaking_rate': 0.032019679906945764, 'tikhonov_beta': 3.8098573931081363e-07}. Best is trial 296 with value: 0.24688148897678122.
[I 2024-11-05 20:41:14,794] Trial 351 finished with value: 0.250052428529128 and parameters: {'nodeNum': 600, 'leaking_rate': 0.045282911430691776, 'tikhonov_beta': 1.7380904252933083e-07}. Best is trial 296 with value: 0.24688148897678122.
[I 2024-11-05 20:44:07,919] Trial 361 finished with value: 0.2525027478370969 and parameters: {'nodeNum': 600, 'leaking_rate': 0.045975826828249834, 'tikhonov_beta': 2.7882294480319295e-07}. Best is trial 296 with value: 0.24688148897678122.
[I 2024-11-05 20:46:57,194] Trial 371 finished with value: 0.2552176535904825 and parameters: {'nodeNum': 550, 'leaking_rate': 0.04759716648153975, 'tikhonov_beta': 2.490049561609994e-07}. Best is trial 296 with value: 0.24688148897678122.
[I 2024-11-05 20:49:49,376] Trial 381 finished with value: 0.2501109690489052 and parameters: {'nodeNum': 600, 'leaking_rate': 0.03748696881426967, 'tikhonov_beta': 1.5299123111107894e-07}. Best is trial 296 with value: 0.24688148897678122.
[I 2024-11-05 20:52:41,942] Trial 391 finished with value: 0.2495326900884016 and parameters: {'nodeNum': 600, 'leaking_rate': 0.037370702395502435, 'tikhonov_beta': 1.371349173202386e-07}. Best is trial 296 with value: 0.24688148897678122.
[I 2024-11-05 20:55:34,438] Trial 401 finished with value: 0.24976101488511754 and parameters: {'nodeNum': 600, 'leaking_rate': 0.036029572996471436, 'tikhonov_beta': 1.315225963980756e-07}. Best is trial 296 with value: 0.24688148897678122.
[I 2024-11-05 20:58:26,775] Trial 410 finished with value: 0.250455218443971 and parameters: {'nodeNum': 600, 'leaking_rate': 0.03373621162473883, 'tikhonov_beta': 1.2144953733756037e-07}. Best is trial 296 with value: 0.24688148897678122.
[I 2024-11-05 21:01:20,514] Trial 418 finished with value: 0.2701457075550004 and parameters: {'nodeNum': 600, 'leaking_rate': 0.022152926931246493, 'tikhonov_beta': 1.037904374060971e-07}. Best is trial 296 with value: 0.24688148897678122.
[I 2024-11-05 21:04:13,514] Trial 428 finished with value: 0.25129713268951065 and parameters: {'nodeNum': 600, 'leaking_rate': 0.0411523925501995, 'tikhonov_beta': 2.1552838974233221e-07}. Best is trial 427 with value: 0.24686256396199985.
[I 2024-11-05 21:07:07,778] Trial 438 finished with value: 0.25125221554581134 and parameters: {'nodeNum': 600, 'leaking_rate': 0.04063431513537006, 'tikhonov_beta': 2.0797517565751058e-07}. Best is trial 427 with value: 0.24686256396199985.
[I 2024-11-05 21:10:02,112] Trial 448 finished with value: 0.38631036105432026 and parameters: {'nodeNum': 600, 'leaking_rate': 0.002272940839347721, 'tikhonov_beta': 1.3331435764494147e-07}. Best is trial 427 with value: 0.24686256396199985.
[I 2024-11-05 21:12:55,384] Trial 458 finished with value: 0.2472692899112209 and parameters: {'nodeNum': 600, 'leaking_rate': 0.050124712582953194, 'tikhonov_beta': 1.011844416572273e-07}. Best is trial 427 with value: 0.24686256396199985.
[I 2024-11-05 21:15:46,002] Trial 468 finished with value: 0.25293798887925595 and parameters: {'nodeNum': 550, 'leaking_rate': 0.05108691856073419, 'tikhonov_beta': 1.0575537827883598e-07}. Best is trial 427 with value: 0.24686256396199985.
[I 2024-11-05 21:18:39,285] Trial 477 finished with value: 0.24830571818661995 and parameters: {'nodeNum': 600, 'leaking_rate': 0.05430940634695491, 'tikhonov_beta': 1.0153744170593523e-07}. Best is trial 427 with value: 0.24686256396199985.
[I 2024-11-05 21:21:32,273] Trial 487 finished with value: 0.24850949843281622 and parameters: {'nodeNum': 600, 'leaking_rate': 0.054214960508303364, 'tikhonov_beta': 1.0192839731453173e-07}. Best is trial 427 with value: 0.24686256396199985.
[I 2024-11-05 21:24:24,768] Trial 496 finished with value: 0.24932312871742737 and parameters: {'nodeNum': 600, 'leaking_rate': 0.05607642367454546, 'tikhonov_beta': 1.0381044873604231e-07}. Best is trial 427 with value: 0.24686256396199985.
[I 2024-11-05 21:27:16,845] Trial 506 finished with value: 0.24962599181708503 and parameters: {'nodeNum': 600, 'leaking_rate': 0.04847461030838251, 'tikhonov_beta': 1.550767361922044e-07}. Best is trial 427 with value: 0.24686256396199985.
[I 2024-11-05 21:30:09,999] Trial 516 finished with value: 0.24959617578307544 and parameters: {'nodeNum': 600, 'leaking_rate': 0.048603182831495804, 'tikhonov_beta': 1.5828179901351605e-07}. Best is trial 427 with value: 0.24686256396199985.
[I 2024-11-05 21:33:03,309] Trial 526 finished with value: 0.25100634140217926 and parameters: {'nodeNum': 600, 'leaking_rate': 0.05959686962263259, 'tikhonov_beta': 1.3263115198359836e-07}. Best is trial 427 with value: 0.24686256396199985.
[I 2024-11-05 21:35:52,365] Trial 536 finished with value: 0.2551377715249524 and parameters: {'nodeNum': 550, 'leaking_rate': 0.05897245974299417, 'tikhonov_beta': 1.0061319222469562e-07}. Best is trial 427 with value: 0.24686256396199985.
[I 2024-11-05 21:38:44,596] Trial 546 finished with value: 0.2506634612386103 and parameters: {'nodeNum': 600, 'leaking_rate': 0.05061186878285918, 'tikhonov_beta': 1.8755961118427857e-07}. Best is trial 540 with value: 0.24682618515815993.
[I 2024-11-05 21:41:25,135] Trial 556 finished with value: 0.25134440959398235 and parameters: {'nodeNum': 400, 'leaking_rate': 0.04403809239926112, 'tikhonov_beta': 1.8131118038465293e-07}. Best is trial 540 with value: 0.24682618515815993.
[I 2024-11-05 21:44:18,367] Trial 566 finished with value: 0.24839810415542138 and parameters: {'nodeNum': 600, 'leaking_rate': 0.04719911885885182, 'tikhonov_beta': 1.321383151890478e-07}. Best is trial 540 with value: 0.24682618515815993.
[I 2024-11-05 21:47:04,168] Trial 576 finished with value: 0.355872738501795 and parameters: {'nodeNum': 500, 'leaking_rate': 0.050357834906424384, 'tikhonov_beta': 0.0002038382679452894}. Best is trial 540 with value: 0.24682618515815993.
[I 2024-11-05 21:49:57,750] Trial 585 finished with value: 0.2472377270847694 and parameters: {'nodeNum': 600, 'leaking_rate': 0.041111795788927964, 'tikhonov_beta': 1.0070209391057554e-07}. Best is trial 540 with value: 0.24682618515815993.
[I 2024-11-05 21:52:51,584] Trial 594 finished with value: 0.24706621168654957 and parameters: {'nodeNum': 600, 'leaking_rate': 0.04163840791014091, 'tikhonov_beta': 1.0014269363786681e-07}. Best is trial 540 with value: 0.24682618515815993.
[I 2024-11-05 21:55:42,259] Trial 604 finished with value: 0.2536743842782594 and parameters: {'nodeNum': 550, 'leaking_rate': 0.03948024025615093, 'tikhonov_beta': 1.7821209777499315e-07}. Best is trial 540 with value: 0.24682618515815993.
[I 2024-11-05 21:58:34,798] Trial 614 finished with value: 0.24884243040246218 and parameters: {'nodeNum': 600, 'leaking_rate': 0.041545927848596176, 'tikhonov_beta': 1.3747717535212534e-07}. Best is trial 540 with value: 0.24682618515815993.
[I 2024-11-05 22:01:28,757] Trial 624 finished with value: 0.2506566327666712 and parameters: {'nodeNum': 600, 'leaking_rate': 0.03533265165901769, 'tikhonov_beta': 1.438518359337484e-07}. Best is trial 540 with value: 0.24682618515815993.
[I 2024-11-05 22:04:22,859] Trial 633 finished with value: 0.24673042796425432 and parameters: {'nodeNum': 600, 'leaking_rate': 0.04366816902213326, 'tikhonov_beta': 1.0019759224563868e-07}. Best is trial 633 with value: 0.24673042796425432.
[I 2024-11-05 22:07:17,282] Trial 643 finished with value: 0.2470615881186261 and parameters: {'nodeNum': 600, 'leaking_rate': 0.043037239184775006, 'tikhonov_beta': 1.0002485592003446e-07}. Best is trial 633 with value: 0.24673042796425432.
[I 2024-11-05 22:10:11,127] Trial 653 finished with value: 0.2514921096357538 and parameters: {'nodeNum': 600, 'leaking_rate': 0.03726711099859948, 'tikhonov_beta': 1.924828812911032e-07}. Best is trial 633 with value: 0.24673042796425432.
[I 2024-11-05 22:13:04,510] Trial 663 finished with value: 0.39629850288141316 and parameters: {'nodeNum': 600, 'leaking_rate': 0.0029661259814949444, 'tikhonov_beta': 1.4860471957219687e-07}. Best is trial 633 with value: 0.24673042796425432.
[I 2024-11-05 22:15:57,243] Trial 673 finished with value: 0.24667162163673265 and parameters: {'nodeNum': 600, 'leaking_rate': 0.04526509593799405, 'tikhonov_beta': 1.0072437844368498e-07}. Best is trial 673 with value: 0.24667162163673265.
[I 2024-11-05 22:18:50,315] Trial 683 finished with value: 0.2785817103276148 and parameters: {'nodeNum': 600, 'leaking_rate': 0.014746089805326762, 'tikhonov_beta': 1.0211084506496524e-07}. Best is trial 675 with value: 0.2464088749198054.
[I 2024-11-05 22:21:42,730] Trial 693 finished with value: 0.2515793742165404 and parameters: {'nodeNum': 600, 'leaking_rate': 0.03905825409726028, 'tikhonov_beta': 2.1537438807647353e-07}. Best is trial 675 with value: 0.2464088749198054.
[I 2024-11-05 22:24:35,801] Trial 703 finished with value: 0.2489793489013416 and parameters: {'nodeNum': 600, 'leaking_rate': 0.04667363895019532, 'tikhonov_beta': 1.4891803375069793e-07}. Best is trial 675 with value: 0.2464088749198054.
[I 2024-11-05 22:27:28,178] Trial 713 finished with value: 0.2540847959137426 and parameters: {'nodeNum': 600, 'leaking_rate': 0.032270630076894014, 'tikhonov_beta': 1.6385392828273415e-07}. Best is trial 675 with value: 0.2464088749198054.
[I 2024-11-05 22:30:21,194] Trial 723 finished with value: 0.24850217611921638 and parameters: {'nodeNum': 600, 'leaking_rate': 0.041021608372303016, 'tikhonov_beta': 1.3109099762236255e-07}. Best is trial 675 with value: 0.2464088749198054.
[I 2024-11-05 22:33:13,106] Trial 733 finished with value: 0.24810166174443254 and parameters: {'nodeNum': 600, 'leaking_rate': 0.036676196041249914, 'tikhonov_beta': 1.017084473907147e-07}. Best is trial 675 with value: 0.2464088749198054.
[I 2024-11-05 22:36:04,985] Trial 743 finished with value: 0.3620496403833244 and parameters: {'nodeNum': 600, 'leaking_rate': 0.006923798341898581, 'tikhonov_beta': 1.8854094418407024e-07}. Best is trial 675 with value: 0.2464088749198054.
[I 2024-11-05 22:38:57,724] Trial 753 finished with value: 0.25017411398155626 and parameters: {'nodeNum': 600, 'leaking_rate': 0.047558377796073394, 'tikhonov_beta': 1.7832008125935863e-07}. Best is trial 675 with value: 0.2464088749198054.
[I 2024-11-05 22:41:50,476] Trial 763 finished with value: 0.25000967261911444 and parameters: {'nodeNum': 600, 'leaking_rate': 0.054712206029961664, 'tikhonov_beta': 1.3212053462371888e-07}. Best is trial 675 with value: 0.2464088749198054.
[I 2024-11-05 22:44:42,647] Trial 772 finished with value: 0.24670888990611248 and parameters: {'nodeNum': 600, 'leaking_rate': 0.04265691049489882, 'tikhonov_beta': 1.0017287440762748e-07}. Best is trial 675 with value: 0.2464088749198054.
[I 2024-11-05 22:47:28,986] Trial 782 finished with value: 0.250851796687762 and parameters: {'nodeNum': 500, 'leaking_rate': 0.038804247895544985, 'tikhonov_beta': 1.3061134307848195e-07}. Best is trial 675 with value: 0.2464088749198054.
[I 2024-11-05 22:50:21,564] Trial 792 finished with value: 0.24888083398048544 and parameters: {'nodeNum': 600, 'leaking_rate': 0.03466678929480577, 'tikhonov_beta': 1.0048766187213814e-07}. Best is trial 675 with value: 0.2464088749198054.
[I 2024-11-05 22:53:14,472] Trial 802 finished with value: 0.24729272422333304 and parameters: {'nodeNum': 600, 'leaking_rate': 0.05004804819086627, 'tikhonov_beta': 1.0077183862402425e-07}. Best is trial 675 with value: 0.2464088749198054.
[I 2024-11-05 22:56:03,440] Trial 811 finished with value: 0.2526413041229482 and parameters: {'nodeNum': 550, 'leaking_rate': 0.04589932932470871, 'tikhonov_beta': 1.3160116571049608e-07}. Best is trial 675 with value: 0.2464088749198054.
[I 2024-11-05 22:58:59,333] Trial 821 finished with value: 0.2499933019327754 and parameters: {'nodeNum': 450, 'leaking_rate': 0.04114890734667027, 'tikhonov_beta': 1.3350459363050166e-07}. Best is trial 675 with value: 0.2464088749198054.
[I 2024-11-05 23:01:51,792] Trial 831 finished with value: 0.25142667468268093 and parameters: {'nodeNum': 600, 'leaking_rate': 0.056730537812714324, 'tikhonov_beta': 1.758800234192026e-07}. Best is trial 675 with value: 0.2464088749198054.
[I 2024-11-05 23:04:44,993] Trial 841 finished with value: 0.24858276818836622 and parameters: {'nodeNum': 600, 'leaking_rate': 0.05176406591425324, 'tikhonov_beta': 1.2446607535730622e-07}. Best is trial 675 with value: 0.2464088749198054.
[I 2024-11-05 23:07:37,624] Trial 851 finished with value: 0.24974886872988752 and parameters: {'nodeNum': 600, 'leaking_rate': 0.04544756751129514, 'tikhonov_beta': 1.6637179452906816e-07}. Best is trial 675 with value: 0.2464088749198054.
[I 2024-11-05 23:10:29,612] Trial 861 finished with value: 0.25269361704851173 and parameters: {'nodeNum': 600, 'leaking_rate': 0.03590549316852238, 'tikhonov_beta': 2.0995873914099987e-07}. Best is trial 675 with value: 0.2464088749198054.
[I 2024-11-05 23:13:22,408] Trial 871 finished with value: 0.24975868898680068 and parameters: {'nodeNum': 600, 'leaking_rate': 0.04950804901376373, 'tikhonov_beta': 1.6225935705730495e-07}. Best is trial 675 with value: 0.2464088749198054.
[I 2024-11-05 23:16:12,539] Trial 881 finished with value: 0.2839441367658001 and parameters: {'nodeNum': 550, 'leaking_rate': 0.01358208697029491, 'tikhonov_beta': 1.005510987422696e-07}. Best is trial 675 with value: 0.2464088749198054.
