[I 2024-11-06 10:17:55,052] Trial 1994 finished with value: 0.22348285808308221 and parameters: {'nodeNum_01': 200, 'leaking_rate_01': 0.012611466295327767, 'nodeNum_02': 250, 'leaking_rate_02': 0.06375144212891871, 'nodeNum_03': 600, 'leaking_rate_03': 0.07208679041441851, 'nodeNum_04': 500, 'leaking_rate_04': 0.09997060579693103, 'tikhonov_beta': 1.2251161968666928e-07, 'intensity': 1.8572861212811054}. Best is trial 1222 with value: 0.21825744342878123.
[I 2024-11-06 10:20:29,210] Trial 1995 finished with value: 0.22367714527445887 and parameters: {'nodeNum_01': 200, 'leaking_rate_01': 0.012413181341315126, 'nodeNum_02': 200, 'leaking_rate_02': 0.044099790746321026, 'nodeNum_03': 600, 'leaking_rate_03': 0.055888684185300845, 'nodeNum_04': 500, 'leaking_rate_04': 0.0672383907557262, 'tikhonov_beta': 1.257465814482046e-07, 'intensity': 1.9985180456865128}. Best is trial 1222 with value: 0.21825744342878123.
[I 2024-11-06 10:23:04,221] Trial 1996 finished with value: 0.22583830302467506 and parameters: {'nodeNum_01': 200, 'leaking_rate_01': 0.008549468846651066, 'nodeNum_02': 250, 'leaking_rate_02': 0.043346266248273715, 'nodeNum_03': 600, 'leaking_rate_03': 0.07144789306802873, 'nodeNum_04': 500, 'leaking_rate_04': 0.09161643535078937, 'tikhonov_beta': 3.022240229836501e-07, 'intensity': 1.857840740211703}. Best is trial 1222 with value: 0.21825744342878123.
[I 2024-11-06 10:25:37,188] Trial 1997 finished with value: 0.22097882074206218 and parameters: {'nodeNum_01': 200, 'leaking_rate_01': 0.012222272487974088, 'nodeNum_02': 200, 'leaking_rate_02': 0.04331748916491394, 'nodeNum_03': 600, 'leaking_rate_03': 0.0713177292380669, 'nodeNum_04': 500, 'leaking_rate_04': 0.0914548198790229, 'tikhonov_beta': 1.001978640201877e-07, 'intensity': 1.8660201933253036}. Best is trial 1222 with value: 0.21825744342878123.
[I 2024-11-06 10:28:10,372] Trial 1998 finished with value: 0.2199279452003908 and parameters: {'nodeNum_01': 200, 'leaking_rate_01': 0.012858041859931928, 'nodeNum_02': 200, 'leaking_rate_02': 0.06235679906391986, 'nodeNum_03': 600, 'leaking_rate_03': 0.05718578901848215, 'nodeNum_04': 500, 'leaking_rate_04': 0.09173406586614453, 'tikhonov_beta': 1.0087409269793099e-07, 'intensity': 1.8693341412421343}. Best is trial 1222 with value: 0.21825744342878123.
[I 2024-11-06 10:30:45,159] Trial 1999 finished with value: 0.22116949399451383 and parameters: {'nodeNum_01': 200, 'leaking_rate_01': 0.013676869956476078, 'nodeNum_02': 300, 'leaking_rate_02': 0.044475731020881204, 'nodeNum_03': 600, 'leaking_rate_03': 0.05789526437864805, 'nodeNum_04': 500, 'leaking_rate_04': 0.09114778336625064, 'tikhonov_beta': 1.2189520273292963e-07, 'intensity': 1.9665883649632134}. Best is trial 1222 with value: 0.21825744342878123.
