[I 2024-11-05 19:04:48,329] Using an existing study with name 'reproduct_sample07' instead of creating a new one.
[I 2024-11-05 19:07:19,485] Trial 9 finished with value: 0.2679543206548123 and parameters: {'nodeNum': 150, 'leaking_rate': 0.03598552794078983, 'tikhonov_beta': 2.0916252590361965e-06}. Best is trial 7 with value: 0.2525162647415277.
[I 2024-11-05 19:10:14,315] Trial 19 finished with value: 0.4054314775254773 and parameters: {'nodeNum': 600, 'leaking_rate': 0.003953988951806748, 'tikhonov_beta': 1.515772563788479e-07}. Best is trial 7 with value: 0.2525162647415277.
[I 2024-11-05 19:13:02,678] Trial 29 finished with value: 0.35228460778428416 and parameters: {'nodeNum': 500, 'leaking_rate': 0.008420433863783867, 'tikhonov_beta': 5.866021690757478e-07}. Best is trial 24 with value: 0.24988796960057452.
[I 2024-11-05 19:15:53,634] Trial 39 finished with value: 0.27544888288675135 and parameters: {'nodeNum': 550, 'leaking_rate': 0.02670192555638687, 'tikhonov_beta': 7.214797003307539e-07}. Best is trial 24 with value: 0.24988796960057452.
[I 2024-11-05 19:18:36,235] Trial 49 finished with value: 0.26701933532933547 and parameters: {'nodeNum': 400, 'leaking_rate': 0.05080394567120724, 'tikhonov_beta': 2.4809414881740297e-06}. Best is trial 24 with value: 0.24988796960057452.
[I 2024-11-05 19:21:24,198] Trial 59 finished with value: 0.2853393418009129 and parameters: {'nodeNum': 500, 'leaking_rate': 0.013874374248001538, 'tikhonov_beta': 3.0532919899837137e-07}. Best is trial 24 with value: 0.24988796960057452.
[I 2024-11-05 19:24:09,126] Trial 68 finished with value: 0.41144235224857 and parameters: {'nodeNum': 450, 'leaking_rate': 0.09413058391765607, 'tikhonov_beta': 4.70380703986039e-05}. Best is trial 24 with value: 0.24988796960057452.
[I 2024-11-05 19:26:56,308] Trial 78 finished with value: 0.2578278200118606 and parameters: {'nodeNum': 500, 'leaking_rate': 0.04138957123023847, 'tikhonov_beta': 1.484239658366443e-06}. Best is trial 24 with value: 0.24988796960057452.
[I 2024-11-05 19:29:35,165] Trial 88 finished with value: 0.2620618252709571 and parameters: {'nodeNum': 350, 'leaking_rate': 0.036345087036868264, 'tikhonov_beta': 5.593684616276633e-07}. Best is trial 24 with value: 0.24988796960057452.
[I 2024-11-05 19:32:12,121] Trial 98 finished with value: 0.251021335880445 and parameters: {'nodeNum': 300, 'leaking_rate': 0.06285148840194346, 'tikhonov_beta': 1.715701929251065e-07}. Best is trial 24 with value: 0.24988796960057452.
[I 2024-11-05 19:34:48,085] Trial 107 finished with value: 0.27685129766046185 and parameters: {'nodeNum': 250, 'leaking_rate': 0.08265956319601891, 'tikhonov_beta': 1.3179291795188635e-07}. Best is trial 103 with value: 0.24869007928034603.
[I 2024-11-05 19:37:21,953] Trial 116 finished with value: 0.25368440348844995 and parameters: {'nodeNum': 250, 'leaking_rate': 0.04720028555536254, 'tikhonov_beta': 2.0682561234373131e-07}. Best is trial 103 with value: 0.24869007928034603.
[I 2024-11-05 19:39:54,406] Trial 126 finished with value: 0.2548789442736848 and parameters: {'nodeNum': 200, 'leaking_rate': 0.05698128786327372, 'tikhonov_beta': 1.450072094582263e-07}. Best is trial 103 with value: 0.24869007928034603.
[I 2024-11-05 19:42:31,815] Trial 136 finished with value: 0.2516790178466322 and parameters: {'nodeNum': 300, 'leaking_rate': 0.05364917404160256, 'tikhonov_beta': 1.0109492030441311e-07}. Best is trial 103 with value: 0.24869007928034603.
[I 2024-11-05 19:45:08,867] Trial 145 finished with value: 0.25971292132938023 and parameters: {'nodeNum': 300, 'leaking_rate': 0.07602762667210308, 'tikhonov_beta': 1.0233455287670051e-07}. Best is trial 103 with value: 0.24869007928034603.
[I 2024-11-05 19:47:46,110] Trial 155 finished with value: 0.2514469105683494 and parameters: {'nodeNum': 300, 'leaking_rate': 0.06050050409829918, 'tikhonov_beta': 2.5577787228896443e-07}. Best is trial 103 with value: 0.24869007928034603.
[I 2024-11-05 19:50:23,479] Trial 165 finished with value: 0.251173329519726 and parameters: {'nodeNum': 300, 'leaking_rate': 0.06441223521940773, 'tikhonov_beta': 1.7810160680908226e-07}. Best is trial 103 with value: 0.24869007928034603.
[I 2024-11-05 19:53:00,410] Trial 175 finished with value: 0.25103854496170463 and parameters: {'nodeNum': 300, 'leaking_rate': 0.06301125801500099, 'tikhonov_beta': 1.8270032849608453e-07}. Best is trial 103 with value: 0.24869007928034603.
[I 2024-11-05 19:55:37,695] Trial 184 finished with value: 0.25342216360849534 and parameters: {'nodeNum': 300, 'leaking_rate': 0.06909192471233769, 'tikhonov_beta': 1.262823567942019e-07}. Best is trial 103 with value: 0.24869007928034603.
[I 2024-11-05 19:58:14,741] Trial 194 finished with value: 0.25062149680552265 and parameters: {'nodeNum': 300, 'leaking_rate': 0.057851419254069024, 'tikhonov_beta': 1.051500875574816e-07}. Best is trial 103 with value: 0.24869007928034603.
[I 2024-11-05 20:00:51,756] Trial 204 finished with value: 0.2523470957695112 and parameters: {'nodeNum': 300, 'leaking_rate': 0.05071814697266364, 'tikhonov_beta': 1.0063279732728132e-07}. Best is trial 103 with value: 0.24869007928034603.
[I 2024-11-05 20:03:28,540] Trial 214 finished with value: 0.25104019679381645 and parameters: {'nodeNum': 300, 'leaking_rate': 0.0564747368380505, 'tikhonov_beta': 1.0141884926461445e-07}. Best is trial 103 with value: 0.24869007928034603.
[I 2024-11-05 20:06:05,815] Trial 224 finished with value: 0.2510146297482017 and parameters: {'nodeNum': 300, 'leaking_rate': 0.05806768162300157, 'tikhonov_beta': 1.4709013694603397e-07}. Best is trial 103 with value: 0.24869007928034603.
[I 2024-11-05 20:08:42,543] Trial 234 finished with value: 0.2520688842421783 and parameters: {'nodeNum': 300, 'leaking_rate': 0.056282940423372986, 'tikhonov_beta': 2.0303170156668097e-07}. Best is trial 103 with value: 0.24869007928034603.
[I 2024-11-05 20:11:20,089] Trial 244 finished with value: 0.25548165219806385 and parameters: {'nodeNum': 300, 'leaking_rate': 0.06998091784169354, 'tikhonov_beta': 2.0824977436000115e-07}. Best is trial 103 with value: 0.24869007928034603.
[I 2024-11-05 20:13:57,390] Trial 254 finished with value: 0.2506610491510019 and parameters: {'nodeNum': 300, 'leaking_rate': 0.06377475609150565, 'tikhonov_beta': 1.2706303914016372e-07}. Best is trial 103 with value: 0.24869007928034603.
[I 2024-11-05 20:16:35,011] Trial 264 finished with value: 0.2738693525168488 and parameters: {'nodeNum': 300, 'leaking_rate': 0.08297250525406676, 'tikhonov_beta': 1.0205693696326207e-07}. Best is trial 103 with value: 0.24869007928034603.
[I 2024-11-05 20:19:14,901] Trial 274 finished with value: 0.25200721459855935 and parameters: {'nodeNum': 350, 'leaking_rate': 0.06197883219641963, 'tikhonov_beta': 1.533566858072645e-07}. Best is trial 103 with value: 0.24869007928034603.
[I 2024-11-05 20:22:10,544] Trial 284 finished with value: 0.2531527294019541 and parameters: {'nodeNum': 600, 'leaking_rate': 0.06436684713657187, 'tikhonov_beta': 1.4746744355399742e-07}. Best is trial 103 with value: 0.24869007928034603.
[I 2024-11-05 20:24:48,448] Trial 294 finished with value: 0.2519109227566998 and parameters: {'nodeNum': 300, 'leaking_rate': 0.0521487340146385, 'tikhonov_beta': 1.040840381390139e-07}. Best is trial 291 with value: 0.24742568557248684.
[I 2024-11-05 20:27:44,481] Trial 304 finished with value: 0.2527140909736148 and parameters: {'nodeNum': 600, 'leaking_rate': 0.0464534543247113, 'tikhonov_beta': 2.9236572487392695e-07}. Best is trial 296 with value: 0.24688148897678122.
[I 2024-11-05 20:30:40,617] Trial 314 finished with value: 0.25046160713386173 and parameters: {'nodeNum': 600, 'leaking_rate': 0.03961443194947532, 'tikhonov_beta': 1.7970216938196748e-07}. Best is trial 296 with value: 0.24688148897678122.
[I 2024-11-05 20:33:33,541] Trial 324 finished with value: 0.25489024103431046 and parameters: {'nodeNum': 550, 'leaking_rate': 0.03907294683018781, 'tikhonov_beta': 2.1284260879895618e-07}. Best is trial 296 with value: 0.24688148897678122.
[I 2024-11-05 20:36:29,064] Trial 334 finished with value: 0.2549231998514332 and parameters: {'nodeNum': 600, 'leaking_rate': 0.033723299373153784, 'tikhonov_beta': 2.3395498064572473e-07}. Best is trial 296 with value: 0.24688148897678122.
[I 2024-11-05 20:39:26,274] Trial 344 finished with value: 0.2574101818595999 and parameters: {'nodeNum': 600, 'leaking_rate': 0.0363230520044641, 'tikhonov_beta': 4.4886863389173483e-07}. Best is trial 296 with value: 0.24688148897678122.
[I 2024-11-05 20:42:22,707] Trial 354 finished with value: 0.24939983772029028 and parameters: {'nodeNum': 600, 'leaking_rate': 0.044048894392496096, 'tikhonov_beta': 1.5855683002266644e-07}. Best is trial 296 with value: 0.24688148897678122.
[I 2024-11-05 20:45:18,660] Trial 364 finished with value: 0.25221593978555595 and parameters: {'nodeNum': 600, 'leaking_rate': 0.044379149128862774, 'tikhonov_beta': 2.6741179085928117e-07}. Best is trial 296 with value: 0.24688148897678122.
[I 2024-11-05 20:48:11,983] Trial 374 finished with value: 0.26077026136271375 and parameters: {'nodeNum': 550, 'leaking_rate': 0.046818056825811256, 'tikhonov_beta': 1.991990016371845e-06}. Best is trial 296 with value: 0.24688148897678122.
[I 2024-11-05 20:51:08,312] Trial 384 finished with value: 0.31379816447078474 and parameters: {'nodeNum': 600, 'leaking_rate': 0.009576998482781818, 'tikhonov_beta': 1.6077807876935842e-07}. Best is trial 296 with value: 0.24688148897678122.
[I 2024-11-05 20:54:03,868] Trial 394 finished with value: 0.2597902449913319 and parameters: {'nodeNum': 600, 'leaking_rate': 0.02752656228433906, 'tikhonov_beta': 1.342384681594568e-07}. Best is trial 296 with value: 0.24688148897678122.
[I 2024-11-05 20:57:00,171] Trial 404 finished with value: 0.24948607149687363 and parameters: {'nodeNum': 600, 'leaking_rate': 0.036538854694132955, 'tikhonov_beta': 1.3593907040297569e-07}. Best is trial 296 with value: 0.24688148897678122.
[I 2024-11-05 20:59:56,504] Trial 414 finished with value: 0.37985021749770137 and parameters: {'nodeNum': 600, 'leaking_rate': 0.03295419682880577, 'tikhonov_beta': 0.0027845054953827253}. Best is trial 296 with value: 0.24688148897678122.
[I 2024-11-05 21:02:52,704] Trial 424 finished with value: 0.247480759513346 and parameters: {'nodeNum': 600, 'leaking_rate': 0.040801688511448726, 'tikhonov_beta': 1.0409341310868905e-07}. Best is trial 296 with value: 0.24688148897678122.
[I 2024-11-05 21:05:48,327] Trial 434 finished with value: 0.2514896799285051 and parameters: {'nodeNum': 600, 'leaking_rate': 0.040330572439449, 'tikhonov_beta': 2.1461382137645813e-07}. Best is trial 427 with value: 0.24686256396199985.
[I 2024-11-05 21:08:45,046] Trial 444 finished with value: 0.39004011734170535 and parameters: {'nodeNum': 600, 'leaking_rate': 0.005123824948917712, 'tikhonov_beta': 1.0179539415410341e-07}. Best is trial 427 with value: 0.24686256396199985.
[I 2024-11-05 21:11:42,161] Trial 454 finished with value: 0.3886805904002445 and parameters: {'nodeNum': 600, 'leaking_rate': 0.0019639610424468175, 'tikhonov_beta': 1.0224653879378907e-07}. Best is trial 427 with value: 0.24686256396199985.
[I 2024-11-05 21:14:37,910] Trial 464 finished with value: 0.24751342408008398 and parameters: {'nodeNum': 600, 'leaking_rate': 0.05087493922218019, 'tikhonov_beta': 1.0001738363169335e-07}. Best is trial 427 with value: 0.24686256396199985.
[I 2024-11-05 21:17:34,180] Trial 474 finished with value: 0.4652355036165967 and parameters: {'nodeNum': 600, 'leaking_rate': 0.0012848183893935496, 'tikhonov_beta': 1.0607357615247579e-07}. Best is trial 427 with value: 0.24686256396199985.
[I 2024-11-05 21:20:31,537] Trial 484 finished with value: 0.24835767783656182 and parameters: {'nodeNum': 600, 'leaking_rate': 0.05328943852449189, 'tikhonov_beta': 1.0586098290703383e-07}. Best is trial 427 with value: 0.24686256396199985.
[I 2024-11-05 21:23:28,410] Trial 494 finished with value: 0.24871818686731978 and parameters: {'nodeNum': 600, 'leaking_rate': 0.05486462820540228, 'tikhonov_beta': 1.0368402604604926e-07}. Best is trial 427 with value: 0.24686256396199985.
[I 2024-11-05 21:26:25,172] Trial 503 finished with value: 0.24704457559825138 and parameters: {'nodeNum': 600, 'leaking_rate': 0.049376582840151374, 'tikhonov_beta': 1.0105315472801144e-07}. Best is trial 427 with value: 0.24686256396199985.
[I 2024-11-05 21:29:22,107] Trial 513 finished with value: 0.24978649490035093 and parameters: {'nodeNum': 600, 'leaking_rate': 0.04816682059637267, 'tikhonov_beta': 1.6499441668348783e-07}. Best is trial 427 with value: 0.24686256396199985.
[I 2024-11-05 21:32:17,697] Trial 523 finished with value: 0.24853032264943153 and parameters: {'nodeNum': 600, 'leaking_rate': 0.046175716134164886, 'tikhonov_beta': 1.3339429895906015e-07}. Best is trial 427 with value: 0.24686256396199985.
[I 2024-11-05 21:35:14,087] Trial 533 finished with value: 0.30866072701029473 and parameters: {'nodeNum': 600, 'leaking_rate': 0.05926293430227215, 'tikhonov_beta': 3.530566121258682e-05}. Best is trial 427 with value: 0.24686256396199985.
[I 2024-11-05 21:38:06,485] Trial 543 finished with value: 0.25101099431996526 and parameters: {'nodeNum': 550, 'leaking_rate': 0.04372330029680119, 'tikhonov_beta': 1.022689092454444e-07}. Best is trial 540 with value: 0.24682618515815993.
[I 2024-11-05 21:41:02,904] Trial 553 finished with value: 0.24993725951986193 and parameters: {'nodeNum': 600, 'leaking_rate': 0.0433685063624988, 'tikhonov_beta': 1.745986148025371e-07}. Best is trial 540 with value: 0.24682618515815993.
[I 2024-11-05 21:43:58,937] Trial 563 finished with value: 0.24865578530618454 and parameters: {'nodeNum': 600, 'leaking_rate': 0.044816783649679566, 'tikhonov_beta': 1.350261579107429e-07}. Best is trial 540 with value: 0.24682618515815993.
[I 2024-11-05 21:46:54,643] Trial 573 finished with value: 0.24688909432794773 and parameters: {'nodeNum': 600, 'leaking_rate': 0.04924269838700054, 'tikhonov_beta': 1.000809231039308e-07}. Best is trial 540 with value: 0.24682618515815993.
[I 2024-11-05 21:49:50,822] Trial 583 finished with value: 0.24788839745727012 and parameters: {'nodeNum': 600, 'leaking_rate': 0.05189669196148143, 'tikhonov_beta': 1.0366014924482872e-07}. Best is trial 540 with value: 0.24682618515815993.
[I 2024-11-05 21:52:46,556] Trial 593 finished with value: 0.24700594856119015 and parameters: {'nodeNum': 600, 'leaking_rate': 0.04299602630492892, 'tikhonov_beta': 1.0216115368145228e-07}. Best is trial 540 with value: 0.24682618515815993.
[I 2024-11-05 21:55:38,846] Trial 603 finished with value: 0.2536583860866637 and parameters: {'nodeNum': 550, 'leaking_rate': 0.03942740381747274, 'tikhonov_beta': 1.760373641854078e-07}. Best is trial 540 with value: 0.24682618515815993.
[I 2024-11-05 21:58:34,788] Trial 613 finished with value: 0.26460779699265596 and parameters: {'nodeNum': 600, 'leaking_rate': 0.04062750357031861, 'tikhonov_beta': 2.5811154689298253e-06}. Best is trial 540 with value: 0.24682618515815993.
[I 2024-11-05 22:01:29,970] Trial 623 finished with value: 0.26351430402974213 and parameters: {'nodeNum': 600, 'leaking_rate': 0.035090703600028715, 'tikhonov_beta': 9.11464949264298e-07}. Best is trial 540 with value: 0.24682618515815993.
[I 2024-11-05 22:04:25,964] Trial 634 finished with value: 0.24833469975443329 and parameters: {'nodeNum': 600, 'leaking_rate': 0.04407508003391597, 'tikhonov_beta': 1.306396109298581e-07}. Best is trial 633 with value: 0.24673042796425432.
[I 2024-11-05 22:07:23,995] Trial 644 finished with value: 0.246877520099072 and parameters: {'nodeNum': 600, 'leaking_rate': 0.0444654254372904, 'tikhonov_beta': 1.0003592935260572e-07}. Best is trial 633 with value: 0.24673042796425432.
[I 2024-11-05 22:10:20,802] Trial 655 finished with value: 0.25533810352498343 and parameters: {'nodeNum': 600, 'leaking_rate': 0.031622216845162386, 'tikhonov_beta': 1.797461336798526e-07}. Best is trial 633 with value: 0.24673042796425432.
[I 2024-11-05 22:13:16,228] Trial 665 finished with value: 0.2646172669350529 and parameters: {'nodeNum': 600, 'leaking_rate': 0.04295303811609381, 'tikhonov_beta': 3.8091910964415957e-06}. Best is trial 633 with value: 0.24673042796425432.
[I 2024-11-05 22:16:11,365] Trial 675 finished with value: 0.2464088749198054 and parameters: {'nodeNum': 600, 'leaking_rate': 0.04605641214471407, 'tikhonov_beta': 1.0029677076714828e-07}. Best is trial 675 with value: 0.2464088749198054.
[I 2024-11-05 22:19:07,309] Trial 685 finished with value: 0.24770612582918844 and parameters: {'nodeNum': 600, 'leaking_rate': 0.038643361307371664, 'tikhonov_beta': 1.0170354285603033e-07}. Best is trial 675 with value: 0.2464088749198054.
[I 2024-11-05 22:22:03,032] Trial 695 finished with value: 0.2520426342802568 and parameters: {'nodeNum': 600, 'leaking_rate': 0.03971048215025506, 'tikhonov_beta': 2.3665400209747925e-07}. Best is trial 675 with value: 0.2464088749198054.
[I 2024-11-05 22:24:54,547] Trial 705 finished with value: 0.2537450743754842 and parameters: {'nodeNum': 550, 'leaking_rate': 0.04733519247962633, 'tikhonov_beta': 1.6247642127138874e-07}. Best is trial 675 with value: 0.2464088749198054.
[I 2024-11-05 22:27:46,309] Trial 715 finished with value: 0.2588040363184379 and parameters: {'nodeNum': 550, 'leaking_rate': 0.03220381168879645, 'tikhonov_beta': 1.5916364688420403e-07}. Best is trial 675 with value: 0.2464088749198054.
[I 2024-11-05 22:30:41,435] Trial 725 finished with value: 0.24689225227858058 and parameters: {'nodeNum': 600, 'leaking_rate': 0.04192166002105899, 'tikhonov_beta': 1.0076064771298406e-07}. Best is trial 675 with value: 0.2464088749198054.
[I 2024-11-05 22:33:36,112] Trial 735 finished with value: 0.2491660674259591 and parameters: {'nodeNum': 600, 'leaking_rate': 0.03708823519365332, 'tikhonov_beta': 1.2743451324873407e-07}. Best is trial 675 with value: 0.2464088749198054.
[I 2024-11-05 22:36:37,062] Trial 745 finished with value: 0.2504426458495541 and parameters: {'nodeNum': 600, 'leaking_rate': 0.04661322419049558, 'tikhonov_beta': 1.8954119462926838e-07}. Best is trial 675 with value: 0.2464088749198054.
[I 2024-11-05 22:39:32,303] Trial 755 finished with value: 0.24834929785170337 and parameters: {'nodeNum': 600, 'leaking_rate': 0.05458192312452789, 'tikhonov_beta': 1.0000371763802246e-07}. Best is trial 675 with value: 0.2464088749198054.
[I 2024-11-05 22:42:27,582] Trial 765 finished with value: 0.24857251465118116 and parameters: {'nodeNum': 600, 'leaking_rate': 0.04197696632455536, 'tikhonov_beta': 1.3355348198273173e-07}. Best is trial 675 with value: 0.2464088749198054.
[I 2024-11-05 22:45:23,187] Trial 775 finished with value: 0.24834834955106935 and parameters: {'nodeNum': 600, 'leaking_rate': 0.04358160240120137, 'tikhonov_beta': 1.300626456083637e-07}. Best is trial 675 with value: 0.2464088749198054.
[I 2024-11-05 22:48:20,313] Trial 785 finished with value: 0.2588965132947856 and parameters: {'nodeNum': 600, 'leaking_rate': 0.02836070066920779, 'tikhonov_beta': 1.478235986814654e-07}. Best is trial 675 with value: 0.2464088749198054.
[I 2024-11-05 22:51:15,612] Trial 795 finished with value: 0.30668524026689625 and parameters: {'nodeNum': 600, 'leaking_rate': 0.05003383957843172, 'tikhonov_beta': 8.513376776215084e-05}. Best is trial 675 with value: 0.2464088749198054.
[I 2024-11-05 22:54:11,763] Trial 805 finished with value: 0.2512402098359163 and parameters: {'nodeNum': 600, 'leaking_rate': 0.04645060475017971, 'tikhonov_beta': 2.1750054783083162e-07}. Best is trial 675 with value: 0.2464088749198054.
[I 2024-11-05 22:57:07,283] Trial 815 finished with value: 0.2716191527527007 and parameters: {'nodeNum': 600, 'leaking_rate': 0.022147692620683314, 'tikhonov_beta': 1.3303215147506996e-07}. Best is trial 675 with value: 0.2464088749198054.
[I 2024-11-05 23:00:03,342] Trial 825 finished with value: 0.25022917311985404 and parameters: {'nodeNum': 600, 'leaking_rate': 0.040174935930803506, 'tikhonov_beta': 1.692847203637019e-07}. Best is trial 675 with value: 0.2464088749198054.
[I 2024-11-05 23:02:59,251] Trial 835 finished with value: 0.2493142857751418 and parameters: {'nodeNum': 600, 'leaking_rate': 0.057046135219273035, 'tikhonov_beta': 1.0028268305554617e-07}. Best is trial 675 with value: 0.2464088749198054.
[I 2024-11-05 23:05:55,381] Trial 845 finished with value: 0.24801099284006314 and parameters: {'nodeNum': 600, 'leaking_rate': 0.04472137422034819, 'tikhonov_beta': 1.2656350045035236e-07}. Best is trial 675 with value: 0.2464088749198054.
[I 2024-11-05 23:08:50,745] Trial 855 finished with value: 0.25006092822481124 and parameters: {'nodeNum': 600, 'leaking_rate': 0.04621165844771944, 'tikhonov_beta': 1.7481861928338278e-07}. Best is trial 675 with value: 0.2464088749198054.
[I 2024-11-05 23:11:45,215] Trial 865 finished with value: 0.2943781764336392 and parameters: {'nodeNum': 600, 'leaking_rate': 0.049804261352979794, 'tikhonov_beta': 5.1942754802771885e-05}. Best is trial 675 with value: 0.2464088749198054.
[I 2024-11-05 23:14:41,663] Trial 875 finished with value: 0.25321394456542223 and parameters: {'nodeNum': 600, 'leaking_rate': 0.042425318378676045, 'tikhonov_beta': 3.2035161379865043e-07}. Best is trial 675 with value: 0.2464088749198054.
[I 2024-11-05 23:17:32,773] Trial 885 finished with value: 0.25275437178495697 and parameters: {'nodeNum': 550, 'leaking_rate': 0.042492167133112685, 'tikhonov_beta': 1.5607362108798377e-07}. Best is trial 675 with value: 0.2464088749198054.
[I 2024-11-05 23:20:28,156] Trial 895 finished with value: 0.24875962223229245 and parameters: {'nodeNum': 600, 'leaking_rate': 0.039535780627464406, 'tikhonov_beta': 1.32957671689464e-07}. Best is trial 675 with value: 0.2464088749198054.
