[I 2024-11-08 04:03:36,813] Trial 1905 finished with value: 0.20953395581357886 and parameters: {'nodeNum_01': 400, 'leaking_rate_01': 0.040115923162068745, 'nodeNum_02': 300, 'leaking_rate_02': 0.8500850613579939, 'nodeNum_03': 600, 'leaking_rate_03': 0.014055150863641383, 'nodeNum_04': 400, 'leaking_rate_04': 0.23059690154774276, 'tikhonov_beta': 5.9490211218043516e-08, 'intensity': 4.705665046181914}. Best is trial 1212 with value: 0.20516948004852442.
[I 2024-11-08 04:09:19,470] Trial 1925 finished with value: 0.21164466825655878 and parameters: {'nodeNum_01': 450, 'leaking_rate_01': 0.029153014139325452, 'nodeNum_02': 450, 'leaking_rate_02': 0.42873262931201966, 'nodeNum_03': 600, 'leaking_rate_03': 0.013225611846237805, 'nodeNum_04': 400, 'leaking_rate_04': 0.29931564197256505, 'tikhonov_beta': 1.0212367032645008e-06, 'intensity': 4.829117797710135}. Best is trial 1212 with value: 0.20516948004852442.
[I 2024-11-08 04:14:50,187] Trial 1944 finished with value: 0.2193438348070163 and parameters: {'nodeNum_01': 400, 'leaking_rate_01': 0.014217681241203484, 'nodeNum_02': 450, 'leaking_rate_02': 0.6004454375888988, 'nodeNum_03': 200, 'leaking_rate_03': 0.01353792333914805, 'nodeNum_04': 450, 'leaking_rate_04': 0.6502901808610159, 'tikhonov_beta': 4.806759401737208e-08, 'intensity': 4.61533606641192}. Best is trial 1212 with value: 0.20516948004852442.
[I 2024-11-08 04:20:18,984] Trial 1964 finished with value: 0.22292663018629602 and parameters: {'nodeNum_01': 400, 'leaking_rate_01': 0.036021060985407326, 'nodeNum_02': 450, 'leaking_rate_02': 0.3537532116641625, 'nodeNum_03': 600, 'leaking_rate_03': 0.014971927854183727, 'nodeNum_04': 400, 'leaking_rate_04': 0.1547333791972415, 'tikhonov_beta': 1.9582499896646152e-08, 'intensity': 4.6160839408201095}. Best is trial 1212 with value: 0.20516948004852442.
