[I 2024-11-07 18:53:00,430] Using an existing study with name 'reproduct_sample09' instead of creating a new one.
[I 2024-11-07 18:58:33,708] Trial 11 finished with value: 0.26948459906999844 and parameters: {'nodeNum_01': 350, 'leaking_rate_01': 0.0016969216348406797, 'nodeNum_02': 400, 'leaking_rate_02': 0.005183906838411759, 'nodeNum_03': 350, 'leaking_rate_03': 0.4463002980119088, 'nodeNum_04': 200, 'leaking_rate_04': 0.003653291324290962, 'tikhonov_beta': 2.2661498669124596e-08, 'intensity': 4.3819592491779344}. Best is trial 8 with value: 0.2253558518694178.
[I 2024-11-07 19:04:38,136] Trial 32 finished with value: 0.2326339399151 and parameters: {'nodeNum_01': 600, 'leaking_rate_01': 0.013523471631323376, 'nodeNum_02': 350, 'leaking_rate_02': 0.8048018717778816, 'nodeNum_03': 600, 'leaking_rate_03': 0.13409384513396871, 'nodeNum_04': 600, 'leaking_rate_04': 0.24599759725041842, 'tikhonov_beta': 2.226603172063079e-06, 'intensity': 4.927462372658907}. Best is trial 25 with value: 0.22288089504396397.
[I 2024-11-07 19:10:10,292] Trial 53 finished with value: 0.2260066938206198 and parameters: {'nodeNum_01': 450, 'leaking_rate_01': 0.0010168672519970973, 'nodeNum_02': 300, 'leaking_rate_02': 0.06058093066581614, 'nodeNum_03': 300, 'leaking_rate_03': 0.016663146636185892, 'nodeNum_04': 500, 'leaking_rate_04': 0.3046737585014155, 'tikhonov_beta': 3.355185625557323e-07, 'intensity': 4.117271345942321}. Best is trial 44 with value: 0.2220072375203437.
[I 2024-11-07 19:15:53,062] Trial 73 finished with value: 0.22956256081209708 and parameters: {'nodeNum_01': 550, 'leaking_rate_01': 0.00218460947343552, 'nodeNum_02': 600, 'leaking_rate_02': 0.1313872024524929, 'nodeNum_03': 350, 'leaking_rate_03': 0.046929437698544026, 'nodeNum_04': 400, 'leaking_rate_04': 0.4630910959398368, 'tikhonov_beta': 1.98695024751781e-07, 'intensity': 4.714869307603938}. Best is trial 57 with value: 0.2179151496612292.
[I 2024-11-07 19:21:13,958] Trial 93 finished with value: 0.21752881894393047 and parameters: {'nodeNum_01': 350, 'leaking_rate_01': 0.003652834569213064, 'nodeNum_02': 200, 'leaking_rate_02': 0.20457427189858435, 'nodeNum_03': 400, 'leaking_rate_03': 0.008770246301318218, 'nodeNum_04': 150, 'leaking_rate_04': 0.14929496164183384, 'tikhonov_beta': 8.610834972244109e-08, 'intensity': 3.802035228362815}. Best is trial 90 with value: 0.21651843075257002.
[I 2024-11-07 19:26:31,264] Trial 111 finished with value: 0.23459105961516455 and parameters: {'nodeNum_01': 200, 'leaking_rate_01': 0.004873526725580444, 'nodeNum_02': 150, 'leaking_rate_02': 0.23073545848618435, 'nodeNum_03': 400, 'leaking_rate_03': 0.07979258428226135, 'nodeNum_04': 150, 'leaking_rate_04': 0.1027765101103523, 'tikhonov_beta': 4.305193371561307e-08, 'intensity': 4.3022072956803585}. Best is trial 97 with value: 0.21526481779577486.
[I 2024-11-07 19:31:53,454] Trial 131 finished with value: 0.21529936335299302 and parameters: {'nodeNum_01': 250, 'leaking_rate_01': 0.006234152048073085, 'nodeNum_02': 250, 'leaking_rate_02': 0.19653033364159012, 'nodeNum_03': 450, 'leaking_rate_03': 0.06337778368110357, 'nodeNum_04': 200, 'leaking_rate_04': 0.1923196944639714, 'tikhonov_beta': 2.6752748361150358e-08, 'intensity': 3.401667246674652}. Best is trial 97 with value: 0.21526481779577486.
[I 2024-11-07 19:37:15,897] Trial 150 finished with value: 0.22987874835413383 and parameters: {'nodeNum_01': 250, 'leaking_rate_01': 0.002926633068736943, 'nodeNum_02': 250, 'leaking_rate_02': 0.09993663385695961, 'nodeNum_03': 550, 'leaking_rate_03': 0.0072924021930623525, 'nodeNum_04': 200, 'leaking_rate_04': 0.18395182944000787, 'tikhonov_beta': 6.057477724780035e-08, 'intensity': 3.2081320854564286}. Best is trial 97 with value: 0.21526481779577486.
[I 2024-11-07 19:42:45,036] Trial 170 finished with value: 0.21401607480924603 and parameters: {'nodeNum_01': 300, 'leaking_rate_01': 0.010556217377067804, 'nodeNum_02': 200, 'leaking_rate_02': 0.32283591248779464, 'nodeNum_03': 500, 'leaking_rate_03': 0.03560063841661879, 'nodeNum_04': 250, 'leaking_rate_04': 0.12044460821420802, 'tikhonov_beta': 6.387890840253018e-08, 'intensity': 3.5903125177258555}. Best is trial 151 with value: 0.21394422899201615.
[I 2024-11-07 19:48:08,758] Trial 190 finished with value: 0.22775404021086687 and parameters: {'nodeNum_01': 300, 'leaking_rate_01': 0.0041842900688105625, 'nodeNum_02': 250, 'leaking_rate_02': 0.034268229947351736, 'nodeNum_03': 550, 'leaking_rate_03': 0.027833050453915903, 'nodeNum_04': 300, 'leaking_rate_04': 0.32291465158898236, 'tikhonov_beta': 1.0146060864125768e-07, 'intensity': 4.130977817680918}. Best is trial 172 with value: 0.21026677483052886.
[I 2024-11-07 19:54:08,945] Trial 210 finished with value: 0.21620503869593088 and parameters: {'nodeNum_01': 150, 'leaking_rate_01': 0.0061553993715852484, 'nodeNum_02': 250, 'leaking_rate_02': 0.08398757638345934, 'nodeNum_03': 550, 'leaking_rate_03': 0.04012745502416505, 'nodeNum_04': 300, 'leaking_rate_04': 0.15549080121256267, 'tikhonov_beta': 7.892560711349592e-08, 'intensity': 3.7000836612032684}. Best is trial 194 with value: 0.2079221796202857.
[I 2024-11-07 19:59:46,685] Trial 233 finished with value: 0.2214021295641034 and parameters: {'nodeNum_01': 150, 'leaking_rate_01': 0.015666433470608653, 'nodeNum_02': 250, 'leaking_rate_02': 0.005121641284070183, 'nodeNum_03': 550, 'leaking_rate_03': 0.04083089607696015, 'nodeNum_04': 350, 'leaking_rate_04': 0.13684116545140382, 'tikhonov_beta': 7.608381960906469e-08, 'intensity': 3.7003326678601445}. Best is trial 194 with value: 0.2079221796202857.
[I 2024-11-07 20:05:18,940] Trial 254 finished with value: 0.21192415149987862 and parameters: {'nodeNum_01': 150, 'leaking_rate_01': 0.021103571776571475, 'nodeNum_02': 350, 'leaking_rate_02': 0.11779151335235863, 'nodeNum_03': 600, 'leaking_rate_03': 0.02114604693945834, 'nodeNum_04': 350, 'leaking_rate_04': 0.17440163800026248, 'tikhonov_beta': 6.152447038336546e-08, 'intensity': 4.722128744676585}. Best is trial 194 with value: 0.2079221796202857.
[I 2024-11-07 20:10:49,907] Trial 274 finished with value: 0.21712009717651426 and parameters: {'nodeNum_01': 150, 'leaking_rate_01': 0.02369922931182325, 'nodeNum_02': 350, 'leaking_rate_02': 0.05885573569918079, 'nodeNum_03': 600, 'leaking_rate_03': 0.02359527253692521, 'nodeNum_04': 350, 'leaking_rate_04': 0.11654629505038294, 'tikhonov_beta': 2.0404798108247527e-08, 'intensity': 4.6485719633545575}. Best is trial 194 with value: 0.2079221796202857.
[I 2024-11-07 20:16:21,214] Trial 293 finished with value: 0.21330618426531245 and parameters: {'nodeNum_01': 150, 'leaking_rate_01': 0.034001219750185545, 'nodeNum_02': 250, 'leaking_rate_02': 0.1384806817713069, 'nodeNum_03': 600, 'leaking_rate_03': 0.024786949980480113, 'nodeNum_04': 400, 'leaking_rate_04': 0.2095894227378607, 'tikhonov_beta': 4.353619108592552e-08, 'intensity': 4.5606417753373325}. Best is trial 194 with value: 0.2079221796202857.
[I 2024-11-07 20:21:57,765] Trial 311 finished with value: 0.21377526455128865 and parameters: {'nodeNum_01': 150, 'leaking_rate_01': 0.04229820733159547, 'nodeNum_02': 350, 'leaking_rate_02': 0.14169000144148028, 'nodeNum_03': 600, 'leaking_rate_03': 0.027628501534549, 'nodeNum_04': 450, 'leaking_rate_04': 0.21933295865464963, 'tikhonov_beta': 3.462616716650815e-08, 'intensity': 4.4746550730469155}. Best is trial 194 with value: 0.2079221796202857.
[I 2024-11-07 20:27:32,946] Trial 331 finished with value: 38.83710883858033 and parameters: {'nodeNum_01': 150, 'leaking_rate_01': 0.9623531960348369, 'nodeNum_02': 350, 'leaking_rate_02': 0.1747997581724556, 'nodeNum_03': 600, 'leaking_rate_03': 0.01860792725579144, 'nodeNum_04': 450, 'leaking_rate_04': 0.1028801746271113, 'tikhonov_beta': 3.073467078661665e-08, 'intensity': 4.6735045222161125}. Best is trial 194 with value: 0.2079221796202857.
[I 2024-11-07 20:33:11,817] Trial 351 finished with value: 0.2268575334172573 and parameters: {'nodeNum_01': 200, 'leaking_rate_01': 0.06772174905590825, 'nodeNum_02': 400, 'leaking_rate_02': 0.18437886557776056, 'nodeNum_03': 600, 'leaking_rate_03': 0.015104372103288825, 'nodeNum_04': 450, 'leaking_rate_04': 0.41796846337685417, 'tikhonov_beta': 2.6837742413172007e-08, 'intensity': 4.28914248455885}. Best is trial 194 with value: 0.2079221796202857.
[I 2024-11-07 20:38:49,358] Trial 371 finished with value: 0.21829090511020796 and parameters: {'nodeNum_01': 150, 'leaking_rate_01': 0.05641680195524354, 'nodeNum_02': 350, 'leaking_rate_02': 0.2731473363063102, 'nodeNum_03': 600, 'leaking_rate_03': 0.022537779714887032, 'nodeNum_04': 500, 'leaking_rate_04': 0.3251623051062096, 'tikhonov_beta': 2.2085065067780622e-08, 'intensity': 4.5234837875249045}. Best is trial 194 with value: 0.2079221796202857.
[I 2024-11-07 20:44:25,857] Trial 391 finished with value: 0.22666089226102243 and parameters: {'nodeNum_01': 150, 'leaking_rate_01': 0.03767916983657726, 'nodeNum_02': 350, 'leaking_rate_02': 0.12382183839457972, 'nodeNum_03': 600, 'leaking_rate_03': 0.02355970545372587, 'nodeNum_04': 250, 'leaking_rate_04': 0.004312936903348048, 'tikhonov_beta': 3.8393078178194494e-08, 'intensity': 4.792591407827752}. Best is trial 389 with value: 0.20599577644414407.
[I 2024-11-07 20:49:54,758] Trial 411 finished with value: 0.5130370983603304 and parameters: {'nodeNum_01': 150, 'leaking_rate_01': 0.04688127369912774, 'nodeNum_02': 300, 'leaking_rate_02': 0.09560723550588483, 'nodeNum_03': 600, 'leaking_rate_03': 0.025683729091847695, 'nodeNum_04': 250, 'leaking_rate_04': 0.2531617991241341, 'tikhonov_beta': 1.5878554171247547e-09, 'intensity': 4.9134189079940125}. Best is trial 389 with value: 0.20599577644414407.
[I 2024-11-07 20:55:32,643] Trial 431 finished with value: 0.5458555797631746 and parameters: {'nodeNum_01': 150, 'leaking_rate_01': 0.04718955745496891, 'nodeNum_02': 350, 'leaking_rate_02': 0.15544069792434864, 'nodeNum_03': 600, 'leaking_rate_03': 0.01876268259331329, 'nodeNum_04': 450, 'leaking_rate_04': 0.2513234533571347, 'tikhonov_beta': 3.6843692517287776e-09, 'intensity': 4.631015745350029}. Best is trial 389 with value: 0.20599577644414407.
[I 2024-11-07 21:01:19,175] Trial 451 finished with value: 0.21473032469829736 and parameters: {'nodeNum_01': 150, 'leaking_rate_01': 0.05101657416702943, 'nodeNum_02': 350, 'leaking_rate_02': 0.2299179013173078, 'nodeNum_03': 600, 'leaking_rate_03': 0.016617762968703764, 'nodeNum_04': 450, 'leaking_rate_04': 0.06791289565798832, 'tikhonov_beta': 4.593166539635823e-08, 'intensity': 4.731216203675423}. Best is trial 389 with value: 0.20599577644414407.
[I 2024-11-07 21:07:25,373] Trial 471 finished with value: 16.14809206038283 and parameters: {'nodeNum_01': 450, 'leaking_rate_01': 0.47101322517576505, 'nodeNum_02': 350, 'leaking_rate_02': 0.3000948453220168, 'nodeNum_03': 600, 'leaking_rate_03': 0.010651850942722347, 'nodeNum_04': 450, 'leaking_rate_04': 0.28743375957250017, 'tikhonov_beta': 6.093430724174812e-08, 'intensity': 4.7528673318346515}. Best is trial 389 with value: 0.20599577644414407.
[I 2024-11-07 21:13:14,229] Trial 493 finished with value: 0.23288807911939927 and parameters: {'nodeNum_01': 450, 'leaking_rate_01': 0.10462485090815525, 'nodeNum_02': 350, 'leaking_rate_02': 0.33573966568501495, 'nodeNum_03': 600, 'leaking_rate_03': 0.012190589076888728, 'nodeNum_04': 450, 'leaking_rate_04': 0.3075953741796312, 'tikhonov_beta': 9.212867094119805e-08, 'intensity': 1.7841356219011444}. Best is trial 389 with value: 0.20599577644414407.
[I 2024-11-07 21:19:00,366] Trial 513 finished with value: 0.20836731297588587 and parameters: {'nodeNum_01': 400, 'leaking_rate_01': 0.09215532042746796, 'nodeNum_02': 450, 'leaking_rate_02': 0.4474536672102295, 'nodeNum_03': 600, 'leaking_rate_03': 0.013080590513448034, 'nodeNum_04': 450, 'leaking_rate_04': 0.2267588261135587, 'tikhonov_beta': 7.778142316397942e-08, 'intensity': 4.9919383670267825}. Best is trial 389 with value: 0.20599577644414407.
[I 2024-11-07 21:25:00,536] Trial 533 finished with value: 0.20883469033617255 and parameters: {'nodeNum_01': 400, 'leaking_rate_01': 0.05503651714898225, 'nodeNum_02': 450, 'leaking_rate_02': 0.652138635552619, 'nodeNum_03': 600, 'leaking_rate_03': 0.01402156448133905, 'nodeNum_04': 500, 'leaking_rate_04': 0.19589239320034954, 'tikhonov_beta': 7.284517129364279e-08, 'intensity': 4.995609153724305}. Best is trial 389 with value: 0.20599577644414407.
[I 2024-11-07 21:30:46,627] Trial 554 finished with value: 0.2092544607607902 and parameters: {'nodeNum_01': 350, 'leaking_rate_01': 0.08998609793199862, 'nodeNum_02': 450, 'leaking_rate_02': 0.7560662061296192, 'nodeNum_03': 600, 'leaking_rate_03': 0.012552945335392373, 'nodeNum_04': 500, 'leaking_rate_04': 0.18511212581291978, 'tikhonov_beta': 1.0747198741081559e-07, 'intensity': 4.880752904442051}. Best is trial 389 with value: 0.20599577644414407.
[I 2024-11-07 21:36:28,816] Trial 572 finished with value: 0.21456227025268518 and parameters: {'nodeNum_01': 400, 'leaking_rate_01': 0.07319268951323021, 'nodeNum_02': 500, 'leaking_rate_02': 0.9849936318423994, 'nodeNum_03': 600, 'leaking_rate_03': 0.01139241787710626, 'nodeNum_04': 400, 'leaking_rate_04': 0.17170976926031886, 'tikhonov_beta': 1.0037732394510856e-07, 'intensity': 4.857472106054718}. Best is trial 389 with value: 0.20599577644414407.
[I 2024-11-07 21:42:09,310] Trial 592 finished with value: 0.2431149773530315 and parameters: {'nodeNum_01': 400, 'leaking_rate_01': 0.07409848062729424, 'nodeNum_02': 500, 'leaking_rate_02': 0.44539368938086227, 'nodeNum_03': 550, 'leaking_rate_03': 0.011444905139657194, 'nodeNum_04': 400, 'leaking_rate_04': 0.3977294536123835, 'tikhonov_beta': 4.031239188691142e-08, 'intensity': 1.5284866941783175}. Best is trial 389 with value: 0.20599577644414407.
[I 2024-11-07 21:47:54,826] Trial 612 finished with value: 0.21245638988551302 and parameters: {'nodeNum_01': 400, 'leaking_rate_01': 0.1063453036844423, 'nodeNum_02': 450, 'leaking_rate_02': 0.5587835055761873, 'nodeNum_03': 600, 'leaking_rate_03': 0.01390864566046904, 'nodeNum_04': 400, 'leaking_rate_04': 0.22393612036625302, 'tikhonov_beta': 2.951252521358286e-07, 'intensity': 4.99727763268952}. Best is trial 389 with value: 0.20599577644414407.
[I 2024-11-07 21:53:40,893] Trial 632 finished with value: 0.2372028072534188 and parameters: {'nodeNum_01': 400, 'leaking_rate_01': 0.06259755968796696, 'nodeNum_02': 450, 'leaking_rate_02': 0.3666992269801386, 'nodeNum_03': 600, 'leaking_rate_03': 0.013439859144219777, 'nodeNum_04': 550, 'leaking_rate_04': 0.007405590090083945, 'tikhonov_beta': 2.221637717352252e-07, 'intensity': 4.721948571548075}. Best is trial 389 with value: 0.20599577644414407.
[I 2024-11-07 21:59:22,253] Trial 651 finished with value: 0.2077635121596867 and parameters: {'nodeNum_01': 400, 'leaking_rate_01': 0.08196414652800042, 'nodeNum_02': 450, 'leaking_rate_02': 0.33363529870632486, 'nodeNum_03': 600, 'leaking_rate_03': 0.015590705972079556, 'nodeNum_04': 400, 'leaking_rate_04': 0.26656124894452876, 'tikhonov_beta': 5.399073075474512e-08, 'intensity': 4.734918884852779}. Best is trial 389 with value: 0.20599577644414407.
[I 2024-11-07 22:05:05,084] Trial 671 finished with value: 0.2109190304121991 and parameters: {'nodeNum_01': 400, 'leaking_rate_01': 0.08818208173492714, 'nodeNum_02': 450, 'leaking_rate_02': 0.3153532791255068, 'nodeNum_03': 600, 'leaking_rate_03': 0.016322882117803517, 'nodeNum_04': 400, 'leaking_rate_04': 0.27077912622029177, 'tikhonov_beta': 4.7690220556574473e-08, 'intensity': 4.560094161848907}. Best is trial 670 with value: 0.20543669310415288.
[I 2024-11-07 22:11:00,086] Trial 691 finished with value: 0.2102236929185742 and parameters: {'nodeNum_01': 550, 'leaking_rate_01': 0.05763855777875323, 'nodeNum_02': 450, 'leaking_rate_02': 0.41333451938746135, 'nodeNum_03': 600, 'leaking_rate_03': 0.01352110432803851, 'nodeNum_04': 600, 'leaking_rate_04': 0.13362914956927674, 'tikhonov_beta': 8.144869988943971e-08, 'intensity': 4.488570200711875}. Best is trial 670 with value: 0.20543669310415288.
[I 2024-11-07 22:17:23,164] Trial 711 finished with value: 0.24283997901196924 and parameters: {'nodeNum_01': 600, 'leaking_rate_01': 0.06797782464036473, 'nodeNum_02': 450, 'leaking_rate_02': 0.495980328103567, 'nodeNum_03': 600, 'leaking_rate_03': 0.009086226496477298, 'nodeNum_04': 400, 'leaking_rate_04': 0.003648482299363266, 'tikhonov_beta': 6.98212445125944e-08, 'intensity': 4.459656423230658}. Best is trial 670 with value: 0.20543669310415288.
[I 2024-11-07 22:23:36,986] Trial 734 finished with value: 14.970753937475056 and parameters: {'nodeNum_01': 350, 'leaking_rate_01': 0.8520561805361458, 'nodeNum_02': 400, 'leaking_rate_02': 0.7099662283664413, 'nodeNum_03': 600, 'leaking_rate_03': 0.018661924849375552, 'nodeNum_04': 400, 'leaking_rate_04': 0.1987694013456105, 'tikhonov_beta': 1.0388873154965079e-07, 'intensity': 4.783727110347254}. Best is trial 670 with value: 0.20543669310415288.
[I 2024-11-07 22:29:48,064] Trial 754 finished with value: 0.2140994468401917 and parameters: {'nodeNum_01': 350, 'leaking_rate_01': 0.0419014540019607, 'nodeNum_02': 400, 'leaking_rate_02': 0.7836160296903859, 'nodeNum_03': 550, 'leaking_rate_03': 0.019627184578166854, 'nodeNum_04': 350, 'leaking_rate_04': 0.17027576767471345, 'tikhonov_beta': 3.1501528979777405e-08, 'intensity': 4.705834059091448}. Best is trial 670 with value: 0.20543669310415288.
[I 2024-11-07 22:35:42,308] Trial 776 finished with value: 0.20731391997383697 and parameters: {'nodeNum_01': 400, 'leaking_rate_01': 0.048580193196173516, 'nodeNum_02': 450, 'leaking_rate_02': 0.5651029812549656, 'nodeNum_03': 600, 'leaking_rate_03': 0.014737792776720647, 'nodeNum_04': 400, 'leaking_rate_04': 0.22040298460953295, 'tikhonov_beta': 4.1211014905786516e-08, 'intensity': 4.892598077012335}. Best is trial 670 with value: 0.20543669310415288.
[I 2024-11-07 22:41:25,540] Trial 797 finished with value: 0.20811469675094987 and parameters: {'nodeNum_01': 400, 'leaking_rate_01': 0.05098981006321929, 'nodeNum_02': 450, 'leaking_rate_02': 0.5774607881846723, 'nodeNum_03': 600, 'leaking_rate_03': 0.014791992192724847, 'nodeNum_04': 400, 'leaking_rate_04': 0.26793869829974987, 'tikhonov_beta': 5.6013343231526934e-08, 'intensity': 4.908583783337146}. Best is trial 670 with value: 0.20543669310415288.
[I 2024-11-07 22:47:14,353] Trial 817 finished with value: 0.2120072233926364 and parameters: {'nodeNum_01': 600, 'leaking_rate_01': 0.03488930819471962, 'nodeNum_02': 450, 'leaking_rate_02': 0.6487734773127651, 'nodeNum_03': 600, 'leaking_rate_03': 0.01714752679323232, 'nodeNum_04': 400, 'leaking_rate_04': 0.30103165283732425, 'tikhonov_beta': 6.912499664589454e-08, 'intensity': 4.976026122254181}. Best is trial 670 with value: 0.20543669310415288.
[I 2024-11-07 22:53:10,097] Trial 837 finished with value: 0.21268402613440657 and parameters: {'nodeNum_01': 600, 'leaking_rate_01': 0.03367099711113219, 'nodeNum_02': 450, 'leaking_rate_02': 0.6384293022162023, 'nodeNum_03': 600, 'leaking_rate_03': 0.011484087096374348, 'nodeNum_04': 400, 'leaking_rate_04': 0.3901731384615402, 'tikhonov_beta': 2.3264089603470186e-08, 'intensity': 4.818140994089896}. Best is trial 670 with value: 0.20543669310415288.
[I 2024-11-07 22:58:58,158] Trial 857 finished with value: 0.21092586884435352 and parameters: {'nodeNum_01': 600, 'leaking_rate_01': 0.03785870150743253, 'nodeNum_02': 450, 'leaking_rate_02': 0.4884686911653299, 'nodeNum_03': 600, 'leaking_rate_03': 0.01158275764623833, 'nodeNum_04': 400, 'leaking_rate_04': 0.36701860260849656, 'tikhonov_beta': 3.731915793062585e-08, 'intensity': 4.816346508690318}. Best is trial 670 with value: 0.20543669310415288.
[I 2024-11-07 23:04:40,042] Trial 875 finished with value: 0.2102737164362009 and parameters: {'nodeNum_01': 550, 'leaking_rate_01': 0.04424431464619468, 'nodeNum_02': 450, 'leaking_rate_02': 0.27782227036920476, 'nodeNum_03': 450, 'leaking_rate_03': 0.013742732481086628, 'nodeNum_04': 400, 'leaking_rate_04': 0.31882328212598415, 'tikhonov_beta': 4.754573414729353e-08, 'intensity': 4.71731552860947}. Best is trial 670 with value: 0.20543669310415288.
[I 2024-11-07 23:10:43,702] Trial 893 finished with value: 0.21504534498306593 and parameters: {'nodeNum_01': 600, 'leaking_rate_01': 0.04523396792166847, 'nodeNum_02': 500, 'leaking_rate_02': 0.3508200673176271, 'nodeNum_03': 550, 'leaking_rate_03': 0.021408108135770005, 'nodeNum_04': 400, 'leaking_rate_04': 0.27570774536550435, 'tikhonov_beta': 5.271568650366504e-08, 'intensity': 4.900727722536009}. Best is trial 670 with value: 0.20543669310415288.
[I 2024-11-07 23:16:32,521] Trial 915 finished with value: 0.21936870227576064 and parameters: {'nodeNum_01': 600, 'leaking_rate_01': 0.0355059321468047, 'nodeNum_02': 450, 'leaking_rate_02': 0.43124441946936976, 'nodeNum_03': 600, 'leaking_rate_03': 0.009723412761166178, 'nodeNum_04': 400, 'leaking_rate_04': 0.3017186045696069, 'tikhonov_beta': 8.5674517166162e-08, 'intensity': 3.081309032265969}. Best is trial 670 with value: 0.20543669310415288.
[I 2024-11-07 23:22:31,895] Trial 935 finished with value: 0.21037807855345592 and parameters: {'nodeNum_01': 450, 'leaking_rate_01': 0.059656513246656884, 'nodeNum_02': 450, 'leaking_rate_02': 0.4340137798584218, 'nodeNum_03': 600, 'leaking_rate_03': 0.016278233253217148, 'nodeNum_04': 400, 'leaking_rate_04': 0.3211780641953284, 'tikhonov_beta': 7.06000096763406e-08, 'intensity': 4.997351100982376}. Best is trial 670 with value: 0.20543669310415288.
[I 2024-11-07 23:28:15,834] Trial 956 finished with value: 0.2082454393517498 and parameters: {'nodeNum_01': 400, 'leaking_rate_01': 0.03271119886926869, 'nodeNum_02': 450, 'leaking_rate_02': 0.5826575737708284, 'nodeNum_03': 600, 'leaking_rate_03': 0.01505008989129734, 'nodeNum_04': 400, 'leaking_rate_04': 0.22317792304254883, 'tikhonov_beta': 2.2020083659735806e-08, 'intensity': 4.820661806738019}. Best is trial 670 with value: 0.20543669310415288.
