[I 2024-11-07 18:51:09,056] A new study created in RDB with name: reproduct_sample09
[I 2024-11-07 18:54:33,878] Trial 0 finished with value: 287.0539595202758 and parameters: {'nodeNum_01': 500, 'leaking_rate_01': 0.4181281029112844, 'nodeNum_02': 500, 'leaking_rate_02': 0.02154440164423667, 'nodeNum_03': 500, 'leaking_rate_03': 0.01262090601571326, 'nodeNum_04': 450, 'leaking_rate_04': 0.0018445477882093836, 'tikhonov_beta': 1.5909334179862137e-08, 'intensity': 4.1827396946320246}. Best is trial 0 with value: 287.0539595202758.
[I 2024-11-07 18:59:55,032] Trial 20 finished with value: 0.34180814560421463 and parameters: {'nodeNum_01': 400, 'leaking_rate_01': 0.012879855814388627, 'nodeNum_02': 450, 'leaking_rate_02': 0.0069598477144816396, 'nodeNum_03': 150, 'leaking_rate_03': 0.012149187417878942, 'nodeNum_04': 250, 'leaking_rate_04': 0.015880683238320818, 'tikhonov_beta': 1.1000630598191355e-09, 'intensity': 2.164066135792637}. Best is trial 8 with value: 0.2253558518694178.
[I 2024-11-07 19:05:30,642] Trial 38 finished with value: 0.25658695041127344 and parameters: {'nodeNum_01': 400, 'leaking_rate_01': 0.019774391999694534, 'nodeNum_02': 300, 'leaking_rate_02': 0.9687080654425311, 'nodeNum_03': 600, 'leaking_rate_03': 0.22346004801662037, 'nodeNum_04': 500, 'leaking_rate_04': 0.25296458967296254, 'tikhonov_beta': 8.645852818378301e-07, 'intensity': 0.8325591530998653}. Best is trial 25 with value: 0.22288089504396397.
[I 2024-11-07 19:11:00,289] Trial 58 finished with value: 0.22843194832055955 and parameters: {'nodeNum_01': 300, 'leaking_rate_01': 0.0024743845194089152, 'nodeNum_02': 600, 'leaking_rate_02': 0.059736869838293405, 'nodeNum_03': 300, 'leaking_rate_03': 0.02909006821304186, 'nodeNum_04': 300, 'leaking_rate_04': 0.364623579012827, 'tikhonov_beta': 3.87182756523778e-07, 'intensity': 4.018768755492064}. Best is trial 44 with value: 0.2220072375203437.
[I 2024-11-07 19:16:37,984] Trial 77 finished with value: 0.22737071585215804 and parameters: {'nodeNum_01': 550, 'leaking_rate_01': 0.0021497600065482655, 'nodeNum_02': 400, 'leaking_rate_02': 0.11675298312630669, 'nodeNum_03': 350, 'leaking_rate_03': 0.05040018825372427, 'nodeNum_04': 400, 'leaking_rate_04': 0.1311142416679783, 'tikhonov_beta': 8.666411629275014e-08, 'intensity': 4.633396245247674}. Best is trial 57 with value: 0.2179151496612292.
[I 2024-11-07 19:22:10,799] Trial 96 finished with value: 0.2241059027040923 and parameters: {'nodeNum_01': 350, 'leaking_rate_01': 0.0034211757448279244, 'nodeNum_02': 450, 'leaking_rate_02': 0.02783567057316244, 'nodeNum_03': 400, 'leaking_rate_03': 0.00943357773039645, 'nodeNum_04': 150, 'leaking_rate_04': 0.164950429013085, 'tikhonov_beta': 1.1116801825668817e-07, 'intensity': 3.7877322247315695}. Best is trial 97 with value: 0.21526481779577486.
[I 2024-11-07 19:27:31,103] Trial 117 finished with value: 0.31443817821205533 and parameters: {'nodeNum_01': 200, 'leaking_rate_01': 0.004772116047987255, 'nodeNum_02': 150, 'leaking_rate_02': 0.26887389837401743, 'nodeNum_03': 450, 'leaking_rate_03': 0.09046788880869895, 'nodeNum_04': 150, 'leaking_rate_04': 0.09527950631514939, 'tikhonov_beta': 4.141869922224048e-08, 'intensity': 4.323884028603915}. Best is trial 97 with value: 0.21526481779577486.
[I 2024-11-07 19:32:49,849] Trial 137 finished with value: 0.219358911827978 and parameters: {'nodeNum_01': 250, 'leaking_rate_01': 0.002995529958931291, 'nodeNum_02': 250, 'leaking_rate_02': 0.1885660672445953, 'nodeNum_03': 450, 'leaking_rate_03': 0.012018969077205269, 'nodeNum_04': 200, 'leaking_rate_04': 0.18142815370659943, 'tikhonov_beta': 1.5733069884081325e-07, 'intensity': 3.453922529225063}. Best is trial 97 with value: 0.21526481779577486.
[I 2024-11-07 19:38:31,553] Trial 157 finished with value: 0.7745560143894347 and parameters: {'nodeNum_01': 250, 'leaking_rate_01': 0.007321321603588043, 'nodeNum_02': 200, 'leaking_rate_02': 0.10218453545106093, 'nodeNum_03': 500, 'leaking_rate_03': 0.012674321250434469, 'nodeNum_04': 200, 'leaking_rate_04': 0.23111100391236114, 'tikhonov_beta': 1.32095714717448e-08, 'intensity': 3.1759800727050993}. Best is trial 151 with value: 0.21394422899201615.
[I 2024-11-07 19:44:10,952] Trial 179 finished with value: 2.6074118929734857 and parameters: {'nodeNum_01': 300, 'leaking_rate_01': 0.027480016419507383, 'nodeNum_02': 200, 'leaking_rate_02': 0.0703034916481086, 'nodeNum_03': 400, 'leaking_rate_03': 0.004339619253243711, 'nodeNum_04': 250, 'leaking_rate_04': 0.12160935862918806, 'tikhonov_beta': 2.4738268581280605e-09, 'intensity': 3.9102670299681863}. Best is trial 172 with value: 0.21026677483052886.
[I 2024-11-07 19:49:40,889] Trial 199 finished with value: 0.23958105321176362 and parameters: {'nodeNum_01': 150, 'leaking_rate_01': 0.014281721189980464, 'nodeNum_02': 250, 'leaking_rate_02': 0.014489315685884093, 'nodeNum_03': 550, 'leaking_rate_03': 0.02563952437604799, 'nodeNum_04': 300, 'leaking_rate_04': 0.3428739439164589, 'tikhonov_beta': 5.1494829983449834e-08, 'intensity': 1.5324604869412002}. Best is trial 194 with value: 0.2079221796202857.
[I 2024-11-07 19:55:21,931] Trial 219 finished with value: 0.21775608312246733 and parameters: {'nodeNum_01': 150, 'leaking_rate_01': 0.017771057215874755, 'nodeNum_02': 250, 'leaking_rate_02': 0.08552385560811374, 'nodeNum_03': 550, 'leaking_rate_03': 0.015150871755354959, 'nodeNum_04': 350, 'leaking_rate_04': 0.14984844383461696, 'tikhonov_beta': 7.828248571547237e-08, 'intensity': 3.7256248509949197}. Best is trial 194 with value: 0.2079221796202857.
[I 2024-11-07 20:00:50,878] Trial 239 finished with value: 0.21857498398669964 and parameters: {'nodeNum_01': 150, 'leaking_rate_01': 0.021094691453775117, 'nodeNum_02': 300, 'leaking_rate_02': 0.01001319534448735, 'nodeNum_03': 550, 'leaking_rate_03': 0.04071455314952906, 'nodeNum_04': 350, 'leaking_rate_04': 0.13603619832806849, 'tikhonov_beta': 7.158389895828538e-08, 'intensity': 4.763819004570444}. Best is trial 194 with value: 0.2079221796202857.
[I 2024-11-07 20:06:23,667] Trial 258 finished with value: 0.2173342873242122 and parameters: {'nodeNum_01': 150, 'leaking_rate_01': 0.008980428191545325, 'nodeNum_02': 250, 'leaking_rate_02': 0.11521978630280984, 'nodeNum_03': 600, 'leaking_rate_03': 0.021398070595872672, 'nodeNum_04': 350, 'leaking_rate_04': 0.17833058433828736, 'tikhonov_beta': 5.996204925149292e-08, 'intensity': 4.701474962713628}. Best is trial 194 with value: 0.2079221796202857.
[I 2024-11-07 20:11:59,367] Trial 279 finished with value: 0.21309328743088812 and parameters: {'nodeNum_01': 150, 'leaking_rate_01': 0.024146157904000758, 'nodeNum_02': 350, 'leaking_rate_02': 0.055945615425766704, 'nodeNum_03': 600, 'leaking_rate_03': 0.024957680201458717, 'nodeNum_04': 400, 'leaking_rate_04': 0.11742642493962993, 'tikhonov_beta': 4.948447211962544e-08, 'intensity': 4.573983948970206}. Best is trial 194 with value: 0.2079221796202857.
[I 2024-11-07 20:17:33,069] Trial 299 finished with value: 0.22428989623851778 and parameters: {'nodeNum_01': 150, 'leaking_rate_01': 0.03391026467113926, 'nodeNum_02': 350, 'leaking_rate_02': 0.07200432164674682, 'nodeNum_03': 600, 'leaking_rate_03': 0.02852637593218333, 'nodeNum_04': 400, 'leaking_rate_04': 0.2158594074394208, 'tikhonov_beta': 4.406019128325667e-08, 'intensity': 4.605957513695809}. Best is trial 194 with value: 0.2079221796202857.
[I 2024-11-07 20:23:15,102] Trial 320 finished with value: 0.23005148930451455 and parameters: {'nodeNum_01': 150, 'leaking_rate_01': 0.045716819402228014, 'nodeNum_02': 350, 'leaking_rate_02': 0.18136951600043982, 'nodeNum_03': 600, 'leaking_rate_03': 0.0186033021129713, 'nodeNum_04': 450, 'leaking_rate_04': 0.011690111481591324, 'tikhonov_beta': 3.4752098512631444e-08, 'intensity': 4.444521210063022}. Best is trial 194 with value: 0.2079221796202857.
[I 2024-11-07 20:28:48,208] Trial 341 finished with value: 0.21354049693627714 and parameters: {'nodeNum_01': 200, 'leaking_rate_01': 0.008637167235061327, 'nodeNum_02': 400, 'leaking_rate_02': 0.18220125986664676, 'nodeNum_03': 600, 'leaking_rate_03': 0.017643750380843343, 'nodeNum_04': 450, 'leaking_rate_04': 0.2858335172379206, 'tikhonov_beta': 2.73979550593632e-08, 'intensity': 4.692024886990316}. Best is trial 194 with value: 0.2079221796202857.
[I 2024-11-07 20:34:08,212] Trial 360 finished with value: 0.21249203859561105 and parameters: {'nodeNum_01': 200, 'leaking_rate_01': 0.058388708528794, 'nodeNum_02': 350, 'leaking_rate_02': 0.19789831964442683, 'nodeNum_03': 200, 'leaking_rate_03': 0.014086690999327658, 'nodeNum_04': 450, 'leaking_rate_04': 0.5373313030360126, 'tikhonov_beta': 2.8752775277040506e-08, 'intensity': 4.329657747034047}. Best is trial 194 with value: 0.2079221796202857.
[I 2024-11-07 20:39:48,475] Trial 377 finished with value: 1.452795361309785 and parameters: {'nodeNum_01': 150, 'leaking_rate_01': 0.35542472464544883, 'nodeNum_02': 350, 'leaking_rate_02': 0.2513285185448915, 'nodeNum_03': 600, 'leaking_rate_03': 0.021347179196523753, 'nodeNum_04': 450, 'leaking_rate_04': 0.30497262786379403, 'tikhonov_beta': 2.2444115281225016e-08, 'intensity': 4.86886191860546}. Best is trial 194 with value: 0.2079221796202857.
[I 2024-11-07 20:45:43,095] Trial 398 finished with value: 0.2222542308250651 and parameters: {'nodeNum_01': 150, 'leaking_rate_01': 0.03058872048467796, 'nodeNum_02': 300, 'leaking_rate_02': 0.12481175724219468, 'nodeNum_03': 600, 'leaking_rate_03': 0.03407123331027128, 'nodeNum_04': 250, 'leaking_rate_04': 0.005771089993796799, 'tikhonov_beta': 3.3393260066178535e-08, 'intensity': 4.831345351851166}. Best is trial 389 with value: 0.20599577644414407.
[I 2024-11-07 20:51:27,688] Trial 417 finished with value: 0.21094257625405716 and parameters: {'nodeNum_01': 400, 'leaking_rate_01': 0.04759451338898397, 'nodeNum_02': 350, 'leaking_rate_02': 0.15360549828712464, 'nodeNum_03': 600, 'leaking_rate_03': 0.025834066728026864, 'nodeNum_04': 250, 'leaking_rate_04': 0.2510357605313025, 'tikhonov_beta': 4.984318271818113e-08, 'intensity': 4.940541375429789}. Best is trial 389 with value: 0.20599577644414407.
[I 2024-11-07 20:57:18,229] Trial 438 finished with value: 0.25308846065144697 and parameters: {'nodeNum_01': 400, 'leaking_rate_01': 0.011733719746511, 'nodeNum_02': 350, 'leaking_rate_02': 0.15046892410232027, 'nodeNum_03': 600, 'leaking_rate_03': 0.018730183043611362, 'nodeNum_04': 450, 'leaking_rate_04': 0.24304908467129985, 'tikhonov_beta': 1.810233444290633e-08, 'intensity': 4.646578758035423}. Best is trial 389 with value: 0.20599577644414407.
[I 2024-11-07 21:02:55,831] Trial 459 finished with value: 0.20932815002065766 and parameters: {'nodeNum_01': 400, 'leaking_rate_01': 0.050670606333995796, 'nodeNum_02': 350, 'leaking_rate_02': 0.17609903974112903, 'nodeNum_03': 600, 'leaking_rate_03': 0.016143406156901678, 'nodeNum_04': 400, 'leaking_rate_04': 0.28844245569403987, 'tikhonov_beta': 5.969209497360144e-08, 'intensity': 4.806638509195235}. Best is trial 389 with value: 0.20599577644414407.
[I 2024-11-07 21:08:46,641] Trial 479 finished with value: 0.21167865146093467 and parameters: {'nodeNum_01': 450, 'leaking_rate_01': 0.0682639362831988, 'nodeNum_02': 350, 'leaking_rate_02': 0.41163562680470256, 'nodeNum_03': 600, 'leaking_rate_03': 0.012904951800905496, 'nodeNum_04': 450, 'leaking_rate_04': 0.29266846436566163, 'tikhonov_beta': 6.005680764658487e-08, 'intensity': 4.77786774479471}. Best is trial 389 with value: 0.20599577644414407.
[I 2024-11-07 21:14:33,088] Trial 499 finished with value: 0.21158055893025254 and parameters: {'nodeNum_01': 450, 'leaking_rate_01': 0.10179149701161294, 'nodeNum_02': 450, 'leaking_rate_02': 0.48567062809213063, 'nodeNum_03': 600, 'leaking_rate_03': 0.011727882263637884, 'nodeNum_04': 450, 'leaking_rate_04': 0.3225910130400398, 'tikhonov_beta': 8.615559548482721e-08, 'intensity': 4.82142249635788}. Best is trial 389 with value: 0.20599577644414407.
[I 2024-11-07 21:20:17,198] Trial 519 finished with value: 0.21322752686343963 and parameters: {'nodeNum_01': 400, 'leaking_rate_01': 0.05598023511249441, 'nodeNum_02': 450, 'leaking_rate_02': 0.5190364144110552, 'nodeNum_03': 600, 'leaking_rate_03': 0.014295226770741116, 'nodeNum_04': 450, 'leaking_rate_04': 0.23296899625867434, 'tikhonov_beta': 7.290987503079987e-08, 'intensity': 4.997781171801328}. Best is trial 389 with value: 0.20599577644414407.
[I 2024-11-07 21:25:59,044] Trial 539 finished with value: 0.536231517686091 and parameters: {'nodeNum_01': 350, 'leaking_rate_01': 0.18190893818758624, 'nodeNum_02': 450, 'leaking_rate_02': 0.70874721495589, 'nodeNum_03': 600, 'leaking_rate_03': 0.00785051706207074, 'nodeNum_04': 500, 'leaking_rate_04': 0.20208773803172247, 'tikhonov_beta': 1.3886401097719722e-07, 'intensity': 4.984585614256261}. Best is trial 389 with value: 0.20599577644414407.
[I 2024-11-07 21:31:39,786] Trial 558 finished with value: 0.21214122732619758 and parameters: {'nodeNum_01': 400, 'leaking_rate_01': 0.09768052935823719, 'nodeNum_02': 450, 'leaking_rate_02': 0.8294831859651962, 'nodeNum_03': 600, 'leaking_rate_03': 0.010220910061559943, 'nodeNum_04': 500, 'leaking_rate_04': 0.18115235469122623, 'tikhonov_beta': 4.731839401506501e-07, 'intensity': 4.874357462138389}. Best is trial 389 with value: 0.20599577644414407.
[I 2024-11-07 21:37:29,881] Trial 577 finished with value: 0.20995712093761287 and parameters: {'nodeNum_01': 400, 'leaking_rate_01': 0.07532961393921456, 'nodeNum_02': 500, 'leaking_rate_02': 0.44423540993769484, 'nodeNum_03': 600, 'leaking_rate_03': 0.012254639699329467, 'nodeNum_04': 400, 'leaking_rate_04': 0.2514510854232563, 'tikhonov_beta': 9.357621557999614e-08, 'intensity': 4.842106861426555}. Best is trial 389 with value: 0.20599577644414407.
[I 2024-11-07 21:43:17,454] Trial 597 finished with value: 0.21123675159749902 and parameters: {'nodeNum_01': 400, 'leaking_rate_01': 0.07319439574605972, 'nodeNum_02': 500, 'leaking_rate_02': 0.46478017389217735, 'nodeNum_03': 550, 'leaking_rate_03': 0.01128443433097389, 'nodeNum_04': 400, 'leaking_rate_04': 0.32252269941997214, 'tikhonov_beta': 1.6338157651799392e-07, 'intensity': 4.8152412144243195}. Best is trial 389 with value: 0.20599577644414407.
[I 2024-11-07 21:49:06,112] Trial 617 finished with value: 0.2147248330152254 and parameters: {'nodeNum_01': 400, 'leaking_rate_01': 0.09882707714173344, 'nodeNum_02': 450, 'leaking_rate_02': 0.5572066736608468, 'nodeNum_03': 600, 'leaking_rate_03': 0.013675635324916995, 'nodeNum_04': 400, 'leaking_rate_04': 0.22085428776236157, 'tikhonov_beta': 7.220440159838103e-08, 'intensity': 4.981625343556686}. Best is trial 389 with value: 0.20599577644414407.
[I 2024-11-07 21:54:58,991] Trial 637 finished with value: 0.21267942347679067 and parameters: {'nodeNum_01': 400, 'leaking_rate_01': 0.059899723458830934, 'nodeNum_02': 450, 'leaking_rate_02': 0.35797401002190987, 'nodeNum_03': 600, 'leaking_rate_03': 0.015339441035805144, 'nodeNum_04': 550, 'leaking_rate_04': 0.1787157133492594, 'tikhonov_beta': 6.212358255825461e-08, 'intensity': 4.68431130701074}. Best is trial 389 with value: 0.20599577644414407.
[I 2024-11-07 22:00:45,498] Trial 657 finished with value: 0.2762252199352003 and parameters: {'nodeNum_01': 400, 'leaking_rate_01': 0.08695026094870095, 'nodeNum_02': 400, 'leaking_rate_02': 0.3018373787659095, 'nodeNum_03': 600, 'leaking_rate_03': 0.015977650093386923, 'nodeNum_04': 400, 'leaking_rate_04': 0.2625350826790338, 'tikhonov_beta': 5.143785740726357e-08, 'intensity': 4.885251341262143}. Best is trial 389 with value: 0.20599577644414407.
[I 2024-11-07 22:06:51,000] Trial 677 finished with value: 0.22047960573473901 and parameters: {'nodeNum_01': 550, 'leaking_rate_01': 0.054907302599686854, 'nodeNum_02': 450, 'leaking_rate_02': 0.31220212772027195, 'nodeNum_03': 600, 'leaking_rate_03': 0.0016331925296027292, 'nodeNum_04': 600, 'leaking_rate_04': 0.1535494227678413, 'tikhonov_beta': 3.729591324100603e-08, 'intensity': 4.57705766491408}. Best is trial 670 with value: 0.20543669310415288.
[I 2024-11-07 22:12:49,556] Trial 697 finished with value: 13.81867017061913 and parameters: {'nodeNum_01': 600, 'leaking_rate_01': 0.5945151857167092, 'nodeNum_02': 450, 'leaking_rate_02': 0.40409223458533916, 'nodeNum_03': 600, 'leaking_rate_03': 0.012791185075389514, 'nodeNum_04': 600, 'leaking_rate_04': 0.13167233956998586, 'tikhonov_beta': 8.546310377698999e-08, 'intensity': 1.3814464159481308}. Best is trial 670 with value: 0.20543669310415288.
[I 2024-11-07 22:18:44,414] Trial 717 finished with value: 0.32013710016434704 and parameters: {'nodeNum_01': 400, 'leaking_rate_01': 0.12267711895344531, 'nodeNum_02': 450, 'leaking_rate_02': 0.642760419687124, 'nodeNum_03': 600, 'leaking_rate_03': 0.008380341853353663, 'nodeNum_04': 400, 'leaking_rate_04': 0.20134461577396387, 'tikhonov_beta': 6.452461210598463e-08, 'intensity': 4.783283981417698}. Best is trial 670 with value: 0.20543669310415288.
[I 2024-11-07 22:24:33,693] Trial 738 finished with value: 0.2163342619968221 and parameters: {'nodeNum_01': 400, 'leaking_rate_01': 0.09827823177973735, 'nodeNum_02': 400, 'leaking_rate_02': 0.6698775781207106, 'nodeNum_03': 550, 'leaking_rate_03': 0.011001893877336563, 'nodeNum_04': 400, 'leaking_rate_04': 0.23174467438575044, 'tikhonov_beta': 1.0004777882561502e-07, 'intensity': 4.8984160924953315}. Best is trial 670 with value: 0.20543669310415288.
[I 2024-11-07 22:30:21,939] Trial 758 finished with value: 0.21222637003179945 and parameters: {'nodeNum_01': 500, 'leaking_rate_01': 0.04651702642785349, 'nodeNum_02': 450, 'leaking_rate_02': 0.8199837028575698, 'nodeNum_03': 600, 'leaking_rate_03': 0.01895265296784353, 'nodeNum_04': 350, 'leaking_rate_04': 0.17135325408729657, 'tikhonov_beta': 3.2763035101085244e-08, 'intensity': 4.662745622421389}. Best is trial 670 with value: 0.20543669310415288.
[I 2024-11-07 22:36:04,581] Trial 778 finished with value: 0.2094723258397312 and parameters: {'nodeNum_01': 400, 'leaking_rate_01': 0.05141354858432005, 'nodeNum_02': 450, 'leaking_rate_02': 0.5731520222221833, 'nodeNum_03': 600, 'leaking_rate_03': 0.010889139750871088, 'nodeNum_04': 400, 'leaking_rate_04': 0.22390665961464298, 'tikhonov_beta': 4.2245470724697107e-08, 'intensity': 4.895531125208696}. Best is trial 670 with value: 0.20543669310415288.
[I 2024-11-07 22:41:43,692] Trial 798 finished with value: 0.2155508244489358 and parameters: {'nodeNum_01': 400, 'leaking_rate_01': 0.04823994700096772, 'nodeNum_02': 450, 'leaking_rate_02': 0.5572704822895205, 'nodeNum_03': 600, 'leaking_rate_03': 0.014961877627577032, 'nodeNum_04': 400, 'leaking_rate_04': 0.3129233020069048, 'tikhonov_beta': 5.630653097102368e-08, 'intensity': 2.4849754356626663}. Best is trial 670 with value: 0.20543669310415288.
[I 2024-11-07 22:47:30,416] Trial 818 finished with value: 0.21136905319985272 and parameters: {'nodeNum_01': 600, 'leaking_rate_01': 0.05679229196218865, 'nodeNum_02': 450, 'leaking_rate_02': 0.639397013242087, 'nodeNum_03': 600, 'leaking_rate_03': 0.016816981516585207, 'nodeNum_04': 400, 'leaking_rate_04': 0.2799315126509557, 'tikhonov_beta': 4.6334431963997614e-08, 'intensity': 4.989574021907085}. Best is trial 670 with value: 0.20543669310415288.
[I 2024-11-07 22:53:24,869] Trial 838 finished with value: 0.21136891730212984 and parameters: {'nodeNum_01': 600, 'leaking_rate_01': 0.027741542552656664, 'nodeNum_02': 450, 'leaking_rate_02': 0.7190790446185663, 'nodeNum_03': 600, 'leaking_rate_03': 0.011312003469840248, 'nodeNum_04': 400, 'leaking_rate_04': 0.40203463336816564, 'tikhonov_beta': 6.760296228028371e-08, 'intensity': 4.812944717583588}. Best is trial 670 with value: 0.20543669310415288.
[I 2024-11-07 22:59:22,343] Trial 858 finished with value: 0.2095352983454799 and parameters: {'nodeNum_01': 600, 'leaking_rate_01': 0.024420227400710377, 'nodeNum_02': 450, 'leaking_rate_02': 0.4976351559117125, 'nodeNum_03': 600, 'leaking_rate_03': 0.011590039116215891, 'nodeNum_04': 400, 'leaking_rate_04': 0.3544328789427665, 'tikhonov_beta': 3.777126798688107e-08, 'intensity': 4.775668711361054}. Best is trial 670 with value: 0.20543669310415288.
[I 2024-11-07 23:05:14,174] Trial 877 finished with value: 0.2137497313987057 and parameters: {'nodeNum_01': 500, 'leaking_rate_01': 0.044643474491277056, 'nodeNum_02': 450, 'leaking_rate_02': 0.2825973929042125, 'nodeNum_03': 500, 'leaking_rate_03': 0.013900827086235284, 'nodeNum_04': 400, 'leaking_rate_04': 0.5330905583942008, 'tikhonov_beta': 4.990847059033054e-08, 'intensity': 2.8863596735373758}. Best is trial 670 with value: 0.20543669310415288.
[I 2024-11-07 23:10:59,948] Trial 897 finished with value: 0.21516053906372218 and parameters: {'nodeNum_01': 600, 'leaking_rate_01': 0.01994592691309708, 'nodeNum_02': 500, 'leaking_rate_02': 0.34465920824373103, 'nodeNum_03': 550, 'leaking_rate_03': 0.021674556010248057, 'nodeNum_04': 400, 'leaking_rate_04': 0.2693979568226497, 'tikhonov_beta': 5.641724303115609e-08, 'intensity': 4.542702689685008}. Best is trial 670 with value: 0.20543669310415288.
[I 2024-11-07 23:16:46,205] Trial 917 finished with value: 0.21074698179053236 and parameters: {'nodeNum_01': 600, 'leaking_rate_01': 0.034259810828480494, 'nodeNum_02': 450, 'leaking_rate_02': 0.4254694477391981, 'nodeNum_03': 600, 'leaking_rate_03': 0.018203205937013394, 'nodeNum_04': 400, 'leaking_rate_04': 0.32612701123275506, 'tikhonov_beta': 8.586740442080312e-08, 'intensity': 4.902963451764284}. Best is trial 670 with value: 0.20543669310415288.
[I 2024-11-07 23:22:27,150] Trial 936 finished with value: 0.20942059767250112 and parameters: {'nodeNum_01': 450, 'leaking_rate_01': 0.05977010877063977, 'nodeNum_02': 450, 'leaking_rate_02': 0.5688257158972586, 'nodeNum_03': 600, 'leaking_rate_03': 0.016390023693756025, 'nodeNum_04': 400, 'leaking_rate_04': 0.3261486933595215, 'tikhonov_beta': 3.006698867883732e-08, 'intensity': 4.624264975706301}. Best is trial 670 with value: 0.20543669310415288.
