[I 2024-11-08 04:10:42,352] Trial 1930 finished with value: 0.20962247719859645 and parameters: {'nodeNum_01': 400, 'leaking_rate_01': 0.028994204571751996, 'nodeNum_02': 450, 'leaking_rate_02': 0.43630894242694923, 'nodeNum_03': 600, 'leaking_rate_03': 0.013234717668640235, 'nodeNum_04': 400, 'leaking_rate_04': 0.3018950022277082, 'tikhonov_beta': 9.336502579490833e-08, 'intensity': 4.804621347075111}. Best is trial 1212 with value: 0.20516948004852442.
[I 2024-11-08 04:16:28,501] Trial 1951 finished with value: 0.21063953794149257 and parameters: {'nodeNum_01': 400, 'leaking_rate_01': 0.035938609909761554, 'nodeNum_02': 450, 'leaking_rate_02': 0.6157619214041136, 'nodeNum_03': 600, 'leaking_rate_03': 0.014296767287766169, 'nodeNum_04': 450, 'leaking_rate_04': 0.15478051031542284, 'tikhonov_beta': 4.858896453128436e-08, 'intensity': 4.61294438871883}. Best is trial 1212 with value: 0.20516948004852442.
[I 2024-11-08 04:21:38,554] Trial 1971 finished with value: 0.2369149846857895 and parameters: {'nodeNum_01': 400, 'leaking_rate_01': 0.021899102287316917, 'nodeNum_02': 350, 'leaking_rate_02': 0.36778472418243624, 'nodeNum_03': 600, 'leaking_rate_03': 0.017165631943910062, 'nodeNum_04': 400, 'leaking_rate_04': 0.20548912742987505, 'tikhonov_beta': 1.9169596624100972e-08, 'intensity': 4.5151542109578395}. Best is trial 1212 with value: 0.20516948004852442.
[I 2024-11-08 04:24:54,112] Trial 1985 finished with value: 0.21320184454496707 and parameters: {'nodeNum_01': 600, 'leaking_rate_01': 0.04703981572006537, 'nodeNum_02': 500, 'leaking_rate_02': 0.5170483255038846, 'nodeNum_03': 600, 'leaking_rate_03': 0.022596548259110616, 'nodeNum_04': 400, 'leaking_rate_04': 0.26639438516201364, 'tikhonov_beta': 3.220038212969072e-08, 'intensity': 4.883345965321495}. Best is trial 1212 with value: 0.20516948004852442.
