[I 2024-11-08 04:01:14,653] Trial 1897 finished with value: 0.21076870113230622 and parameters: {'nodeNum_01': 400, 'leaking_rate_01': 0.041158370782254226, 'nodeNum_02': 450, 'leaking_rate_02': 0.861203611893058, 'nodeNum_03': 600, 'leaking_rate_03': 0.015636487683639694, 'nodeNum_04': 400, 'leaking_rate_04': 0.23395939432742094, 'tikhonov_beta': 7.06114355472708e-08, 'intensity': 4.713113883728405}. Best is trial 1212 with value: 0.20516948004852442.
[I 2024-11-08 04:07:00,205] Trial 1917 finished with value: 0.2164781602442052 and parameters: {'nodeNum_01': 400, 'leaking_rate_01': 0.0019088480899244404, 'nodeNum_02': 450, 'leaking_rate_02': 0.06245689293494317, 'nodeNum_03': 600, 'leaking_rate_03': 0.01872908521185093, 'nodeNum_04': 400, 'leaking_rate_04': 0.40265074147269164, 'tikhonov_beta': 3.396408274963467e-08, 'intensity': 4.825698499732291}. Best is trial 1212 with value: 0.20516948004852442.
[I 2024-11-08 04:12:47,771] Trial 1936 finished with value: 0.3393402903761058 and parameters: {'nodeNum_01': 450, 'leaking_rate_01': 0.029082046524040586, 'nodeNum_02': 450, 'leaking_rate_02': 0.44069116037058104, 'nodeNum_03': 600, 'leaking_rate_03': 0.013390068133649517, 'nodeNum_04': 450, 'leaking_rate_04': 0.2960380855227889, 'tikhonov_beta': 1.9789309307793842e-08, 'intensity': 4.8042847362745205}. Best is trial 1212 with value: 0.20516948004852442.
[I 2024-11-08 04:18:38,667] Trial 1956 finished with value: 0.2127468075202674 and parameters: {'nodeNum_01': 400, 'leaking_rate_01': 0.03578148985412883, 'nodeNum_02': 450, 'leaking_rate_02': 0.6320532794605441, 'nodeNum_03': 600, 'leaking_rate_03': 0.014839936034724024, 'nodeNum_04': 450, 'leaking_rate_04': 0.15336470567261537, 'tikhonov_beta': 4.815931411168894e-08, 'intensity': 4.9214200126817484}. Best is trial 1212 with value: 0.20516948004852442.
[I 2024-11-08 04:23:06,690] Trial 1976 finished with value: 0.21173767921520412 and parameters: {'nodeNum_01': 500, 'leaking_rate_01': 0.0716141346075565, 'nodeNum_02': 350, 'leaking_rate_02': 0.048410764988717284, 'nodeNum_03': 600, 'leaking_rate_03': 0.017116865534000898, 'nodeNum_04': 400, 'leaking_rate_04': 0.20702021739951168, 'tikhonov_beta': 3.4652236176278416e-08, 'intensity': 4.897558983530919}. Best is trial 1212 with value: 0.20516948004852442.
