[I 2024-11-08 04:02:40,581] Trial 1902 finished with value: 0.21357103908762104 and parameters: {'nodeNum_01': 400, 'leaking_rate_01': 0.04115742954423879, 'nodeNum_02': 450, 'leaking_rate_02': 0.8618115253023729, 'nodeNum_03': 600, 'leaking_rate_03': 0.018955152615738442, 'nodeNum_04': 400, 'leaking_rate_04': 0.2331009696859337, 'tikhonov_beta': 6.122172037518133e-08, 'intensity': 4.293830699290301}. Best is trial 1212 with value: 0.20516948004852442.
[I 2024-11-08 04:08:16,156] Trial 1921 finished with value: 0.21340546418929712 and parameters: {'nodeNum_01': 200, 'leaking_rate_01': 0.029427384164430432, 'nodeNum_02': 450, 'leaking_rate_02': 0.4269381030740357, 'nodeNum_03': 600, 'leaking_rate_03': 0.019604055821062616, 'nodeNum_04': 400, 'leaking_rate_04': 0.29581978697133915, 'tikhonov_beta': 2.5545790086094614e-08, 'intensity': 4.806788607396875}. Best is trial 1212 with value: 0.20516948004852442.
[I 2024-11-08 04:13:57,421] Trial 1941 finished with value: 0.21100479209735448 and parameters: {'nodeNum_01': 450, 'leaking_rate_01': 0.03670260030217472, 'nodeNum_02': 450, 'leaking_rate_02': 0.6210450157353411, 'nodeNum_03': 600, 'leaking_rate_03': 0.013488281255211839, 'nodeNum_04': 450, 'leaking_rate_04': 0.11655159039244618, 'tikhonov_beta': 1.016203282215623e-07, 'intensity': 4.993639880460175}. Best is trial 1212 with value: 0.20516948004852442.
[I 2024-11-08 04:19:35,641] Trial 1961 finished with value: 0.2135781916183646 and parameters: {'nodeNum_01': 400, 'leaking_rate_01': 0.018466976992542086, 'nodeNum_02': 450, 'leaking_rate_02': 0.6247870310395963, 'nodeNum_03': 600, 'leaking_rate_03': 0.006041987851405986, 'nodeNum_04': 400, 'leaking_rate_04': 0.2041146389955051, 'tikhonov_beta': 4.848259315897271e-08, 'intensity': 4.578056162593964}. Best is trial 1212 with value: 0.20516948004852442.
