[I 2024-11-08 04:02:47,409] Trial 1901 finished with value: 0.213500023162762 and parameters: {'nodeNum_01': 400, 'leaking_rate_01': 0.04148664697771171, 'nodeNum_02': 450, 'leaking_rate_02': 0.8917401753910957, 'nodeNum_03': 600, 'leaking_rate_03': 0.019393688624596707, 'nodeNum_04': 400, 'leaking_rate_04': 0.23452823908140896, 'tikhonov_beta': 6.152494872183576e-08, 'intensity': 4.711752571476211}. Best is trial 1212 with value: 0.20516948004852442.
[I 2024-11-08 04:08:28,217] Trial 1922 finished with value: 0.21982274099626345 and parameters: {'nodeNum_01': 450, 'leaking_rate_01': 0.029974603997854718, 'nodeNum_02': 450, 'leaking_rate_02': 0.5525482080214386, 'nodeNum_03': 600, 'leaking_rate_03': 0.004127024441306665, 'nodeNum_04': 400, 'leaking_rate_04': 0.29815416279266005, 'tikhonov_beta': 1.0086804042794522e-07, 'intensity': 4.803337942356855}. Best is trial 1212 with value: 0.20516948004852442.
[I 2024-11-08 04:14:06,182] Trial 1942 finished with value: 0.22376564280816608 and parameters: {'nodeNum_01': 400, 'leaking_rate_01': 0.02902444813392616, 'nodeNum_02': 450, 'leaking_rate_02': 0.5970741166413311, 'nodeNum_03': 450, 'leaking_rate_03': 0.013498661644774047, 'nodeNum_04': 500, 'leaking_rate_04': 0.11285724180967675, 'tikhonov_beta': 1.1165306915328668e-06, 'intensity': 4.614858795218367}. Best is trial 1212 with value: 0.20516948004852442.
[I 2024-11-08 04:19:45,278] Trial 1962 finished with value: 0.2099503535878882 and parameters: {'nodeNum_01': 400, 'leaking_rate_01': 0.03668206728715283, 'nodeNum_02': 450, 'leaking_rate_02': 0.6229617998621412, 'nodeNum_03': 600, 'leaking_rate_03': 0.01791953150974965, 'nodeNum_04': 400, 'leaking_rate_04': 0.15436370012010814, 'tikhonov_beta': 4.902063283066972e-08, 'intensity': 4.5949716474468945}. Best is trial 1212 with value: 0.20516948004852442.
