[I 2024-11-08 04:02:18,882] Trial 1900 finished with value: 0.21249077754404333 and parameters: {'nodeNum_01': 400, 'leaking_rate_01': 0.04193218238796952, 'nodeNum_02': 550, 'leaking_rate_02': 0.8669614244080914, 'nodeNum_03': 600, 'leaking_rate_03': 0.019205766207259764, 'nodeNum_04': 400, 'leaking_rate_04': 0.23924351654378442, 'tikhonov_beta': 6.397927018293145e-08, 'intensity': 4.278585428579727}. Best is trial 1212 with value: 0.20516948004852442.
[I 2024-11-08 04:08:05,804] Trial 1920 finished with value: 0.20830623874544055 and parameters: {'nodeNum_01': 450, 'leaking_rate_01': 0.02871251607272374, 'nodeNum_02': 450, 'leaking_rate_02': 0.2390050131441794, 'nodeNum_03': 600, 'leaking_rate_03': 0.019711631393060675, 'nodeNum_04': 400, 'leaking_rate_04': 0.2765102214821281, 'tikhonov_beta': 2.5863980219759326e-08, 'intensity': 4.8144899730253155}. Best is trial 1212 with value: 0.20516948004852442.
[I 2024-11-08 04:13:53,293] Trial 1940 finished with value: 0.21036767555363836 and parameters: {'nodeNum_01': 400, 'leaking_rate_01': 0.02908109200485336, 'nodeNum_02': 450, 'leaking_rate_02': 0.6256647676454052, 'nodeNum_03': 600, 'leaking_rate_03': 0.012949977782654814, 'nodeNum_04': 450, 'leaking_rate_04': 0.11265197843163621, 'tikhonov_beta': 1.0082915684093901e-07, 'intensity': 4.832756969567166}. Best is trial 1212 with value: 0.20516948004852442.
[I 2024-11-08 04:19:40,583] Trial 1960 finished with value: 0.230793450724386 and parameters: {'nodeNum_01': 400, 'leaking_rate_01': 0.03595220258444696, 'nodeNum_02': 450, 'leaking_rate_02': 0.6278131680792948, 'nodeNum_03': 600, 'leaking_rate_03': 0.15891769701006825, 'nodeNum_04': 400, 'leaking_rate_04': 0.20554147175033644, 'tikhonov_beta': 4.77311812176844e-08, 'intensity': 4.609000572590245}. Best is trial 1212 with value: 0.20516948004852442.
