[I 2024-11-08 04:06:38,989] Trial 1915 finished with value: 0.21827594359326394 and parameters: {'nodeNum_01': 400, 'leaking_rate_01': 0.03893329842281699, 'nodeNum_02': 450, 'leaking_rate_02': 0.5494979784358307, 'nodeNum_03': 600, 'leaking_rate_03': 0.004175421756052077, 'nodeNum_04': 400, 'leaking_rate_04': 0.287002290578139, 'tikhonov_beta': 3.430230101059904e-08, 'intensity': 4.731427041725141}. Best is trial 1212 with value: 0.20516948004852442.
[I 2024-11-08 04:12:28,011] Trial 1935 finished with value: 0.2087593261645061 and parameters: {'nodeNum_01': 450, 'leaking_rate_01': 0.03055193527697864, 'nodeNum_02': 450, 'leaking_rate_02': 0.4324850928526457, 'nodeNum_03': 600, 'leaking_rate_03': 0.013347894208811228, 'nodeNum_04': 400, 'leaking_rate_04': 0.1144090974799838, 'tikhonov_beta': 4.790630073724845e-08, 'intensity': 4.80506062922281}. Best is trial 1212 with value: 0.20516948004852442.
[I 2024-11-08 04:18:15,264] Trial 1955 finished with value: 0.21085147379457303 and parameters: {'nodeNum_01': 400, 'leaking_rate_01': 0.0358209677838467, 'nodeNum_02': 450, 'leaking_rate_02': 0.6340788140503372, 'nodeNum_03': 600, 'leaking_rate_03': 0.012001264504095343, 'nodeNum_04': 450, 'leaking_rate_04': 0.15845725403858088, 'tikhonov_beta': 2.000521473584967e-08, 'intensity': 4.996738726324968}. Best is trial 1212 with value: 0.20516948004852442.
[I 2024-11-08 04:22:48,540] Trial 1975 finished with value: 0.21334825300625668 and parameters: {'nodeNum_01': 600, 'leaking_rate_01': 0.022652559961259474, 'nodeNum_02': 350, 'leaking_rate_02': 0.36847990858680874, 'nodeNum_03': 600, 'leaking_rate_03': 0.01719955123199325, 'nodeNum_04': 400, 'leaking_rate_04': 0.20764843928835414, 'tikhonov_beta': 3.371968318002868e-08, 'intensity': 4.4821692085461615}. Best is trial 1212 with value: 0.20516948004852442.
