[I 2024-11-08 04:15:55,654] Trial 1947 finished with value: 0.21025666362686574 and parameters: {'nodeNum_01': 400, 'leaking_rate_01': 0.03608227888758512, 'nodeNum_02': 450, 'leaking_rate_02': 0.635975000057117, 'nodeNum_03': 600, 'leaking_rate_03': 0.014033773754270675, 'nodeNum_04': 450, 'leaking_rate_04': 0.11076497467674881, 'tikhonov_beta': 4.6614057037795144e-08, 'intensity': 4.594304025954692}. Best is trial 1212 with value: 0.20516948004852442.
[I 2024-11-08 04:21:19,107] Trial 1967 finished with value: 0.21005591909892377 and parameters: {'nodeNum_01': 400, 'leaking_rate_01': 0.01739560167244939, 'nodeNum_02': 350, 'leaking_rate_02': 0.35136093086260045, 'nodeNum_03': 600, 'leaking_rate_03': 0.01743194955396635, 'nodeNum_04': 400, 'leaking_rate_04': 0.20654089556360422, 'tikhonov_beta': 5.6118669306133594e-08, 'intensity': 4.913108390096086}. Best is trial 1212 with value: 0.20516948004852442.
[I 2024-11-08 04:24:53,639] Trial 1982 finished with value: 0.21001496836595865 and parameters: {'nodeNum_01': 600, 'leaking_rate_01': 0.05938467817486662, 'nodeNum_02': 500, 'leaking_rate_02': 0.5156914807428331, 'nodeNum_03': 600, 'leaking_rate_03': 0.0220155931068744, 'nodeNum_04': 400, 'leaking_rate_04': 0.21000841369319226, 'tikhonov_beta': 3.43277280838112e-08, 'intensity': 4.8837555135601205}. Best is trial 1212 with value: 0.20516948004852442.
[I 2024-11-08 04:27:27,517] Trial 1989 finished with value: 0.21151627783734334 and parameters: {'nodeNum_01': 600, 'leaking_rate_01': 0.04763531485046059, 'nodeNum_02': 450, 'leaking_rate_02': 0.5094056175397401, 'nodeNum_03': 550, 'leaking_rate_03': 0.01169451050646693, 'nodeNum_04': 400, 'leaking_rate_04': 0.26228095206577173, 'tikhonov_beta': 5.8532314330486956e-08, 'intensity': 4.6891708897188575}. Best is trial 1212 with value: 0.20516948004852442.
