[I 2024-11-08 04:03:58,228] Trial 1906 finished with value: 0.307054732230183 and parameters: {'nodeNum_01': 400, 'leaking_rate_01': 0.0403565561358598, 'nodeNum_02': 450, 'leaking_rate_02': 0.8955040439958235, 'nodeNum_03': 600, 'leaking_rate_03': 0.019846607410775704, 'nodeNum_04': 400, 'leaking_rate_04': 0.23695934858528683, 'tikhonov_beta': 1.8202102521175904e-09, 'intensity': 4.701882272388025}. Best is trial 1212 with value: 0.20516948004852442.
[I 2024-11-08 04:09:31,441] Trial 1926 finished with value: 0.2096656759488155 and parameters: {'nodeNum_01': 200, 'leaking_rate_01': 0.028911896567580354, 'nodeNum_02': 450, 'leaking_rate_02': 0.43227562419786353, 'nodeNum_03': 600, 'leaking_rate_03': 0.013447289679644774, 'nodeNum_04': 400, 'leaking_rate_04': 0.28541706346160217, 'tikhonov_beta': 9.901445552964093e-08, 'intensity': 4.811733357848061}. Best is trial 1212 with value: 0.20516948004852442.
[I 2024-11-08 04:15:05,740] Trial 1945 finished with value: 6.073884905443761 and parameters: {'nodeNum_01': 400, 'leaking_rate_01': 0.7331008859672117, 'nodeNum_02': 450, 'leaking_rate_02': 0.006444471282567516, 'nodeNum_03': 450, 'leaking_rate_03': 0.013374677583564884, 'nodeNum_04': 450, 'leaking_rate_04': 0.15936446213420297, 'tikhonov_beta': 4.694161366566158e-08, 'intensity': 4.991188034851049}. Best is trial 1212 with value: 0.20516948004852442.
[I 2024-11-08 04:20:32,671] Trial 1965 finished with value: 0.2089266044305971 and parameters: {'nodeNum_01': 400, 'leaking_rate_01': 0.018592685078939804, 'nodeNum_02': 450, 'leaking_rate_02': 0.5214158496504991, 'nodeNum_03': 600, 'leaking_rate_03': 0.017388705078719913, 'nodeNum_04': 400, 'leaking_rate_04': 0.20826842714495666, 'tikhonov_beta': 5.288360666898914e-08, 'intensity': 4.997816708602727}. Best is trial 1212 with value: 0.20516948004852442.
