[I 2024-11-08 04:11:08,836] Trial 1932 finished with value: 0.21255277740040143 and parameters: {'nodeNum_01': 400, 'leaking_rate_01': 0.03086495988125798, 'nodeNum_02': 450, 'leaking_rate_02': 0.4261461558792646, 'nodeNum_03': 600, 'leaking_rate_03': 0.012876587910528434, 'nodeNum_04': 400, 'leaking_rate_04': 0.11764619479691836, 'tikhonov_beta': 1.0060008648363062e-07, 'intensity': 4.81334430273818}. Best is trial 1212 with value: 0.20516948004852442.
[I 2024-11-08 04:16:53,181] Trial 1952 finished with value: 0.2095331629022576 and parameters: {'nodeNum_01': 400, 'leaking_rate_01': 0.0360313115396446, 'nodeNum_02': 450, 'leaking_rate_02': 0.6146867280252915, 'nodeNum_03': 600, 'leaking_rate_03': 0.014741738528978698, 'nodeNum_04': 450, 'leaking_rate_04': 0.11020938580250869, 'tikhonov_beta': 4.935884081167372e-08, 'intensity': 4.9890861470507994}. Best is trial 1212 with value: 0.20516948004852442.
[I 2024-11-08 04:21:53,569] Trial 1972 finished with value: 0.31548125214149075 and parameters: {'nodeNum_01': 400, 'leaking_rate_01': 0.07193859638780148, 'nodeNum_02': 500, 'leaking_rate_02': 0.34632103818555876, 'nodeNum_03': 600, 'leaking_rate_03': 0.017470921273241125, 'nodeNum_04': 400, 'leaking_rate_04': 0.2106707159193344, 'tikhonov_beta': 3.139134661690579e-08, 'intensity': 4.466569728390635}. Best is trial 1212 with value: 0.20516948004852442.
[I 2024-11-08 04:25:06,478] Trial 1986 finished with value: 0.22246870707273694 and parameters: {'nodeNum_01': 600, 'leaking_rate_01': 0.046830024359457725, 'nodeNum_02': 450, 'leaking_rate_02': 0.5238842638842679, 'nodeNum_03': 600, 'leaking_rate_03': 0.014911677906108568, 'nodeNum_04': 400, 'leaking_rate_04': 0.02692168779245651, 'tikhonov_beta': 3.33997798710613e-08, 'intensity': 4.874131602168451}. Best is trial 1212 with value: 0.20516948004852442.
