[I 2024-11-08 04:36:38,338] Trial 1996 finished with value: 0.26352394755450265 and parameters: {'nodeNum_01': 350, 'leaking_rate_01': 0.024428474966825597, 'nodeNum_02': 450, 'leaking_rate_02': 0.0018635762420974188, 'nodeNum_03': 600, 'leaking_rate_03': 0.011523227493663864, 'nodeNum_04': 400, 'leaking_rate_04': 0.005471215650707608, 'tikhonov_beta': 3.9438205825505196e-08, 'intensity': 4.8194346739709735}. Best is trial 1212 with value: 0.20516948004852442.
[I 2024-11-08 04:39:04,847] Trial 1997 finished with value: 0.21343894733329155 and parameters: {'nodeNum_01': 400, 'leaking_rate_01': 0.05836043212925777, 'nodeNum_02': 450, 'leaking_rate_02': 0.7596272531803555, 'nodeNum_03': 600, 'leaking_rate_03': 0.014656410326588985, 'nodeNum_04': 400, 'leaking_rate_04': 0.7356272384247127, 'tikhonov_beta': 2.7872776730255624e-08, 'intensity': 4.828313838830724}. Best is trial 1212 with value: 0.20516948004852442.
[I 2024-11-08 04:41:28,735] Trial 1998 finished with value: 0.20812898456579385 and parameters: {'nodeNum_01': 400, 'leaking_rate_01': 0.030842467887710612, 'nodeNum_02': 450, 'leaking_rate_02': 0.48748861497579615, 'nodeNum_03': 400, 'leaking_rate_03': 0.015230694249319797, 'nodeNum_04': 400, 'leaking_rate_04': 0.1803763773412628, 'tikhonov_beta': 5.84844927447114e-08, 'intensity': 4.664337736416149}. Best is trial 1212 with value: 0.20516948004852442.
[I 2024-11-08 04:43:56,281] Trial 1999 finished with value: 0.21319002494500716 and parameters: {'nodeNum_01': 400, 'leaking_rate_01': 0.04570344136637885, 'nodeNum_02': 450, 'leaking_rate_02': 0.08070850662904089, 'nodeNum_03': 600, 'leaking_rate_03': 0.008567442551515753, 'nodeNum_04': 400, 'leaking_rate_04': 0.2611045398565644, 'tikhonov_beta': 4.1523456934249376e-08, 'intensity': 4.8295235641049565}. Best is trial 1212 with value: 0.20516948004852442.
