[I 2024-11-08 04:06:20,431] Trial 1914 finished with value: 0.21005932647137268 and parameters: {'nodeNum_01': 400, 'leaking_rate_01': 0.041246422004553016, 'nodeNum_02': 300, 'leaking_rate_02': 0.5440880767382157, 'nodeNum_03': 600, 'leaking_rate_03': 0.019604448615217242, 'nodeNum_04': 400, 'leaking_rate_04': 0.4168927349584171, 'tikhonov_beta': 2.5628169707683253e-08, 'intensity': 4.724162155957394}. Best is trial 1212 with value: 0.20516948004852442.
[I 2024-11-08 04:11:55,808] Trial 1934 finished with value: 0.2139625126752259 and parameters: {'nodeNum_01': 450, 'leaking_rate_01': 0.02887753112486334, 'nodeNum_02': 450, 'leaking_rate_02': 0.44194892379223244, 'nodeNum_03': 250, 'leaking_rate_03': 0.013315818439375359, 'nodeNum_04': 400, 'leaking_rate_04': 0.49905171763202, 'tikhonov_beta': 4.7793305656818945e-08, 'intensity': 4.014330191001321}. Best is trial 1212 with value: 0.20516948004852442.
[I 2024-11-08 04:17:42,237] Trial 1953 finished with value: 0.21509930509016642 and parameters: {'nodeNum_01': 400, 'leaking_rate_01': 0.018284739976500604, 'nodeNum_02': 450, 'leaking_rate_02': 0.6158495727374909, 'nodeNum_03': 600, 'leaking_rate_03': 0.006304167627001285, 'nodeNum_04': 450, 'leaking_rate_04': 0.20741745422447946, 'tikhonov_beta': 4.610440761070765e-08, 'intensity': 4.993006458764653}. Best is trial 1212 with value: 0.20516948004852442.
[I 2024-11-08 04:22:29,916] Trial 1973 finished with value: 3.6051337454377577 and parameters: {'nodeNum_01': 400, 'leaking_rate_01': 0.4589343748380539, 'nodeNum_02': 350, 'leaking_rate_02': 0.36411780932447313, 'nodeNum_03': 600, 'leaking_rate_03': 0.017737706375044612, 'nodeNum_04': 400, 'leaking_rate_04': 0.2065612409236945, 'tikhonov_beta': 1.9208129639691266e-08, 'intensity': 4.894165958548058}. Best is trial 1212 with value: 0.20516948004852442.
