[I 2024-11-08 04:10:11,389] Trial 1927 finished with value: 0.20877622030556955 and parameters: {'nodeNum_01': 200, 'leaking_rate_01': 0.028745366834705615, 'nodeNum_02': 450, 'leaking_rate_02': 0.43217452292447006, 'nodeNum_03': 600, 'leaking_rate_03': 0.013475985367188302, 'nodeNum_04': 400, 'leaking_rate_04': 0.29288507382909057, 'tikhonov_beta': 3.3404450759948415e-08, 'intensity': 4.810041116324549}. Best is trial 1212 with value: 0.20516948004852442.
[I 2024-11-08 04:16:00,497] Trial 1948 finished with value: 0.22261770934490335 and parameters: {'nodeNum_01': 400, 'leaking_rate_01': 0.01823860887502489, 'nodeNum_02': 450, 'leaking_rate_02': 0.6224618625310506, 'nodeNum_03': 600, 'leaking_rate_03': 0.006222298219912915, 'nodeNum_04': 500, 'leaking_rate_04': 0.1182712689248404, 'tikhonov_beta': 4.735211187607861e-08, 'intensity': 3.1919620247627356}. Best is trial 1212 with value: 0.20516948004852442.
[I 2024-11-08 04:21:17,837] Trial 1968 finished with value: 0.25944665406685335 and parameters: {'nodeNum_01': 400, 'leaking_rate_01': 0.03580361348250415, 'nodeNum_02': 350, 'leaking_rate_02': 0.36070075208068586, 'nodeNum_03': 600, 'leaking_rate_03': 0.017652041320294368, 'nodeNum_04': 400, 'leaking_rate_04': 0.20923762925891673, 'tikhonov_beta': 1.9683392736891848e-08, 'intensity': 4.517780866150898}. Best is trial 1212 with value: 0.20516948004852442.
[I 2024-11-08 04:24:46,067] Trial 1981 finished with value: 0.2104361571457677 and parameters: {'nodeNum_01': 600, 'leaking_rate_01': 0.06889763167331613, 'nodeNum_02': 500, 'leaking_rate_02': 0.5441543253171471, 'nodeNum_03': 600, 'leaking_rate_03': 0.021820439821748763, 'nodeNum_04': 400, 'leaking_rate_04': 0.20438686333543843, 'tikhonov_beta': 3.201706951357746e-08, 'intensity': 4.8812128929783976}. Best is trial 1212 with value: 0.20516948004852442.
