[I 2024-11-08 04:02:02,109] Trial 1899 finished with value: 0.22785532278245746 and parameters: {'nodeNum_01': 400, 'leaking_rate_01': 0.0412682238457489, 'nodeNum_02': 450, 'leaking_rate_02': 0.5506256266407548, 'nodeNum_03': 600, 'leaking_rate_03': 0.015852174592389186, 'nodeNum_04': 400, 'leaking_rate_04': 0.223336856890712, 'tikhonov_beta': 6.432365295975486e-08, 'intensity': 0.9741892642393273}. Best is trial 1212 with value: 0.20516948004852442.
[I 2024-11-08 04:07:38,643] Trial 1919 finished with value: 0.20960636052670625 and parameters: {'nodeNum_01': 450, 'leaking_rate_01': 0.028728914721767952, 'nodeNum_02': 300, 'leaking_rate_02': 0.43087377186692843, 'nodeNum_03': 600, 'leaking_rate_03': 0.019629820257958806, 'nodeNum_04': 400, 'leaking_rate_04': 0.402518526979884, 'tikhonov_beta': 3.232030228927327e-08, 'intensity': 4.796098657550221}. Best is trial 1212 with value: 0.20516948004852442.
[I 2024-11-08 04:13:18,744] Trial 1939 finished with value: 0.2088480332191918 and parameters: {'nodeNum_01': 400, 'leaking_rate_01': 0.029009909664287983, 'nodeNum_02': 450, 'leaking_rate_02': 0.4330564881887927, 'nodeNum_03': 600, 'leaking_rate_03': 0.013419426044332574, 'nodeNum_04': 450, 'leaking_rate_04': 0.11848358064886223, 'tikhonov_beta': 1.0087125003737608e-07, 'intensity': 4.838339542768798}. Best is trial 1212 with value: 0.20516948004852442.
[I 2024-11-08 04:19:00,332] Trial 1958 finished with value: 0.20905211509525842 and parameters: {'nodeNum_01': 400, 'leaking_rate_01': 0.036221863878147034, 'nodeNum_02': 450, 'leaking_rate_02': 0.6303829357338444, 'nodeNum_03': 600, 'leaking_rate_03': 0.01179703074560289, 'nodeNum_04': 450, 'leaking_rate_04': 0.15901032192278788, 'tikhonov_beta': 5.0824987580882066e-08, 'intensity': 4.934306494176813}. Best is trial 1212 with value: 0.20516948004852442.
