[I 2024-11-08 04:08:40,798] Trial 1923 finished with value: 0.20793710505725974 and parameters: {'nodeNum_01': 450, 'leaking_rate_01': 0.028663003276678183, 'nodeNum_02': 450, 'leaking_rate_02': 0.4311959443812878, 'nodeNum_03': 600, 'leaking_rate_03': 0.013486668832028374, 'nodeNum_04': 400, 'leaking_rate_04': 0.40827063482165, 'tikhonov_beta': 2.598004333016294e-08, 'intensity': 4.770752147158581}. Best is trial 1212 with value: 0.20516948004852442.
[I 2024-11-08 04:14:25,793] Trial 1943 finished with value: 1.7072533112472086 and parameters: {'nodeNum_01': 400, 'leaking_rate_01': 0.20021487828070628, 'nodeNum_02': 450, 'leaking_rate_02': 0.6243190711863805, 'nodeNum_03': 600, 'leaking_rate_03': 0.01339760480606004, 'nodeNum_04': 450, 'leaking_rate_04': 0.5078823529618618, 'tikhonov_beta': 4.833151076771452e-08, 'intensity': 4.99568183213021}. Best is trial 1212 with value: 0.20516948004852442.
[I 2024-11-08 04:20:04,364] Trial 1963 finished with value: 0.20861922671304245 and parameters: {'nodeNum_01': 400, 'leaking_rate_01': 0.035536276520490864, 'nodeNum_02': 450, 'leaking_rate_02': 0.6127811014575468, 'nodeNum_03': 600, 'leaking_rate_03': 0.017527151281084, 'nodeNum_04': 400, 'leaking_rate_04': 0.15980661156804077, 'tikhonov_beta': 4.803648552932334e-08, 'intensity': 4.601241802651546}. Best is trial 1212 with value: 0.20516948004852442.
[I 2024-11-08 04:23:51,340] Trial 1979 finished with value: 0.2132411248952145 and parameters: {'nodeNum_01': 600, 'leaking_rate_01': 0.02224795219734949, 'nodeNum_02': 350, 'leaking_rate_02': 0.35586260905507666, 'nodeNum_03': 350, 'leaking_rate_03': 0.01709785604139503, 'nodeNum_04': 400, 'leaking_rate_04': 0.19994466697888955, 'tikhonov_beta': 3.335241003316647e-08, 'intensity': 4.440492725734276}. Best is trial 1212 with value: 0.20516948004852442.
