[I 2024-11-08 04:24:59,850] Trial 1983 finished with value: 0.21307295399599607 and parameters: {'nodeNum_01': 600, 'leaking_rate_01': 0.022215740374921262, 'nodeNum_02': 500, 'leaking_rate_02': 0.4922332983649862, 'nodeNum_03': 600, 'leaking_rate_03': 0.008408303508552682, 'nodeNum_04': 400, 'leaking_rate_04': 0.26137076893260025, 'tikhonov_beta': 3.369743874456072e-08, 'intensity': 4.878507683541949}. Best is trial 1212 with value: 0.20516948004852442.
[I 2024-11-08 04:27:33,085] Trial 1990 finished with value: 0.21026338528213853 and parameters: {'nodeNum_01': 550, 'leaking_rate_01': 0.0529909243210809, 'nodeNum_02': 450, 'leaking_rate_02': 0.513588746728726, 'nodeNum_03': 550, 'leaking_rate_03': 0.011515193110477526, 'nodeNum_04': 400, 'leaking_rate_04': 0.2581804221313937, 'tikhonov_beta': 5.989351807621929e-08, 'intensity': 4.700123568551164}. Best is trial 1212 with value: 0.20516948004852442.
[I 2024-11-08 04:29:59,880] Trial 1992 finished with value: 0.2088781854964587 and parameters: {'nodeNum_01': 400, 'leaking_rate_01': 0.05780483491558044, 'nodeNum_02': 450, 'leaking_rate_02': 0.4930199629543735, 'nodeNum_03': 600, 'leaking_rate_03': 0.015128994801338851, 'nodeNum_04': 400, 'leaking_rate_04': 0.3385873376091198, 'tikhonov_beta': 5.813209022714944e-08, 'intensity': 4.6760857382257575}. Best is trial 1212 with value: 0.20516948004852442.
[I 2024-11-08 04:32:26,873] Trial 1994 finished with value: 0.22755154810528563 and parameters: {'nodeNum_01': 400, 'leaking_rate_01': 0.015085671768386268, 'nodeNum_02': 450, 'leaking_rate_02': 0.0022251599472353375, 'nodeNum_03': 600, 'leaking_rate_03': 0.015076840992900298, 'nodeNum_04': 400, 'leaking_rate_04': 0.17485910049929776, 'tikhonov_beta': 4.1032286145815225e-08, 'intensity': 4.738315074679155}. Best is trial 1212 with value: 0.20516948004852442.
