[I 2024-11-08 04:10:41,621] Trial 1931 finished with value: 0.20737956621418674 and parameters: {'nodeNum_01': 200, 'leaking_rate_01': 0.028375472347084027, 'nodeNum_02': 450, 'leaking_rate_02': 0.44103902131669687, 'nodeNum_03': 600, 'leaking_rate_03': 0.01372925699351591, 'nodeNum_04': 400, 'leaking_rate_04': 0.3152202972352523, 'tikhonov_beta': 2.515286954126723e-08, 'intensity': 4.796079329935588}. Best is trial 1212 with value: 0.20516948004852442.
[I 2024-11-08 04:16:24,725] Trial 1950 finished with value: 0.21451834276597054 and parameters: {'nodeNum_01': 400, 'leaking_rate_01': 0.03602189154804889, 'nodeNum_02': 450, 'leaking_rate_02': 0.6280028300985141, 'nodeNum_03': 600, 'leaking_rate_03': 0.037313221165702355, 'nodeNum_04': 450, 'leaking_rate_04': 0.15771741220135155, 'tikhonov_beta': 4.8354347639745237e-08, 'intensity': 4.993036460720926}. Best is trial 1212 with value: 0.20516948004852442.
[I 2024-11-08 04:21:36,851] Trial 1970 finished with value: 0.5291987567678463 and parameters: {'nodeNum_01': 400, 'leaking_rate_01': 0.06865135619257116, 'nodeNum_02': 500, 'leaking_rate_02': 0.3762738810219417, 'nodeNum_03': 600, 'leaking_rate_03': 0.017461993055803156, 'nodeNum_04': 400, 'leaking_rate_04': 0.20272579999776164, 'tikhonov_beta': 1.9969812999023893e-08, 'intensity': 4.91147011234449}. Best is trial 1212 with value: 0.20516948004852442.
[I 2024-11-08 04:24:59,460] Trial 1984 finished with value: 0.21317847916155172 and parameters: {'nodeNum_01': 600, 'leaking_rate_01': 0.02144790406308413, 'nodeNum_02': 500, 'leaking_rate_02': 0.5153267496369509, 'nodeNum_03': 600, 'leaking_rate_03': 0.02104627759185529, 'nodeNum_04': 400, 'leaking_rate_04': 0.09329031477848239, 'tikhonov_beta': 3.454157754144766e-08, 'intensity': 4.447795567334419}. Best is trial 1212 with value: 0.20516948004852442.
