[I 2024-11-07 18:52:09,052] Using an existing study with name 'reproduct_sample09' instead of creating a new one.
[I 2024-11-07 18:57:00,669] Trial 6 finished with value: 0.958420796378668 and parameters: {'nodeNum_01': 550, 'leaking_rate_01': 0.06680638481352966, 'nodeNum_02': 250, 'leaking_rate_02': 0.1316201641472376, 'nodeNum_03': 450, 'leaking_rate_03': 0.040696622367094676, 'nodeNum_04': 400, 'leaking_rate_04': 0.6208020019243441, 'tikhonov_beta': 1.4838909117135262e-09, 'intensity': 1.826182782605326}. Best is trial 1 with value: 0.2525442193697721.
[I 2024-11-07 19:02:22,758] Trial 26 finished with value: 0.2819208684770069 and parameters: {'nodeNum_01': 400, 'leaking_rate_01': 0.003849491700362121, 'nodeNum_02': 250, 'leaking_rate_02': 0.461946904888323, 'nodeNum_03': 250, 'leaking_rate_03': 0.0022635132219159574, 'nodeNum_04': 400, 'leaking_rate_04': 0.005106715440935376, 'tikhonov_beta': 2.3735857614275975e-08, 'intensity': 3.37649180201135}. Best is trial 25 with value: 0.22288089504396397.
[I 2024-11-07 19:08:23,395] Trial 46 finished with value: 0.23809593102711915 and parameters: {'nodeNum_01': 600, 'leaking_rate_01': 0.009039927671210675, 'nodeNum_02': 300, 'leaking_rate_02': 0.8251774307579717, 'nodeNum_03': 600, 'leaking_rate_03': 0.12588262846527143, 'nodeNum_04': 550, 'leaking_rate_04': 0.2709814711229889, 'tikhonov_beta': 5.471851613004969e-07, 'intensity': 2.6532998151605085}. Best is trial 44 with value: 0.2220072375203437.
[I 2024-11-07 19:14:14,568] Trial 67 finished with value: 0.2277162043355108 and parameters: {'nodeNum_01': 550, 'leaking_rate_01': 0.00135089962179048, 'nodeNum_02': 600, 'leaking_rate_02': 0.05220901732526518, 'nodeNum_03': 350, 'leaking_rate_03': 0.024599487441530607, 'nodeNum_04': 500, 'leaking_rate_04': 0.46941379567074326, 'tikhonov_beta': 2.7097755818381456e-07, 'intensity': 4.067591310601971}. Best is trial 57 with value: 0.2179151496612292.
[I 2024-11-07 19:19:43,241] Trial 86 finished with value: 0.2220335057055507 and parameters: {'nodeNum_01': 350, 'leaking_rate_01': 0.003834953212724033, 'nodeNum_02': 200, 'leaking_rate_02': 0.13975312286553973, 'nodeNum_03': 400, 'leaking_rate_03': 0.04503392262783234, 'nodeNum_04': 400, 'leaking_rate_04': 0.1356713812574517, 'tikhonov_beta': 6.830838398452548e-08, 'intensity': 4.551954257147691}. Best is trial 57 with value: 0.2179151496612292.
[I 2024-11-07 19:25:07,450] Trial 106 finished with value: 0.22652015509033657 and parameters: {'nodeNum_01': 350, 'leaking_rate_01': 0.0044959775463556725, 'nodeNum_02': 200, 'leaking_rate_02': 0.24301554923325755, 'nodeNum_03': 400, 'leaking_rate_03': 0.0837907702927014, 'nodeNum_04': 150, 'leaking_rate_04': 0.09463454769700448, 'tikhonov_beta': 4.2227020986645296e-08, 'intensity': 4.272791561874315}. Best is trial 97 with value: 0.21526481779577486.
[I 2024-11-07 19:30:28,869] Trial 126 finished with value: 0.22083776758582777 and parameters: {'nodeNum_01': 200, 'leaking_rate_01': 0.005241905996157826, 'nodeNum_02': 150, 'leaking_rate_02': 0.20996721063471033, 'nodeNum_03': 450, 'leaking_rate_03': 0.06533785673493915, 'nodeNum_04': 200, 'leaking_rate_04': 0.18655882344859034, 'tikhonov_beta': 1.5042883113202128e-07, 'intensity': 3.39317355136021}. Best is trial 97 with value: 0.21526481779577486.
[I 2024-11-07 19:35:47,790] Trial 146 finished with value: 0.22206785457221898 and parameters: {'nodeNum_01': 250, 'leaking_rate_01': 0.0029045837802136702, 'nodeNum_02': 250, 'leaking_rate_02': 0.09896243191794336, 'nodeNum_03': 400, 'leaking_rate_03': 0.012843803608719664, 'nodeNum_04': 200, 'leaking_rate_04': 0.1961867389662588, 'tikhonov_beta': 2.6119925196675254e-08, 'intensity': 2.987729806788856}. Best is trial 97 with value: 0.21526481779577486.
[I 2024-11-07 19:41:17,326] Trial 166 finished with value: 1.6159241918403873 and parameters: {'nodeNum_01': 300, 'leaking_rate_01': 0.17693977545206774, 'nodeNum_02': 200, 'leaking_rate_02': 0.1620019455555606, 'nodeNum_03': 500, 'leaking_rate_03': 0.03692715282731569, 'nodeNum_04': 250, 'leaking_rate_04': 0.22527422338509762, 'tikhonov_beta': 1.660471425630621e-08, 'intensity': 3.5731799850380623}. Best is trial 151 with value: 0.21394422899201615.
[I 2024-11-07 19:46:43,461] Trial 186 finished with value: 0.6590036471635184 and parameters: {'nodeNum_01': 300, 'leaking_rate_01': 0.02954455973889134, 'nodeNum_02': 250, 'leaking_rate_02': 0.07069918356584384, 'nodeNum_03': 400, 'leaking_rate_03': 0.008186043272481621, 'nodeNum_04': 150, 'leaking_rate_04': 0.31347297711764627, 'tikhonov_beta': 2.418005329812133e-09, 'intensity': 4.881580549115566}. Best is trial 172 with value: 0.21026677483052886.
[I 2024-11-07 19:52:13,705] Trial 206 finished with value: 0.21816637254682097 and parameters: {'nodeNum_01': 250, 'leaking_rate_01': 0.006352585471340715, 'nodeNum_02': 250, 'leaking_rate_02': 0.08515189983227688, 'nodeNum_03': 550, 'leaking_rate_03': 0.014933572575793919, 'nodeNum_04': 300, 'leaking_rate_04': 0.15305882274189184, 'tikhonov_beta': 5.1095742678828443e-08, 'intensity': 4.105058745858704}. Best is trial 194 with value: 0.2079221796202857.
[I 2024-11-07 19:57:46,842] Trial 226 finished with value: 0.22123962720046 and parameters: {'nodeNum_01': 150, 'leaking_rate_01': 0.01676888502850575, 'nodeNum_02': 300, 'leaking_rate_02': 0.00895619115406239, 'nodeNum_03': 550, 'leaking_rate_03': 0.040686537778494195, 'nodeNum_04': 350, 'leaking_rate_04': 0.1367803539125085, 'tikhonov_beta': 7.665224659102839e-08, 'intensity': 3.7139746438280055}. Best is trial 194 with value: 0.2079221796202857.
[I 2024-11-07 20:03:18,372] Trial 245 finished with value: 0.2176060681190152 and parameters: {'nodeNum_01': 150, 'leaking_rate_01': 0.022858904216619437, 'nodeNum_02': 250, 'leaking_rate_02': 0.1177681760066982, 'nodeNum_03': 550, 'leaking_rate_03': 0.020241625390798997, 'nodeNum_04': 350, 'leaking_rate_04': 0.2557820372548849, 'tikhonov_beta': 6.806636444685643e-08, 'intensity': 4.971680008669031}. Best is trial 194 with value: 0.2079221796202857.
[I 2024-11-07 20:08:45,909] Trial 265 finished with value: 7.130832762933633 and parameters: {'nodeNum_01': 150, 'leaking_rate_01': 0.009273953061130675, 'nodeNum_02': 250, 'leaking_rate_02': 0.1152116827463634, 'nodeNum_03': 550, 'leaking_rate_03': 0.02296898446253354, 'nodeNum_04': 300, 'leaking_rate_04': 0.1745392539125989, 'tikhonov_beta': 2.0832929475750427e-08, 'intensity': 4.519319262059597}. Best is trial 194 with value: 0.2079221796202857.
[I 2024-11-07 20:14:17,208] Trial 285 finished with value: 0.2128153499603449 and parameters: {'nodeNum_01': 150, 'leaking_rate_01': 0.0253130134808432, 'nodeNum_02': 350, 'leaking_rate_02': 0.1399819475592358, 'nodeNum_03': 600, 'leaking_rate_03': 0.023934817334088886, 'nodeNum_04': 400, 'leaking_rate_04': 0.20787037976508285, 'tikhonov_beta': 4.3536415420503204e-08, 'intensity': 4.589179165729242}. Best is trial 194 with value: 0.2079221796202857.
[I 2024-11-07 20:19:54,376] Trial 305 finished with value: 0.21885235264517014 and parameters: {'nodeNum_01': 150, 'leaking_rate_01': 0.040670669138260625, 'nodeNum_02': 350, 'leaking_rate_02': 0.145070317974163, 'nodeNum_03': 600, 'leaking_rate_03': 0.028763922007412977, 'nodeNum_04': 400, 'leaking_rate_04': 0.20553578316735796, 'tikhonov_beta': 3.559768796866085e-08, 'intensity': 4.428642716794082}. Best is trial 194 with value: 0.2079221796202857.
[I 2024-11-07 20:25:27,220] Trial 325 finished with value: 0.21166709637969316 and parameters: {'nodeNum_01': 150, 'leaking_rate_01': 0.04117276734976126, 'nodeNum_02': 350, 'leaking_rate_02': 0.17484083562417033, 'nodeNum_03': 600, 'leaking_rate_03': 0.018798083484651763, 'nodeNum_04': 450, 'leaking_rate_04': 0.38814720476509657, 'tikhonov_beta': 3.2697560408423245e-08, 'intensity': 4.396742679817042}. Best is trial 194 with value: 0.2079221796202857.
[I 2024-11-07 20:31:04,993] Trial 345 finished with value: 0.2199054063943232 and parameters: {'nodeNum_01': 200, 'leaking_rate_01': 0.048563409353170155, 'nodeNum_02': 400, 'leaking_rate_02': 0.18125295536954, 'nodeNum_03': 600, 'leaking_rate_03': 0.014501389809499868, 'nodeNum_04': 450, 'leaking_rate_04': 0.37729653060106566, 'tikhonov_beta': 2.6417381875901177e-08, 'intensity': 4.3334651955649255}. Best is trial 194 with value: 0.2079221796202857.
[I 2024-11-07 20:36:30,300] Trial 365 finished with value: 0.2165621117473921 and parameters: {'nodeNum_01': 150, 'leaking_rate_01': 0.057241624489805056, 'nodeNum_02': 350, 'leaking_rate_02': 0.201298296970797, 'nodeNum_03': 250, 'leaking_rate_03': 0.01466167293471628, 'nodeNum_04': 450, 'leaking_rate_04': 0.7098301040349133, 'tikhonov_beta': 2.9252219096572625e-08, 'intensity': 4.4947056572141095}. Best is trial 194 with value: 0.2079221796202857.
[I 2024-11-07 20:42:07,262] Trial 383 finished with value: 0.21443796786439534 and parameters: {'nodeNum_01': 150, 'leaking_rate_01': 0.03731961708821434, 'nodeNum_02': 500, 'leaking_rate_02': 0.12558459689654103, 'nodeNum_03': 600, 'leaking_rate_03': 0.02123313096180088, 'nodeNum_04': 250, 'leaking_rate_04': 0.32881263275211564, 'tikhonov_beta': 3.8247769538556765e-08, 'intensity': 4.852217884854221}. Best is trial 194 with value: 0.2079221796202857.
[I 2024-11-07 20:48:06,110] Trial 403 finished with value: 0.21358660432181764 and parameters: {'nodeNum_01': 150, 'leaking_rate_01': 0.02813168062483786, 'nodeNum_02': 300, 'leaking_rate_02': 0.09400046891626536, 'nodeNum_03': 600, 'leaking_rate_03': 0.024362984120952887, 'nodeNum_04': 250, 'leaking_rate_04': 0.3585076511014917, 'tikhonov_beta': 3.3934219819329674e-08, 'intensity': 4.906128382229315}. Best is trial 389 with value: 0.20599577644414407.
[I 2024-11-07 20:54:11,814] Trial 423 finished with value: 0.2194792104855363 and parameters: {'nodeNum_01': 150, 'leaking_rate_01': 0.033836855557602664, 'nodeNum_02': 350, 'leaking_rate_02': 0.09511705854990175, 'nodeNum_03': 600, 'leaking_rate_03': 0.018285568991757647, 'nodeNum_04': 250, 'leaking_rate_04': 0.2664625576235281, 'tikhonov_beta': 5.369531779785966e-08, 'intensity': 2.3425823470286455}. Best is trial 389 with value: 0.20599577644414407.
[I 2024-11-07 21:00:11,889] Trial 446 finished with value: 0.2120083385309776 and parameters: {'nodeNum_01': 400, 'leaking_rate_01': 0.011583651353548163, 'nodeNum_02': 350, 'leaking_rate_02': 0.1574497524791673, 'nodeNum_03': 600, 'leaking_rate_03': 0.017767297394193454, 'nodeNum_04': 450, 'leaking_rate_04': 0.07303899244226357, 'tikhonov_beta': 5.172626998926803e-08, 'intensity': 4.734710197732208}. Best is trial 389 with value: 0.20599577644414407.
[I 2024-11-07 21:06:04,791] Trial 466 finished with value: 0.2101245875624299 and parameters: {'nodeNum_01': 450, 'leaking_rate_01': 0.051337236222542326, 'nodeNum_02': 350, 'leaking_rate_02': 0.2808541961390141, 'nodeNum_03': 600, 'leaking_rate_03': 0.01616200029293288, 'nodeNum_04': 450, 'leaking_rate_04': 0.2848786540643084, 'tikhonov_beta': 5.941356875249513e-08, 'intensity': 4.768947016069185}. Best is trial 389 with value: 0.20599577644414407.
[I 2024-11-07 21:11:52,113] Trial 486 finished with value: 0.3223847566070758 and parameters: {'nodeNum_01': 450, 'leaking_rate_01': 0.11762393192675688, 'nodeNum_02': 350, 'leaking_rate_02': 0.3425322837248141, 'nodeNum_03': 600, 'leaking_rate_03': 0.010720756902852542, 'nodeNum_04': 450, 'leaking_rate_04': 0.28319774341446086, 'tikhonov_beta': 6.538597937880783e-08, 'intensity': 4.784552746166803}. Best is trial 389 with value: 0.20599577644414407.
[I 2024-11-07 21:17:39,675] Trial 505 finished with value: 0.20809401051072426 and parameters: {'nodeNum_01': 400, 'leaking_rate_01': 0.09027685164352428, 'nodeNum_02': 450, 'leaking_rate_02': 0.4212952590332664, 'nodeNum_03': 600, 'leaking_rate_03': 0.012045218943656547, 'nodeNum_04': 450, 'leaking_rate_04': 0.22716392958080428, 'tikhonov_beta': 9.30189720835924e-08, 'intensity': 4.838219923146782}. Best is trial 389 with value: 0.20599577644414407.
[I 2024-11-07 21:23:29,048] Trial 525 finished with value: 0.21236172913813212 and parameters: {'nodeNum_01': 400, 'leaking_rate_01': 0.05676621325869793, 'nodeNum_02': 450, 'leaking_rate_02': 0.27387600011553703, 'nodeNum_03': 600, 'leaking_rate_03': 0.015109933000569387, 'nodeNum_04': 450, 'leaking_rate_04': 0.20910008697094323, 'tikhonov_beta': 1.1200357277239915e-07, 'intensity': 4.974641511465467}. Best is trial 389 with value: 0.20599577644414407.
[I 2024-11-07 21:29:18,497] Trial 545 finished with value: 0.5887592783237393 and parameters: {'nodeNum_01': 350, 'leaking_rate_01': 0.15334290313363344, 'nodeNum_02': 450, 'leaking_rate_02': 0.7234669969002073, 'nodeNum_03': 600, 'leaking_rate_03': 0.008987269734285683, 'nodeNum_04': 600, 'leaking_rate_04': 0.1947799151604291, 'tikhonov_beta': 1.1383312458237409e-07, 'intensity': 4.89904237833334}. Best is trial 389 with value: 0.20599577644414407.
[I 2024-11-07 21:35:09,006] Trial 566 finished with value: 0.20919216402747048 and parameters: {'nodeNum_01': 400, 'leaking_rate_01': 0.07583311401249015, 'nodeNum_02': 450, 'leaking_rate_02': 0.40388323050342734, 'nodeNum_03': 600, 'leaking_rate_03': 0.011554951097501594, 'nodeNum_04': 400, 'leaking_rate_04': 0.25199863052071925, 'tikhonov_beta': 4.392718862387799e-08, 'intensity': 4.867515950146674}. Best is trial 389 with value: 0.20599577644414407.
[I 2024-11-07 21:40:53,357] Trial 587 finished with value: 0.21093064847712806 and parameters: {'nodeNum_01': 400, 'leaking_rate_01': 0.07218054086058144, 'nodeNum_02': 500, 'leaking_rate_02': 0.4558645550348387, 'nodeNum_03': 550, 'leaking_rate_03': 0.010925802234296038, 'nodeNum_04': 400, 'leaking_rate_04': 0.2520757083988805, 'tikhonov_beta': 5.000377009723111e-08, 'intensity': 4.696077814895534}. Best is trial 389 with value: 0.20599577644414407.
[I 2024-11-07 21:46:36,077] Trial 606 finished with value: 0.22488658891651642 and parameters: {'nodeNum_01': 400, 'leaking_rate_01': 0.10576876712978511, 'nodeNum_02': 550, 'leaking_rate_02': 0.5557836172509931, 'nodeNum_03': 550, 'leaking_rate_03': 0.01021154347469829, 'nodeNum_04': 400, 'leaking_rate_04': 0.22062654742817348, 'tikhonov_beta': 6.793691756658542e-08, 'intensity': 4.9147989456602845}. Best is trial 389 with value: 0.20599577644414407.
[I 2024-11-07 21:52:30,416] Trial 626 finished with value: 0.24192479047096593 and parameters: {'nodeNum_01': 400, 'leaking_rate_01': 0.06343885915112694, 'nodeNum_02': 450, 'leaking_rate_02': 0.5775933173553193, 'nodeNum_03': 600, 'leaking_rate_03': 0.013590383042758171, 'nodeNum_04': 400, 'leaking_rate_04': 0.0070924587938669586, 'tikhonov_beta': 2.1533819075573303e-07, 'intensity': 4.693564149380381}. Best is trial 389 with value: 0.20599577644414407.
[I 2024-11-07 21:58:22,796] Trial 647 finished with value: 0.21219365646151195 and parameters: {'nodeNum_01': 400, 'leaking_rate_01': 0.06343792279090729, 'nodeNum_02': 450, 'leaking_rate_02': 0.3633368708850493, 'nodeNum_03': 600, 'leaking_rate_03': 0.01578841942946988, 'nodeNum_04': 550, 'leaking_rate_04': 0.1734373107656651, 'tikhonov_beta': 5.62477169280545e-08, 'intensity': 4.741633312168845}. Best is trial 389 with value: 0.20599577644414407.
[I 2024-11-07 22:04:29,044] Trial 667 finished with value: 0.2248651078289934 and parameters: {'nodeNum_01': 600, 'leaking_rate_01': 0.08583260051403131, 'nodeNum_02': 450, 'leaking_rate_02': 0.317695983095436, 'nodeNum_03': 600, 'leaking_rate_03': 0.0013522877475921795, 'nodeNum_04': 400, 'leaking_rate_04': 0.14381366949329638, 'tikhonov_beta': 5.539970452601474e-08, 'intensity': 4.5830104360673545}. Best is trial 389 with value: 0.20599577644414407.
[I 2024-11-07 22:10:22,100] Trial 689 finished with value: 0.21065103103353935 and parameters: {'nodeNum_01': 550, 'leaking_rate_01': 0.05520799792548829, 'nodeNum_02': 450, 'leaking_rate_02': 0.4056946968723206, 'nodeNum_03': 600, 'leaking_rate_03': 0.01351949812144347, 'nodeNum_04': 600, 'leaking_rate_04': 0.132684683876866, 'tikhonov_beta': 8.123333081643452e-08, 'intensity': 4.603899369246669}. Best is trial 670 with value: 0.20543669310415288.
[I 2024-11-07 22:16:18,429] Trial 709 finished with value: 0.21081188703136403 and parameters: {'nodeNum_01': 600, 'leaking_rate_01': 0.06801115451803738, 'nodeNum_02': 450, 'leaking_rate_02': 0.4956278906570328, 'nodeNum_03': 600, 'leaking_rate_03': 0.009115919355648927, 'nodeNum_04': 400, 'leaking_rate_04': 0.12099928467825365, 'tikhonov_beta': 6.638094868665094e-08, 'intensity': 4.753556288257827}. Best is trial 670 with value: 0.20543669310415288.
[I 2024-11-07 22:22:06,439] Trial 729 finished with value: 0.21427264670899954 and parameters: {'nodeNum_01': 400, 'leaking_rate_01': 0.11867135265473622, 'nodeNum_02': 450, 'leaking_rate_02': 0.5035635837828842, 'nodeNum_03': 600, 'leaking_rate_03': 0.01858185961991464, 'nodeNum_04': 400, 'leaking_rate_04': 0.20198313437620008, 'tikhonov_beta': 3.8295893323744353e-08, 'intensity': 4.8047869389537805}. Best is trial 670 with value: 0.20543669310415288.
[I 2024-11-07 22:27:46,070] Trial 748 finished with value: 0.2123278079774174 and parameters: {'nodeNum_01': 350, 'leaking_rate_01': 0.03837079567323607, 'nodeNum_02': 400, 'leaking_rate_02': 0.6529345393346052, 'nodeNum_03': 550, 'leaking_rate_03': 0.020824609074986983, 'nodeNum_04': 400, 'leaking_rate_04': 0.16508829194922534, 'tikhonov_beta': 3.1748271189964904e-08, 'intensity': 4.6510727157482}. Best is trial 670 with value: 0.20543669310415288.
[I 2024-11-07 22:33:33,095] Trial 767 finished with value: 0.21082000560138908 and parameters: {'nodeNum_01': 400, 'leaking_rate_01': 0.04226179148575498, 'nodeNum_02': 450, 'leaking_rate_02': 0.7698124498435562, 'nodeNum_03': 600, 'leaking_rate_03': 0.020053116094035688, 'nodeNum_04': 350, 'leaking_rate_04': 0.16422052289195496, 'tikhonov_beta': 2.8866941842322396e-08, 'intensity': 4.699610978222481}. Best is trial 670 with value: 0.20543669310415288.
[I 2024-11-07 22:39:19,002] Trial 788 finished with value: 5.097108526507466 and parameters: {'nodeNum_01': 400, 'leaking_rate_01': 0.21039103945546758, 'nodeNum_02': 450, 'leaking_rate_02': 0.5630687386571975, 'nodeNum_03': 600, 'leaking_rate_03': 0.011114559619196008, 'nodeNum_04': 400, 'leaking_rate_04': 0.2389459766960392, 'tikhonov_beta': 6.098127969832934e-08, 'intensity': 4.906380753133375}. Best is trial 670 with value: 0.20543669310415288.
[I 2024-11-07 22:45:09,882] Trial 808 finished with value: 0.2065655484229268 and parameters: {'nodeNum_01': 600, 'leaking_rate_01': 0.03477717449111353, 'nodeNum_02': 450, 'leaking_rate_02': 0.4920256116447766, 'nodeNum_03': 600, 'leaking_rate_03': 0.014574737743449225, 'nodeNum_04': 400, 'leaking_rate_04': 0.307169778815056, 'tikhonov_beta': 5.2691555310784065e-08, 'intensity': 4.917765010242721}. Best is trial 670 with value: 0.20543669310415288.
[I 2024-11-07 22:50:56,192] Trial 828 finished with value: 0.20953270909374386 and parameters: {'nodeNum_01': 600, 'leaking_rate_01': 0.03377004045792011, 'nodeNum_02': 450, 'leaking_rate_02': 0.6773786344691641, 'nodeNum_03': 500, 'leaking_rate_03': 0.017539822038622945, 'nodeNum_04': 400, 'leaking_rate_04': 0.4358543670748771, 'tikhonov_beta': 4.6636458502288144e-08, 'intensity': 4.992392093330813}. Best is trial 670 with value: 0.20543669310415288.
[I 2024-11-07 22:56:48,885] Trial 847 finished with value: 0.21165891164241654 and parameters: {'nodeNum_01': 600, 'leaking_rate_01': 0.03190555656140751, 'nodeNum_02': 450, 'leaking_rate_02': 0.7587343901234521, 'nodeNum_03': 600, 'leaking_rate_03': 0.011659904539481732, 'nodeNum_04': 400, 'leaking_rate_04': 0.374609442079605, 'tikhonov_beta': 6.291844705792588e-08, 'intensity': 4.815484374449789}. Best is trial 670 with value: 0.20543669310415288.
[I 2024-11-07 23:02:32,979] Trial 867 finished with value: 0.37564797109975345 and parameters: {'nodeNum_01': 550, 'leaking_rate_01': 0.024778280435487667, 'nodeNum_02': 450, 'leaking_rate_02': 0.49569320219016716, 'nodeNum_03': 550, 'leaking_rate_03': 0.013693883659123805, 'nodeNum_04': 400, 'leaking_rate_04': 0.5660084569525827, 'tikhonov_beta': 1.0903250346130174e-09, 'intensity': 4.737457733290813}. Best is trial 670 with value: 0.20543669310415288.
[I 2024-11-07 23:08:19,637] Trial 887 finished with value: 0.21355853795815566 and parameters: {'nodeNum_01': 600, 'leaking_rate_01': 0.044069269925445784, 'nodeNum_02': 500, 'leaking_rate_02': 0.27350894219818184, 'nodeNum_03': 450, 'leaking_rate_03': 0.02135279090518704, 'nodeNum_04': 400, 'leaking_rate_04': 0.26913162539995733, 'tikhonov_beta': 5.2206942450620794e-08, 'intensity': 4.538832140119134}. Best is trial 670 with value: 0.20543669310415288.
[I 2024-11-07 23:14:09,941] Trial 907 finished with value: 0.2104250773353509 and parameters: {'nodeNum_01': 600, 'leaking_rate_01': 0.059517316182940774, 'nodeNum_02': 450, 'leaking_rate_02': 0.3664218756598613, 'nodeNum_03': 600, 'leaking_rate_03': 0.01813321955649438, 'nodeNum_04': 400, 'leaking_rate_04': 0.2660604491581409, 'tikhonov_beta': 8.338171419373772e-08, 'intensity': 4.904059658635184}. Best is trial 670 with value: 0.20543669310415288.
[I 2024-11-07 23:19:51,163] Trial 926 finished with value: 0.2105760733417336 and parameters: {'nodeNum_01': 450, 'leaking_rate_01': 0.05818272955727364, 'nodeNum_02': 450, 'leaking_rate_02': 0.42969237236054464, 'nodeNum_03': 600, 'leaking_rate_03': 0.01745500988535222, 'nodeNum_04': 350, 'leaking_rate_04': 0.316541860155478, 'tikhonov_beta': 8.398415836974821e-08, 'intensity': 4.984287960582323}. Best is trial 670 with value: 0.20543669310415288.
[I 2024-11-07 23:25:45,562] Trial 946 finished with value: 0.20780860328595196 and parameters: {'nodeNum_01': 400, 'leaking_rate_01': 0.052988714679414566, 'nodeNum_02': 450, 'leaking_rate_02': 0.566776649321532, 'nodeNum_03': 600, 'leaking_rate_03': 0.015544060525591416, 'nodeNum_04': 400, 'leaking_rate_04': 0.2234726603224233, 'tikhonov_beta': 4.2342126857972805e-08, 'intensity': 4.6210548364273905}. Best is trial 670 with value: 0.20543669310415288.
