[I 2024-11-07 18:51:39,052] Using an existing study with name 'reproduct_sample09' instead of creating a new one.
[I 2024-11-07 18:55:08,873] Trial 3 finished with value: 0.29736470410305665 and parameters: {'nodeNum_01': 500, 'leaking_rate_01': 0.07432480893151341, 'nodeNum_02': 250, 'leaking_rate_02': 0.0019207307312204898, 'nodeNum_03': 150, 'leaking_rate_03': 0.003818879154864857, 'nodeNum_04': 350, 'leaking_rate_04': 0.002529323227269317, 'tikhonov_beta': 1.0238574348157057e-07, 'intensity': 0.20982551531879445}. Best is trial 1 with value: 0.2525442193697721.
[I 2024-11-07 19:00:40,694] Trial 23 finished with value: 71.6640447831649 and parameters: {'nodeNum_01': 350, 'leaking_rate_01': 0.5275807725556341, 'nodeNum_02': 250, 'leaking_rate_02': 0.0036579592399872372, 'nodeNum_03': 500, 'leaking_rate_03': 0.8055799830748567, 'nodeNum_04': 550, 'leaking_rate_04': 0.003725593658102107, 'tikhonov_beta': 5.811661849297709e-09, 'intensity': 4.509197632386562}. Best is trial 8 with value: 0.2253558518694178.
[I 2024-11-07 19:06:24,867] Trial 43 finished with value: 0.23261603816582724 and parameters: {'nodeNum_01': 600, 'leaking_rate_01': 0.012579368808761301, 'nodeNum_02': 300, 'leaking_rate_02': 0.07672301697187144, 'nodeNum_03': 600, 'leaking_rate_03': 0.13498086247389698, 'nodeNum_04': 550, 'leaking_rate_04': 0.24500736252664806, 'tikhonov_beta': 7.327442554212228e-07, 'intensity': 2.4880838964909735}. Best is trial 25 with value: 0.22288089504396397.
[I 2024-11-07 19:11:59,507] Trial 62 finished with value: 0.24356801474805803 and parameters: {'nodeNum_01': 550, 'leaking_rate_01': 0.0013266858638791427, 'nodeNum_02': 600, 'leaking_rate_02': 0.0011669037289843338, 'nodeNum_03': 300, 'leaking_rate_03': 0.020622575739013528, 'nodeNum_04': 200, 'leaking_rate_04': 0.4207781255625357, 'tikhonov_beta': 2.429099497574872e-07, 'intensity': 4.015295054649582}. Best is trial 57 with value: 0.2179151496612292.
[I 2024-11-07 19:17:24,961] Trial 82 finished with value: 0.22833701777500442 and parameters: {'nodeNum_01': 500, 'leaking_rate_01': 0.0018003663822043553, 'nodeNum_02': 400, 'leaking_rate_02': 0.11817418929049392, 'nodeNum_03': 350, 'leaking_rate_03': 0.05359492142314061, 'nodeNum_04': 150, 'leaking_rate_04': 0.1407289141890392, 'tikhonov_beta': 7.533162670936771e-08, 'intensity': 4.57361781216261}. Best is trial 57 with value: 0.2179151496612292.
[I 2024-11-07 19:22:51,572] Trial 101 finished with value: 0.2191347173332075 and parameters: {'nodeNum_01': 250, 'leaking_rate_01': 0.0035945266952312404, 'nodeNum_02': 200, 'leaking_rate_02': 0.20593582818278222, 'nodeNum_03': 400, 'leaking_rate_03': 0.08406472389009854, 'nodeNum_04': 150, 'leaking_rate_04': 0.1798041924375846, 'tikhonov_beta': 1.224474782016562e-07, 'intensity': 3.8091418287617262}. Best is trial 97 with value: 0.21526481779577486.
[I 2024-11-07 19:28:11,302] Trial 121 finished with value: 0.2406422816238625 and parameters: {'nodeNum_01': 200, 'leaking_rate_01': 0.004944949263124992, 'nodeNum_02': 150, 'leaking_rate_02': 0.20850381977518656, 'nodeNum_03': 450, 'leaking_rate_03': 0.07442295115585595, 'nodeNum_04': 150, 'leaking_rate_04': 0.09208702995990166, 'tikhonov_beta': 4.55775664618568e-08, 'intensity': 4.324038756327212}. Best is trial 97 with value: 0.21526481779577486.
[I 2024-11-07 19:33:28,042] Trial 140 finished with value: 0.22321035508829248 and parameters: {'nodeNum_01': 250, 'leaking_rate_01': 0.007924629705524136, 'nodeNum_02': 250, 'leaking_rate_02': 0.09850058064590225, 'nodeNum_03': 400, 'leaking_rate_03': 0.006446470791178609, 'nodeNum_04': 200, 'leaking_rate_04': 0.19802456328454252, 'tikhonov_beta': 2.506981038245376e-08, 'intensity': 3.475082608007668}. Best is trial 97 with value: 0.21526481779577486.
[I 2024-11-07 19:38:51,768] Trial 160 finished with value: 0.22587059013521585 and parameters: {'nodeNum_01': 250, 'leaking_rate_01': 0.007511980622637036, 'nodeNum_02': 200, 'leaking_rate_02': 0.02039471279863096, 'nodeNum_03': 500, 'leaking_rate_03': 0.012234147983816706, 'nodeNum_04': 200, 'leaking_rate_04': 0.2288063895419384, 'tikhonov_beta': 1.1423261847693404e-07, 'intensity': 3.110198664813426}. Best is trial 151 with value: 0.21394422899201615.
[I 2024-11-07 19:44:16,633] Trial 180 finished with value: 0.22213590675604936 and parameters: {'nodeNum_01': 300, 'leaking_rate_01': 0.028359437323231092, 'nodeNum_02': 200, 'leaking_rate_02': 0.0757790128773087, 'nodeNum_03': 550, 'leaking_rate_03': 0.0028983172469074247, 'nodeNum_04': 150, 'leaking_rate_04': 0.30664351600702994, 'tikhonov_beta': 1.0193832796409017e-07, 'intensity': 4.896524357588504}. Best is trial 172 with value: 0.21026677483052886.
[I 2024-11-07 19:49:45,365] Trial 200 finished with value: 0.21493431251549805 and parameters: {'nodeNum_01': 300, 'leaking_rate_01': 0.014283723572108541, 'nodeNum_02': 250, 'leaking_rate_02': 0.016872411703527896, 'nodeNum_03': 550, 'leaking_rate_03': 0.057627906604132376, 'nodeNum_04': 300, 'leaking_rate_04': 0.16553688386954515, 'tikhonov_beta': 5.285565685798609e-08, 'intensity': 3.7987816452835825}. Best is trial 194 with value: 0.2079221796202857.
[I 2024-11-07 19:55:11,912] Trial 220 finished with value: 0.24838276228853381 and parameters: {'nodeNum_01': 150, 'leaking_rate_01': 0.015759070962517663, 'nodeNum_02': 250, 'leaking_rate_02': 0.042237515508663045, 'nodeNum_03': 550, 'leaking_rate_03': 0.017154913655317416, 'nodeNum_04': 350, 'leaking_rate_04': 0.0013430637480703448, 'tikhonov_beta': 7.366576999256097e-08, 'intensity': 4.753054371968874}. Best is trial 194 with value: 0.2079221796202857.
[I 2024-11-07 20:01:02,021] Trial 238 finished with value: 0.2280090714267818 and parameters: {'nodeNum_01': 150, 'leaking_rate_01': 0.020078441035954294, 'nodeNum_02': 250, 'leaking_rate_02': 0.005556652103176991, 'nodeNum_03': 550, 'leaking_rate_03': 0.015197595334930005, 'nodeNum_04': 350, 'leaking_rate_04': 0.13946311840623196, 'tikhonov_beta': 6.937358362683698e-08, 'intensity': 3.6690122795452873}. Best is trial 194 with value: 0.2079221796202857.
[I 2024-11-07 20:06:34,172] Trial 261 finished with value: 0.21678380905551747 and parameters: {'nodeNum_01': 150, 'leaking_rate_01': 0.025080321362010053, 'nodeNum_02': 250, 'leaking_rate_02': 0.05770090697890365, 'nodeNum_03': 550, 'leaking_rate_03': 0.021372209060686195, 'nodeNum_04': 350, 'leaking_rate_04': 0.17415484668183195, 'tikhonov_beta': 6.092119028779153e-08, 'intensity': 4.708740501118703}. Best is trial 194 with value: 0.2079221796202857.
[I 2024-11-07 20:12:12,053] Trial 281 finished with value: 0.21149376446455076 and parameters: {'nodeNum_01': 150, 'leaking_rate_01': 0.023685617969646536, 'nodeNum_02': 350, 'leaking_rate_02': 0.13561347912867974, 'nodeNum_03': 600, 'leaking_rate_03': 0.023542125214540553, 'nodeNum_04': 400, 'leaking_rate_04': 0.17406001050550077, 'tikhonov_beta': 4.05200984982158e-08, 'intensity': 4.587428283812624}. Best is trial 194 with value: 0.2079221796202857.
[I 2024-11-07 20:17:44,556] Trial 301 finished with value: 0.22654354136292298 and parameters: {'nodeNum_01': 150, 'leaking_rate_01': 0.010713577715158934, 'nodeNum_02': 350, 'leaking_rate_02': 0.1446109353866951, 'nodeNum_03': 600, 'leaking_rate_03': 0.028291336372371995, 'nodeNum_04': 400, 'leaking_rate_04': 0.012514169714400666, 'tikhonov_beta': 4.1268569214377893e-08, 'intensity': 4.428927347720799}. Best is trial 194 with value: 0.2079221796202857.
[I 2024-11-07 20:23:13,438] Trial 321 finished with value: 0.2123588316511045 and parameters: {'nodeNum_01': 150, 'leaking_rate_01': 0.043914012807113, 'nodeNum_02': 350, 'leaking_rate_02': 0.16515023285275496, 'nodeNum_03': 600, 'leaking_rate_03': 0.018830795794682796, 'nodeNum_04': 400, 'leaking_rate_04': 0.09094117797673158, 'tikhonov_beta': 3.446015718059164e-08, 'intensity': 4.376482261108032}. Best is trial 194 with value: 0.2079221796202857.
[I 2024-11-07 20:28:47,175] Trial 340 finished with value: 0.22631378406872826 and parameters: {'nodeNum_01': 200, 'leaking_rate_01': 0.008598218460148443, 'nodeNum_02': 400, 'leaking_rate_02': 0.17832586601013845, 'nodeNum_03': 600, 'leaking_rate_03': 0.018117945910023546, 'nodeNum_04': 450, 'leaking_rate_04': 0.2900525192527397, 'tikhonov_beta': 4.924357371955782e-06, 'intensity': 4.673287832188745}. Best is trial 194 with value: 0.2079221796202857.
[I 2024-11-07 20:34:56,352] Trial 358 finished with value: 0.21657137108548188 and parameters: {'nodeNum_01': 200, 'leaking_rate_01': 0.06176347944928772, 'nodeNum_02': 350, 'leaking_rate_02': 0.20218777097246757, 'nodeNum_03': 600, 'leaking_rate_03': 0.014387956126877424, 'nodeNum_04': 450, 'leaking_rate_04': 0.5081994428161083, 'tikhonov_beta': 2.6186531309420465e-08, 'intensity': 4.3146090335175495}. Best is trial 194 with value: 0.2079221796202857.
[I 2024-11-07 20:40:46,380] Trial 380 finished with value: 0.2118931957906776 and parameters: {'nodeNum_01': 150, 'leaking_rate_01': 0.02950542434070963, 'nodeNum_02': 350, 'leaking_rate_02': 0.10393006005636485, 'nodeNum_03': 600, 'leaking_rate_03': 0.021555074147310015, 'nodeNum_04': 250, 'leaking_rate_04': 0.3380285974687985, 'tikhonov_beta': 3.847371327528278e-08, 'intensity': 4.85723886326666}. Best is trial 194 with value: 0.2079221796202857.
[I 2024-11-07 20:46:12,102] Trial 400 finished with value: 0.2194214386933964 and parameters: {'nodeNum_01': 150, 'leaking_rate_01': 0.02974671991850568, 'nodeNum_02': 350, 'leaking_rate_02': 0.13218335921548177, 'nodeNum_03': 600, 'leaking_rate_03': 0.03365949958605405, 'nodeNum_04': 250, 'leaking_rate_04': 0.3396920195078979, 'tikhonov_beta': 3.190529930254846e-08, 'intensity': 4.827428589920582}. Best is trial 389 with value: 0.20599577644414407.
[I 2024-11-07 20:51:41,672] Trial 420 finished with value: 0.2138279791180526 and parameters: {'nodeNum_01': 400, 'leaking_rate_01': 0.042499977587445746, 'nodeNum_02': 350, 'leaking_rate_02': 0.15338723952692862, 'nodeNum_03': 600, 'leaking_rate_03': 0.02518767530693272, 'nodeNum_04': 250, 'leaking_rate_04': 0.36817629386779877, 'tikhonov_beta': 5.0050770295969586e-08, 'intensity': 4.9880326667221615}. Best is trial 389 with value: 0.20599577644414407.
[I 2024-11-07 20:57:22,783] Trial 440 finished with value: 0.5547893623590876 and parameters: {'nodeNum_01': 450, 'leaking_rate_01': 0.011330785573291861, 'nodeNum_02': 350, 'leaking_rate_02': 0.15979351025428118, 'nodeNum_03': 600, 'leaking_rate_03': 0.017177997936736973, 'nodeNum_04': 450, 'leaking_rate_04': 0.24133454592337295, 'tikhonov_beta': 4.18390198684775e-09, 'intensity': 4.620707473128851}. Best is trial 389 with value: 0.20599577644414407.
[I 2024-11-07 21:02:57,913] Trial 460 finished with value: 0.2082357459435946 and parameters: {'nodeNum_01': 400, 'leaking_rate_01': 0.05159000784325061, 'nodeNum_02': 350, 'leaking_rate_02': 0.3629315988766197, 'nodeNum_03': 600, 'leaking_rate_03': 0.01649026946089739, 'nodeNum_04': 400, 'leaking_rate_04': 0.19375707347529586, 'tikhonov_beta': 4.478756032913884e-08, 'intensity': 4.742122052797328}. Best is trial 389 with value: 0.20599577644414407.
[I 2024-11-07 21:08:32,104] Trial 480 finished with value: 0.2161931539575899 and parameters: {'nodeNum_01': 450, 'leaking_rate_01': 0.06506551490241362, 'nodeNum_02': 350, 'leaking_rate_02': 0.3202179295497953, 'nodeNum_03': 600, 'leaking_rate_03': 0.01080374822035925, 'nodeNum_04': 450, 'leaking_rate_04': 0.2890806992608891, 'tikhonov_beta': 5.945147830701424e-08, 'intensity': 4.753822103999426}. Best is trial 389 with value: 0.20599577644414407.
[I 2024-11-07 21:14:13,325] Trial 498 finished with value: 0.21187015671305154 and parameters: {'nodeNum_01': 450, 'leaking_rate_01': 0.08461294310441508, 'nodeNum_02': 500, 'leaking_rate_02': 0.4309807651050646, 'nodeNum_03': 600, 'leaking_rate_03': 0.012420953876919444, 'nodeNum_04': 450, 'leaking_rate_04': 0.2683370496447665, 'tikhonov_beta': 9.579938767193109e-08, 'intensity': 4.816931310915513}. Best is trial 389 with value: 0.20599577644414407.
[I 2024-11-07 21:19:53,220] Trial 517 finished with value: 0.2126043557507053 and parameters: {'nodeNum_01': 400, 'leaking_rate_01': 0.05248200035667473, 'nodeNum_02': 450, 'leaking_rate_02': 0.46858822885391327, 'nodeNum_03': 600, 'leaking_rate_03': 0.014685836317228947, 'nodeNum_04': 450, 'leaking_rate_04': 0.22734621350573195, 'tikhonov_beta': 7.20080212626257e-08, 'intensity': 4.976005428103879}. Best is trial 389 with value: 0.20599577644414407.
[I 2024-11-07 21:25:32,551] Trial 537 finished with value: 0.4643163484364827 and parameters: {'nodeNum_01': 350, 'leaking_rate_01': 0.13789142246983294, 'nodeNum_02': 450, 'leaking_rate_02': 0.2480941016340125, 'nodeNum_03': 600, 'leaking_rate_03': 0.009355505303977342, 'nodeNum_04': 500, 'leaking_rate_04': 0.19659274904572926, 'tikhonov_beta': 7.365003012286857e-08, 'intensity': 4.951045717980465}. Best is trial 389 with value: 0.20599577644414407.
[I 2024-11-07 21:31:16,577] Trial 557 finished with value: 0.21100953535217887 and parameters: {'nodeNum_01': 400, 'leaking_rate_01': 0.0887173733947034, 'nodeNum_02': 450, 'leaking_rate_02': 0.9366439059339808, 'nodeNum_03': 600, 'leaking_rate_03': 0.010976099378776624, 'nodeNum_04': 500, 'leaking_rate_04': 0.18629342364394602, 'tikhonov_beta': 1.0620357833440593e-07, 'intensity': 4.860370823073092}. Best is trial 389 with value: 0.20599577644414407.
[I 2024-11-07 21:37:03,428] Trial 576 finished with value: 0.21131003355747138 and parameters: {'nodeNum_01': 400, 'leaking_rate_01': 0.0708445255787752, 'nodeNum_02': 500, 'leaking_rate_02': 0.3766365151996364, 'nodeNum_03': 600, 'leaking_rate_03': 0.012421143751132452, 'nodeNum_04': 400, 'leaking_rate_04': 0.24953506867239797, 'tikhonov_beta': 9.658958920599e-08, 'intensity': 4.833323229083125}. Best is trial 389 with value: 0.20599577644414407.
[I 2024-11-07 21:42:38,460] Trial 596 finished with value: 0.20968428145509577 and parameters: {'nodeNum_01': 400, 'leaking_rate_01': 0.0724799150715091, 'nodeNum_02': 500, 'leaking_rate_02': 0.4693680468976528, 'nodeNum_03': 150, 'leaking_rate_03': 0.010486415018109624, 'nodeNum_04': 400, 'leaking_rate_04': 0.32263279396383787, 'tikhonov_beta': 4.125289927016726e-08, 'intensity': 4.819809058159278}. Best is trial 389 with value: 0.20599577644414407.
[I 2024-11-07 21:48:26,398] Trial 615 finished with value: 0.21146415667541332 and parameters: {'nodeNum_01': 400, 'leaking_rate_01': 0.10478277203808217, 'nodeNum_02': 550, 'leaking_rate_02': 0.5640289144240451, 'nodeNum_03': 600, 'leaking_rate_03': 0.013575406387950805, 'nodeNum_04': 400, 'leaking_rate_04': 0.22536712459672217, 'tikhonov_beta': 7.889673931244448e-08, 'intensity': 4.992531176883685}. Best is trial 389 with value: 0.20599577644414407.
[I 2024-11-07 21:54:09,699] Trial 635 finished with value: 0.20950393484032687 and parameters: {'nodeNum_01': 400, 'leaking_rate_01': 0.08929862409319622, 'nodeNum_02': 450, 'leaking_rate_02': 0.3583563190428041, 'nodeNum_03': 600, 'leaking_rate_03': 0.015053935983828735, 'nodeNum_04': 400, 'leaking_rate_04': 0.17993690220149233, 'tikhonov_beta': 2.1861812116245356e-07, 'intensity': 4.702910053886246}. Best is trial 389 with value: 0.20599577644414407.
[I 2024-11-07 21:59:59,753] Trial 655 finished with value: 0.36685889450910547 and parameters: {'nodeNum_01': 600, 'leaking_rate_01': 0.08356638715405507, 'nodeNum_02': 450, 'leaking_rate_02': 0.33127517226062964, 'nodeNum_03': 600, 'leaking_rate_03': 0.015261205787005107, 'nodeNum_04': 400, 'leaking_rate_04': 0.2626103309278521, 'tikhonov_beta': 5.3619796021564944e-08, 'intensity': 4.884869399656791}. Best is trial 389 with value: 0.20599577644414407.
[I 2024-11-07 22:05:47,561] Trial 674 finished with value: 0.21290310388056286 and parameters: {'nodeNum_01': 550, 'leaking_rate_01': 0.08677512041053788, 'nodeNum_02': 400, 'leaking_rate_02': 0.415250764197784, 'nodeNum_03': 600, 'leaking_rate_03': 0.015635208401170577, 'nodeNum_04': 400, 'leaking_rate_04': 0.15766233277023675, 'tikhonov_beta': 5.018307713012317e-08, 'intensity': 4.591520425643151}. Best is trial 670 with value: 0.20543669310415288.
[I 2024-11-07 22:11:38,626] Trial 694 finished with value: 0.20999017299471381 and parameters: {'nodeNum_01': 600, 'leaking_rate_01': 0.05733749406895732, 'nodeNum_02': 450, 'leaking_rate_02': 0.40847969127617517, 'nodeNum_03': 600, 'leaking_rate_03': 0.012758881057766505, 'nodeNum_04': 400, 'leaking_rate_04': 0.11900234714782257, 'tikhonov_beta': 8.088554585252732e-08, 'intensity': 4.584324523962586}. Best is trial 670 with value: 0.20543669310415288.
[I 2024-11-07 22:17:21,960] Trial 714 finished with value: 0.2825379270749728 and parameters: {'nodeNum_01': 400, 'leaking_rate_01': 0.12218488333577983, 'nodeNum_02': 450, 'leaking_rate_02': 0.48698097500025106, 'nodeNum_03': 600, 'leaking_rate_03': 0.00919557221944876, 'nodeNum_04': 400, 'leaking_rate_04': 0.003197494731638329, 'tikhonov_beta': 6.41493802862138e-08, 'intensity': 1.924118583946301}. Best is trial 670 with value: 0.20543669310415288.
[I 2024-11-07 22:23:05,298] Trial 733 finished with value: 0.21492120356592975 and parameters: {'nodeNum_01': 350, 'leaking_rate_01': 0.07626907988507238, 'nodeNum_02': 450, 'leaking_rate_02': 0.7407285019851727, 'nodeNum_03': 600, 'leaking_rate_03': 0.008027855047920246, 'nodeNum_04': 400, 'leaking_rate_04': 0.1999144102729547, 'tikhonov_beta': 9.712141598030353e-08, 'intensity': 4.78165725945964}. Best is trial 670 with value: 0.20543669310415288.
[I 2024-11-07 22:28:44,706] Trial 753 finished with value: 0.21529826234580135 and parameters: {'nodeNum_01': 350, 'leaking_rate_01': 0.042422242283256306, 'nodeNum_02': 400, 'leaking_rate_02': 0.8477941838225918, 'nodeNum_03': 550, 'leaking_rate_03': 0.01983612535929563, 'nodeNum_04': 350, 'leaking_rate_04': 0.16985602562745902, 'tikhonov_beta': 2.8990619096391415e-08, 'intensity': 4.677098478305056}. Best is trial 670 with value: 0.20543669310415288.
[I 2024-11-07 22:34:25,961] Trial 773 finished with value: 0.2178744369259899 and parameters: {'nodeNum_01': 400, 'leaking_rate_01': 0.04973832790278331, 'nodeNum_02': 450, 'leaking_rate_02': 0.047281632106241936, 'nodeNum_03': 600, 'leaking_rate_03': 0.007197900331131844, 'nodeNum_04': 350, 'leaking_rate_04': 0.24105010457784548, 'tikhonov_beta': 4.0014777233165303e-08, 'intensity': 4.878009247750764}. Best is trial 670 with value: 0.20543669310415288.
[I 2024-11-07 22:40:09,707] Trial 793 finished with value: 0.21922386186516585 and parameters: {'nodeNum_01': 400, 'leaking_rate_01': 0.050739318743966914, 'nodeNum_02': 450, 'leaking_rate_02': 0.5501687692684409, 'nodeNum_03': 600, 'leaking_rate_03': 0.014918353635260716, 'nodeNum_04': 400, 'leaking_rate_04': 0.21767633645812273, 'tikhonov_beta': 6.03063724004292e-08, 'intensity': 1.689149469383646}. Best is trial 670 with value: 0.20543669310415288.
[I 2024-11-07 22:45:59,105] Trial 811 finished with value: 0.22129078893320314 and parameters: {'nodeNum_01': 600, 'leaking_rate_01': 0.03494655286767386, 'nodeNum_02': 450, 'leaking_rate_02': 0.5880259452050984, 'nodeNum_03': 600, 'leaking_rate_03': 0.014773029838642312, 'nodeNum_04': 400, 'leaking_rate_04': 0.2920377083873287, 'tikhonov_beta': 2.13629248048503e-06, 'intensity': 4.982027362004268}. Best is trial 670 with value: 0.20543669310415288.
[I 2024-11-07 22:52:02,136] Trial 830 finished with value: 0.21143664741359466 and parameters: {'nodeNum_01': 600, 'leaking_rate_01': 0.032661456492605746, 'nodeNum_02': 450, 'leaking_rate_02': 0.7117423691822364, 'nodeNum_03': 600, 'leaking_rate_03': 0.016662137836320583, 'nodeNum_04': 400, 'leaking_rate_04': 0.4215079216893824, 'tikhonov_beta': 6.718283562712072e-08, 'intensity': 4.814521742790356}. Best is trial 670 with value: 0.20543669310415288.
[I 2024-11-07 22:58:24,760] Trial 850 finished with value: 0.21522768681858345 and parameters: {'nodeNum_01': 600, 'leaking_rate_01': 0.03624708738902943, 'nodeNum_02': 450, 'leaking_rate_02': 0.49787394111443034, 'nodeNum_03': 600, 'leaking_rate_03': 0.010658187385207032, 'nodeNum_04': 400, 'leaking_rate_04': 0.36785123743529063, 'tikhonov_beta': 6.87888449282458e-08, 'intensity': 4.817116423190156}. Best is trial 670 with value: 0.20543669310415288.
[I 2024-11-07 23:04:40,728] Trial 873 finished with value: 0.2100029005167372 and parameters: {'nodeNum_01': 550, 'leaking_rate_01': 0.04208135604709464, 'nodeNum_02': 450, 'leaking_rate_02': 0.5142500587931514, 'nodeNum_03': 500, 'leaking_rate_03': 0.013660378758388865, 'nodeNum_04': 400, 'leaking_rate_04': 0.5967301889461867, 'tikhonov_beta': 3.777467723605388e-08, 'intensity': 4.727302958932303}. Best is trial 670 with value: 0.20543669310415288.
[I 2024-11-07 23:10:58,784] Trial 894 finished with value: 0.21791963193585706 and parameters: {'nodeNum_01': 500, 'leaking_rate_01': 0.044598286930934386, 'nodeNum_02': 500, 'leaking_rate_02': 0.6159777510586956, 'nodeNum_03': 550, 'leaking_rate_03': 0.022584567591814368, 'nodeNum_04': 400, 'leaking_rate_04': 0.27373792697879473, 'tikhonov_beta': 5.239870594973412e-08, 'intensity': 4.5505285853152415}. Best is trial 670 with value: 0.20543669310415288.
[I 2024-11-07 23:17:20,274] Trial 916 finished with value: 0.2145162056865596 and parameters: {'nodeNum_01': 600, 'leaking_rate_01': 0.018849355483880444, 'nodeNum_02': 450, 'leaking_rate_02': 0.42386350479895024, 'nodeNum_03': 600, 'leaking_rate_03': 0.017276641208433304, 'nodeNum_04': 350, 'leaking_rate_04': 0.3229650955520361, 'tikhonov_beta': 8.721621591283845e-08, 'intensity': 4.8782536657188365}. Best is trial 670 with value: 0.20543669310415288.
[I 2024-11-07 23:23:08,842] Trial 938 finished with value: 0.209607734660211 and parameters: {'nodeNum_01': 450, 'leaking_rate_01': 0.06293677694652096, 'nodeNum_02': 450, 'leaking_rate_02': 0.5742491970733918, 'nodeNum_03': 600, 'leaking_rate_03': 0.01628049053547077, 'nodeNum_04': 400, 'leaking_rate_04': 0.22162992052825378, 'tikhonov_beta': 4.373663616937583e-08, 'intensity': 4.644803871908873}. Best is trial 670 with value: 0.20543669310415288.
