[I 2024-11-07 18:52:19,129] Using an existing study with name 'reproduct_sample09' instead of creating a new one.
[I 2024-11-07 18:57:20,268] Trial 7 finished with value: 0.2684075971242668 and parameters: {'nodeNum_01': 550, 'leaking_rate_01': 0.7031301814664598, 'nodeNum_02': 450, 'leaking_rate_02': 0.00246813572538548, 'nodeNum_03': 450, 'leaking_rate_03': 0.0014996169527121336, 'nodeNum_04': 200, 'leaking_rate_04': 0.07750844937421597, 'tikhonov_beta': 1.7795522509289096e-06, 'intensity': 1.1044803611949612}. Best is trial 1 with value: 0.2525442193697721.
[I 2024-11-07 19:02:31,685] Trial 27 finished with value: 0.23136371981044618 and parameters: {'nodeNum_01': 250, 'leaking_rate_01': 0.09771884478163514, 'nodeNum_02': 250, 'leaking_rate_02': 0.39337934487782217, 'nodeNum_03': 150, 'leaking_rate_03': 0.23490147257065672, 'nodeNum_04': 200, 'leaking_rate_04': 0.02817381644754889, 'tikhonov_beta': 1.3449897039415494e-07, 'intensity': 1.9739547765196304}. Best is trial 25 with value: 0.22288089504396397.
[I 2024-11-07 19:08:03,607] Trial 47 finished with value: 0.2437349808294299 and parameters: {'nodeNum_01': 300, 'leaking_rate_01': 0.008720474635810826, 'nodeNum_02': 300, 'leaking_rate_02': 0.9731373124084115, 'nodeNum_03': 600, 'leaking_rate_03': 0.15302853406278172, 'nodeNum_04': 250, 'leaking_rate_04': 0.2889568490791969, 'tikhonov_beta': 3.162098102024968e-07, 'intensity': 2.5577717592387157}. Best is trial 44 with value: 0.2220072375203437.
[I 2024-11-07 19:14:25,259] Trial 66 finished with value: 0.24683132426786622 and parameters: {'nodeNum_01': 550, 'leaking_rate_01': 0.0015319903994731874, 'nodeNum_02': 600, 'leaking_rate_02': 0.0010857342078937997, 'nodeNum_03': 300, 'leaking_rate_03': 0.02279184200882042, 'nodeNum_04': 500, 'leaking_rate_04': 0.379138046651486, 'tikhonov_beta': 2.496944495945147e-07, 'intensity': 3.95482635652031}. Best is trial 57 with value: 0.2179151496612292.
[I 2024-11-07 19:19:59,440] Trial 87 finished with value: 0.21726939187334535 and parameters: {'nodeNum_01': 350, 'leaking_rate_01': 0.004411835639785819, 'nodeNum_02': 200, 'leaking_rate_02': 0.14371882270836137, 'nodeNum_03': 400, 'leaking_rate_03': 0.039795673385565965, 'nodeNum_04': 150, 'leaking_rate_04': 0.14705491756743494, 'tikhonov_beta': 7.631227746990467e-08, 'intensity': 4.654718149385127}. Best is trial 87 with value: 0.21726939187334535.
[I 2024-11-07 19:25:29,117] Trial 107 finished with value: 0.2372439036817737 and parameters: {'nodeNum_01': 350, 'leaking_rate_01': 0.004629453243542766, 'nodeNum_02': 200, 'leaking_rate_02': 0.24685929592023434, 'nodeNum_03': 400, 'leaking_rate_03': 0.07539649081641751, 'nodeNum_04': 150, 'leaking_rate_04': 0.049996207622579385, 'tikhonov_beta': 3.766117266036608e-08, 'intensity': 4.346235483692103}. Best is trial 97 with value: 0.21526481779577486.
[I 2024-11-07 19:30:57,249] Trial 127 finished with value: 0.23559896651064488 and parameters: {'nodeNum_01': 200, 'leaking_rate_01': 0.005998117026143536, 'nodeNum_02': 150, 'leaking_rate_02': 0.22399174250688073, 'nodeNum_03': 450, 'leaking_rate_03': 0.06217698680581424, 'nodeNum_04': 200, 'leaking_rate_04': 0.05978673197626927, 'tikhonov_beta': 1.4964326005706583e-07, 'intensity': 3.3862628232767253}. Best is trial 97 with value: 0.21526481779577486.
[I 2024-11-07 19:36:25,934] Trial 147 finished with value: 0.22247233773894912 and parameters: {'nodeNum_01': 250, 'leaking_rate_01': 0.007155308961858067, 'nodeNum_02': 250, 'leaking_rate_02': 0.1734413551232805, 'nodeNum_03': 500, 'leaking_rate_03': 0.006115324284022055, 'nodeNum_04': 200, 'leaking_rate_04': 0.20009831109074258, 'tikhonov_beta': 2.2351200576538882e-08, 'intensity': 4.465667200877246}. Best is trial 97 with value: 0.21526481779577486.
[I 2024-11-07 19:42:07,783] Trial 168 finished with value: 0.21629093083087853 and parameters: {'nodeNum_01': 300, 'leaking_rate_01': 0.008981589956296915, 'nodeNum_02': 200, 'leaking_rate_02': 0.022139666161256028, 'nodeNum_03': 550, 'leaking_rate_03': 0.0337549998973269, 'nodeNum_04': 250, 'leaking_rate_04': 0.22748924334713727, 'tikhonov_beta': 6.041344277816451e-08, 'intensity': 3.576891802087123}. Best is trial 151 with value: 0.21394422899201615.
[I 2024-11-07 19:47:29,145] Trial 188 finished with value: 0.2265706360056158 and parameters: {'nodeNum_01': 300, 'leaking_rate_01': 0.032007379456893525, 'nodeNum_02': 250, 'leaking_rate_02': 0.01528992242695696, 'nodeNum_03': 400, 'leaking_rate_03': 0.0035107450582045332, 'nodeNum_04': 150, 'leaking_rate_04': 0.1602951512992123, 'tikhonov_beta': 1.0399862137705957e-07, 'intensity': 3.934541446343011}. Best is trial 172 with value: 0.21026677483052886.
[I 2024-11-07 19:53:33,683] Trial 208 finished with value: 0.21701626957281353 and parameters: {'nodeNum_01': 250, 'leaking_rate_01': 0.014858309330249253, 'nodeNum_02': 250, 'leaking_rate_02': 0.08801079757378832, 'nodeNum_03': 550, 'leaking_rate_03': 0.05574125033416493, 'nodeNum_04': 300, 'leaking_rate_04': 0.16087896943429716, 'tikhonov_beta': 5.195756166625631e-08, 'intensity': 3.6847141879189675}. Best is trial 194 with value: 0.2079221796202857.
[I 2024-11-07 19:59:06,107] Trial 230 finished with value: 0.21376759211738103 and parameters: {'nodeNum_01': 300, 'leaking_rate_01': 0.0161594906988959, 'nodeNum_02': 300, 'leaking_rate_02': 0.08608103266368379, 'nodeNum_03': 550, 'leaking_rate_03': 0.03920810996070231, 'nodeNum_04': 300, 'leaking_rate_04': 0.1345694977362915, 'tikhonov_beta': 7.262869631238906e-08, 'intensity': 4.762416694250612}. Best is trial 194 with value: 0.2079221796202857.
[I 2024-11-07 20:04:40,610] Trial 249 finished with value: 0.22409334973191047 and parameters: {'nodeNum_01': 150, 'leaking_rate_01': 0.02111509818471645, 'nodeNum_02': 250, 'leaking_rate_02': 0.11726515918304464, 'nodeNum_03': 600, 'leaking_rate_03': 0.0151970035208837, 'nodeNum_04': 350, 'leaking_rate_04': 0.03611281070372633, 'tikhonov_beta': 6.27476172957946e-08, 'intensity': 4.802021773078368}. Best is trial 194 with value: 0.2079221796202857.
[I 2024-11-07 20:10:15,506] Trial 270 finished with value: 0.21512654098540845 and parameters: {'nodeNum_01': 150, 'leaking_rate_01': 0.02455931458129407, 'nodeNum_02': 250, 'leaking_rate_02': 0.07415682455367197, 'nodeNum_03': 600, 'leaking_rate_03': 0.023175863195372598, 'nodeNum_04': 300, 'leaking_rate_04': 0.17468773735693566, 'tikhonov_beta': 4.6114006940974394e-08, 'intensity': 4.541263002374448}. Best is trial 194 with value: 0.2079221796202857.
[I 2024-11-07 20:16:28,271] Trial 289 finished with value: 0.2167505382052698 and parameters: {'nodeNum_01': 150, 'leaking_rate_01': 0.03483618214116521, 'nodeNum_02': 250, 'leaking_rate_02': 0.13885094393081024, 'nodeNum_03': 600, 'leaking_rate_03': 0.023584123292062244, 'nodeNum_04': 400, 'leaking_rate_04': 0.08120765636985681, 'tikhonov_beta': 4.468099269883789e-08, 'intensity': 4.5654499677118805}. Best is trial 194 with value: 0.2079221796202857.
[I 2024-11-07 20:22:11,035] Trial 313 finished with value: 0.2120041519669198 and parameters: {'nodeNum_01': 150, 'leaking_rate_01': 0.010235811457100098, 'nodeNum_02': 350, 'leaking_rate_02': 0.14242577970398138, 'nodeNum_03': 600, 'leaking_rate_03': 0.02797028780391227, 'nodeNum_04': 450, 'leaking_rate_04': 0.20047323352998694, 'tikhonov_beta': 3.1920419919648256e-08, 'intensity': 4.421724070651859}. Best is trial 194 with value: 0.2079221796202857.
[I 2024-11-07 20:28:07,217] Trial 332 finished with value: 0.2196909852733211 and parameters: {'nodeNum_01': 150, 'leaking_rate_01': 0.00995239468549518, 'nodeNum_02': 400, 'leaking_rate_02': 0.1754030251280677, 'nodeNum_03': 600, 'leaking_rate_03': 0.017973484057582118, 'nodeNum_04': 400, 'leaking_rate_04': 0.10453146355178014, 'tikhonov_beta': 5.40696395196242e-08, 'intensity': 4.678024887054304}. Best is trial 194 with value: 0.2079221796202857.
[I 2024-11-07 20:33:57,138] Trial 354 finished with value: 0.2455332803218228 and parameters: {'nodeNum_01': 200, 'leaking_rate_01': 0.0801746705562003, 'nodeNum_02': 350, 'leaking_rate_02': 0.1660416831748145, 'nodeNum_03': 600, 'leaking_rate_03': 0.013961057077622008, 'nodeNum_04': 450, 'leaking_rate_04': 0.050050948686190734, 'tikhonov_beta': 2.7292634426120393e-08, 'intensity': 4.320812208356403}. Best is trial 194 with value: 0.2079221796202857.
[I 2024-11-07 20:39:38,662] Trial 374 finished with value: 0.2872494251147033 and parameters: {'nodeNum_01': 150, 'leaking_rate_01': 0.05441914244977912, 'nodeNum_02': 350, 'leaking_rate_02': 0.253740601579332, 'nodeNum_03': 600, 'leaking_rate_03': 0.8008068188536271, 'nodeNum_04': 450, 'leaking_rate_04': 0.5019297542873301, 'tikhonov_beta': 2.3188038674612106e-08, 'intensity': 4.505931469024806}. Best is trial 194 with value: 0.2079221796202857.
[I 2024-11-07 20:45:44,468] Trial 396 finished with value: 0.22118422256731177 and parameters: {'nodeNum_01': 150, 'leaking_rate_01': 0.03834202399773465, 'nodeNum_02': 350, 'leaking_rate_02': 0.002619755580718247, 'nodeNum_03': 600, 'leaking_rate_03': 0.03209669843511065, 'nodeNum_04': 450, 'leaking_rate_04': 0.2784249000967358, 'tikhonov_beta': 3.762352303971207e-08, 'intensity': 4.846494006913938}. Best is trial 389 with value: 0.20599577644414407.
[I 2024-11-07 20:51:27,458] Trial 418 finished with value: 0.2224502313823881 and parameters: {'nodeNum_01': 150, 'leaking_rate_01': 0.04546351124786732, 'nodeNum_02': 350, 'leaking_rate_02': 0.09347153760344373, 'nodeNum_03': 600, 'leaking_rate_03': 0.02577790753368747, 'nodeNum_04': 250, 'leaking_rate_04': 0.371872587175389, 'tikhonov_beta': 5.029181513849868e-08, 'intensity': 2.3671158562291135}. Best is trial 389 with value: 0.20599577644414407.
[I 2024-11-07 20:57:05,534] Trial 437 finished with value: 0.24761192720936742 and parameters: {'nodeNum_01': 150, 'leaking_rate_01': 0.011572378242921143, 'nodeNum_02': 350, 'leaking_rate_02': 0.1555016381764112, 'nodeNum_03': 600, 'leaking_rate_03': 0.018851877775882573, 'nodeNum_04': 450, 'leaking_rate_04': 0.11594654272852438, 'tikhonov_beta': 1.8948154059740716e-08, 'intensity': 4.621016849384556}. Best is trial 389 with value: 0.20599577644414407.
[I 2024-11-07 21:02:49,449] Trial 457 finished with value: 0.21709854149817925 and parameters: {'nodeNum_01': 400, 'leaking_rate_01': 0.050717053294827015, 'nodeNum_02': 350, 'leaking_rate_02': 0.16794320716829617, 'nodeNum_03': 600, 'leaking_rate_03': 0.01601425356671364, 'nodeNum_04': 450, 'leaking_rate_04': 0.050456580661513456, 'tikhonov_beta': 5.657819294296545e-08, 'intensity': 4.7202027360786785}. Best is trial 389 with value: 0.20599577644414407.
[I 2024-11-07 21:09:03,769] Trial 477 finished with value: 0.21050670141125383 and parameters: {'nodeNum_01': 450, 'leaking_rate_01': 0.06645647415487077, 'nodeNum_02': 350, 'leaking_rate_02': 0.2850659677136886, 'nodeNum_03': 600, 'leaking_rate_03': 0.012484032007816066, 'nodeNum_04': 450, 'leaking_rate_04': 0.27821987625174316, 'tikhonov_beta': 5.8954265767416206e-08, 'intensity': 4.76004202322086}. Best is trial 389 with value: 0.20599577644414407.
[I 2024-11-07 21:14:55,971] Trial 500 finished with value: 0.2137310804338876 and parameters: {'nodeNum_01': 450, 'leaking_rate_01': 0.10766000144403183, 'nodeNum_02': 500, 'leaking_rate_02': 0.4245786157810047, 'nodeNum_03': 600, 'leaking_rate_03': 0.011932663239821098, 'nodeNum_04': 450, 'leaking_rate_04': 0.26541633639721274, 'tikhonov_beta': 9.090350923094848e-08, 'intensity': 4.852596033315498}. Best is trial 389 with value: 0.20599577644414407.
[I 2024-11-07 21:20:52,681] Trial 520 finished with value: 0.4118835054817263 and parameters: {'nodeNum_01': 400, 'leaking_rate_01': 0.12669964639346323, 'nodeNum_02': 450, 'leaking_rate_02': 0.2357653954700977, 'nodeNum_03': 600, 'leaking_rate_03': 0.015800172621338406, 'nodeNum_04': 550, 'leaking_rate_04': 0.23098646259708738, 'tikhonov_beta': 7.581793372083898e-08, 'intensity': 4.985767279839067}. Best is trial 389 with value: 0.20599577644414407.
[I 2024-11-07 21:26:41,765] Trial 540 finished with value: 0.23316979229336207 and parameters: {'nodeNum_01': 500, 'leaking_rate_01': 0.13922587432511144, 'nodeNum_02': 450, 'leaking_rate_02': 0.2776790801464741, 'nodeNum_03': 600, 'leaking_rate_03': 0.013982814985970312, 'nodeNum_04': 450, 'leaking_rate_04': 0.34588814430620557, 'tikhonov_beta': 6.935680210369418e-08, 'intensity': 4.992144361017442}. Best is trial 389 with value: 0.20599577644414407.
[I 2024-11-07 21:32:30,107] Trial 560 finished with value: 1.7922557396509227 and parameters: {'nodeNum_01': 400, 'leaking_rate_01': 0.08964552657719162, 'nodeNum_02': 450, 'leaking_rate_02': 0.4041162875913943, 'nodeNum_03': 600, 'leaking_rate_03': 0.012174066538132557, 'nodeNum_04': 500, 'leaking_rate_04': 0.19076946223341776, 'tikhonov_beta': 4.322194144896125e-08, 'intensity': 2.219944260160635}. Best is trial 389 with value: 0.20599577644414407.
[I 2024-11-07 21:38:17,929] Trial 580 finished with value: 0.2104455775261977 and parameters: {'nodeNum_01': 400, 'leaking_rate_01': 0.07390361293599097, 'nodeNum_02': 500, 'leaking_rate_02': 0.47674331940978315, 'nodeNum_03': 600, 'leaking_rate_03': 0.012225644125724569, 'nodeNum_04': 400, 'leaking_rate_04': 0.24221594447134148, 'tikhonov_beta': 5.197106910861741e-08, 'intensity': 4.806533760845699}. Best is trial 389 with value: 0.20599577644414407.
[I 2024-11-07 21:44:05,217] Trial 600 finished with value: 0.21217086963639567 and parameters: {'nodeNum_01': 400, 'leaking_rate_01': 0.06712438144523222, 'nodeNum_02': 500, 'leaking_rate_02': 0.43749892734752976, 'nodeNum_03': 550, 'leaking_rate_03': 0.010986387996731366, 'nodeNum_04': 400, 'leaking_rate_04': 0.33701490192616057, 'tikhonov_beta': 1.7122149527449018e-07, 'intensity': 4.698933701961469}. Best is trial 389 with value: 0.20599577644414407.
[I 2024-11-07 21:49:51,912] Trial 619 finished with value: 0.21287212250473025 and parameters: {'nodeNum_01': 400, 'leaking_rate_01': 0.10078987385461854, 'nodeNum_02': 450, 'leaking_rate_02': 0.5745026240231234, 'nodeNum_03': 600, 'leaking_rate_03': 0.013591236177966265, 'nodeNum_04': 400, 'leaking_rate_04': 0.21993731245627965, 'tikhonov_beta': 1.9829919890501714e-07, 'intensity': 4.9944038533206}. Best is trial 389 with value: 0.20599577644414407.
[I 2024-11-07 21:55:53,402] Trial 639 finished with value: 0.21394122670083962 and parameters: {'nodeNum_01': 400, 'leaking_rate_01': 0.06431238715678989, 'nodeNum_02': 450, 'leaking_rate_02': 0.3618603109118442, 'nodeNum_03': 600, 'leaking_rate_03': 0.007308356290297378, 'nodeNum_04': 550, 'leaking_rate_04': 0.1781978528374798, 'tikhonov_beta': 6.424289238910873e-08, 'intensity': 4.715426159008454}. Best is trial 389 with value: 0.20599577644414407.
[I 2024-11-07 22:01:50,764] Trial 660 finished with value: 0.21303389941444284 and parameters: {'nodeNum_01': 400, 'leaking_rate_01': 0.08397619431922586, 'nodeNum_02': 450, 'leaking_rate_02': 0.40093366806966885, 'nodeNum_03': 600, 'leaking_rate_03': 0.015958366185513866, 'nodeNum_04': 500, 'leaking_rate_04': 0.15244623724321757, 'tikhonov_beta': 5.088519774399449e-08, 'intensity': 4.864327174677951}. Best is trial 389 with value: 0.20599577644414407.
[I 2024-11-07 22:07:49,411] Trial 679 finished with value: 0.21897767220763914 and parameters: {'nodeNum_01': 550, 'leaking_rate_01': 0.05638803598758832, 'nodeNum_02': 450, 'leaking_rate_02': 0.2938131402215042, 'nodeNum_03': 600, 'leaking_rate_03': 0.0030263219271742903, 'nodeNum_04': 600, 'leaking_rate_04': 0.15162072971886525, 'tikhonov_beta': 8.40133136009548e-08, 'intensity': 4.574946755910139}. Best is trial 670 with value: 0.20543669310415288.
[I 2024-11-07 22:13:46,427] Trial 699 finished with value: 0.21283457003516604 and parameters: {'nodeNum_01': 600, 'leaking_rate_01': 0.06648581404776185, 'nodeNum_02': 450, 'leaking_rate_02': 0.4104109960874146, 'nodeNum_03': 600, 'leaking_rate_03': 0.012853305465062363, 'nodeNum_04': 600, 'leaking_rate_04': 0.13288906486788896, 'tikhonov_beta': 7.82723234543236e-08, 'intensity': 4.493568447131356}. Best is trial 670 with value: 0.20543669310415288.
[I 2024-11-07 22:19:41,080] Trial 720 finished with value: 0.21111251084037375 and parameters: {'nodeNum_01': 400, 'leaking_rate_01': 0.0670576527495956, 'nodeNum_02': 450, 'leaking_rate_02': 0.5029145541358162, 'nodeNum_03': 600, 'leaking_rate_03': 0.00958996009117878, 'nodeNum_04': 400, 'leaking_rate_04': 0.19629203273452367, 'tikhonov_beta': 5.452458501781433e-07, 'intensity': 4.774233999976287}. Best is trial 670 with value: 0.20543669310415288.
[I 2024-11-07 22:25:25,913] Trial 740 finished with value: 0.3973670090325098 and parameters: {'nodeNum_01': 350, 'leaking_rate_01': 0.09928519317604188, 'nodeNum_02': 400, 'leaking_rate_02': 0.6328353803736361, 'nodeNum_03': 550, 'leaking_rate_03': 0.9705959335421492, 'nodeNum_04': 400, 'leaking_rate_04': 0.24743807166699056, 'tikhonov_beta': 6.087336196363078e-08, 'intensity': 4.909354199807119}. Best is trial 670 with value: 0.20543669310415288.
[I 2024-11-07 22:31:14,775] Trial 760 finished with value: 0.21497234708243193 and parameters: {'nodeNum_01': 500, 'leaking_rate_01': 0.04928716311374498, 'nodeNum_02': 600, 'leaking_rate_02': 0.8969687926853235, 'nodeNum_03': 600, 'leaking_rate_03': 0.017183990292432248, 'nodeNum_04': 350, 'leaking_rate_04': 0.1606533370072496, 'tikhonov_beta': 3.903673872328372e-08, 'intensity': 4.661063388336834}. Best is trial 670 with value: 0.20543669310415288.
[I 2024-11-07 22:37:21,268] Trial 780 finished with value: 0.21037611478929136 and parameters: {'nodeNum_01': 400, 'leaking_rate_01': 0.04945402531276989, 'nodeNum_02': 450, 'leaking_rate_02': 0.04667265653132221, 'nodeNum_03': 600, 'leaking_rate_03': 0.015165114185069528, 'nodeNum_04': 400, 'leaking_rate_04': 0.23481992291286855, 'tikhonov_beta': 4.280416238411869e-08, 'intensity': 4.903494845933569}. Best is trial 670 with value: 0.20543669310415288.
[I 2024-11-07 22:43:42,774] Trial 800 finished with value: 0.20951120320288033 and parameters: {'nodeNum_01': 600, 'leaking_rate_01': 0.05083206872588485, 'nodeNum_02': 450, 'leaking_rate_02': 0.5530678137532992, 'nodeNum_03': 600, 'leaking_rate_03': 0.014692701909148976, 'nodeNum_04': 400, 'leaking_rate_04': 0.3253119209589138, 'tikhonov_beta': 5.682389812064943e-08, 'intensity': 4.908175426165728}. Best is trial 670 with value: 0.20543669310415288.
[I 2024-11-07 22:50:06,359] Trial 821 finished with value: 0.21123067285111574 and parameters: {'nodeNum_01': 600, 'leaking_rate_01': 0.05898077110788935, 'nodeNum_02': 450, 'leaking_rate_02': 0.6495361800300467, 'nodeNum_03': 600, 'leaking_rate_03': 0.017252018686234136, 'nodeNum_04': 400, 'leaking_rate_04': 0.27450591792030354, 'tikhonov_beta': 4.831440742398774e-08, 'intensity': 4.983561760694108}. Best is trial 670 with value: 0.20543669310415288.
[I 2024-11-07 22:56:19,849] Trial 843 finished with value: 0.20995233398297913 and parameters: {'nodeNum_01': 600, 'leaking_rate_01': 0.029015657758372743, 'nodeNum_02': 450, 'leaking_rate_02': 0.7351931889475063, 'nodeNum_03': 600, 'leaking_rate_03': 0.011423710895151873, 'nodeNum_04': 400, 'leaking_rate_04': 0.3158405630737759, 'tikhonov_beta': 6.803038296700507e-08, 'intensity': 4.801011488672841}. Best is trial 670 with value: 0.20543669310415288.
[I 2024-11-07 23:02:10,391] Trial 866 finished with value: 0.2123652735026205 and parameters: {'nodeNum_01': 550, 'leaking_rate_01': 0.03979719026516834, 'nodeNum_02': 450, 'leaking_rate_02': 0.51765231624138, 'nodeNum_03': 500, 'leaking_rate_03': 0.01003413173852893, 'nodeNum_04': 400, 'leaking_rate_04': 0.373797574012601, 'tikhonov_beta': 3.7517539309271185e-08, 'intensity': 4.748061524603492}. Best is trial 670 with value: 0.20543669310415288.
[I 2024-11-07 23:08:16,447] Trial 886 finished with value: 0.217753615647676 and parameters: {'nodeNum_01': 550, 'leaking_rate_01': 0.045099669274346416, 'nodeNum_02': 450, 'leaking_rate_02': 0.2812694299176926, 'nodeNum_03': 450, 'leaking_rate_03': 0.014251871414446471, 'nodeNum_04': 400, 'leaking_rate_04': 0.5946892402611366, 'tikhonov_beta': 5.028934810937635e-08, 'intensity': 4.369205891643901}. Best is trial 670 with value: 0.20543669310415288.
[I 2024-11-07 23:14:13,129] Trial 906 finished with value: 0.21062078188751482 and parameters: {'nodeNum_01': 600, 'leaking_rate_01': 0.06170179529139755, 'nodeNum_02': 500, 'leaking_rate_02': 0.35850506336463545, 'nodeNum_03': 600, 'leaking_rate_03': 0.020091012588938764, 'nodeNum_04': 400, 'leaking_rate_04': 0.2701750861719916, 'tikhonov_beta': 8.630392453345625e-08, 'intensity': 4.9045744350976985}. Best is trial 670 with value: 0.20543669310415288.
[I 2024-11-07 23:20:15,421] Trial 927 finished with value: 0.20898475589625545 and parameters: {'nodeNum_01': 450, 'leaking_rate_01': 0.0561754755346555, 'nodeNum_02': 450, 'leaking_rate_02': 0.41115581080849223, 'nodeNum_03': 600, 'leaking_rate_03': 0.009770053359069046, 'nodeNum_04': 400, 'leaking_rate_04': 0.3380940772865666, 'tikhonov_beta': 2.7797550691738076e-08, 'intensity': 4.98642337914805}. Best is trial 670 with value: 0.20543669310415288.
[I 2024-11-07 23:26:05,273] Trial 947 finished with value: 1.1815237720683285 and parameters: {'nodeNum_01': 400, 'leaking_rate_01': 0.26039693632659083, 'nodeNum_02': 450, 'leaking_rate_02': 0.5525789260504976, 'nodeNum_03': 600, 'leaking_rate_03': 0.015434505646549112, 'nodeNum_04': 400, 'leaking_rate_04': 0.21669765715959283, 'tikhonov_beta': 2.9227387304993183e-08, 'intensity': 0.6334067716746228}. Best is trial 670 with value: 0.20543669310415288.
[I 2024-11-07 23:31:47,322] Trial 967 finished with value: 0.21641368858343354 and parameters: {'nodeNum_01': 400, 'leaking_rate_01': 0.023034333280543776, 'nodeNum_02': 400, 'leaking_rate_02': 0.801607356801362, 'nodeNum_03': 600, 'leaking_rate_03': 0.012007979531744003, 'nodeNum_04': 400, 'leaking_rate_04': 0.44367605059925563, 'tikhonov_beta': 1.8884598493153442e-08, 'intensity': 4.809077735047171}. Best is trial 670 with value: 0.20543669310415288.
