[I 2024-11-08 04:07:22,963] Trial 1918 finished with value: 0.21139415680660797 and parameters: {'nodeNum_01': 400, 'leaking_rate_01': 0.0287583623659213, 'nodeNum_02': 550, 'leaking_rate_02': 0.24049182470561759, 'nodeNum_03': 600, 'leaking_rate_03': 0.019857155280080502, 'nodeNum_04': 400, 'leaking_rate_04': 0.3048729547205321, 'tikhonov_beta': 2.5607671962997648e-08, 'intensity': 4.792079112232394}. Best is trial 1212 with value: 0.20516948004852442.
[I 2024-11-08 04:13:10,696] Trial 1938 finished with value: 0.2086421978443558 and parameters: {'nodeNum_01': 450, 'leaking_rate_01': 0.028668897536971716, 'nodeNum_02': 450, 'leaking_rate_02': 0.4185806714419217, 'nodeNum_03': 600, 'leaking_rate_03': 0.013462355959779813, 'nodeNum_04': 450, 'leaking_rate_04': 0.1169807979032106, 'tikhonov_beta': 1.0478583136090552e-07, 'intensity': 4.999910709648626}. Best is trial 1212 with value: 0.20516948004852442.
[I 2024-11-08 04:19:04,105] Trial 1957 finished with value: 0.20693412832771405 and parameters: {'nodeNum_01': 400, 'leaking_rate_01': 0.03688400563431095, 'nodeNum_02': 450, 'leaking_rate_02': 0.5855257693260331, 'nodeNum_03': 600, 'leaking_rate_03': 0.011927817010466987, 'nodeNum_04': 500, 'leaking_rate_04': 0.15650531305827597, 'tikhonov_beta': 4.778649204180904e-08, 'intensity': 4.995524070380962}. Best is trial 1212 with value: 0.20516948004852442.
[I 2024-11-08 04:23:26,857] Trial 1977 finished with value: 0.21374483430967753 and parameters: {'nodeNum_01': 600, 'leaking_rate_01': 0.021544845154322204, 'nodeNum_02': 350, 'leaking_rate_02': 0.36754727188690806, 'nodeNum_03': 600, 'leaking_rate_03': 0.01736914991595269, 'nodeNum_04': 400, 'leaking_rate_04': 0.20023985561885616, 'tikhonov_beta': 3.164790020547462e-08, 'intensity': 4.454085982963691}. Best is trial 1212 with value: 0.20516948004852442.
