[I 2024-11-08 04:10:12,112] Trial 1929 finished with value: 0.20987566703393215 and parameters: {'nodeNum_01': 200, 'leaking_rate_01': 0.02929982269812355, 'nodeNum_02': 450, 'leaking_rate_02': 0.5530453419594913, 'nodeNum_03': 600, 'leaking_rate_03': 0.013744068285294767, 'nodeNum_04': 400, 'leaking_rate_04': 0.30662667955884193, 'tikhonov_beta': 2.4561721120715492e-08, 'intensity': 4.808191751147648}. Best is trial 1212 with value: 0.20516948004852442.
[I 2024-11-08 04:15:54,114] Trial 1949 finished with value: 0.21242319011569502 and parameters: {'nodeNum_01': 400, 'leaking_rate_01': 0.03542298800140661, 'nodeNum_02': 450, 'leaking_rate_02': 0.6179220653039947, 'nodeNum_03': 450, 'leaking_rate_03': 0.012562044355374212, 'nodeNum_04': 500, 'leaking_rate_04': 0.16371342196873226, 'tikhonov_beta': 4.995542849082363e-08, 'intensity': 4.6178863858873305}. Best is trial 1212 with value: 0.20516948004852442.
[I 2024-11-08 04:21:17,089] Trial 1966 finished with value: 0.21259704296120768 and parameters: {'nodeNum_01': 400, 'leaking_rate_01': 0.018422252760966935, 'nodeNum_02': 500, 'leaking_rate_02': 0.36634868584048214, 'nodeNum_03': 600, 'leaking_rate_03': 0.016915178700072083, 'nodeNum_04': 400, 'leaking_rate_04': 0.1607109850049804, 'tikhonov_beta': 4.747433763560855e-08, 'intensity': 4.534929047471721}. Best is trial 1212 with value: 0.20516948004852442.
[I 2024-11-08 04:24:48,382] Trial 1980 finished with value: 0.20944514231424735 and parameters: {'nodeNum_01': 600, 'leaking_rate_01': 0.04598480485135193, 'nodeNum_02': 500, 'leaking_rate_02': 0.5082403920821332, 'nodeNum_03': 600, 'leaking_rate_03': 0.02215795901678388, 'nodeNum_04': 400, 'leaking_rate_04': 0.20592188240536335, 'tikhonov_beta': 3.4059150040233267e-08, 'intensity': 4.886008893648402}. Best is trial 1212 with value: 0.20516948004852442.
